[2021-12-15 05:09:14,127] {processor.py:163} INFO - Started process (PID=2071) to work on /opt/ml/final-project-level3-cv-02/airflow/dags/hello_world.py
[2021-12-15 05:09:14,127] {processor.py:620} INFO - Processing file /opt/ml/final-project-level3-cv-02/airflow/dags/hello_world.py for tasks to queue
[2021-12-15 05:09:14,127] {logging_mixin.py:109} INFO - [2021-12-15 05:09:14,127] {dagbag.py:500} INFO - Filling up the DagBag from /opt/ml/final-project-level3-cv-02/airflow/dags/hello_world.py
[2021-12-15 05:09:14,150] {processor.py:632} INFO - DAG(s) dict_keys(['hello_world']) retrieved from /opt/ml/final-project-level3-cv-02/airflow/dags/hello_world.py
[2021-12-15 05:09:14,154] {logging_mixin.py:109} WARNING - /opt/conda/lib/python3.8/site-packages/airflow/models/serialized_dag.py:120 SAWarning: TypeDecorator UtcDateTime(timezone=True) will not produce a cache key because the ``cache_ok`` attribute is not set to True.  This can have significant performance implications including some performance degradations in comparison to prior SQLAlchemy versions.  Set this attribute to True if this type object's state is safe to use in a cache key, or False to disable this warning. (Background on this error at: https://sqlalche.me/e/14/cprf)
[2021-12-15 05:09:14,669] {logging_mixin.py:109} INFO - [2021-12-15 05:09:14,669] {manager.py:496} INFO - Created Permission View: can edit on DAG:hello_world
[2021-12-15 05:09:14,677] {logging_mixin.py:109} INFO - [2021-12-15 05:09:14,677] {manager.py:496} INFO - Created Permission View: can read on DAG:hello_world
[2021-12-15 05:09:14,677] {logging_mixin.py:109} INFO - [2021-12-15 05:09:14,677] {dag.py:2389} INFO - Sync 1 DAGs
[2021-12-15 05:09:14,684] {logging_mixin.py:109} INFO - [2021-12-15 05:09:14,683] {dag.py:2408} INFO - Creating ORM DAG for hello_world
[2021-12-15 05:09:14,687] {logging_mixin.py:109} WARNING - /opt/conda/lib/python3.8/site-packages/airflow/models/dag.py:2426 SAWarning: TypeDecorator UtcDateTime(timezone=True) will not produce a cache key because the ``cache_ok`` attribute is not set to True.  This can have significant performance implications including some performance degradations in comparison to prior SQLAlchemy versions.  Set this attribute to True if this type object's state is safe to use in a cache key, or False to disable this warning. (Background on this error at: https://sqlalche.me/e/14/cprf)
[2021-12-15 05:09:14,692] {logging_mixin.py:109} INFO - [2021-12-15 05:09:14,692] {dag.py:2914} INFO - Setting next_dagrun for hello_world to 2021-12-14 13:00:00+00:00
[2021-12-15 05:09:14,706] {processor.py:171} INFO - Processing /opt/ml/final-project-level3-cv-02/airflow/dags/hello_world.py took 0.582 seconds
[2021-12-15 05:09:47,443] {processor.py:163} INFO - Started process (PID=2292) to work on /opt/ml/final-project-level3-cv-02/airflow/dags/hello_world.py
[2021-12-15 05:09:47,444] {processor.py:620} INFO - Processing file /opt/ml/final-project-level3-cv-02/airflow/dags/hello_world.py for tasks to queue
[2021-12-15 05:09:47,445] {logging_mixin.py:109} INFO - [2021-12-15 05:09:47,445] {dagbag.py:500} INFO - Filling up the DagBag from /opt/ml/final-project-level3-cv-02/airflow/dags/hello_world.py
[2021-12-15 05:09:47,467] {processor.py:632} INFO - DAG(s) dict_keys(['hello_world']) retrieved from /opt/ml/final-project-level3-cv-02/airflow/dags/hello_world.py
[2021-12-15 05:09:47,471] {logging_mixin.py:109} WARNING - /opt/conda/lib/python3.8/site-packages/airflow/models/serialized_dag.py:120 SAWarning: TypeDecorator UtcDateTime(timezone=True) will not produce a cache key because the ``cache_ok`` attribute is not set to True.  This can have significant performance implications including some performance degradations in comparison to prior SQLAlchemy versions.  Set this attribute to True if this type object's state is safe to use in a cache key, or False to disable this warning. (Background on this error at: https://sqlalche.me/e/14/cprf)
[2021-12-15 05:09:47,478] {logging_mixin.py:109} INFO - [2021-12-15 05:09:47,478] {dag.py:2389} INFO - Sync 1 DAGs
[2021-12-15 05:09:47,487] {logging_mixin.py:109} WARNING - /opt/conda/lib/python3.8/site-packages/airflow/models/dag.py:2426 SAWarning: TypeDecorator UtcDateTime(timezone=True) will not produce a cache key because the ``cache_ok`` attribute is not set to True.  This can have significant performance implications including some performance degradations in comparison to prior SQLAlchemy versions.  Set this attribute to True if this type object's state is safe to use in a cache key, or False to disable this warning. (Background on this error at: https://sqlalche.me/e/14/cprf)
[2021-12-15 05:09:47,493] {logging_mixin.py:109} INFO - [2021-12-15 05:09:47,493] {dag.py:2914} INFO - Setting next_dagrun for hello_world to 2021-12-14 13:00:00+00:00
[2021-12-15 05:09:47,504] {processor.py:171} INFO - Processing /opt/ml/final-project-level3-cv-02/airflow/dags/hello_world.py took 0.063 seconds
[2021-12-15 05:10:18,763] {processor.py:163} INFO - Started process (PID=2413) to work on /opt/ml/final-project-level3-cv-02/airflow/dags/hello_world.py
[2021-12-15 05:10:18,764] {processor.py:620} INFO - Processing file /opt/ml/final-project-level3-cv-02/airflow/dags/hello_world.py for tasks to queue
[2021-12-15 05:10:18,764] {logging_mixin.py:109} INFO - [2021-12-15 05:10:18,764] {dagbag.py:500} INFO - Filling up the DagBag from /opt/ml/final-project-level3-cv-02/airflow/dags/hello_world.py
[2021-12-15 05:10:18,790] {processor.py:632} INFO - DAG(s) dict_keys(['hello_world']) retrieved from /opt/ml/final-project-level3-cv-02/airflow/dags/hello_world.py
[2021-12-15 05:10:18,796] {logging_mixin.py:109} WARNING - /opt/conda/lib/python3.8/site-packages/airflow/models/serialized_dag.py:120 SAWarning: TypeDecorator UtcDateTime(timezone=True) will not produce a cache key because the ``cache_ok`` attribute is not set to True.  This can have significant performance implications including some performance degradations in comparison to prior SQLAlchemy versions.  Set this attribute to True if this type object's state is safe to use in a cache key, or False to disable this warning. (Background on this error at: https://sqlalche.me/e/14/cprf)
[2021-12-15 05:10:18,803] {logging_mixin.py:109} INFO - [2021-12-15 05:10:18,803] {dag.py:2389} INFO - Sync 1 DAGs
[2021-12-15 05:10:18,813] {logging_mixin.py:109} WARNING - /opt/conda/lib/python3.8/site-packages/airflow/models/dag.py:2426 SAWarning: TypeDecorator UtcDateTime(timezone=True) will not produce a cache key because the ``cache_ok`` attribute is not set to True.  This can have significant performance implications including some performance degradations in comparison to prior SQLAlchemy versions.  Set this attribute to True if this type object's state is safe to use in a cache key, or False to disable this warning. (Background on this error at: https://sqlalche.me/e/14/cprf)
[2021-12-15 05:10:18,819] {logging_mixin.py:109} INFO - [2021-12-15 05:10:18,819] {dag.py:2914} INFO - Setting next_dagrun for hello_world to 2021-12-14 13:00:00+00:00
[2021-12-15 05:10:18,831] {processor.py:171} INFO - Processing /opt/ml/final-project-level3-cv-02/airflow/dags/hello_world.py took 0.070 seconds
[2021-12-15 05:11:01,696] {processor.py:163} INFO - Started process (PID=2783) to work on /opt/ml/final-project-level3-cv-02/airflow/dags/hello_world.py
[2021-12-15 05:11:01,698] {processor.py:620} INFO - Processing file /opt/ml/final-project-level3-cv-02/airflow/dags/hello_world.py for tasks to queue
[2021-12-15 05:11:01,698] {logging_mixin.py:109} INFO - [2021-12-15 05:11:01,698] {dagbag.py:500} INFO - Filling up the DagBag from /opt/ml/final-project-level3-cv-02/airflow/dags/hello_world.py
[2021-12-15 05:11:01,721] {processor.py:632} INFO - DAG(s) dict_keys(['hello_world']) retrieved from /opt/ml/final-project-level3-cv-02/airflow/dags/hello_world.py
[2021-12-15 05:11:01,726] {logging_mixin.py:109} WARNING - /opt/conda/lib/python3.8/site-packages/airflow/models/serialized_dag.py:120 SAWarning: TypeDecorator UtcDateTime(timezone=True) will not produce a cache key because the ``cache_ok`` attribute is not set to True.  This can have significant performance implications including some performance degradations in comparison to prior SQLAlchemy versions.  Set this attribute to True if this type object's state is safe to use in a cache key, or False to disable this warning. (Background on this error at: https://sqlalche.me/e/14/cprf)
[2021-12-15 05:11:01,733] {logging_mixin.py:109} INFO - [2021-12-15 05:11:01,732] {dag.py:2389} INFO - Sync 1 DAGs
[2021-12-15 05:11:01,742] {logging_mixin.py:109} WARNING - /opt/conda/lib/python3.8/site-packages/airflow/models/dag.py:2426 SAWarning: TypeDecorator UtcDateTime(timezone=True) will not produce a cache key because the ``cache_ok`` attribute is not set to True.  This can have significant performance implications including some performance degradations in comparison to prior SQLAlchemy versions.  Set this attribute to True if this type object's state is safe to use in a cache key, or False to disable this warning. (Background on this error at: https://sqlalche.me/e/14/cprf)
[2021-12-15 05:11:01,748] {logging_mixin.py:109} INFO - [2021-12-15 05:11:01,748] {dag.py:2914} INFO - Setting next_dagrun for hello_world to 2021-12-14 13:00:00+00:00
[2021-12-15 05:11:01,759] {processor.py:171} INFO - Processing /opt/ml/final-project-level3-cv-02/airflow/dags/hello_world.py took 0.066 seconds
[2021-12-15 05:11:34,477] {processor.py:163} INFO - Started process (PID=2931) to work on /opt/ml/final-project-level3-cv-02/airflow/dags/hello_world.py
[2021-12-15 05:11:34,478] {processor.py:620} INFO - Processing file /opt/ml/final-project-level3-cv-02/airflow/dags/hello_world.py for tasks to queue
[2021-12-15 05:11:34,478] {logging_mixin.py:109} INFO - [2021-12-15 05:11:34,478] {dagbag.py:500} INFO - Filling up the DagBag from /opt/ml/final-project-level3-cv-02/airflow/dags/hello_world.py
[2021-12-15 05:11:34,500] {processor.py:632} INFO - DAG(s) dict_keys(['hello_world']) retrieved from /opt/ml/final-project-level3-cv-02/airflow/dags/hello_world.py
[2021-12-15 05:11:34,504] {logging_mixin.py:109} WARNING - /opt/conda/lib/python3.8/site-packages/airflow/models/serialized_dag.py:120 SAWarning: TypeDecorator UtcDateTime(timezone=True) will not produce a cache key because the ``cache_ok`` attribute is not set to True.  This can have significant performance implications including some performance degradations in comparison to prior SQLAlchemy versions.  Set this attribute to True if this type object's state is safe to use in a cache key, or False to disable this warning. (Background on this error at: https://sqlalche.me/e/14/cprf)
[2021-12-15 05:11:34,510] {logging_mixin.py:109} INFO - [2021-12-15 05:11:34,510] {dag.py:2389} INFO - Sync 1 DAGs
[2021-12-15 05:11:34,520] {logging_mixin.py:109} WARNING - /opt/conda/lib/python3.8/site-packages/airflow/models/dag.py:2426 SAWarning: TypeDecorator UtcDateTime(timezone=True) will not produce a cache key because the ``cache_ok`` attribute is not set to True.  This can have significant performance implications including some performance degradations in comparison to prior SQLAlchemy versions.  Set this attribute to True if this type object's state is safe to use in a cache key, or False to disable this warning. (Background on this error at: https://sqlalche.me/e/14/cprf)
[2021-12-15 05:11:34,526] {logging_mixin.py:109} INFO - [2021-12-15 05:11:34,526] {dag.py:2914} INFO - Setting next_dagrun for hello_world to 2021-12-14 13:00:00+00:00
[2021-12-15 05:11:34,536] {processor.py:171} INFO - Processing /opt/ml/final-project-level3-cv-02/airflow/dags/hello_world.py took 0.061 seconds
[2021-12-15 05:12:04,771] {processor.py:163} INFO - Started process (PID=3026) to work on /opt/ml/final-project-level3-cv-02/airflow/dags/hello_world.py
[2021-12-15 05:12:04,772] {processor.py:620} INFO - Processing file /opt/ml/final-project-level3-cv-02/airflow/dags/hello_world.py for tasks to queue
[2021-12-15 05:12:04,772] {logging_mixin.py:109} INFO - [2021-12-15 05:12:04,772] {dagbag.py:500} INFO - Filling up the DagBag from /opt/ml/final-project-level3-cv-02/airflow/dags/hello_world.py
[2021-12-15 05:12:04,795] {processor.py:632} INFO - DAG(s) dict_keys(['hello_world']) retrieved from /opt/ml/final-project-level3-cv-02/airflow/dags/hello_world.py
[2021-12-15 05:12:04,799] {logging_mixin.py:109} WARNING - /opt/conda/lib/python3.8/site-packages/airflow/models/serialized_dag.py:120 SAWarning: TypeDecorator UtcDateTime(timezone=True) will not produce a cache key because the ``cache_ok`` attribute is not set to True.  This can have significant performance implications including some performance degradations in comparison to prior SQLAlchemy versions.  Set this attribute to True if this type object's state is safe to use in a cache key, or False to disable this warning. (Background on this error at: https://sqlalche.me/e/14/cprf)
[2021-12-15 05:12:04,807] {logging_mixin.py:109} INFO - [2021-12-15 05:12:04,807] {dag.py:2389} INFO - Sync 1 DAGs
[2021-12-15 05:12:04,817] {logging_mixin.py:109} WARNING - /opt/conda/lib/python3.8/site-packages/airflow/models/dag.py:2426 SAWarning: TypeDecorator UtcDateTime(timezone=True) will not produce a cache key because the ``cache_ok`` attribute is not set to True.  This can have significant performance implications including some performance degradations in comparison to prior SQLAlchemy versions.  Set this attribute to True if this type object's state is safe to use in a cache key, or False to disable this warning. (Background on this error at: https://sqlalche.me/e/14/cprf)
[2021-12-15 05:12:04,823] {logging_mixin.py:109} INFO - [2021-12-15 05:12:04,823] {dag.py:2914} INFO - Setting next_dagrun for hello_world to 2021-12-14 13:00:00+00:00
[2021-12-15 05:12:04,834] {processor.py:171} INFO - Processing /opt/ml/final-project-level3-cv-02/airflow/dags/hello_world.py took 0.066 seconds
[2021-12-15 05:12:36,820] {processor.py:163} INFO - Started process (PID=3169) to work on /opt/ml/final-project-level3-cv-02/airflow/dags/hello_world.py
[2021-12-15 05:12:36,821] {processor.py:620} INFO - Processing file /opt/ml/final-project-level3-cv-02/airflow/dags/hello_world.py for tasks to queue
[2021-12-15 05:12:36,821] {logging_mixin.py:109} INFO - [2021-12-15 05:12:36,821] {dagbag.py:500} INFO - Filling up the DagBag from /opt/ml/final-project-level3-cv-02/airflow/dags/hello_world.py
[2021-12-15 05:12:36,843] {processor.py:632} INFO - DAG(s) dict_keys(['hello_world']) retrieved from /opt/ml/final-project-level3-cv-02/airflow/dags/hello_world.py
[2021-12-15 05:12:36,848] {logging_mixin.py:109} WARNING - /opt/conda/lib/python3.8/site-packages/airflow/models/serialized_dag.py:120 SAWarning: TypeDecorator UtcDateTime(timezone=True) will not produce a cache key because the ``cache_ok`` attribute is not set to True.  This can have significant performance implications including some performance degradations in comparison to prior SQLAlchemy versions.  Set this attribute to True if this type object's state is safe to use in a cache key, or False to disable this warning. (Background on this error at: https://sqlalche.me/e/14/cprf)
[2021-12-15 05:12:36,854] {logging_mixin.py:109} INFO - [2021-12-15 05:12:36,854] {dag.py:2389} INFO - Sync 1 DAGs
[2021-12-15 05:12:36,865] {logging_mixin.py:109} WARNING - /opt/conda/lib/python3.8/site-packages/airflow/models/dag.py:2426 SAWarning: TypeDecorator UtcDateTime(timezone=True) will not produce a cache key because the ``cache_ok`` attribute is not set to True.  This can have significant performance implications including some performance degradations in comparison to prior SQLAlchemy versions.  Set this attribute to True if this type object's state is safe to use in a cache key, or False to disable this warning. (Background on this error at: https://sqlalche.me/e/14/cprf)
[2021-12-15 05:12:36,871] {logging_mixin.py:109} INFO - [2021-12-15 05:12:36,871] {dag.py:2914} INFO - Setting next_dagrun for hello_world to 2021-12-14 13:00:00+00:00
[2021-12-15 05:12:36,882] {processor.py:171} INFO - Processing /opt/ml/final-project-level3-cv-02/airflow/dags/hello_world.py took 0.065 seconds
[2021-12-15 05:13:13,141] {processor.py:163} INFO - Started process (PID=3305) to work on /opt/ml/final-project-level3-cv-02/airflow/dags/hello_world.py
[2021-12-15 05:13:13,142] {processor.py:620} INFO - Processing file /opt/ml/final-project-level3-cv-02/airflow/dags/hello_world.py for tasks to queue
[2021-12-15 05:13:13,142] {logging_mixin.py:109} INFO - [2021-12-15 05:13:13,142] {dagbag.py:500} INFO - Filling up the DagBag from /opt/ml/final-project-level3-cv-02/airflow/dags/hello_world.py
[2021-12-15 05:13:13,164] {processor.py:632} INFO - DAG(s) dict_keys(['hello_world']) retrieved from /opt/ml/final-project-level3-cv-02/airflow/dags/hello_world.py
[2021-12-15 05:13:13,168] {logging_mixin.py:109} WARNING - /opt/conda/lib/python3.8/site-packages/airflow/models/serialized_dag.py:120 SAWarning: TypeDecorator UtcDateTime(timezone=True) will not produce a cache key because the ``cache_ok`` attribute is not set to True.  This can have significant performance implications including some performance degradations in comparison to prior SQLAlchemy versions.  Set this attribute to True if this type object's state is safe to use in a cache key, or False to disable this warning. (Background on this error at: https://sqlalche.me/e/14/cprf)
[2021-12-15 05:13:13,174] {logging_mixin.py:109} INFO - [2021-12-15 05:13:13,174] {dag.py:2389} INFO - Sync 1 DAGs
[2021-12-15 05:13:13,184] {logging_mixin.py:109} WARNING - /opt/conda/lib/python3.8/site-packages/airflow/models/dag.py:2426 SAWarning: TypeDecorator UtcDateTime(timezone=True) will not produce a cache key because the ``cache_ok`` attribute is not set to True.  This can have significant performance implications including some performance degradations in comparison to prior SQLAlchemy versions.  Set this attribute to True if this type object's state is safe to use in a cache key, or False to disable this warning. (Background on this error at: https://sqlalche.me/e/14/cprf)
[2021-12-15 05:13:13,189] {logging_mixin.py:109} INFO - [2021-12-15 05:13:13,189] {dag.py:2914} INFO - Setting next_dagrun for hello_world to 2021-12-14 13:00:00+00:00
[2021-12-15 05:13:13,199] {processor.py:171} INFO - Processing /opt/ml/final-project-level3-cv-02/airflow/dags/hello_world.py took 0.062 seconds
[2021-12-15 05:13:47,240] {processor.py:163} INFO - Started process (PID=3441) to work on /opt/ml/final-project-level3-cv-02/airflow/dags/hello_world.py
[2021-12-15 05:13:47,241] {processor.py:620} INFO - Processing file /opt/ml/final-project-level3-cv-02/airflow/dags/hello_world.py for tasks to queue
[2021-12-15 05:13:47,241] {logging_mixin.py:109} INFO - [2021-12-15 05:13:47,241] {dagbag.py:500} INFO - Filling up the DagBag from /opt/ml/final-project-level3-cv-02/airflow/dags/hello_world.py
[2021-12-15 05:13:47,264] {processor.py:632} INFO - DAG(s) dict_keys(['hello_world']) retrieved from /opt/ml/final-project-level3-cv-02/airflow/dags/hello_world.py
[2021-12-15 05:13:47,268] {logging_mixin.py:109} WARNING - /opt/conda/lib/python3.8/site-packages/airflow/models/serialized_dag.py:120 SAWarning: TypeDecorator UtcDateTime(timezone=True) will not produce a cache key because the ``cache_ok`` attribute is not set to True.  This can have significant performance implications including some performance degradations in comparison to prior SQLAlchemy versions.  Set this attribute to True if this type object's state is safe to use in a cache key, or False to disable this warning. (Background on this error at: https://sqlalche.me/e/14/cprf)
[2021-12-15 05:13:47,276] {logging_mixin.py:109} INFO - [2021-12-15 05:13:47,276] {dag.py:2389} INFO - Sync 1 DAGs
[2021-12-15 05:13:47,285] {logging_mixin.py:109} WARNING - /opt/conda/lib/python3.8/site-packages/airflow/models/dag.py:2426 SAWarning: TypeDecorator UtcDateTime(timezone=True) will not produce a cache key because the ``cache_ok`` attribute is not set to True.  This can have significant performance implications including some performance degradations in comparison to prior SQLAlchemy versions.  Set this attribute to True if this type object's state is safe to use in a cache key, or False to disable this warning. (Background on this error at: https://sqlalche.me/e/14/cprf)
[2021-12-15 05:13:47,291] {logging_mixin.py:109} INFO - [2021-12-15 05:13:47,291] {dag.py:2914} INFO - Setting next_dagrun for hello_world to 2021-12-14 13:00:00+00:00
[2021-12-15 05:13:47,303] {processor.py:171} INFO - Processing /opt/ml/final-project-level3-cv-02/airflow/dags/hello_world.py took 0.066 seconds
[2021-12-15 05:14:18,151] {processor.py:163} INFO - Started process (PID=3597) to work on /opt/ml/final-project-level3-cv-02/airflow/dags/hello_world.py
[2021-12-15 05:14:18,151] {processor.py:620} INFO - Processing file /opt/ml/final-project-level3-cv-02/airflow/dags/hello_world.py for tasks to queue
[2021-12-15 05:14:18,152] {logging_mixin.py:109} INFO - [2021-12-15 05:14:18,152] {dagbag.py:500} INFO - Filling up the DagBag from /opt/ml/final-project-level3-cv-02/airflow/dags/hello_world.py
[2021-12-15 05:14:18,174] {processor.py:632} INFO - DAG(s) dict_keys(['hello_world']) retrieved from /opt/ml/final-project-level3-cv-02/airflow/dags/hello_world.py
[2021-12-15 05:14:18,179] {logging_mixin.py:109} WARNING - /opt/conda/lib/python3.8/site-packages/airflow/models/serialized_dag.py:120 SAWarning: TypeDecorator UtcDateTime(timezone=True) will not produce a cache key because the ``cache_ok`` attribute is not set to True.  This can have significant performance implications including some performance degradations in comparison to prior SQLAlchemy versions.  Set this attribute to True if this type object's state is safe to use in a cache key, or False to disable this warning. (Background on this error at: https://sqlalche.me/e/14/cprf)
[2021-12-15 05:14:18,186] {logging_mixin.py:109} INFO - [2021-12-15 05:14:18,186] {dag.py:2389} INFO - Sync 1 DAGs
[2021-12-15 05:14:18,195] {logging_mixin.py:109} WARNING - /opt/conda/lib/python3.8/site-packages/airflow/models/dag.py:2426 SAWarning: TypeDecorator UtcDateTime(timezone=True) will not produce a cache key because the ``cache_ok`` attribute is not set to True.  This can have significant performance implications including some performance degradations in comparison to prior SQLAlchemy versions.  Set this attribute to True if this type object's state is safe to use in a cache key, or False to disable this warning. (Background on this error at: https://sqlalche.me/e/14/cprf)
[2021-12-15 05:14:18,201] {logging_mixin.py:109} INFO - [2021-12-15 05:14:18,201] {dag.py:2914} INFO - Setting next_dagrun for hello_world to 2021-12-14 13:00:00+00:00
[2021-12-15 05:14:18,211] {processor.py:171} INFO - Processing /opt/ml/final-project-level3-cv-02/airflow/dags/hello_world.py took 0.063 seconds
[2021-12-15 05:14:49,623] {processor.py:163} INFO - Started process (PID=3796) to work on /opt/ml/final-project-level3-cv-02/airflow/dags/hello_world.py
[2021-12-15 05:14:49,624] {processor.py:620} INFO - Processing file /opt/ml/final-project-level3-cv-02/airflow/dags/hello_world.py for tasks to queue
[2021-12-15 05:14:49,624] {logging_mixin.py:109} INFO - [2021-12-15 05:14:49,624] {dagbag.py:500} INFO - Filling up the DagBag from /opt/ml/final-project-level3-cv-02/airflow/dags/hello_world.py
[2021-12-15 05:14:49,646] {processor.py:632} INFO - DAG(s) dict_keys(['hello_world']) retrieved from /opt/ml/final-project-level3-cv-02/airflow/dags/hello_world.py
[2021-12-15 05:14:49,651] {logging_mixin.py:109} WARNING - /opt/conda/lib/python3.8/site-packages/airflow/models/serialized_dag.py:120 SAWarning: TypeDecorator UtcDateTime(timezone=True) will not produce a cache key because the ``cache_ok`` attribute is not set to True.  This can have significant performance implications including some performance degradations in comparison to prior SQLAlchemy versions.  Set this attribute to True if this type object's state is safe to use in a cache key, or False to disable this warning. (Background on this error at: https://sqlalche.me/e/14/cprf)
[2021-12-15 05:14:49,657] {logging_mixin.py:109} INFO - [2021-12-15 05:14:49,657] {dag.py:2389} INFO - Sync 1 DAGs
[2021-12-15 05:14:49,667] {logging_mixin.py:109} WARNING - /opt/conda/lib/python3.8/site-packages/airflow/models/dag.py:2426 SAWarning: TypeDecorator UtcDateTime(timezone=True) will not produce a cache key because the ``cache_ok`` attribute is not set to True.  This can have significant performance implications including some performance degradations in comparison to prior SQLAlchemy versions.  Set this attribute to True if this type object's state is safe to use in a cache key, or False to disable this warning. (Background on this error at: https://sqlalche.me/e/14/cprf)
[2021-12-15 05:14:49,673] {logging_mixin.py:109} INFO - [2021-12-15 05:14:49,673] {dag.py:2914} INFO - Setting next_dagrun for hello_world to 2021-12-14 13:00:00+00:00
[2021-12-15 05:14:49,684] {processor.py:171} INFO - Processing /opt/ml/final-project-level3-cv-02/airflow/dags/hello_world.py took 0.063 seconds
