[2021-12-15 04:58:02,832] {processor.py:163} INFO - Started process (PID=63925) to work on /opt/conda/lib/python3.8/site-packages/airflow/example_dags/plugins/workday.py
[2021-12-15 04:58:02,833] {processor.py:620} INFO - Processing file /opt/conda/lib/python3.8/site-packages/airflow/example_dags/plugins/workday.py for tasks to queue
[2021-12-15 04:58:02,833] {logging_mixin.py:109} INFO - [2021-12-15 04:58:02,833] {dagbag.py:500} INFO - Filling up the DagBag from /opt/conda/lib/python3.8/site-packages/airflow/example_dags/plugins/workday.py
[2021-12-15 04:58:02,844] {processor.py:634} WARNING - No viable dags retrieved from /opt/conda/lib/python3.8/site-packages/airflow/example_dags/plugins/workday.py
[2021-12-15 04:58:02,847] {processor.py:171} INFO - Processing /opt/conda/lib/python3.8/site-packages/airflow/example_dags/plugins/workday.py took 0.018 seconds
[2021-12-15 04:58:38,084] {processor.py:163} INFO - Started process (PID=64215) to work on /opt/conda/lib/python3.8/site-packages/airflow/example_dags/plugins/workday.py
[2021-12-15 04:58:38,085] {processor.py:620} INFO - Processing file /opt/conda/lib/python3.8/site-packages/airflow/example_dags/plugins/workday.py for tasks to queue
[2021-12-15 04:58:38,086] {logging_mixin.py:109} INFO - [2021-12-15 04:58:38,086] {dagbag.py:500} INFO - Filling up the DagBag from /opt/conda/lib/python3.8/site-packages/airflow/example_dags/plugins/workday.py
[2021-12-15 04:58:38,097] {processor.py:634} WARNING - No viable dags retrieved from /opt/conda/lib/python3.8/site-packages/airflow/example_dags/plugins/workday.py
[2021-12-15 04:58:38,100] {processor.py:171} INFO - Processing /opt/conda/lib/python3.8/site-packages/airflow/example_dags/plugins/workday.py took 0.019 seconds
[2021-12-15 05:04:33,458] {processor.py:163} INFO - Started process (PID=955) to work on /opt/conda/lib/python3.8/site-packages/airflow/example_dags/plugins/workday.py
[2021-12-15 05:04:33,459] {processor.py:620} INFO - Processing file /opt/conda/lib/python3.8/site-packages/airflow/example_dags/plugins/workday.py for tasks to queue
[2021-12-15 05:04:33,460] {logging_mixin.py:109} INFO - [2021-12-15 05:04:33,460] {dagbag.py:500} INFO - Filling up the DagBag from /opt/conda/lib/python3.8/site-packages/airflow/example_dags/plugins/workday.py
[2021-12-15 05:04:33,471] {processor.py:634} WARNING - No viable dags retrieved from /opt/conda/lib/python3.8/site-packages/airflow/example_dags/plugins/workday.py
[2021-12-15 05:04:33,474] {processor.py:171} INFO - Processing /opt/conda/lib/python3.8/site-packages/airflow/example_dags/plugins/workday.py took 0.019 seconds
[2021-12-15 05:05:08,719] {processor.py:163} INFO - Started process (PID=1156) to work on /opt/conda/lib/python3.8/site-packages/airflow/example_dags/plugins/workday.py
[2021-12-15 05:05:08,720] {processor.py:620} INFO - Processing file /opt/conda/lib/python3.8/site-packages/airflow/example_dags/plugins/workday.py for tasks to queue
[2021-12-15 05:05:08,721] {logging_mixin.py:109} INFO - [2021-12-15 05:05:08,721] {dagbag.py:500} INFO - Filling up the DagBag from /opt/conda/lib/python3.8/site-packages/airflow/example_dags/plugins/workday.py
[2021-12-15 05:05:08,734] {processor.py:634} WARNING - No viable dags retrieved from /opt/conda/lib/python3.8/site-packages/airflow/example_dags/plugins/workday.py
[2021-12-15 05:05:08,736] {processor.py:171} INFO - Processing /opt/conda/lib/python3.8/site-packages/airflow/example_dags/plugins/workday.py took 0.021 seconds
[2021-12-15 05:05:43,622] {processor.py:163} INFO - Started process (PID=1402) to work on /opt/conda/lib/python3.8/site-packages/airflow/example_dags/plugins/workday.py
[2021-12-15 05:05:43,623] {processor.py:620} INFO - Processing file /opt/conda/lib/python3.8/site-packages/airflow/example_dags/plugins/workday.py for tasks to queue
[2021-12-15 05:05:43,623] {logging_mixin.py:109} INFO - [2021-12-15 05:05:43,623] {dagbag.py:500} INFO - Filling up the DagBag from /opt/conda/lib/python3.8/site-packages/airflow/example_dags/plugins/workday.py
[2021-12-15 05:05:43,636] {processor.py:634} WARNING - No viable dags retrieved from /opt/conda/lib/python3.8/site-packages/airflow/example_dags/plugins/workday.py
[2021-12-15 05:05:43,638] {processor.py:171} INFO - Processing /opt/conda/lib/python3.8/site-packages/airflow/example_dags/plugins/workday.py took 0.020 seconds
[2021-12-15 05:06:16,718] {processor.py:163} INFO - Started process (PID=1515) to work on /opt/conda/lib/python3.8/site-packages/airflow/example_dags/plugins/workday.py
[2021-12-15 05:06:16,719] {processor.py:620} INFO - Processing file /opt/conda/lib/python3.8/site-packages/airflow/example_dags/plugins/workday.py for tasks to queue
[2021-12-15 05:06:16,719] {logging_mixin.py:109} INFO - [2021-12-15 05:06:16,719] {dagbag.py:500} INFO - Filling up the DagBag from /opt/conda/lib/python3.8/site-packages/airflow/example_dags/plugins/workday.py
[2021-12-15 05:06:16,730] {processor.py:634} WARNING - No viable dags retrieved from /opt/conda/lib/python3.8/site-packages/airflow/example_dags/plugins/workday.py
[2021-12-15 05:06:16,733] {processor.py:171} INFO - Processing /opt/conda/lib/python3.8/site-packages/airflow/example_dags/plugins/workday.py took 0.018 seconds
[2021-12-15 05:06:52,193] {processor.py:163} INFO - Started process (PID=1656) to work on /opt/conda/lib/python3.8/site-packages/airflow/example_dags/plugins/workday.py
[2021-12-15 05:06:52,194] {processor.py:620} INFO - Processing file /opt/conda/lib/python3.8/site-packages/airflow/example_dags/plugins/workday.py for tasks to queue
[2021-12-15 05:06:52,194] {logging_mixin.py:109} INFO - [2021-12-15 05:06:52,194] {dagbag.py:500} INFO - Filling up the DagBag from /opt/conda/lib/python3.8/site-packages/airflow/example_dags/plugins/workday.py
[2021-12-15 05:06:52,206] {processor.py:634} WARNING - No viable dags retrieved from /opt/conda/lib/python3.8/site-packages/airflow/example_dags/plugins/workday.py
[2021-12-15 05:06:52,208] {processor.py:171} INFO - Processing /opt/conda/lib/python3.8/site-packages/airflow/example_dags/plugins/workday.py took 0.018 seconds
[2021-12-15 05:07:26,500] {processor.py:163} INFO - Started process (PID=1741) to work on /opt/conda/lib/python3.8/site-packages/airflow/example_dags/plugins/workday.py
[2021-12-15 05:07:26,501] {processor.py:620} INFO - Processing file /opt/conda/lib/python3.8/site-packages/airflow/example_dags/plugins/workday.py for tasks to queue
[2021-12-15 05:07:26,501] {logging_mixin.py:109} INFO - [2021-12-15 05:07:26,501] {dagbag.py:500} INFO - Filling up the DagBag from /opt/conda/lib/python3.8/site-packages/airflow/example_dags/plugins/workday.py
[2021-12-15 05:07:26,513] {processor.py:634} WARNING - No viable dags retrieved from /opt/conda/lib/python3.8/site-packages/airflow/example_dags/plugins/workday.py
[2021-12-15 05:07:26,516] {processor.py:171} INFO - Processing /opt/conda/lib/python3.8/site-packages/airflow/example_dags/plugins/workday.py took 0.019 seconds
[2021-12-15 05:08:00,769] {processor.py:163} INFO - Started process (PID=1825) to work on /opt/conda/lib/python3.8/site-packages/airflow/example_dags/plugins/workday.py
[2021-12-15 05:08:00,770] {processor.py:620} INFO - Processing file /opt/conda/lib/python3.8/site-packages/airflow/example_dags/plugins/workday.py for tasks to queue
[2021-12-15 05:08:00,770] {logging_mixin.py:109} INFO - [2021-12-15 05:08:00,770] {dagbag.py:500} INFO - Filling up the DagBag from /opt/conda/lib/python3.8/site-packages/airflow/example_dags/plugins/workday.py
[2021-12-15 05:08:00,783] {processor.py:634} WARNING - No viable dags retrieved from /opt/conda/lib/python3.8/site-packages/airflow/example_dags/plugins/workday.py
[2021-12-15 05:08:00,786] {processor.py:171} INFO - Processing /opt/conda/lib/python3.8/site-packages/airflow/example_dags/plugins/workday.py took 0.020 seconds
[2021-12-15 05:08:36,319] {processor.py:163} INFO - Started process (PID=1921) to work on /opt/conda/lib/python3.8/site-packages/airflow/example_dags/plugins/workday.py
[2021-12-15 05:08:36,320] {processor.py:620} INFO - Processing file /opt/conda/lib/python3.8/site-packages/airflow/example_dags/plugins/workday.py for tasks to queue
[2021-12-15 05:08:36,321] {logging_mixin.py:109} INFO - [2021-12-15 05:08:36,320] {dagbag.py:500} INFO - Filling up the DagBag from /opt/conda/lib/python3.8/site-packages/airflow/example_dags/plugins/workday.py
[2021-12-15 05:08:36,332] {processor.py:634} WARNING - No viable dags retrieved from /opt/conda/lib/python3.8/site-packages/airflow/example_dags/plugins/workday.py
[2021-12-15 05:08:36,334] {processor.py:171} INFO - Processing /opt/conda/lib/python3.8/site-packages/airflow/example_dags/plugins/workday.py took 0.018 seconds
[2021-12-15 05:09:11,819] {processor.py:163} INFO - Started process (PID=2036) to work on /opt/conda/lib/python3.8/site-packages/airflow/example_dags/plugins/workday.py
[2021-12-15 05:09:11,820] {processor.py:620} INFO - Processing file /opt/conda/lib/python3.8/site-packages/airflow/example_dags/plugins/workday.py for tasks to queue
[2021-12-15 05:09:11,820] {logging_mixin.py:109} INFO - [2021-12-15 05:09:11,820] {dagbag.py:500} INFO - Filling up the DagBag from /opt/conda/lib/python3.8/site-packages/airflow/example_dags/plugins/workday.py
[2021-12-15 05:09:11,833] {processor.py:634} WARNING - No viable dags retrieved from /opt/conda/lib/python3.8/site-packages/airflow/example_dags/plugins/workday.py
[2021-12-15 05:09:11,835] {processor.py:171} INFO - Processing /opt/conda/lib/python3.8/site-packages/airflow/example_dags/plugins/workday.py took 0.019 seconds
[2021-12-15 05:09:50,710] {processor.py:163} INFO - Started process (PID=2310) to work on /opt/conda/lib/python3.8/site-packages/airflow/example_dags/plugins/workday.py
[2021-12-15 05:09:50,712] {processor.py:620} INFO - Processing file /opt/conda/lib/python3.8/site-packages/airflow/example_dags/plugins/workday.py for tasks to queue
[2021-12-15 05:09:50,712] {logging_mixin.py:109} INFO - [2021-12-15 05:09:50,712] {dagbag.py:500} INFO - Filling up the DagBag from /opt/conda/lib/python3.8/site-packages/airflow/example_dags/plugins/workday.py
[2021-12-15 05:09:50,724] {processor.py:634} WARNING - No viable dags retrieved from /opt/conda/lib/python3.8/site-packages/airflow/example_dags/plugins/workday.py
[2021-12-15 05:09:50,727] {processor.py:171} INFO - Processing /opt/conda/lib/python3.8/site-packages/airflow/example_dags/plugins/workday.py took 0.020 seconds
[2021-12-15 05:10:33,740] {processor.py:163} INFO - Started process (PID=2538) to work on /opt/conda/lib/python3.8/site-packages/airflow/example_dags/plugins/workday.py
[2021-12-15 05:10:33,742] {processor.py:620} INFO - Processing file /opt/conda/lib/python3.8/site-packages/airflow/example_dags/plugins/workday.py for tasks to queue
[2021-12-15 05:10:33,742] {logging_mixin.py:109} INFO - [2021-12-15 05:10:33,742] {dagbag.py:500} INFO - Filling up the DagBag from /opt/conda/lib/python3.8/site-packages/airflow/example_dags/plugins/workday.py
[2021-12-15 05:10:33,754] {processor.py:634} WARNING - No viable dags retrieved from /opt/conda/lib/python3.8/site-packages/airflow/example_dags/plugins/workday.py
[2021-12-15 05:10:33,756] {processor.py:171} INFO - Processing /opt/conda/lib/python3.8/site-packages/airflow/example_dags/plugins/workday.py took 0.019 seconds
[2021-12-15 05:11:17,171] {processor.py:163} INFO - Started process (PID=2890) to work on /opt/conda/lib/python3.8/site-packages/airflow/example_dags/plugins/workday.py
[2021-12-15 05:11:17,172] {processor.py:620} INFO - Processing file /opt/conda/lib/python3.8/site-packages/airflow/example_dags/plugins/workday.py for tasks to queue
[2021-12-15 05:11:17,173] {logging_mixin.py:109} INFO - [2021-12-15 05:11:17,173] {dagbag.py:500} INFO - Filling up the DagBag from /opt/conda/lib/python3.8/site-packages/airflow/example_dags/plugins/workday.py
[2021-12-15 05:11:17,184] {processor.py:634} WARNING - No viable dags retrieved from /opt/conda/lib/python3.8/site-packages/airflow/example_dags/plugins/workday.py
[2021-12-15 05:11:17,187] {processor.py:171} INFO - Processing /opt/conda/lib/python3.8/site-packages/airflow/example_dags/plugins/workday.py took 0.018 seconds
[2021-12-15 05:11:53,859] {processor.py:163} INFO - Started process (PID=2986) to work on /opt/conda/lib/python3.8/site-packages/airflow/example_dags/plugins/workday.py
[2021-12-15 05:11:53,860] {processor.py:620} INFO - Processing file /opt/conda/lib/python3.8/site-packages/airflow/example_dags/plugins/workday.py for tasks to queue
[2021-12-15 05:11:53,860] {logging_mixin.py:109} INFO - [2021-12-15 05:11:53,860] {dagbag.py:500} INFO - Filling up the DagBag from /opt/conda/lib/python3.8/site-packages/airflow/example_dags/plugins/workday.py
[2021-12-15 05:11:53,873] {processor.py:634} WARNING - No viable dags retrieved from /opt/conda/lib/python3.8/site-packages/airflow/example_dags/plugins/workday.py
[2021-12-15 05:11:53,876] {processor.py:171} INFO - Processing /opt/conda/lib/python3.8/site-packages/airflow/example_dags/plugins/workday.py took 0.020 seconds
[2021-12-15 05:12:30,254] {processor.py:163} INFO - Started process (PID=3119) to work on /opt/conda/lib/python3.8/site-packages/airflow/example_dags/plugins/workday.py
[2021-12-15 05:12:30,255] {processor.py:620} INFO - Processing file /opt/conda/lib/python3.8/site-packages/airflow/example_dags/plugins/workday.py for tasks to queue
[2021-12-15 05:12:30,256] {logging_mixin.py:109} INFO - [2021-12-15 05:12:30,256] {dagbag.py:500} INFO - Filling up the DagBag from /opt/conda/lib/python3.8/site-packages/airflow/example_dags/plugins/workday.py
[2021-12-15 05:12:30,269] {processor.py:634} WARNING - No viable dags retrieved from /opt/conda/lib/python3.8/site-packages/airflow/example_dags/plugins/workday.py
[2021-12-15 05:12:30,272] {processor.py:171} INFO - Processing /opt/conda/lib/python3.8/site-packages/airflow/example_dags/plugins/workday.py took 0.020 seconds
[2021-12-15 05:13:05,190] {processor.py:163} INFO - Started process (PID=3285) to work on /opt/conda/lib/python3.8/site-packages/airflow/example_dags/plugins/workday.py
[2021-12-15 05:13:05,191] {processor.py:620} INFO - Processing file /opt/conda/lib/python3.8/site-packages/airflow/example_dags/plugins/workday.py for tasks to queue
[2021-12-15 05:13:05,191] {logging_mixin.py:109} INFO - [2021-12-15 05:13:05,191] {dagbag.py:500} INFO - Filling up the DagBag from /opt/conda/lib/python3.8/site-packages/airflow/example_dags/plugins/workday.py
[2021-12-15 05:13:05,204] {processor.py:634} WARNING - No viable dags retrieved from /opt/conda/lib/python3.8/site-packages/airflow/example_dags/plugins/workday.py
[2021-12-15 05:13:05,206] {processor.py:171} INFO - Processing /opt/conda/lib/python3.8/site-packages/airflow/example_dags/plugins/workday.py took 0.019 seconds
[2021-12-15 05:13:39,797] {processor.py:163} INFO - Started process (PID=3409) to work on /opt/conda/lib/python3.8/site-packages/airflow/example_dags/plugins/workday.py
[2021-12-15 05:13:39,798] {processor.py:620} INFO - Processing file /opt/conda/lib/python3.8/site-packages/airflow/example_dags/plugins/workday.py for tasks to queue
[2021-12-15 05:13:39,798] {logging_mixin.py:109} INFO - [2021-12-15 05:13:39,798] {dagbag.py:500} INFO - Filling up the DagBag from /opt/conda/lib/python3.8/site-packages/airflow/example_dags/plugins/workday.py
[2021-12-15 05:13:39,812] {processor.py:634} WARNING - No viable dags retrieved from /opt/conda/lib/python3.8/site-packages/airflow/example_dags/plugins/workday.py
[2021-12-15 05:13:39,815] {processor.py:171} INFO - Processing /opt/conda/lib/python3.8/site-packages/airflow/example_dags/plugins/workday.py took 0.020 seconds
[2021-12-15 05:14:15,867] {processor.py:163} INFO - Started process (PID=3584) to work on /opt/conda/lib/python3.8/site-packages/airflow/example_dags/plugins/workday.py
[2021-12-15 05:14:15,869] {processor.py:620} INFO - Processing file /opt/conda/lib/python3.8/site-packages/airflow/example_dags/plugins/workday.py for tasks to queue
[2021-12-15 05:14:15,869] {logging_mixin.py:109} INFO - [2021-12-15 05:14:15,869] {dagbag.py:500} INFO - Filling up the DagBag from /opt/conda/lib/python3.8/site-packages/airflow/example_dags/plugins/workday.py
[2021-12-15 05:14:15,881] {processor.py:634} WARNING - No viable dags retrieved from /opt/conda/lib/python3.8/site-packages/airflow/example_dags/plugins/workday.py
[2021-12-15 05:14:15,884] {processor.py:171} INFO - Processing /opt/conda/lib/python3.8/site-packages/airflow/example_dags/plugins/workday.py took 0.020 seconds
