[2021-12-15 04:58:09,135] {processor.py:163} INFO - Started process (PID=64114) to work on /opt/conda/lib/python3.8/site-packages/airflow/example_dags/example_latest_only.py
[2021-12-15 04:58:09,135] {processor.py:620} INFO - Processing file /opt/conda/lib/python3.8/site-packages/airflow/example_dags/example_latest_only.py for tasks to queue
[2021-12-15 04:58:09,135] {logging_mixin.py:109} INFO - [2021-12-15 04:58:09,135] {dagbag.py:500} INFO - Filling up the DagBag from /opt/conda/lib/python3.8/site-packages/airflow/example_dags/example_latest_only.py
[2021-12-15 04:58:09,154] {processor.py:632} INFO - DAG(s) dict_keys(['latest_only']) retrieved from /opt/conda/lib/python3.8/site-packages/airflow/example_dags/example_latest_only.py
[2021-12-15 04:58:09,159] {logging_mixin.py:109} WARNING - /opt/conda/lib/python3.8/site-packages/airflow/models/serialized_dag.py:120 SAWarning: TypeDecorator UtcDateTime(timezone=True) will not produce a cache key because the ``cache_ok`` attribute is not set to True.  This can have significant performance implications including some performance degradations in comparison to prior SQLAlchemy versions.  Set this attribute to True if this type object's state is safe to use in a cache key, or False to disable this warning. (Background on this error at: https://sqlalche.me/e/14/cprf)
[2021-12-15 04:58:09,166] {logging_mixin.py:109} INFO - [2021-12-15 04:58:09,165] {dag.py:2389} INFO - Sync 1 DAGs
[2021-12-15 04:58:09,175] {logging_mixin.py:109} WARNING - /opt/conda/lib/python3.8/site-packages/airflow/models/dag.py:2426 SAWarning: TypeDecorator UtcDateTime(timezone=True) will not produce a cache key because the ``cache_ok`` attribute is not set to True.  This can have significant performance implications including some performance degradations in comparison to prior SQLAlchemy versions.  Set this attribute to True if this type object's state is safe to use in a cache key, or False to disable this warning. (Background on this error at: https://sqlalche.me/e/14/cprf)
[2021-12-15 04:58:09,180] {logging_mixin.py:109} INFO - [2021-12-15 04:58:09,180] {dag.py:2914} INFO - Setting next_dagrun for latest_only to 2021-12-15T00:58:09.179912+00:00
[2021-12-15 04:58:09,190] {processor.py:171} INFO - Processing /opt/conda/lib/python3.8/site-packages/airflow/example_dags/example_latest_only.py took 0.058 seconds
[2021-12-15 04:58:44,079] {processor.py:163} INFO - Started process (PID=64237) to work on /opt/conda/lib/python3.8/site-packages/airflow/example_dags/example_latest_only.py
[2021-12-15 04:58:44,080] {processor.py:620} INFO - Processing file /opt/conda/lib/python3.8/site-packages/airflow/example_dags/example_latest_only.py for tasks to queue
[2021-12-15 04:58:44,080] {logging_mixin.py:109} INFO - [2021-12-15 04:58:44,080] {dagbag.py:500} INFO - Filling up the DagBag from /opt/conda/lib/python3.8/site-packages/airflow/example_dags/example_latest_only.py
[2021-12-15 04:58:44,100] {processor.py:632} INFO - DAG(s) dict_keys(['latest_only']) retrieved from /opt/conda/lib/python3.8/site-packages/airflow/example_dags/example_latest_only.py
[2021-12-15 04:58:44,105] {logging_mixin.py:109} WARNING - /opt/conda/lib/python3.8/site-packages/airflow/models/serialized_dag.py:120 SAWarning: TypeDecorator UtcDateTime(timezone=True) will not produce a cache key because the ``cache_ok`` attribute is not set to True.  This can have significant performance implications including some performance degradations in comparison to prior SQLAlchemy versions.  Set this attribute to True if this type object's state is safe to use in a cache key, or False to disable this warning. (Background on this error at: https://sqlalche.me/e/14/cprf)
[2021-12-15 04:58:44,112] {logging_mixin.py:109} INFO - [2021-12-15 04:58:44,112] {dag.py:2389} INFO - Sync 1 DAGs
[2021-12-15 04:58:44,122] {logging_mixin.py:109} WARNING - /opt/conda/lib/python3.8/site-packages/airflow/models/dag.py:2426 SAWarning: TypeDecorator UtcDateTime(timezone=True) will not produce a cache key because the ``cache_ok`` attribute is not set to True.  This can have significant performance implications including some performance degradations in comparison to prior SQLAlchemy versions.  Set this attribute to True if this type object's state is safe to use in a cache key, or False to disable this warning. (Background on this error at: https://sqlalche.me/e/14/cprf)
[2021-12-15 04:58:44,126] {logging_mixin.py:109} INFO - [2021-12-15 04:58:44,126] {dag.py:2914} INFO - Setting next_dagrun for latest_only to 2021-12-15T00:58:44.126543+00:00
[2021-12-15 04:58:44,138] {processor.py:171} INFO - Processing /opt/conda/lib/python3.8/site-packages/airflow/example_dags/example_latest_only.py took 0.062 seconds
[2021-12-15 05:04:39,757] {processor.py:163} INFO - Started process (PID=997) to work on /opt/conda/lib/python3.8/site-packages/airflow/example_dags/example_latest_only.py
[2021-12-15 05:04:39,758] {processor.py:620} INFO - Processing file /opt/conda/lib/python3.8/site-packages/airflow/example_dags/example_latest_only.py for tasks to queue
[2021-12-15 05:04:39,759] {logging_mixin.py:109} INFO - [2021-12-15 05:04:39,759] {dagbag.py:500} INFO - Filling up the DagBag from /opt/conda/lib/python3.8/site-packages/airflow/example_dags/example_latest_only.py
[2021-12-15 05:04:39,778] {processor.py:632} INFO - DAG(s) dict_keys(['latest_only']) retrieved from /opt/conda/lib/python3.8/site-packages/airflow/example_dags/example_latest_only.py
[2021-12-15 05:04:39,783] {logging_mixin.py:109} WARNING - /opt/conda/lib/python3.8/site-packages/airflow/models/serialized_dag.py:120 SAWarning: TypeDecorator UtcDateTime(timezone=True) will not produce a cache key because the ``cache_ok`` attribute is not set to True.  This can have significant performance implications including some performance degradations in comparison to prior SQLAlchemy versions.  Set this attribute to True if this type object's state is safe to use in a cache key, or False to disable this warning. (Background on this error at: https://sqlalche.me/e/14/cprf)
[2021-12-15 05:04:39,790] {logging_mixin.py:109} INFO - [2021-12-15 05:04:39,790] {dag.py:2389} INFO - Sync 1 DAGs
[2021-12-15 05:04:39,799] {logging_mixin.py:109} WARNING - /opt/conda/lib/python3.8/site-packages/airflow/models/dag.py:2426 SAWarning: TypeDecorator UtcDateTime(timezone=True) will not produce a cache key because the ``cache_ok`` attribute is not set to True.  This can have significant performance implications including some performance degradations in comparison to prior SQLAlchemy versions.  Set this attribute to True if this type object's state is safe to use in a cache key, or False to disable this warning. (Background on this error at: https://sqlalche.me/e/14/cprf)
[2021-12-15 05:04:39,804] {logging_mixin.py:109} INFO - [2021-12-15 05:04:39,804] {dag.py:2914} INFO - Setting next_dagrun for latest_only to 2021-12-15T01:04:39.804140+00:00
[2021-12-15 05:04:39,814] {processor.py:171} INFO - Processing /opt/conda/lib/python3.8/site-packages/airflow/example_dags/example_latest_only.py took 0.060 seconds
[2021-12-15 05:05:14,697] {processor.py:163} INFO - Started process (PID=1183) to work on /opt/conda/lib/python3.8/site-packages/airflow/example_dags/example_latest_only.py
[2021-12-15 05:05:14,699] {processor.py:620} INFO - Processing file /opt/conda/lib/python3.8/site-packages/airflow/example_dags/example_latest_only.py for tasks to queue
[2021-12-15 05:05:14,699] {logging_mixin.py:109} INFO - [2021-12-15 05:05:14,699] {dagbag.py:500} INFO - Filling up the DagBag from /opt/conda/lib/python3.8/site-packages/airflow/example_dags/example_latest_only.py
[2021-12-15 05:05:14,718] {processor.py:632} INFO - DAG(s) dict_keys(['latest_only']) retrieved from /opt/conda/lib/python3.8/site-packages/airflow/example_dags/example_latest_only.py
[2021-12-15 05:05:14,723] {logging_mixin.py:109} WARNING - /opt/conda/lib/python3.8/site-packages/airflow/models/serialized_dag.py:120 SAWarning: TypeDecorator UtcDateTime(timezone=True) will not produce a cache key because the ``cache_ok`` attribute is not set to True.  This can have significant performance implications including some performance degradations in comparison to prior SQLAlchemy versions.  Set this attribute to True if this type object's state is safe to use in a cache key, or False to disable this warning. (Background on this error at: https://sqlalche.me/e/14/cprf)
[2021-12-15 05:05:14,729] {logging_mixin.py:109} INFO - [2021-12-15 05:05:14,729] {dag.py:2389} INFO - Sync 1 DAGs
[2021-12-15 05:05:14,739] {logging_mixin.py:109} WARNING - /opt/conda/lib/python3.8/site-packages/airflow/models/dag.py:2426 SAWarning: TypeDecorator UtcDateTime(timezone=True) will not produce a cache key because the ``cache_ok`` attribute is not set to True.  This can have significant performance implications including some performance degradations in comparison to prior SQLAlchemy versions.  Set this attribute to True if this type object's state is safe to use in a cache key, or False to disable this warning. (Background on this error at: https://sqlalche.me/e/14/cprf)
[2021-12-15 05:05:14,744] {logging_mixin.py:109} INFO - [2021-12-15 05:05:14,744] {dag.py:2914} INFO - Setting next_dagrun for latest_only to 2021-12-15T01:05:14.743917+00:00
[2021-12-15 05:05:14,754] {processor.py:171} INFO - Processing /opt/conda/lib/python3.8/site-packages/airflow/example_dags/example_latest_only.py took 0.060 seconds
[2021-12-15 05:05:49,937] {processor.py:163} INFO - Started process (PID=1420) to work on /opt/conda/lib/python3.8/site-packages/airflow/example_dags/example_latest_only.py
[2021-12-15 05:05:49,938] {processor.py:620} INFO - Processing file /opt/conda/lib/python3.8/site-packages/airflow/example_dags/example_latest_only.py for tasks to queue
[2021-12-15 05:05:49,938] {logging_mixin.py:109} INFO - [2021-12-15 05:05:49,938] {dagbag.py:500} INFO - Filling up the DagBag from /opt/conda/lib/python3.8/site-packages/airflow/example_dags/example_latest_only.py
[2021-12-15 05:05:49,957] {processor.py:632} INFO - DAG(s) dict_keys(['latest_only']) retrieved from /opt/conda/lib/python3.8/site-packages/airflow/example_dags/example_latest_only.py
[2021-12-15 05:05:49,961] {logging_mixin.py:109} WARNING - /opt/conda/lib/python3.8/site-packages/airflow/models/serialized_dag.py:120 SAWarning: TypeDecorator UtcDateTime(timezone=True) will not produce a cache key because the ``cache_ok`` attribute is not set to True.  This can have significant performance implications including some performance degradations in comparison to prior SQLAlchemy versions.  Set this attribute to True if this type object's state is safe to use in a cache key, or False to disable this warning. (Background on this error at: https://sqlalche.me/e/14/cprf)
[2021-12-15 05:05:49,967] {logging_mixin.py:109} INFO - [2021-12-15 05:05:49,967] {dag.py:2389} INFO - Sync 1 DAGs
[2021-12-15 05:05:49,977] {logging_mixin.py:109} WARNING - /opt/conda/lib/python3.8/site-packages/airflow/models/dag.py:2426 SAWarning: TypeDecorator UtcDateTime(timezone=True) will not produce a cache key because the ``cache_ok`` attribute is not set to True.  This can have significant performance implications including some performance degradations in comparison to prior SQLAlchemy versions.  Set this attribute to True if this type object's state is safe to use in a cache key, or False to disable this warning. (Background on this error at: https://sqlalche.me/e/14/cprf)
[2021-12-15 05:05:49,981] {logging_mixin.py:109} INFO - [2021-12-15 05:05:49,981] {dag.py:2914} INFO - Setting next_dagrun for latest_only to 2021-12-15T01:05:49.981428+00:00
[2021-12-15 05:05:49,992] {processor.py:171} INFO - Processing /opt/conda/lib/python3.8/site-packages/airflow/example_dags/example_latest_only.py took 0.058 seconds
[2021-12-15 05:06:23,009] {processor.py:163} INFO - Started process (PID=1538) to work on /opt/conda/lib/python3.8/site-packages/airflow/example_dags/example_latest_only.py
[2021-12-15 05:06:23,009] {processor.py:620} INFO - Processing file /opt/conda/lib/python3.8/site-packages/airflow/example_dags/example_latest_only.py for tasks to queue
[2021-12-15 05:06:23,009] {logging_mixin.py:109} INFO - [2021-12-15 05:06:23,009] {dagbag.py:500} INFO - Filling up the DagBag from /opt/conda/lib/python3.8/site-packages/airflow/example_dags/example_latest_only.py
[2021-12-15 05:06:23,028] {processor.py:632} INFO - DAG(s) dict_keys(['latest_only']) retrieved from /opt/conda/lib/python3.8/site-packages/airflow/example_dags/example_latest_only.py
[2021-12-15 05:06:23,033] {logging_mixin.py:109} WARNING - /opt/conda/lib/python3.8/site-packages/airflow/models/serialized_dag.py:120 SAWarning: TypeDecorator UtcDateTime(timezone=True) will not produce a cache key because the ``cache_ok`` attribute is not set to True.  This can have significant performance implications including some performance degradations in comparison to prior SQLAlchemy versions.  Set this attribute to True if this type object's state is safe to use in a cache key, or False to disable this warning. (Background on this error at: https://sqlalche.me/e/14/cprf)
[2021-12-15 05:06:23,039] {logging_mixin.py:109} INFO - [2021-12-15 05:06:23,039] {dag.py:2389} INFO - Sync 1 DAGs
[2021-12-15 05:06:23,049] {logging_mixin.py:109} WARNING - /opt/conda/lib/python3.8/site-packages/airflow/models/dag.py:2426 SAWarning: TypeDecorator UtcDateTime(timezone=True) will not produce a cache key because the ``cache_ok`` attribute is not set to True.  This can have significant performance implications including some performance degradations in comparison to prior SQLAlchemy versions.  Set this attribute to True if this type object's state is safe to use in a cache key, or False to disable this warning. (Background on this error at: https://sqlalche.me/e/14/cprf)
[2021-12-15 05:06:23,054] {logging_mixin.py:109} INFO - [2021-12-15 05:06:23,054] {dag.py:2914} INFO - Setting next_dagrun for latest_only to 2021-12-15T01:06:23.053733+00:00
[2021-12-15 05:06:23,064] {processor.py:171} INFO - Processing /opt/conda/lib/python3.8/site-packages/airflow/example_dags/example_latest_only.py took 0.058 seconds
[2021-12-15 05:06:58,474] {processor.py:163} INFO - Started process (PID=1671) to work on /opt/conda/lib/python3.8/site-packages/airflow/example_dags/example_latest_only.py
[2021-12-15 05:06:58,475] {processor.py:620} INFO - Processing file /opt/conda/lib/python3.8/site-packages/airflow/example_dags/example_latest_only.py for tasks to queue
[2021-12-15 05:06:58,476] {logging_mixin.py:109} INFO - [2021-12-15 05:06:58,476] {dagbag.py:500} INFO - Filling up the DagBag from /opt/conda/lib/python3.8/site-packages/airflow/example_dags/example_latest_only.py
[2021-12-15 05:06:58,495] {processor.py:632} INFO - DAG(s) dict_keys(['latest_only']) retrieved from /opt/conda/lib/python3.8/site-packages/airflow/example_dags/example_latest_only.py
[2021-12-15 05:06:58,499] {logging_mixin.py:109} WARNING - /opt/conda/lib/python3.8/site-packages/airflow/models/serialized_dag.py:120 SAWarning: TypeDecorator UtcDateTime(timezone=True) will not produce a cache key because the ``cache_ok`` attribute is not set to True.  This can have significant performance implications including some performance degradations in comparison to prior SQLAlchemy versions.  Set this attribute to True if this type object's state is safe to use in a cache key, or False to disable this warning. (Background on this error at: https://sqlalche.me/e/14/cprf)
[2021-12-15 05:06:58,506] {logging_mixin.py:109} INFO - [2021-12-15 05:06:58,506] {dag.py:2389} INFO - Sync 1 DAGs
[2021-12-15 05:06:58,516] {logging_mixin.py:109} WARNING - /opt/conda/lib/python3.8/site-packages/airflow/models/dag.py:2426 SAWarning: TypeDecorator UtcDateTime(timezone=True) will not produce a cache key because the ``cache_ok`` attribute is not set to True.  This can have significant performance implications including some performance degradations in comparison to prior SQLAlchemy versions.  Set this attribute to True if this type object's state is safe to use in a cache key, or False to disable this warning. (Background on this error at: https://sqlalche.me/e/14/cprf)
[2021-12-15 05:06:58,520] {logging_mixin.py:109} INFO - [2021-12-15 05:06:58,520] {dag.py:2914} INFO - Setting next_dagrun for latest_only to 2021-12-15T01:06:58.520554+00:00
[2021-12-15 05:06:58,531] {processor.py:171} INFO - Processing /opt/conda/lib/python3.8/site-packages/airflow/example_dags/example_latest_only.py took 0.059 seconds
[2021-12-15 05:07:35,059] {processor.py:163} INFO - Started process (PID=1761) to work on /opt/conda/lib/python3.8/site-packages/airflow/example_dags/example_latest_only.py
[2021-12-15 05:07:35,060] {processor.py:620} INFO - Processing file /opt/conda/lib/python3.8/site-packages/airflow/example_dags/example_latest_only.py for tasks to queue
[2021-12-15 05:07:35,061] {logging_mixin.py:109} INFO - [2021-12-15 05:07:35,061] {dagbag.py:500} INFO - Filling up the DagBag from /opt/conda/lib/python3.8/site-packages/airflow/example_dags/example_latest_only.py
[2021-12-15 05:07:35,080] {processor.py:632} INFO - DAG(s) dict_keys(['latest_only']) retrieved from /opt/conda/lib/python3.8/site-packages/airflow/example_dags/example_latest_only.py
[2021-12-15 05:07:35,084] {logging_mixin.py:109} WARNING - /opt/conda/lib/python3.8/site-packages/airflow/models/serialized_dag.py:120 SAWarning: TypeDecorator UtcDateTime(timezone=True) will not produce a cache key because the ``cache_ok`` attribute is not set to True.  This can have significant performance implications including some performance degradations in comparison to prior SQLAlchemy versions.  Set this attribute to True if this type object's state is safe to use in a cache key, or False to disable this warning. (Background on this error at: https://sqlalche.me/e/14/cprf)
[2021-12-15 05:07:35,091] {logging_mixin.py:109} INFO - [2021-12-15 05:07:35,091] {dag.py:2389} INFO - Sync 1 DAGs
[2021-12-15 05:07:35,101] {logging_mixin.py:109} WARNING - /opt/conda/lib/python3.8/site-packages/airflow/models/dag.py:2426 SAWarning: TypeDecorator UtcDateTime(timezone=True) will not produce a cache key because the ``cache_ok`` attribute is not set to True.  This can have significant performance implications including some performance degradations in comparison to prior SQLAlchemy versions.  Set this attribute to True if this type object's state is safe to use in a cache key, or False to disable this warning. (Background on this error at: https://sqlalche.me/e/14/cprf)
[2021-12-15 05:07:35,106] {logging_mixin.py:109} INFO - [2021-12-15 05:07:35,106] {dag.py:2914} INFO - Setting next_dagrun for latest_only to 2021-12-15T01:07:35.105953+00:00
[2021-12-15 05:07:35,116] {processor.py:171} INFO - Processing /opt/conda/lib/python3.8/site-packages/airflow/example_dags/example_latest_only.py took 0.061 seconds
[2021-12-15 05:08:09,356] {processor.py:163} INFO - Started process (PID=1845) to work on /opt/conda/lib/python3.8/site-packages/airflow/example_dags/example_latest_only.py
[2021-12-15 05:08:09,357] {processor.py:620} INFO - Processing file /opt/conda/lib/python3.8/site-packages/airflow/example_dags/example_latest_only.py for tasks to queue
[2021-12-15 05:08:09,357] {logging_mixin.py:109} INFO - [2021-12-15 05:08:09,357] {dagbag.py:500} INFO - Filling up the DagBag from /opt/conda/lib/python3.8/site-packages/airflow/example_dags/example_latest_only.py
[2021-12-15 05:08:09,377] {processor.py:632} INFO - DAG(s) dict_keys(['latest_only']) retrieved from /opt/conda/lib/python3.8/site-packages/airflow/example_dags/example_latest_only.py
[2021-12-15 05:08:09,382] {logging_mixin.py:109} WARNING - /opt/conda/lib/python3.8/site-packages/airflow/models/serialized_dag.py:120 SAWarning: TypeDecorator UtcDateTime(timezone=True) will not produce a cache key because the ``cache_ok`` attribute is not set to True.  This can have significant performance implications including some performance degradations in comparison to prior SQLAlchemy versions.  Set this attribute to True if this type object's state is safe to use in a cache key, or False to disable this warning. (Background on this error at: https://sqlalche.me/e/14/cprf)
[2021-12-15 05:08:09,389] {logging_mixin.py:109} INFO - [2021-12-15 05:08:09,389] {dag.py:2389} INFO - Sync 1 DAGs
[2021-12-15 05:08:09,399] {logging_mixin.py:109} WARNING - /opt/conda/lib/python3.8/site-packages/airflow/models/dag.py:2426 SAWarning: TypeDecorator UtcDateTime(timezone=True) will not produce a cache key because the ``cache_ok`` attribute is not set to True.  This can have significant performance implications including some performance degradations in comparison to prior SQLAlchemy versions.  Set this attribute to True if this type object's state is safe to use in a cache key, or False to disable this warning. (Background on this error at: https://sqlalche.me/e/14/cprf)
[2021-12-15 05:08:09,403] {logging_mixin.py:109} INFO - [2021-12-15 05:08:09,403] {dag.py:2914} INFO - Setting next_dagrun for latest_only to 2021-12-15T01:08:09.403192+00:00
[2021-12-15 05:08:09,415] {processor.py:171} INFO - Processing /opt/conda/lib/python3.8/site-packages/airflow/example_dags/example_latest_only.py took 0.062 seconds
[2021-12-15 05:08:46,252] {processor.py:163} INFO - Started process (PID=1958) to work on /opt/conda/lib/python3.8/site-packages/airflow/example_dags/example_latest_only.py
[2021-12-15 05:08:46,253] {processor.py:620} INFO - Processing file /opt/conda/lib/python3.8/site-packages/airflow/example_dags/example_latest_only.py for tasks to queue
[2021-12-15 05:08:46,253] {logging_mixin.py:109} INFO - [2021-12-15 05:08:46,253] {dagbag.py:500} INFO - Filling up the DagBag from /opt/conda/lib/python3.8/site-packages/airflow/example_dags/example_latest_only.py
[2021-12-15 05:08:46,273] {processor.py:632} INFO - DAG(s) dict_keys(['latest_only']) retrieved from /opt/conda/lib/python3.8/site-packages/airflow/example_dags/example_latest_only.py
[2021-12-15 05:08:46,278] {logging_mixin.py:109} WARNING - /opt/conda/lib/python3.8/site-packages/airflow/models/serialized_dag.py:120 SAWarning: TypeDecorator UtcDateTime(timezone=True) will not produce a cache key because the ``cache_ok`` attribute is not set to True.  This can have significant performance implications including some performance degradations in comparison to prior SQLAlchemy versions.  Set this attribute to True if this type object's state is safe to use in a cache key, or False to disable this warning. (Background on this error at: https://sqlalche.me/e/14/cprf)
[2021-12-15 05:08:46,285] {logging_mixin.py:109} INFO - [2021-12-15 05:08:46,285] {dag.py:2389} INFO - Sync 1 DAGs
[2021-12-15 05:08:46,295] {logging_mixin.py:109} WARNING - /opt/conda/lib/python3.8/site-packages/airflow/models/dag.py:2426 SAWarning: TypeDecorator UtcDateTime(timezone=True) will not produce a cache key because the ``cache_ok`` attribute is not set to True.  This can have significant performance implications including some performance degradations in comparison to prior SQLAlchemy versions.  Set this attribute to True if this type object's state is safe to use in a cache key, or False to disable this warning. (Background on this error at: https://sqlalche.me/e/14/cprf)
[2021-12-15 05:08:46,299] {logging_mixin.py:109} INFO - [2021-12-15 05:08:46,299] {dag.py:2914} INFO - Setting next_dagrun for latest_only to 2021-12-15T01:08:46.299535+00:00
[2021-12-15 05:08:46,310] {processor.py:171} INFO - Processing /opt/conda/lib/python3.8/site-packages/airflow/example_dags/example_latest_only.py took 0.062 seconds
[2021-12-15 05:09:24,957] {processor.py:163} INFO - Started process (PID=2145) to work on /opt/conda/lib/python3.8/site-packages/airflow/example_dags/example_latest_only.py
[2021-12-15 05:09:24,958] {processor.py:620} INFO - Processing file /opt/conda/lib/python3.8/site-packages/airflow/example_dags/example_latest_only.py for tasks to queue
[2021-12-15 05:09:24,958] {logging_mixin.py:109} INFO - [2021-12-15 05:09:24,958] {dagbag.py:500} INFO - Filling up the DagBag from /opt/conda/lib/python3.8/site-packages/airflow/example_dags/example_latest_only.py
[2021-12-15 05:09:24,977] {processor.py:632} INFO - DAG(s) dict_keys(['latest_only']) retrieved from /opt/conda/lib/python3.8/site-packages/airflow/example_dags/example_latest_only.py
[2021-12-15 05:09:24,981] {logging_mixin.py:109} WARNING - /opt/conda/lib/python3.8/site-packages/airflow/models/serialized_dag.py:120 SAWarning: TypeDecorator UtcDateTime(timezone=True) will not produce a cache key because the ``cache_ok`` attribute is not set to True.  This can have significant performance implications including some performance degradations in comparison to prior SQLAlchemy versions.  Set this attribute to True if this type object's state is safe to use in a cache key, or False to disable this warning. (Background on this error at: https://sqlalche.me/e/14/cprf)
[2021-12-15 05:09:24,988] {logging_mixin.py:109} INFO - [2021-12-15 05:09:24,988] {dag.py:2389} INFO - Sync 1 DAGs
[2021-12-15 05:09:24,998] {logging_mixin.py:109} WARNING - /opt/conda/lib/python3.8/site-packages/airflow/models/dag.py:2426 SAWarning: TypeDecorator UtcDateTime(timezone=True) will not produce a cache key because the ``cache_ok`` attribute is not set to True.  This can have significant performance implications including some performance degradations in comparison to prior SQLAlchemy versions.  Set this attribute to True if this type object's state is safe to use in a cache key, or False to disable this warning. (Background on this error at: https://sqlalche.me/e/14/cprf)
[2021-12-15 05:09:25,003] {logging_mixin.py:109} INFO - [2021-12-15 05:09:25,003] {dag.py:2914} INFO - Setting next_dagrun for latest_only to 2021-12-15T01:09:25.002832+00:00
[2021-12-15 05:09:25,014] {processor.py:171} INFO - Processing /opt/conda/lib/python3.8/site-packages/airflow/example_dags/example_latest_only.py took 0.061 seconds
[2021-12-15 05:10:00,955] {processor.py:163} INFO - Started process (PID=2358) to work on /opt/conda/lib/python3.8/site-packages/airflow/example_dags/example_latest_only.py
[2021-12-15 05:10:00,956] {processor.py:620} INFO - Processing file /opt/conda/lib/python3.8/site-packages/airflow/example_dags/example_latest_only.py for tasks to queue
[2021-12-15 05:10:00,956] {logging_mixin.py:109} INFO - [2021-12-15 05:10:00,956] {dagbag.py:500} INFO - Filling up the DagBag from /opt/conda/lib/python3.8/site-packages/airflow/example_dags/example_latest_only.py
[2021-12-15 05:10:00,975] {processor.py:632} INFO - DAG(s) dict_keys(['latest_only']) retrieved from /opt/conda/lib/python3.8/site-packages/airflow/example_dags/example_latest_only.py
[2021-12-15 05:10:00,980] {logging_mixin.py:109} WARNING - /opt/conda/lib/python3.8/site-packages/airflow/models/serialized_dag.py:120 SAWarning: TypeDecorator UtcDateTime(timezone=True) will not produce a cache key because the ``cache_ok`` attribute is not set to True.  This can have significant performance implications including some performance degradations in comparison to prior SQLAlchemy versions.  Set this attribute to True if this type object's state is safe to use in a cache key, or False to disable this warning. (Background on this error at: https://sqlalche.me/e/14/cprf)
[2021-12-15 05:10:00,987] {logging_mixin.py:109} INFO - [2021-12-15 05:10:00,986] {dag.py:2389} INFO - Sync 1 DAGs
[2021-12-15 05:10:00,996] {logging_mixin.py:109} WARNING - /opt/conda/lib/python3.8/site-packages/airflow/models/dag.py:2426 SAWarning: TypeDecorator UtcDateTime(timezone=True) will not produce a cache key because the ``cache_ok`` attribute is not set to True.  This can have significant performance implications including some performance degradations in comparison to prior SQLAlchemy versions.  Set this attribute to True if this type object's state is safe to use in a cache key, or False to disable this warning. (Background on this error at: https://sqlalche.me/e/14/cprf)
[2021-12-15 05:10:01,001] {logging_mixin.py:109} INFO - [2021-12-15 05:10:01,001] {dag.py:2914} INFO - Setting next_dagrun for latest_only to 2021-12-15T01:10:01.001041+00:00
[2021-12-15 05:10:01,011] {processor.py:171} INFO - Processing /opt/conda/lib/python3.8/site-packages/airflow/example_dags/example_latest_only.py took 0.059 seconds
[2021-12-15 05:10:44,605] {processor.py:163} INFO - Started process (PID=2627) to work on /opt/conda/lib/python3.8/site-packages/airflow/example_dags/example_latest_only.py
[2021-12-15 05:10:44,606] {processor.py:620} INFO - Processing file /opt/conda/lib/python3.8/site-packages/airflow/example_dags/example_latest_only.py for tasks to queue
[2021-12-15 05:10:44,607] {logging_mixin.py:109} INFO - [2021-12-15 05:10:44,607] {dagbag.py:500} INFO - Filling up the DagBag from /opt/conda/lib/python3.8/site-packages/airflow/example_dags/example_latest_only.py
[2021-12-15 05:10:44,626] {processor.py:632} INFO - DAG(s) dict_keys(['latest_only']) retrieved from /opt/conda/lib/python3.8/site-packages/airflow/example_dags/example_latest_only.py
[2021-12-15 05:10:44,631] {logging_mixin.py:109} WARNING - /opt/conda/lib/python3.8/site-packages/airflow/models/serialized_dag.py:120 SAWarning: TypeDecorator UtcDateTime(timezone=True) will not produce a cache key because the ``cache_ok`` attribute is not set to True.  This can have significant performance implications including some performance degradations in comparison to prior SQLAlchemy versions.  Set this attribute to True if this type object's state is safe to use in a cache key, or False to disable this warning. (Background on this error at: https://sqlalche.me/e/14/cprf)
[2021-12-15 05:10:44,638] {logging_mixin.py:109} INFO - [2021-12-15 05:10:44,637] {dag.py:2389} INFO - Sync 1 DAGs
[2021-12-15 05:10:44,650] {logging_mixin.py:109} WARNING - /opt/conda/lib/python3.8/site-packages/airflow/models/dag.py:2426 SAWarning: TypeDecorator UtcDateTime(timezone=True) will not produce a cache key because the ``cache_ok`` attribute is not set to True.  This can have significant performance implications including some performance degradations in comparison to prior SQLAlchemy versions.  Set this attribute to True if this type object's state is safe to use in a cache key, or False to disable this warning. (Background on this error at: https://sqlalche.me/e/14/cprf)
[2021-12-15 05:10:44,655] {logging_mixin.py:109} INFO - [2021-12-15 05:10:44,654] {dag.py:2914} INFO - Setting next_dagrun for latest_only to 2021-12-15T01:10:44.654616+00:00
[2021-12-15 05:10:44,667] {processor.py:171} INFO - Processing /opt/conda/lib/python3.8/site-packages/airflow/example_dags/example_latest_only.py took 0.065 seconds
[2021-12-15 05:11:24,891] {processor.py:163} INFO - Started process (PID=2910) to work on /opt/conda/lib/python3.8/site-packages/airflow/example_dags/example_latest_only.py
[2021-12-15 05:11:24,892] {processor.py:620} INFO - Processing file /opt/conda/lib/python3.8/site-packages/airflow/example_dags/example_latest_only.py for tasks to queue
[2021-12-15 05:11:24,893] {logging_mixin.py:109} INFO - [2021-12-15 05:11:24,893] {dagbag.py:500} INFO - Filling up the DagBag from /opt/conda/lib/python3.8/site-packages/airflow/example_dags/example_latest_only.py
[2021-12-15 05:11:24,913] {processor.py:632} INFO - DAG(s) dict_keys(['latest_only']) retrieved from /opt/conda/lib/python3.8/site-packages/airflow/example_dags/example_latest_only.py
[2021-12-15 05:11:24,918] {logging_mixin.py:109} WARNING - /opt/conda/lib/python3.8/site-packages/airflow/models/serialized_dag.py:120 SAWarning: TypeDecorator UtcDateTime(timezone=True) will not produce a cache key because the ``cache_ok`` attribute is not set to True.  This can have significant performance implications including some performance degradations in comparison to prior SQLAlchemy versions.  Set this attribute to True if this type object's state is safe to use in a cache key, or False to disable this warning. (Background on this error at: https://sqlalche.me/e/14/cprf)
[2021-12-15 05:11:24,925] {logging_mixin.py:109} INFO - [2021-12-15 05:11:24,925] {dag.py:2389} INFO - Sync 1 DAGs
[2021-12-15 05:11:24,935] {logging_mixin.py:109} WARNING - /opt/conda/lib/python3.8/site-packages/airflow/models/dag.py:2426 SAWarning: TypeDecorator UtcDateTime(timezone=True) will not produce a cache key because the ``cache_ok`` attribute is not set to True.  This can have significant performance implications including some performance degradations in comparison to prior SQLAlchemy versions.  Set this attribute to True if this type object's state is safe to use in a cache key, or False to disable this warning. (Background on this error at: https://sqlalche.me/e/14/cprf)
[2021-12-15 05:11:24,939] {logging_mixin.py:109} INFO - [2021-12-15 05:11:24,939] {dag.py:2914} INFO - Setting next_dagrun for latest_only to 2021-12-15T01:11:24.939510+00:00
[2021-12-15 05:11:24,951] {processor.py:171} INFO - Processing /opt/conda/lib/python3.8/site-packages/airflow/example_dags/example_latest_only.py took 0.064 seconds
[2021-12-15 05:12:01,313] {processor.py:163} INFO - Started process (PID=3012) to work on /opt/conda/lib/python3.8/site-packages/airflow/example_dags/example_latest_only.py
[2021-12-15 05:12:01,314] {processor.py:620} INFO - Processing file /opt/conda/lib/python3.8/site-packages/airflow/example_dags/example_latest_only.py for tasks to queue
[2021-12-15 05:12:01,315] {logging_mixin.py:109} INFO - [2021-12-15 05:12:01,315] {dagbag.py:500} INFO - Filling up the DagBag from /opt/conda/lib/python3.8/site-packages/airflow/example_dags/example_latest_only.py
[2021-12-15 05:12:01,343] {processor.py:632} INFO - DAG(s) dict_keys(['latest_only']) retrieved from /opt/conda/lib/python3.8/site-packages/airflow/example_dags/example_latest_only.py
[2021-12-15 05:12:01,349] {logging_mixin.py:109} WARNING - /opt/conda/lib/python3.8/site-packages/airflow/models/serialized_dag.py:120 SAWarning: TypeDecorator UtcDateTime(timezone=True) will not produce a cache key because the ``cache_ok`` attribute is not set to True.  This can have significant performance implications including some performance degradations in comparison to prior SQLAlchemy versions.  Set this attribute to True if this type object's state is safe to use in a cache key, or False to disable this warning. (Background on this error at: https://sqlalche.me/e/14/cprf)
[2021-12-15 05:12:01,357] {logging_mixin.py:109} INFO - [2021-12-15 05:12:01,357] {dag.py:2389} INFO - Sync 1 DAGs
[2021-12-15 05:12:01,369] {logging_mixin.py:109} WARNING - /opt/conda/lib/python3.8/site-packages/airflow/models/dag.py:2426 SAWarning: TypeDecorator UtcDateTime(timezone=True) will not produce a cache key because the ``cache_ok`` attribute is not set to True.  This can have significant performance implications including some performance degradations in comparison to prior SQLAlchemy versions.  Set this attribute to True if this type object's state is safe to use in a cache key, or False to disable this warning. (Background on this error at: https://sqlalche.me/e/14/cprf)
[2021-12-15 05:12:01,374] {logging_mixin.py:109} INFO - [2021-12-15 05:12:01,374] {dag.py:2914} INFO - Setting next_dagrun for latest_only to 2021-12-15T01:12:01.373958+00:00
[2021-12-15 05:12:01,385] {processor.py:171} INFO - Processing /opt/conda/lib/python3.8/site-packages/airflow/example_dags/example_latest_only.py took 0.075 seconds
[2021-12-15 05:12:35,668] {processor.py:163} INFO - Started process (PID=3165) to work on /opt/conda/lib/python3.8/site-packages/airflow/example_dags/example_latest_only.py
[2021-12-15 05:12:35,670] {processor.py:620} INFO - Processing file /opt/conda/lib/python3.8/site-packages/airflow/example_dags/example_latest_only.py for tasks to queue
[2021-12-15 05:12:35,671] {logging_mixin.py:109} INFO - [2021-12-15 05:12:35,671] {dagbag.py:500} INFO - Filling up the DagBag from /opt/conda/lib/python3.8/site-packages/airflow/example_dags/example_latest_only.py
[2021-12-15 05:12:35,690] {processor.py:632} INFO - DAG(s) dict_keys(['latest_only']) retrieved from /opt/conda/lib/python3.8/site-packages/airflow/example_dags/example_latest_only.py
[2021-12-15 05:12:35,695] {logging_mixin.py:109} WARNING - /opt/conda/lib/python3.8/site-packages/airflow/models/serialized_dag.py:120 SAWarning: TypeDecorator UtcDateTime(timezone=True) will not produce a cache key because the ``cache_ok`` attribute is not set to True.  This can have significant performance implications including some performance degradations in comparison to prior SQLAlchemy versions.  Set this attribute to True if this type object's state is safe to use in a cache key, or False to disable this warning. (Background on this error at: https://sqlalche.me/e/14/cprf)
[2021-12-15 05:12:35,702] {logging_mixin.py:109} INFO - [2021-12-15 05:12:35,702] {dag.py:2389} INFO - Sync 1 DAGs
[2021-12-15 05:12:35,713] {logging_mixin.py:109} WARNING - /opt/conda/lib/python3.8/site-packages/airflow/models/dag.py:2426 SAWarning: TypeDecorator UtcDateTime(timezone=True) will not produce a cache key because the ``cache_ok`` attribute is not set to True.  This can have significant performance implications including some performance degradations in comparison to prior SQLAlchemy versions.  Set this attribute to True if this type object's state is safe to use in a cache key, or False to disable this warning. (Background on this error at: https://sqlalche.me/e/14/cprf)
[2021-12-15 05:12:35,717] {logging_mixin.py:109} INFO - [2021-12-15 05:12:35,717] {dag.py:2914} INFO - Setting next_dagrun for latest_only to 2021-12-15T01:12:35.717284+00:00
[2021-12-15 05:12:35,728] {processor.py:171} INFO - Processing /opt/conda/lib/python3.8/site-packages/airflow/example_dags/example_latest_only.py took 0.062 seconds
[2021-12-15 05:13:11,987] {processor.py:163} INFO - Started process (PID=3301) to work on /opt/conda/lib/python3.8/site-packages/airflow/example_dags/example_latest_only.py
[2021-12-15 05:13:11,988] {processor.py:620} INFO - Processing file /opt/conda/lib/python3.8/site-packages/airflow/example_dags/example_latest_only.py for tasks to queue
[2021-12-15 05:13:11,989] {logging_mixin.py:109} INFO - [2021-12-15 05:13:11,989] {dagbag.py:500} INFO - Filling up the DagBag from /opt/conda/lib/python3.8/site-packages/airflow/example_dags/example_latest_only.py
[2021-12-15 05:13:12,008] {processor.py:632} INFO - DAG(s) dict_keys(['latest_only']) retrieved from /opt/conda/lib/python3.8/site-packages/airflow/example_dags/example_latest_only.py
[2021-12-15 05:13:12,012] {logging_mixin.py:109} WARNING - /opt/conda/lib/python3.8/site-packages/airflow/models/serialized_dag.py:120 SAWarning: TypeDecorator UtcDateTime(timezone=True) will not produce a cache key because the ``cache_ok`` attribute is not set to True.  This can have significant performance implications including some performance degradations in comparison to prior SQLAlchemy versions.  Set this attribute to True if this type object's state is safe to use in a cache key, or False to disable this warning. (Background on this error at: https://sqlalche.me/e/14/cprf)
[2021-12-15 05:13:12,019] {logging_mixin.py:109} INFO - [2021-12-15 05:13:12,019] {dag.py:2389} INFO - Sync 1 DAGs
[2021-12-15 05:13:12,029] {logging_mixin.py:109} WARNING - /opt/conda/lib/python3.8/site-packages/airflow/models/dag.py:2426 SAWarning: TypeDecorator UtcDateTime(timezone=True) will not produce a cache key because the ``cache_ok`` attribute is not set to True.  This can have significant performance implications including some performance degradations in comparison to prior SQLAlchemy versions.  Set this attribute to True if this type object's state is safe to use in a cache key, or False to disable this warning. (Background on this error at: https://sqlalche.me/e/14/cprf)
[2021-12-15 05:13:12,033] {logging_mixin.py:109} INFO - [2021-12-15 05:13:12,033] {dag.py:2914} INFO - Setting next_dagrun for latest_only to 2021-12-15T01:13:12.033567+00:00
[2021-12-15 05:13:12,044] {processor.py:171} INFO - Processing /opt/conda/lib/python3.8/site-packages/airflow/example_dags/example_latest_only.py took 0.060 seconds
[2021-12-15 05:13:50,096] {processor.py:163} INFO - Started process (PID=3450) to work on /opt/conda/lib/python3.8/site-packages/airflow/example_dags/example_latest_only.py
[2021-12-15 05:13:50,097] {processor.py:620} INFO - Processing file /opt/conda/lib/python3.8/site-packages/airflow/example_dags/example_latest_only.py for tasks to queue
[2021-12-15 05:13:50,098] {logging_mixin.py:109} INFO - [2021-12-15 05:13:50,098] {dagbag.py:500} INFO - Filling up the DagBag from /opt/conda/lib/python3.8/site-packages/airflow/example_dags/example_latest_only.py
[2021-12-15 05:13:50,117] {processor.py:632} INFO - DAG(s) dict_keys(['latest_only']) retrieved from /opt/conda/lib/python3.8/site-packages/airflow/example_dags/example_latest_only.py
[2021-12-15 05:13:50,122] {logging_mixin.py:109} WARNING - /opt/conda/lib/python3.8/site-packages/airflow/models/serialized_dag.py:120 SAWarning: TypeDecorator UtcDateTime(timezone=True) will not produce a cache key because the ``cache_ok`` attribute is not set to True.  This can have significant performance implications including some performance degradations in comparison to prior SQLAlchemy versions.  Set this attribute to True if this type object's state is safe to use in a cache key, or False to disable this warning. (Background on this error at: https://sqlalche.me/e/14/cprf)
[2021-12-15 05:13:50,129] {logging_mixin.py:109} INFO - [2021-12-15 05:13:50,128] {dag.py:2389} INFO - Sync 1 DAGs
[2021-12-15 05:13:50,139] {logging_mixin.py:109} WARNING - /opt/conda/lib/python3.8/site-packages/airflow/models/dag.py:2426 SAWarning: TypeDecorator UtcDateTime(timezone=True) will not produce a cache key because the ``cache_ok`` attribute is not set to True.  This can have significant performance implications including some performance degradations in comparison to prior SQLAlchemy versions.  Set this attribute to True if this type object's state is safe to use in a cache key, or False to disable this warning. (Background on this error at: https://sqlalche.me/e/14/cprf)
[2021-12-15 05:13:50,143] {logging_mixin.py:109} INFO - [2021-12-15 05:13:50,143] {dag.py:2914} INFO - Setting next_dagrun for latest_only to 2021-12-15T01:13:50.143553+00:00
[2021-12-15 05:13:50,155] {processor.py:171} INFO - Processing /opt/conda/lib/python3.8/site-packages/airflow/example_dags/example_latest_only.py took 0.062 seconds
[2021-12-15 05:14:28,701] {processor.py:163} INFO - Started process (PID=3666) to work on /opt/conda/lib/python3.8/site-packages/airflow/example_dags/example_latest_only.py
[2021-12-15 05:14:28,702] {processor.py:620} INFO - Processing file /opt/conda/lib/python3.8/site-packages/airflow/example_dags/example_latest_only.py for tasks to queue
[2021-12-15 05:14:28,702] {logging_mixin.py:109} INFO - [2021-12-15 05:14:28,702] {dagbag.py:500} INFO - Filling up the DagBag from /opt/conda/lib/python3.8/site-packages/airflow/example_dags/example_latest_only.py
[2021-12-15 05:14:28,721] {processor.py:632} INFO - DAG(s) dict_keys(['latest_only']) retrieved from /opt/conda/lib/python3.8/site-packages/airflow/example_dags/example_latest_only.py
[2021-12-15 05:14:28,727] {logging_mixin.py:109} WARNING - /opt/conda/lib/python3.8/site-packages/airflow/models/serialized_dag.py:120 SAWarning: TypeDecorator UtcDateTime(timezone=True) will not produce a cache key because the ``cache_ok`` attribute is not set to True.  This can have significant performance implications including some performance degradations in comparison to prior SQLAlchemy versions.  Set this attribute to True if this type object's state is safe to use in a cache key, or False to disable this warning. (Background on this error at: https://sqlalche.me/e/14/cprf)
[2021-12-15 05:14:28,734] {logging_mixin.py:109} INFO - [2021-12-15 05:14:28,734] {dag.py:2389} INFO - Sync 1 DAGs
[2021-12-15 05:14:28,744] {logging_mixin.py:109} WARNING - /opt/conda/lib/python3.8/site-packages/airflow/models/dag.py:2426 SAWarning: TypeDecorator UtcDateTime(timezone=True) will not produce a cache key because the ``cache_ok`` attribute is not set to True.  This can have significant performance implications including some performance degradations in comparison to prior SQLAlchemy versions.  Set this attribute to True if this type object's state is safe to use in a cache key, or False to disable this warning. (Background on this error at: https://sqlalche.me/e/14/cprf)
[2021-12-15 05:14:28,748] {logging_mixin.py:109} INFO - [2021-12-15 05:14:28,748] {dag.py:2914} INFO - Setting next_dagrun for latest_only to 2021-12-15T01:14:28.748484+00:00
[2021-12-15 05:14:28,759] {processor.py:171} INFO - Processing /opt/conda/lib/python3.8/site-packages/airflow/example_dags/example_latest_only.py took 0.061 seconds
