[2021-12-15 04:57:45,851] {processor.py:163} INFO - Started process (PID=63810) to work on /opt/conda/lib/python3.8/site-packages/airflow/example_dags/example_subdag_operator.py
[2021-12-15 04:57:45,851] {processor.py:620} INFO - Processing file /opt/conda/lib/python3.8/site-packages/airflow/example_dags/example_subdag_operator.py for tasks to queue
[2021-12-15 04:57:45,851] {logging_mixin.py:109} INFO - [2021-12-15 04:57:45,851] {dagbag.py:500} INFO - Filling up the DagBag from /opt/conda/lib/python3.8/site-packages/airflow/example_dags/example_subdag_operator.py
[2021-12-15 04:57:45,878] {processor.py:632} INFO - DAG(s) dict_keys(['example_subdag_operator.section-1', 'example_subdag_operator.section-2', 'example_subdag_operator']) retrieved from /opt/conda/lib/python3.8/site-packages/airflow/example_dags/example_subdag_operator.py
[2021-12-15 04:57:45,882] {logging_mixin.py:109} WARNING - /opt/conda/lib/python3.8/site-packages/airflow/models/serialized_dag.py:120 SAWarning: TypeDecorator UtcDateTime(timezone=True) will not produce a cache key because the ``cache_ok`` attribute is not set to True.  This can have significant performance implications including some performance degradations in comparison to prior SQLAlchemy versions.  Set this attribute to True if this type object's state is safe to use in a cache key, or False to disable this warning. (Background on this error at: https://sqlalche.me/e/14/cprf)
[2021-12-15 04:57:45,890] {logging_mixin.py:109} INFO - [2021-12-15 04:57:45,890] {dag.py:2389} INFO - Sync 3 DAGs
[2021-12-15 04:57:45,900] {logging_mixin.py:109} WARNING - /opt/conda/lib/python3.8/site-packages/airflow/models/dag.py:2426 SAWarning: TypeDecorator UtcDateTime(timezone=True) will not produce a cache key because the ``cache_ok`` attribute is not set to True.  This can have significant performance implications including some performance degradations in comparison to prior SQLAlchemy versions.  Set this attribute to True if this type object's state is safe to use in a cache key, or False to disable this warning. (Background on this error at: https://sqlalche.me/e/14/cprf)
[2021-12-15 04:57:45,905] {logging_mixin.py:109} INFO - [2021-12-15 04:57:45,905] {dag.py:2914} INFO - Setting next_dagrun for example_subdag_operator to 2021-12-13T00:00:00+00:00
[2021-12-15 04:57:45,905] {logging_mixin.py:109} INFO - [2021-12-15 04:57:45,905] {dag.py:2914} INFO - Setting next_dagrun for example_subdag_operator.section-1 to None
[2021-12-15 04:57:45,905] {logging_mixin.py:109} INFO - [2021-12-15 04:57:45,905] {dag.py:2914} INFO - Setting next_dagrun for example_subdag_operator.section-2 to None
[2021-12-15 04:57:45,910] {logging_mixin.py:109} INFO - [2021-12-15 04:57:45,910] {dag.py:2389} INFO - Sync 2 DAGs
[2021-12-15 04:57:45,914] {logging_mixin.py:109} INFO - [2021-12-15 04:57:45,914] {dag.py:2914} INFO - Setting next_dagrun for example_subdag_operator.section-1 to None
[2021-12-15 04:57:45,914] {logging_mixin.py:109} INFO - [2021-12-15 04:57:45,914] {dag.py:2914} INFO - Setting next_dagrun for example_subdag_operator.section-2 to None
[2021-12-15 04:57:45,922] {processor.py:171} INFO - Processing /opt/conda/lib/python3.8/site-packages/airflow/example_dags/example_subdag_operator.py took 0.075 seconds
[2021-12-15 04:58:20,876] {processor.py:163} INFO - Started process (PID=64158) to work on /opt/conda/lib/python3.8/site-packages/airflow/example_dags/example_subdag_operator.py
[2021-12-15 04:58:20,877] {processor.py:620} INFO - Processing file /opt/conda/lib/python3.8/site-packages/airflow/example_dags/example_subdag_operator.py for tasks to queue
[2021-12-15 04:58:20,878] {logging_mixin.py:109} INFO - [2021-12-15 04:58:20,878] {dagbag.py:500} INFO - Filling up the DagBag from /opt/conda/lib/python3.8/site-packages/airflow/example_dags/example_subdag_operator.py
[2021-12-15 04:58:20,904] {processor.py:632} INFO - DAG(s) dict_keys(['example_subdag_operator.section-1', 'example_subdag_operator.section-2', 'example_subdag_operator']) retrieved from /opt/conda/lib/python3.8/site-packages/airflow/example_dags/example_subdag_operator.py
[2021-12-15 04:58:20,908] {logging_mixin.py:109} WARNING - /opt/conda/lib/python3.8/site-packages/airflow/models/serialized_dag.py:120 SAWarning: TypeDecorator UtcDateTime(timezone=True) will not produce a cache key because the ``cache_ok`` attribute is not set to True.  This can have significant performance implications including some performance degradations in comparison to prior SQLAlchemy versions.  Set this attribute to True if this type object's state is safe to use in a cache key, or False to disable this warning. (Background on this error at: https://sqlalche.me/e/14/cprf)
[2021-12-15 04:58:20,916] {logging_mixin.py:109} INFO - [2021-12-15 04:58:20,916] {dag.py:2389} INFO - Sync 3 DAGs
[2021-12-15 04:58:20,926] {logging_mixin.py:109} WARNING - /opt/conda/lib/python3.8/site-packages/airflow/models/dag.py:2426 SAWarning: TypeDecorator UtcDateTime(timezone=True) will not produce a cache key because the ``cache_ok`` attribute is not set to True.  This can have significant performance implications including some performance degradations in comparison to prior SQLAlchemy versions.  Set this attribute to True if this type object's state is safe to use in a cache key, or False to disable this warning. (Background on this error at: https://sqlalche.me/e/14/cprf)
[2021-12-15 04:58:20,930] {logging_mixin.py:109} INFO - [2021-12-15 04:58:20,930] {dag.py:2914} INFO - Setting next_dagrun for example_subdag_operator to 2021-12-13T00:00:00+00:00
[2021-12-15 04:58:20,930] {logging_mixin.py:109} INFO - [2021-12-15 04:58:20,930] {dag.py:2914} INFO - Setting next_dagrun for example_subdag_operator.section-1 to None
[2021-12-15 04:58:20,931] {logging_mixin.py:109} INFO - [2021-12-15 04:58:20,931] {dag.py:2914} INFO - Setting next_dagrun for example_subdag_operator.section-2 to None
[2021-12-15 04:58:20,935] {logging_mixin.py:109} INFO - [2021-12-15 04:58:20,935] {dag.py:2389} INFO - Sync 2 DAGs
[2021-12-15 04:58:20,939] {logging_mixin.py:109} INFO - [2021-12-15 04:58:20,939] {dag.py:2914} INFO - Setting next_dagrun for example_subdag_operator.section-1 to None
[2021-12-15 04:58:20,940] {logging_mixin.py:109} INFO - [2021-12-15 04:58:20,940] {dag.py:2914} INFO - Setting next_dagrun for example_subdag_operator.section-2 to None
[2021-12-15 04:58:20,949] {processor.py:171} INFO - Processing /opt/conda/lib/python3.8/site-packages/airflow/example_dags/example_subdag_operator.py took 0.075 seconds
[2021-12-15 04:58:53,670] {processor.py:163} INFO - Started process (PID=64337) to work on /opt/conda/lib/python3.8/site-packages/airflow/example_dags/example_subdag_operator.py
[2021-12-15 04:58:53,671] {processor.py:620} INFO - Processing file /opt/conda/lib/python3.8/site-packages/airflow/example_dags/example_subdag_operator.py for tasks to queue
[2021-12-15 04:58:53,672] {logging_mixin.py:109} INFO - [2021-12-15 04:58:53,672] {dagbag.py:500} INFO - Filling up the DagBag from /opt/conda/lib/python3.8/site-packages/airflow/example_dags/example_subdag_operator.py
[2021-12-15 04:58:53,698] {processor.py:632} INFO - DAG(s) dict_keys(['example_subdag_operator.section-1', 'example_subdag_operator.section-2', 'example_subdag_operator']) retrieved from /opt/conda/lib/python3.8/site-packages/airflow/example_dags/example_subdag_operator.py
[2021-12-15 04:58:53,703] {logging_mixin.py:109} WARNING - /opt/conda/lib/python3.8/site-packages/airflow/models/serialized_dag.py:120 SAWarning: TypeDecorator UtcDateTime(timezone=True) will not produce a cache key because the ``cache_ok`` attribute is not set to True.  This can have significant performance implications including some performance degradations in comparison to prior SQLAlchemy versions.  Set this attribute to True if this type object's state is safe to use in a cache key, or False to disable this warning. (Background on this error at: https://sqlalche.me/e/14/cprf)
[2021-12-15 04:58:53,711] {logging_mixin.py:109} INFO - [2021-12-15 04:58:53,711] {dag.py:2389} INFO - Sync 3 DAGs
[2021-12-15 04:58:53,720] {logging_mixin.py:109} WARNING - /opt/conda/lib/python3.8/site-packages/airflow/models/dag.py:2426 SAWarning: TypeDecorator UtcDateTime(timezone=True) will not produce a cache key because the ``cache_ok`` attribute is not set to True.  This can have significant performance implications including some performance degradations in comparison to prior SQLAlchemy versions.  Set this attribute to True if this type object's state is safe to use in a cache key, or False to disable this warning. (Background on this error at: https://sqlalche.me/e/14/cprf)
[2021-12-15 04:58:53,725] {logging_mixin.py:109} INFO - [2021-12-15 04:58:53,725] {dag.py:2914} INFO - Setting next_dagrun for example_subdag_operator to 2021-12-13T00:00:00+00:00
[2021-12-15 04:58:53,725] {logging_mixin.py:109} INFO - [2021-12-15 04:58:53,725] {dag.py:2914} INFO - Setting next_dagrun for example_subdag_operator.section-1 to None
[2021-12-15 04:58:53,725] {logging_mixin.py:109} INFO - [2021-12-15 04:58:53,725] {dag.py:2914} INFO - Setting next_dagrun for example_subdag_operator.section-2 to None
[2021-12-15 04:58:53,730] {logging_mixin.py:109} INFO - [2021-12-15 04:58:53,730] {dag.py:2389} INFO - Sync 2 DAGs
[2021-12-15 04:58:53,734] {logging_mixin.py:109} INFO - [2021-12-15 04:58:53,734] {dag.py:2914} INFO - Setting next_dagrun for example_subdag_operator.section-1 to None
[2021-12-15 04:58:53,734] {logging_mixin.py:109} INFO - [2021-12-15 04:58:53,734] {dag.py:2914} INFO - Setting next_dagrun for example_subdag_operator.section-2 to None
[2021-12-15 04:58:53,743] {processor.py:171} INFO - Processing /opt/conda/lib/python3.8/site-packages/airflow/example_dags/example_subdag_operator.py took 0.075 seconds
[2021-12-15 05:04:16,474] {processor.py:163} INFO - Started process (PID=836) to work on /opt/conda/lib/python3.8/site-packages/airflow/example_dags/example_subdag_operator.py
[2021-12-15 05:04:16,475] {processor.py:620} INFO - Processing file /opt/conda/lib/python3.8/site-packages/airflow/example_dags/example_subdag_operator.py for tasks to queue
[2021-12-15 05:04:16,476] {logging_mixin.py:109} INFO - [2021-12-15 05:04:16,476] {dagbag.py:500} INFO - Filling up the DagBag from /opt/conda/lib/python3.8/site-packages/airflow/example_dags/example_subdag_operator.py
[2021-12-15 05:04:16,503] {processor.py:632} INFO - DAG(s) dict_keys(['example_subdag_operator.section-1', 'example_subdag_operator.section-2', 'example_subdag_operator']) retrieved from /opt/conda/lib/python3.8/site-packages/airflow/example_dags/example_subdag_operator.py
[2021-12-15 05:04:16,507] {logging_mixin.py:109} WARNING - /opt/conda/lib/python3.8/site-packages/airflow/models/serialized_dag.py:120 SAWarning: TypeDecorator UtcDateTime(timezone=True) will not produce a cache key because the ``cache_ok`` attribute is not set to True.  This can have significant performance implications including some performance degradations in comparison to prior SQLAlchemy versions.  Set this attribute to True if this type object's state is safe to use in a cache key, or False to disable this warning. (Background on this error at: https://sqlalche.me/e/14/cprf)
[2021-12-15 05:04:16,515] {logging_mixin.py:109} INFO - [2021-12-15 05:04:16,515] {dag.py:2389} INFO - Sync 3 DAGs
[2021-12-15 05:04:16,525] {logging_mixin.py:109} WARNING - /opt/conda/lib/python3.8/site-packages/airflow/models/dag.py:2426 SAWarning: TypeDecorator UtcDateTime(timezone=True) will not produce a cache key because the ``cache_ok`` attribute is not set to True.  This can have significant performance implications including some performance degradations in comparison to prior SQLAlchemy versions.  Set this attribute to True if this type object's state is safe to use in a cache key, or False to disable this warning. (Background on this error at: https://sqlalche.me/e/14/cprf)
[2021-12-15 05:04:16,530] {logging_mixin.py:109} INFO - [2021-12-15 05:04:16,530] {dag.py:2914} INFO - Setting next_dagrun for example_subdag_operator to 2021-12-13T00:00:00+00:00
[2021-12-15 05:04:16,530] {logging_mixin.py:109} INFO - [2021-12-15 05:04:16,530] {dag.py:2914} INFO - Setting next_dagrun for example_subdag_operator.section-1 to None
[2021-12-15 05:04:16,530] {logging_mixin.py:109} INFO - [2021-12-15 05:04:16,530] {dag.py:2914} INFO - Setting next_dagrun for example_subdag_operator.section-2 to None
[2021-12-15 05:04:16,535] {logging_mixin.py:109} INFO - [2021-12-15 05:04:16,535] {dag.py:2389} INFO - Sync 2 DAGs
[2021-12-15 05:04:16,539] {logging_mixin.py:109} INFO - [2021-12-15 05:04:16,539] {dag.py:2914} INFO - Setting next_dagrun for example_subdag_operator.section-1 to None
[2021-12-15 05:04:16,539] {logging_mixin.py:109} INFO - [2021-12-15 05:04:16,539] {dag.py:2914} INFO - Setting next_dagrun for example_subdag_operator.section-2 to None
[2021-12-15 05:04:16,547] {processor.py:171} INFO - Processing /opt/conda/lib/python3.8/site-packages/airflow/example_dags/example_subdag_operator.py took 0.075 seconds
[2021-12-15 05:04:51,500] {processor.py:163} INFO - Started process (PID=1040) to work on /opt/conda/lib/python3.8/site-packages/airflow/example_dags/example_subdag_operator.py
[2021-12-15 05:04:51,501] {processor.py:620} INFO - Processing file /opt/conda/lib/python3.8/site-packages/airflow/example_dags/example_subdag_operator.py for tasks to queue
[2021-12-15 05:04:51,501] {logging_mixin.py:109} INFO - [2021-12-15 05:04:51,501] {dagbag.py:500} INFO - Filling up the DagBag from /opt/conda/lib/python3.8/site-packages/airflow/example_dags/example_subdag_operator.py
[2021-12-15 05:04:51,528] {processor.py:632} INFO - DAG(s) dict_keys(['example_subdag_operator.section-1', 'example_subdag_operator.section-2', 'example_subdag_operator']) retrieved from /opt/conda/lib/python3.8/site-packages/airflow/example_dags/example_subdag_operator.py
[2021-12-15 05:04:51,532] {logging_mixin.py:109} WARNING - /opt/conda/lib/python3.8/site-packages/airflow/models/serialized_dag.py:120 SAWarning: TypeDecorator UtcDateTime(timezone=True) will not produce a cache key because the ``cache_ok`` attribute is not set to True.  This can have significant performance implications including some performance degradations in comparison to prior SQLAlchemy versions.  Set this attribute to True if this type object's state is safe to use in a cache key, or False to disable this warning. (Background on this error at: https://sqlalche.me/e/14/cprf)
[2021-12-15 05:04:51,540] {logging_mixin.py:109} INFO - [2021-12-15 05:04:51,540] {dag.py:2389} INFO - Sync 3 DAGs
[2021-12-15 05:04:51,550] {logging_mixin.py:109} WARNING - /opt/conda/lib/python3.8/site-packages/airflow/models/dag.py:2426 SAWarning: TypeDecorator UtcDateTime(timezone=True) will not produce a cache key because the ``cache_ok`` attribute is not set to True.  This can have significant performance implications including some performance degradations in comparison to prior SQLAlchemy versions.  Set this attribute to True if this type object's state is safe to use in a cache key, or False to disable this warning. (Background on this error at: https://sqlalche.me/e/14/cprf)
[2021-12-15 05:04:51,554] {logging_mixin.py:109} INFO - [2021-12-15 05:04:51,554] {dag.py:2914} INFO - Setting next_dagrun for example_subdag_operator to 2021-12-13T00:00:00+00:00
[2021-12-15 05:04:51,554] {logging_mixin.py:109} INFO - [2021-12-15 05:04:51,554] {dag.py:2914} INFO - Setting next_dagrun for example_subdag_operator.section-1 to None
[2021-12-15 05:04:51,555] {logging_mixin.py:109} INFO - [2021-12-15 05:04:51,554] {dag.py:2914} INFO - Setting next_dagrun for example_subdag_operator.section-2 to None
[2021-12-15 05:04:51,559] {logging_mixin.py:109} INFO - [2021-12-15 05:04:51,559] {dag.py:2389} INFO - Sync 2 DAGs
[2021-12-15 05:04:51,563] {logging_mixin.py:109} INFO - [2021-12-15 05:04:51,563] {dag.py:2914} INFO - Setting next_dagrun for example_subdag_operator.section-1 to None
[2021-12-15 05:04:51,563] {logging_mixin.py:109} INFO - [2021-12-15 05:04:51,563] {dag.py:2914} INFO - Setting next_dagrun for example_subdag_operator.section-2 to None
[2021-12-15 05:04:51,570] {processor.py:171} INFO - Processing /opt/conda/lib/python3.8/site-packages/airflow/example_dags/example_subdag_operator.py took 0.074 seconds
[2021-12-15 05:05:25,876] {processor.py:163} INFO - Started process (PID=1301) to work on /opt/conda/lib/python3.8/site-packages/airflow/example_dags/example_subdag_operator.py
[2021-12-15 05:05:25,877] {processor.py:620} INFO - Processing file /opt/conda/lib/python3.8/site-packages/airflow/example_dags/example_subdag_operator.py for tasks to queue
[2021-12-15 05:05:25,877] {logging_mixin.py:109} INFO - [2021-12-15 05:05:25,877] {dagbag.py:500} INFO - Filling up the DagBag from /opt/conda/lib/python3.8/site-packages/airflow/example_dags/example_subdag_operator.py
[2021-12-15 05:05:25,905] {processor.py:632} INFO - DAG(s) dict_keys(['example_subdag_operator.section-1', 'example_subdag_operator.section-2', 'example_subdag_operator']) retrieved from /opt/conda/lib/python3.8/site-packages/airflow/example_dags/example_subdag_operator.py
[2021-12-15 05:05:25,909] {logging_mixin.py:109} WARNING - /opt/conda/lib/python3.8/site-packages/airflow/models/serialized_dag.py:120 SAWarning: TypeDecorator UtcDateTime(timezone=True) will not produce a cache key because the ``cache_ok`` attribute is not set to True.  This can have significant performance implications including some performance degradations in comparison to prior SQLAlchemy versions.  Set this attribute to True if this type object's state is safe to use in a cache key, or False to disable this warning. (Background on this error at: https://sqlalche.me/e/14/cprf)
[2021-12-15 05:05:25,918] {logging_mixin.py:109} INFO - [2021-12-15 05:05:25,918] {dag.py:2389} INFO - Sync 3 DAGs
[2021-12-15 05:05:25,928] {logging_mixin.py:109} WARNING - /opt/conda/lib/python3.8/site-packages/airflow/models/dag.py:2426 SAWarning: TypeDecorator UtcDateTime(timezone=True) will not produce a cache key because the ``cache_ok`` attribute is not set to True.  This can have significant performance implications including some performance degradations in comparison to prior SQLAlchemy versions.  Set this attribute to True if this type object's state is safe to use in a cache key, or False to disable this warning. (Background on this error at: https://sqlalche.me/e/14/cprf)
[2021-12-15 05:05:25,934] {logging_mixin.py:109} INFO - [2021-12-15 05:05:25,934] {dag.py:2914} INFO - Setting next_dagrun for example_subdag_operator to 2021-12-13T00:00:00+00:00
[2021-12-15 05:05:25,934] {logging_mixin.py:109} INFO - [2021-12-15 05:05:25,934] {dag.py:2914} INFO - Setting next_dagrun for example_subdag_operator.section-1 to None
[2021-12-15 05:05:25,934] {logging_mixin.py:109} INFO - [2021-12-15 05:05:25,934] {dag.py:2914} INFO - Setting next_dagrun for example_subdag_operator.section-2 to None
[2021-12-15 05:05:25,939] {logging_mixin.py:109} INFO - [2021-12-15 05:05:25,939] {dag.py:2389} INFO - Sync 2 DAGs
[2021-12-15 05:05:25,944] {logging_mixin.py:109} INFO - [2021-12-15 05:05:25,944] {dag.py:2914} INFO - Setting next_dagrun for example_subdag_operator.section-1 to None
[2021-12-15 05:05:25,944] {logging_mixin.py:109} INFO - [2021-12-15 05:05:25,944] {dag.py:2914} INFO - Setting next_dagrun for example_subdag_operator.section-2 to None
[2021-12-15 05:05:25,952] {processor.py:171} INFO - Processing /opt/conda/lib/python3.8/site-packages/airflow/example_dags/example_subdag_operator.py took 0.080 seconds
[2021-12-15 05:05:59,288] {processor.py:163} INFO - Started process (PID=1442) to work on /opt/conda/lib/python3.8/site-packages/airflow/example_dags/example_subdag_operator.py
[2021-12-15 05:05:59,289] {processor.py:620} INFO - Processing file /opt/conda/lib/python3.8/site-packages/airflow/example_dags/example_subdag_operator.py for tasks to queue
[2021-12-15 05:05:59,289] {logging_mixin.py:109} INFO - [2021-12-15 05:05:59,289] {dagbag.py:500} INFO - Filling up the DagBag from /opt/conda/lib/python3.8/site-packages/airflow/example_dags/example_subdag_operator.py
[2021-12-15 05:05:59,315] {processor.py:632} INFO - DAG(s) dict_keys(['example_subdag_operator.section-1', 'example_subdag_operator.section-2', 'example_subdag_operator']) retrieved from /opt/conda/lib/python3.8/site-packages/airflow/example_dags/example_subdag_operator.py
[2021-12-15 05:05:59,319] {logging_mixin.py:109} WARNING - /opt/conda/lib/python3.8/site-packages/airflow/models/serialized_dag.py:120 SAWarning: TypeDecorator UtcDateTime(timezone=True) will not produce a cache key because the ``cache_ok`` attribute is not set to True.  This can have significant performance implications including some performance degradations in comparison to prior SQLAlchemy versions.  Set this attribute to True if this type object's state is safe to use in a cache key, or False to disable this warning. (Background on this error at: https://sqlalche.me/e/14/cprf)
[2021-12-15 05:05:59,327] {logging_mixin.py:109} INFO - [2021-12-15 05:05:59,327] {dag.py:2389} INFO - Sync 3 DAGs
[2021-12-15 05:05:59,336] {logging_mixin.py:109} WARNING - /opt/conda/lib/python3.8/site-packages/airflow/models/dag.py:2426 SAWarning: TypeDecorator UtcDateTime(timezone=True) will not produce a cache key because the ``cache_ok`` attribute is not set to True.  This can have significant performance implications including some performance degradations in comparison to prior SQLAlchemy versions.  Set this attribute to True if this type object's state is safe to use in a cache key, or False to disable this warning. (Background on this error at: https://sqlalche.me/e/14/cprf)
[2021-12-15 05:05:59,340] {logging_mixin.py:109} INFO - [2021-12-15 05:05:59,340] {dag.py:2914} INFO - Setting next_dagrun for example_subdag_operator to 2021-12-13T00:00:00+00:00
[2021-12-15 05:05:59,341] {logging_mixin.py:109} INFO - [2021-12-15 05:05:59,341] {dag.py:2914} INFO - Setting next_dagrun for example_subdag_operator.section-1 to None
[2021-12-15 05:05:59,341] {logging_mixin.py:109} INFO - [2021-12-15 05:05:59,341] {dag.py:2914} INFO - Setting next_dagrun for example_subdag_operator.section-2 to None
[2021-12-15 05:05:59,345] {logging_mixin.py:109} INFO - [2021-12-15 05:05:59,345] {dag.py:2389} INFO - Sync 2 DAGs
[2021-12-15 05:05:59,349] {logging_mixin.py:109} INFO - [2021-12-15 05:05:59,349] {dag.py:2914} INFO - Setting next_dagrun for example_subdag_operator.section-1 to None
[2021-12-15 05:05:59,349] {logging_mixin.py:109} INFO - [2021-12-15 05:05:59,349] {dag.py:2914} INFO - Setting next_dagrun for example_subdag_operator.section-2 to None
[2021-12-15 05:05:59,356] {processor.py:171} INFO - Processing /opt/conda/lib/python3.8/site-packages/airflow/example_dags/example_subdag_operator.py took 0.072 seconds
[2021-12-15 05:06:31,023] {processor.py:163} INFO - Started process (PID=1571) to work on /opt/conda/lib/python3.8/site-packages/airflow/example_dags/example_subdag_operator.py
[2021-12-15 05:06:31,023] {processor.py:620} INFO - Processing file /opt/conda/lib/python3.8/site-packages/airflow/example_dags/example_subdag_operator.py for tasks to queue
[2021-12-15 05:06:31,024] {logging_mixin.py:109} INFO - [2021-12-15 05:06:31,023] {dagbag.py:500} INFO - Filling up the DagBag from /opt/conda/lib/python3.8/site-packages/airflow/example_dags/example_subdag_operator.py
[2021-12-15 05:06:31,050] {processor.py:632} INFO - DAG(s) dict_keys(['example_subdag_operator.section-1', 'example_subdag_operator.section-2', 'example_subdag_operator']) retrieved from /opt/conda/lib/python3.8/site-packages/airflow/example_dags/example_subdag_operator.py
[2021-12-15 05:06:31,054] {logging_mixin.py:109} WARNING - /opt/conda/lib/python3.8/site-packages/airflow/models/serialized_dag.py:120 SAWarning: TypeDecorator UtcDateTime(timezone=True) will not produce a cache key because the ``cache_ok`` attribute is not set to True.  This can have significant performance implications including some performance degradations in comparison to prior SQLAlchemy versions.  Set this attribute to True if this type object's state is safe to use in a cache key, or False to disable this warning. (Background on this error at: https://sqlalche.me/e/14/cprf)
[2021-12-15 05:06:31,062] {logging_mixin.py:109} INFO - [2021-12-15 05:06:31,062] {dag.py:2389} INFO - Sync 3 DAGs
[2021-12-15 05:06:31,072] {logging_mixin.py:109} WARNING - /opt/conda/lib/python3.8/site-packages/airflow/models/dag.py:2426 SAWarning: TypeDecorator UtcDateTime(timezone=True) will not produce a cache key because the ``cache_ok`` attribute is not set to True.  This can have significant performance implications including some performance degradations in comparison to prior SQLAlchemy versions.  Set this attribute to True if this type object's state is safe to use in a cache key, or False to disable this warning. (Background on this error at: https://sqlalche.me/e/14/cprf)
[2021-12-15 05:06:31,076] {logging_mixin.py:109} INFO - [2021-12-15 05:06:31,076] {dag.py:2914} INFO - Setting next_dagrun for example_subdag_operator to 2021-12-13T00:00:00+00:00
[2021-12-15 05:06:31,077] {logging_mixin.py:109} INFO - [2021-12-15 05:06:31,077] {dag.py:2914} INFO - Setting next_dagrun for example_subdag_operator.section-1 to None
[2021-12-15 05:06:31,077] {logging_mixin.py:109} INFO - [2021-12-15 05:06:31,077] {dag.py:2914} INFO - Setting next_dagrun for example_subdag_operator.section-2 to None
[2021-12-15 05:06:31,082] {logging_mixin.py:109} INFO - [2021-12-15 05:06:31,081] {dag.py:2389} INFO - Sync 2 DAGs
[2021-12-15 05:06:31,086] {logging_mixin.py:109} INFO - [2021-12-15 05:06:31,086] {dag.py:2914} INFO - Setting next_dagrun for example_subdag_operator.section-1 to None
[2021-12-15 05:06:31,086] {logging_mixin.py:109} INFO - [2021-12-15 05:06:31,086] {dag.py:2914} INFO - Setting next_dagrun for example_subdag_operator.section-2 to None
[2021-12-15 05:06:31,094] {processor.py:171} INFO - Processing /opt/conda/lib/python3.8/site-packages/airflow/example_dags/example_subdag_operator.py took 0.074 seconds
[2021-12-15 05:07:04,200] {processor.py:163} INFO - Started process (PID=1686) to work on /opt/conda/lib/python3.8/site-packages/airflow/example_dags/example_subdag_operator.py
[2021-12-15 05:07:04,201] {processor.py:620} INFO - Processing file /opt/conda/lib/python3.8/site-packages/airflow/example_dags/example_subdag_operator.py for tasks to queue
[2021-12-15 05:07:04,202] {logging_mixin.py:109} INFO - [2021-12-15 05:07:04,202] {dagbag.py:500} INFO - Filling up the DagBag from /opt/conda/lib/python3.8/site-packages/airflow/example_dags/example_subdag_operator.py
[2021-12-15 05:07:04,228] {processor.py:632} INFO - DAG(s) dict_keys(['example_subdag_operator.section-1', 'example_subdag_operator.section-2', 'example_subdag_operator']) retrieved from /opt/conda/lib/python3.8/site-packages/airflow/example_dags/example_subdag_operator.py
[2021-12-15 05:07:04,233] {logging_mixin.py:109} WARNING - /opt/conda/lib/python3.8/site-packages/airflow/models/serialized_dag.py:120 SAWarning: TypeDecorator UtcDateTime(timezone=True) will not produce a cache key because the ``cache_ok`` attribute is not set to True.  This can have significant performance implications including some performance degradations in comparison to prior SQLAlchemy versions.  Set this attribute to True if this type object's state is safe to use in a cache key, or False to disable this warning. (Background on this error at: https://sqlalche.me/e/14/cprf)
[2021-12-15 05:07:04,242] {logging_mixin.py:109} INFO - [2021-12-15 05:07:04,241] {dag.py:2389} INFO - Sync 3 DAGs
[2021-12-15 05:07:04,252] {logging_mixin.py:109} WARNING - /opt/conda/lib/python3.8/site-packages/airflow/models/dag.py:2426 SAWarning: TypeDecorator UtcDateTime(timezone=True) will not produce a cache key because the ``cache_ok`` attribute is not set to True.  This can have significant performance implications including some performance degradations in comparison to prior SQLAlchemy versions.  Set this attribute to True if this type object's state is safe to use in a cache key, or False to disable this warning. (Background on this error at: https://sqlalche.me/e/14/cprf)
[2021-12-15 05:07:04,257] {logging_mixin.py:109} INFO - [2021-12-15 05:07:04,256] {dag.py:2914} INFO - Setting next_dagrun for example_subdag_operator to 2021-12-13T00:00:00+00:00
[2021-12-15 05:07:04,257] {logging_mixin.py:109} INFO - [2021-12-15 05:07:04,257] {dag.py:2914} INFO - Setting next_dagrun for example_subdag_operator.section-1 to None
[2021-12-15 05:07:04,257] {logging_mixin.py:109} INFO - [2021-12-15 05:07:04,257] {dag.py:2914} INFO - Setting next_dagrun for example_subdag_operator.section-2 to None
[2021-12-15 05:07:04,262] {logging_mixin.py:109} INFO - [2021-12-15 05:07:04,262] {dag.py:2389} INFO - Sync 2 DAGs
[2021-12-15 05:07:04,266] {logging_mixin.py:109} INFO - [2021-12-15 05:07:04,266] {dag.py:2914} INFO - Setting next_dagrun for example_subdag_operator.section-1 to None
[2021-12-15 05:07:04,266] {logging_mixin.py:109} INFO - [2021-12-15 05:07:04,266] {dag.py:2914} INFO - Setting next_dagrun for example_subdag_operator.section-2 to None
[2021-12-15 05:07:04,275] {processor.py:171} INFO - Processing /opt/conda/lib/python3.8/site-packages/airflow/example_dags/example_subdag_operator.py took 0.077 seconds
[2021-12-15 05:07:39,056] {processor.py:163} INFO - Started process (PID=1771) to work on /opt/conda/lib/python3.8/site-packages/airflow/example_dags/example_subdag_operator.py
[2021-12-15 05:07:39,057] {processor.py:620} INFO - Processing file /opt/conda/lib/python3.8/site-packages/airflow/example_dags/example_subdag_operator.py for tasks to queue
[2021-12-15 05:07:39,058] {logging_mixin.py:109} INFO - [2021-12-15 05:07:39,058] {dagbag.py:500} INFO - Filling up the DagBag from /opt/conda/lib/python3.8/site-packages/airflow/example_dags/example_subdag_operator.py
[2021-12-15 05:07:39,087] {processor.py:632} INFO - DAG(s) dict_keys(['example_subdag_operator.section-1', 'example_subdag_operator.section-2', 'example_subdag_operator']) retrieved from /opt/conda/lib/python3.8/site-packages/airflow/example_dags/example_subdag_operator.py
[2021-12-15 05:07:39,092] {logging_mixin.py:109} WARNING - /opt/conda/lib/python3.8/site-packages/airflow/models/serialized_dag.py:120 SAWarning: TypeDecorator UtcDateTime(timezone=True) will not produce a cache key because the ``cache_ok`` attribute is not set to True.  This can have significant performance implications including some performance degradations in comparison to prior SQLAlchemy versions.  Set this attribute to True if this type object's state is safe to use in a cache key, or False to disable this warning. (Background on this error at: https://sqlalche.me/e/14/cprf)
[2021-12-15 05:07:39,100] {logging_mixin.py:109} INFO - [2021-12-15 05:07:39,100] {dag.py:2389} INFO - Sync 3 DAGs
[2021-12-15 05:07:39,110] {logging_mixin.py:109} WARNING - /opt/conda/lib/python3.8/site-packages/airflow/models/dag.py:2426 SAWarning: TypeDecorator UtcDateTime(timezone=True) will not produce a cache key because the ``cache_ok`` attribute is not set to True.  This can have significant performance implications including some performance degradations in comparison to prior SQLAlchemy versions.  Set this attribute to True if this type object's state is safe to use in a cache key, or False to disable this warning. (Background on this error at: https://sqlalche.me/e/14/cprf)
[2021-12-15 05:07:39,115] {logging_mixin.py:109} INFO - [2021-12-15 05:07:39,115] {dag.py:2914} INFO - Setting next_dagrun for example_subdag_operator to 2021-12-13T00:00:00+00:00
[2021-12-15 05:07:39,115] {logging_mixin.py:109} INFO - [2021-12-15 05:07:39,115] {dag.py:2914} INFO - Setting next_dagrun for example_subdag_operator.section-1 to None
[2021-12-15 05:07:39,115] {logging_mixin.py:109} INFO - [2021-12-15 05:07:39,115] {dag.py:2914} INFO - Setting next_dagrun for example_subdag_operator.section-2 to None
[2021-12-15 05:07:39,120] {logging_mixin.py:109} INFO - [2021-12-15 05:07:39,120] {dag.py:2389} INFO - Sync 2 DAGs
[2021-12-15 05:07:39,124] {logging_mixin.py:109} INFO - [2021-12-15 05:07:39,124] {dag.py:2914} INFO - Setting next_dagrun for example_subdag_operator.section-1 to None
[2021-12-15 05:07:39,124] {logging_mixin.py:109} INFO - [2021-12-15 05:07:39,124] {dag.py:2914} INFO - Setting next_dagrun for example_subdag_operator.section-2 to None
[2021-12-15 05:07:39,133] {processor.py:171} INFO - Processing /opt/conda/lib/python3.8/site-packages/airflow/example_dags/example_subdag_operator.py took 0.080 seconds
[2021-12-15 05:08:12,213] {processor.py:163} INFO - Started process (PID=1851) to work on /opt/conda/lib/python3.8/site-packages/airflow/example_dags/example_subdag_operator.py
[2021-12-15 05:08:12,214] {processor.py:620} INFO - Processing file /opt/conda/lib/python3.8/site-packages/airflow/example_dags/example_subdag_operator.py for tasks to queue
[2021-12-15 05:08:12,214] {logging_mixin.py:109} INFO - [2021-12-15 05:08:12,214] {dagbag.py:500} INFO - Filling up the DagBag from /opt/conda/lib/python3.8/site-packages/airflow/example_dags/example_subdag_operator.py
[2021-12-15 05:08:12,240] {processor.py:632} INFO - DAG(s) dict_keys(['example_subdag_operator.section-1', 'example_subdag_operator.section-2', 'example_subdag_operator']) retrieved from /opt/conda/lib/python3.8/site-packages/airflow/example_dags/example_subdag_operator.py
[2021-12-15 05:08:12,244] {logging_mixin.py:109} WARNING - /opt/conda/lib/python3.8/site-packages/airflow/models/serialized_dag.py:120 SAWarning: TypeDecorator UtcDateTime(timezone=True) will not produce a cache key because the ``cache_ok`` attribute is not set to True.  This can have significant performance implications including some performance degradations in comparison to prior SQLAlchemy versions.  Set this attribute to True if this type object's state is safe to use in a cache key, or False to disable this warning. (Background on this error at: https://sqlalche.me/e/14/cprf)
[2021-12-15 05:08:12,252] {logging_mixin.py:109} INFO - [2021-12-15 05:08:12,252] {dag.py:2389} INFO - Sync 3 DAGs
[2021-12-15 05:08:12,261] {logging_mixin.py:109} WARNING - /opt/conda/lib/python3.8/site-packages/airflow/models/dag.py:2426 SAWarning: TypeDecorator UtcDateTime(timezone=True) will not produce a cache key because the ``cache_ok`` attribute is not set to True.  This can have significant performance implications including some performance degradations in comparison to prior SQLAlchemy versions.  Set this attribute to True if this type object's state is safe to use in a cache key, or False to disable this warning. (Background on this error at: https://sqlalche.me/e/14/cprf)
[2021-12-15 05:08:12,266] {logging_mixin.py:109} INFO - [2021-12-15 05:08:12,266] {dag.py:2914} INFO - Setting next_dagrun for example_subdag_operator to 2021-12-13T00:00:00+00:00
[2021-12-15 05:08:12,266] {logging_mixin.py:109} INFO - [2021-12-15 05:08:12,266] {dag.py:2914} INFO - Setting next_dagrun for example_subdag_operator.section-1 to None
[2021-12-15 05:08:12,266] {logging_mixin.py:109} INFO - [2021-12-15 05:08:12,266] {dag.py:2914} INFO - Setting next_dagrun for example_subdag_operator.section-2 to None
[2021-12-15 05:08:12,271] {logging_mixin.py:109} INFO - [2021-12-15 05:08:12,271] {dag.py:2389} INFO - Sync 2 DAGs
[2021-12-15 05:08:12,275] {logging_mixin.py:109} INFO - [2021-12-15 05:08:12,275] {dag.py:2914} INFO - Setting next_dagrun for example_subdag_operator.section-1 to None
[2021-12-15 05:08:12,275] {logging_mixin.py:109} INFO - [2021-12-15 05:08:12,275] {dag.py:2914} INFO - Setting next_dagrun for example_subdag_operator.section-2 to None
[2021-12-15 05:08:12,282] {processor.py:171} INFO - Processing /opt/conda/lib/python3.8/site-packages/airflow/example_dags/example_subdag_operator.py took 0.072 seconds
[2021-12-15 05:08:44,336] {processor.py:163} INFO - Started process (PID=1953) to work on /opt/conda/lib/python3.8/site-packages/airflow/example_dags/example_subdag_operator.py
[2021-12-15 05:08:44,337] {processor.py:620} INFO - Processing file /opt/conda/lib/python3.8/site-packages/airflow/example_dags/example_subdag_operator.py for tasks to queue
[2021-12-15 05:08:44,337] {logging_mixin.py:109} INFO - [2021-12-15 05:08:44,337] {dagbag.py:500} INFO - Filling up the DagBag from /opt/conda/lib/python3.8/site-packages/airflow/example_dags/example_subdag_operator.py
[2021-12-15 05:08:44,362] {processor.py:632} INFO - DAG(s) dict_keys(['example_subdag_operator.section-1', 'example_subdag_operator.section-2', 'example_subdag_operator']) retrieved from /opt/conda/lib/python3.8/site-packages/airflow/example_dags/example_subdag_operator.py
[2021-12-15 05:08:44,366] {logging_mixin.py:109} WARNING - /opt/conda/lib/python3.8/site-packages/airflow/models/serialized_dag.py:120 SAWarning: TypeDecorator UtcDateTime(timezone=True) will not produce a cache key because the ``cache_ok`` attribute is not set to True.  This can have significant performance implications including some performance degradations in comparison to prior SQLAlchemy versions.  Set this attribute to True if this type object's state is safe to use in a cache key, or False to disable this warning. (Background on this error at: https://sqlalche.me/e/14/cprf)
[2021-12-15 05:08:44,375] {logging_mixin.py:109} INFO - [2021-12-15 05:08:44,375] {dag.py:2389} INFO - Sync 3 DAGs
[2021-12-15 05:08:44,385] {logging_mixin.py:109} WARNING - /opt/conda/lib/python3.8/site-packages/airflow/models/dag.py:2426 SAWarning: TypeDecorator UtcDateTime(timezone=True) will not produce a cache key because the ``cache_ok`` attribute is not set to True.  This can have significant performance implications including some performance degradations in comparison to prior SQLAlchemy versions.  Set this attribute to True if this type object's state is safe to use in a cache key, or False to disable this warning. (Background on this error at: https://sqlalche.me/e/14/cprf)
[2021-12-15 05:08:44,390] {logging_mixin.py:109} INFO - [2021-12-15 05:08:44,390] {dag.py:2914} INFO - Setting next_dagrun for example_subdag_operator to 2021-12-13T00:00:00+00:00
[2021-12-15 05:08:44,391] {logging_mixin.py:109} INFO - [2021-12-15 05:08:44,390] {dag.py:2914} INFO - Setting next_dagrun for example_subdag_operator.section-1 to None
[2021-12-15 05:08:44,391] {logging_mixin.py:109} INFO - [2021-12-15 05:08:44,391] {dag.py:2914} INFO - Setting next_dagrun for example_subdag_operator.section-2 to None
[2021-12-15 05:08:44,396] {logging_mixin.py:109} INFO - [2021-12-15 05:08:44,395] {dag.py:2389} INFO - Sync 2 DAGs
[2021-12-15 05:08:44,400] {logging_mixin.py:109} INFO - [2021-12-15 05:08:44,400] {dag.py:2914} INFO - Setting next_dagrun for example_subdag_operator.section-1 to None
[2021-12-15 05:08:44,400] {logging_mixin.py:109} INFO - [2021-12-15 05:08:44,400] {dag.py:2914} INFO - Setting next_dagrun for example_subdag_operator.section-2 to None
[2021-12-15 05:08:44,408] {processor.py:171} INFO - Processing /opt/conda/lib/python3.8/site-packages/airflow/example_dags/example_subdag_operator.py took 0.075 seconds
[2021-12-15 05:09:20,958] {processor.py:163} INFO - Started process (PID=2123) to work on /opt/conda/lib/python3.8/site-packages/airflow/example_dags/example_subdag_operator.py
[2021-12-15 05:09:20,959] {processor.py:620} INFO - Processing file /opt/conda/lib/python3.8/site-packages/airflow/example_dags/example_subdag_operator.py for tasks to queue
[2021-12-15 05:09:20,960] {logging_mixin.py:109} INFO - [2021-12-15 05:09:20,960] {dagbag.py:500} INFO - Filling up the DagBag from /opt/conda/lib/python3.8/site-packages/airflow/example_dags/example_subdag_operator.py
[2021-12-15 05:09:20,986] {processor.py:632} INFO - DAG(s) dict_keys(['example_subdag_operator.section-1', 'example_subdag_operator.section-2', 'example_subdag_operator']) retrieved from /opt/conda/lib/python3.8/site-packages/airflow/example_dags/example_subdag_operator.py
[2021-12-15 05:09:20,990] {logging_mixin.py:109} WARNING - /opt/conda/lib/python3.8/site-packages/airflow/models/serialized_dag.py:120 SAWarning: TypeDecorator UtcDateTime(timezone=True) will not produce a cache key because the ``cache_ok`` attribute is not set to True.  This can have significant performance implications including some performance degradations in comparison to prior SQLAlchemy versions.  Set this attribute to True if this type object's state is safe to use in a cache key, or False to disable this warning. (Background on this error at: https://sqlalche.me/e/14/cprf)
[2021-12-15 05:09:20,998] {logging_mixin.py:109} INFO - [2021-12-15 05:09:20,998] {dag.py:2389} INFO - Sync 3 DAGs
[2021-12-15 05:09:21,008] {logging_mixin.py:109} WARNING - /opt/conda/lib/python3.8/site-packages/airflow/models/dag.py:2426 SAWarning: TypeDecorator UtcDateTime(timezone=True) will not produce a cache key because the ``cache_ok`` attribute is not set to True.  This can have significant performance implications including some performance degradations in comparison to prior SQLAlchemy versions.  Set this attribute to True if this type object's state is safe to use in a cache key, or False to disable this warning. (Background on this error at: https://sqlalche.me/e/14/cprf)
[2021-12-15 05:09:21,012] {logging_mixin.py:109} INFO - [2021-12-15 05:09:21,012] {dag.py:2914} INFO - Setting next_dagrun for example_subdag_operator to 2021-12-13T00:00:00+00:00
[2021-12-15 05:09:21,013] {logging_mixin.py:109} INFO - [2021-12-15 05:09:21,013] {dag.py:2914} INFO - Setting next_dagrun for example_subdag_operator.section-1 to None
[2021-12-15 05:09:21,013] {logging_mixin.py:109} INFO - [2021-12-15 05:09:21,013] {dag.py:2914} INFO - Setting next_dagrun for example_subdag_operator.section-2 to None
[2021-12-15 05:09:21,018] {logging_mixin.py:109} INFO - [2021-12-15 05:09:21,017] {dag.py:2389} INFO - Sync 2 DAGs
[2021-12-15 05:09:21,022] {logging_mixin.py:109} INFO - [2021-12-15 05:09:21,022] {dag.py:2914} INFO - Setting next_dagrun for example_subdag_operator.section-1 to None
[2021-12-15 05:09:21,022] {logging_mixin.py:109} INFO - [2021-12-15 05:09:21,022] {dag.py:2914} INFO - Setting next_dagrun for example_subdag_operator.section-2 to None
[2021-12-15 05:09:21,029] {processor.py:171} INFO - Processing /opt/conda/lib/python3.8/site-packages/airflow/example_dags/example_subdag_operator.py took 0.074 seconds
[2021-12-15 05:09:53,008] {processor.py:163} INFO - Started process (PID=2318) to work on /opt/conda/lib/python3.8/site-packages/airflow/example_dags/example_subdag_operator.py
[2021-12-15 05:09:53,009] {processor.py:620} INFO - Processing file /opt/conda/lib/python3.8/site-packages/airflow/example_dags/example_subdag_operator.py for tasks to queue
[2021-12-15 05:09:53,009] {logging_mixin.py:109} INFO - [2021-12-15 05:09:53,009] {dagbag.py:500} INFO - Filling up the DagBag from /opt/conda/lib/python3.8/site-packages/airflow/example_dags/example_subdag_operator.py
[2021-12-15 05:09:53,037] {processor.py:632} INFO - DAG(s) dict_keys(['example_subdag_operator.section-1', 'example_subdag_operator.section-2', 'example_subdag_operator']) retrieved from /opt/conda/lib/python3.8/site-packages/airflow/example_dags/example_subdag_operator.py
[2021-12-15 05:09:53,042] {logging_mixin.py:109} WARNING - /opt/conda/lib/python3.8/site-packages/airflow/models/serialized_dag.py:120 SAWarning: TypeDecorator UtcDateTime(timezone=True) will not produce a cache key because the ``cache_ok`` attribute is not set to True.  This can have significant performance implications including some performance degradations in comparison to prior SQLAlchemy versions.  Set this attribute to True if this type object's state is safe to use in a cache key, or False to disable this warning. (Background on this error at: https://sqlalche.me/e/14/cprf)
[2021-12-15 05:09:53,051] {logging_mixin.py:109} INFO - [2021-12-15 05:09:53,050] {dag.py:2389} INFO - Sync 3 DAGs
[2021-12-15 05:09:53,061] {logging_mixin.py:109} WARNING - /opt/conda/lib/python3.8/site-packages/airflow/models/dag.py:2426 SAWarning: TypeDecorator UtcDateTime(timezone=True) will not produce a cache key because the ``cache_ok`` attribute is not set to True.  This can have significant performance implications including some performance degradations in comparison to prior SQLAlchemy versions.  Set this attribute to True if this type object's state is safe to use in a cache key, or False to disable this warning. (Background on this error at: https://sqlalche.me/e/14/cprf)
[2021-12-15 05:09:53,066] {logging_mixin.py:109} INFO - [2021-12-15 05:09:53,066] {dag.py:2914} INFO - Setting next_dagrun for example_subdag_operator to 2021-12-13T00:00:00+00:00
[2021-12-15 05:09:53,066] {logging_mixin.py:109} INFO - [2021-12-15 05:09:53,066] {dag.py:2914} INFO - Setting next_dagrun for example_subdag_operator.section-1 to None
[2021-12-15 05:09:53,066] {logging_mixin.py:109} INFO - [2021-12-15 05:09:53,066] {dag.py:2914} INFO - Setting next_dagrun for example_subdag_operator.section-2 to None
[2021-12-15 05:09:53,071] {logging_mixin.py:109} INFO - [2021-12-15 05:09:53,071] {dag.py:2389} INFO - Sync 2 DAGs
[2021-12-15 05:09:53,077] {logging_mixin.py:109} INFO - [2021-12-15 05:09:53,076] {dag.py:2914} INFO - Setting next_dagrun for example_subdag_operator.section-1 to None
[2021-12-15 05:09:53,077] {logging_mixin.py:109} INFO - [2021-12-15 05:09:53,077] {dag.py:2914} INFO - Setting next_dagrun for example_subdag_operator.section-2 to None
[2021-12-15 05:09:53,085] {processor.py:171} INFO - Processing /opt/conda/lib/python3.8/site-packages/airflow/example_dags/example_subdag_operator.py took 0.080 seconds
[2021-12-15 05:10:29,290] {processor.py:163} INFO - Started process (PID=2495) to work on /opt/conda/lib/python3.8/site-packages/airflow/example_dags/example_subdag_operator.py
[2021-12-15 05:10:29,291] {processor.py:620} INFO - Processing file /opt/conda/lib/python3.8/site-packages/airflow/example_dags/example_subdag_operator.py for tasks to queue
[2021-12-15 05:10:29,291] {logging_mixin.py:109} INFO - [2021-12-15 05:10:29,291] {dagbag.py:500} INFO - Filling up the DagBag from /opt/conda/lib/python3.8/site-packages/airflow/example_dags/example_subdag_operator.py
[2021-12-15 05:10:29,315] {processor.py:632} INFO - DAG(s) dict_keys(['example_subdag_operator.section-1', 'example_subdag_operator.section-2', 'example_subdag_operator']) retrieved from /opt/conda/lib/python3.8/site-packages/airflow/example_dags/example_subdag_operator.py
[2021-12-15 05:10:29,320] {logging_mixin.py:109} WARNING - /opt/conda/lib/python3.8/site-packages/airflow/models/serialized_dag.py:120 SAWarning: TypeDecorator UtcDateTime(timezone=True) will not produce a cache key because the ``cache_ok`` attribute is not set to True.  This can have significant performance implications including some performance degradations in comparison to prior SQLAlchemy versions.  Set this attribute to True if this type object's state is safe to use in a cache key, or False to disable this warning. (Background on this error at: https://sqlalche.me/e/14/cprf)
[2021-12-15 05:10:29,327] {logging_mixin.py:109} INFO - [2021-12-15 05:10:29,327] {dag.py:2389} INFO - Sync 3 DAGs
[2021-12-15 05:10:29,337] {logging_mixin.py:109} WARNING - /opt/conda/lib/python3.8/site-packages/airflow/models/dag.py:2426 SAWarning: TypeDecorator UtcDateTime(timezone=True) will not produce a cache key because the ``cache_ok`` attribute is not set to True.  This can have significant performance implications including some performance degradations in comparison to prior SQLAlchemy versions.  Set this attribute to True if this type object's state is safe to use in a cache key, or False to disable this warning. (Background on this error at: https://sqlalche.me/e/14/cprf)
[2021-12-15 05:10:29,342] {logging_mixin.py:109} INFO - [2021-12-15 05:10:29,342] {dag.py:2914} INFO - Setting next_dagrun for example_subdag_operator to 2021-12-13T00:00:00+00:00
[2021-12-15 05:10:29,342] {logging_mixin.py:109} INFO - [2021-12-15 05:10:29,342] {dag.py:2914} INFO - Setting next_dagrun for example_subdag_operator.section-1 to None
[2021-12-15 05:10:29,342] {logging_mixin.py:109} INFO - [2021-12-15 05:10:29,342] {dag.py:2914} INFO - Setting next_dagrun for example_subdag_operator.section-2 to None
[2021-12-15 05:10:29,348] {logging_mixin.py:109} INFO - [2021-12-15 05:10:29,348] {dag.py:2389} INFO - Sync 2 DAGs
[2021-12-15 05:10:29,352] {logging_mixin.py:109} INFO - [2021-12-15 05:10:29,352] {dag.py:2914} INFO - Setting next_dagrun for example_subdag_operator.section-1 to None
[2021-12-15 05:10:29,352] {logging_mixin.py:109} INFO - [2021-12-15 05:10:29,352] {dag.py:2914} INFO - Setting next_dagrun for example_subdag_operator.section-2 to None
[2021-12-15 05:10:29,360] {processor.py:171} INFO - Processing /opt/conda/lib/python3.8/site-packages/airflow/example_dags/example_subdag_operator.py took 0.073 seconds
[2021-12-15 05:11:05,334] {processor.py:163} INFO - Started process (PID=2804) to work on /opt/conda/lib/python3.8/site-packages/airflow/example_dags/example_subdag_operator.py
[2021-12-15 05:11:05,335] {processor.py:620} INFO - Processing file /opt/conda/lib/python3.8/site-packages/airflow/example_dags/example_subdag_operator.py for tasks to queue
[2021-12-15 05:11:05,335] {logging_mixin.py:109} INFO - [2021-12-15 05:11:05,335] {dagbag.py:500} INFO - Filling up the DagBag from /opt/conda/lib/python3.8/site-packages/airflow/example_dags/example_subdag_operator.py
[2021-12-15 05:11:05,361] {processor.py:632} INFO - DAG(s) dict_keys(['example_subdag_operator.section-1', 'example_subdag_operator.section-2', 'example_subdag_operator']) retrieved from /opt/conda/lib/python3.8/site-packages/airflow/example_dags/example_subdag_operator.py
[2021-12-15 05:11:05,365] {logging_mixin.py:109} WARNING - /opt/conda/lib/python3.8/site-packages/airflow/models/serialized_dag.py:120 SAWarning: TypeDecorator UtcDateTime(timezone=True) will not produce a cache key because the ``cache_ok`` attribute is not set to True.  This can have significant performance implications including some performance degradations in comparison to prior SQLAlchemy versions.  Set this attribute to True if this type object's state is safe to use in a cache key, or False to disable this warning. (Background on this error at: https://sqlalche.me/e/14/cprf)
[2021-12-15 05:11:05,373] {logging_mixin.py:109} INFO - [2021-12-15 05:11:05,373] {dag.py:2389} INFO - Sync 3 DAGs
[2021-12-15 05:11:05,383] {logging_mixin.py:109} WARNING - /opt/conda/lib/python3.8/site-packages/airflow/models/dag.py:2426 SAWarning: TypeDecorator UtcDateTime(timezone=True) will not produce a cache key because the ``cache_ok`` attribute is not set to True.  This can have significant performance implications including some performance degradations in comparison to prior SQLAlchemy versions.  Set this attribute to True if this type object's state is safe to use in a cache key, or False to disable this warning. (Background on this error at: https://sqlalche.me/e/14/cprf)
[2021-12-15 05:11:05,388] {logging_mixin.py:109} INFO - [2021-12-15 05:11:05,388] {dag.py:2914} INFO - Setting next_dagrun for example_subdag_operator to 2021-12-13T00:00:00+00:00
[2021-12-15 05:11:05,388] {logging_mixin.py:109} INFO - [2021-12-15 05:11:05,388] {dag.py:2914} INFO - Setting next_dagrun for example_subdag_operator.section-1 to None
[2021-12-15 05:11:05,388] {logging_mixin.py:109} INFO - [2021-12-15 05:11:05,388] {dag.py:2914} INFO - Setting next_dagrun for example_subdag_operator.section-2 to None
[2021-12-15 05:11:05,393] {logging_mixin.py:109} INFO - [2021-12-15 05:11:05,393] {dag.py:2389} INFO - Sync 2 DAGs
[2021-12-15 05:11:05,397] {logging_mixin.py:109} INFO - [2021-12-15 05:11:05,397] {dag.py:2914} INFO - Setting next_dagrun for example_subdag_operator.section-1 to None
[2021-12-15 05:11:05,397] {logging_mixin.py:109} INFO - [2021-12-15 05:11:05,397] {dag.py:2914} INFO - Setting next_dagrun for example_subdag_operator.section-2 to None
[2021-12-15 05:11:05,404] {processor.py:171} INFO - Processing /opt/conda/lib/python3.8/site-packages/airflow/example_dags/example_subdag_operator.py took 0.073 seconds
[2021-12-15 05:11:40,377] {processor.py:163} INFO - Started process (PID=2946) to work on /opt/conda/lib/python3.8/site-packages/airflow/example_dags/example_subdag_operator.py
[2021-12-15 05:11:40,378] {processor.py:620} INFO - Processing file /opt/conda/lib/python3.8/site-packages/airflow/example_dags/example_subdag_operator.py for tasks to queue
[2021-12-15 05:11:40,379] {logging_mixin.py:109} INFO - [2021-12-15 05:11:40,379] {dagbag.py:500} INFO - Filling up the DagBag from /opt/conda/lib/python3.8/site-packages/airflow/example_dags/example_subdag_operator.py
[2021-12-15 05:11:40,406] {processor.py:632} INFO - DAG(s) dict_keys(['example_subdag_operator.section-1', 'example_subdag_operator.section-2', 'example_subdag_operator']) retrieved from /opt/conda/lib/python3.8/site-packages/airflow/example_dags/example_subdag_operator.py
[2021-12-15 05:11:40,411] {logging_mixin.py:109} WARNING - /opt/conda/lib/python3.8/site-packages/airflow/models/serialized_dag.py:120 SAWarning: TypeDecorator UtcDateTime(timezone=True) will not produce a cache key because the ``cache_ok`` attribute is not set to True.  This can have significant performance implications including some performance degradations in comparison to prior SQLAlchemy versions.  Set this attribute to True if this type object's state is safe to use in a cache key, or False to disable this warning. (Background on this error at: https://sqlalche.me/e/14/cprf)
[2021-12-15 05:11:40,419] {logging_mixin.py:109} INFO - [2021-12-15 05:11:40,419] {dag.py:2389} INFO - Sync 3 DAGs
[2021-12-15 05:11:40,430] {logging_mixin.py:109} WARNING - /opt/conda/lib/python3.8/site-packages/airflow/models/dag.py:2426 SAWarning: TypeDecorator UtcDateTime(timezone=True) will not produce a cache key because the ``cache_ok`` attribute is not set to True.  This can have significant performance implications including some performance degradations in comparison to prior SQLAlchemy versions.  Set this attribute to True if this type object's state is safe to use in a cache key, or False to disable this warning. (Background on this error at: https://sqlalche.me/e/14/cprf)
[2021-12-15 05:11:40,434] {logging_mixin.py:109} INFO - [2021-12-15 05:11:40,434] {dag.py:2914} INFO - Setting next_dagrun for example_subdag_operator to 2021-12-13T00:00:00+00:00
[2021-12-15 05:11:40,435] {logging_mixin.py:109} INFO - [2021-12-15 05:11:40,435] {dag.py:2914} INFO - Setting next_dagrun for example_subdag_operator.section-1 to None
[2021-12-15 05:11:40,435] {logging_mixin.py:109} INFO - [2021-12-15 05:11:40,435] {dag.py:2914} INFO - Setting next_dagrun for example_subdag_operator.section-2 to None
[2021-12-15 05:11:40,439] {logging_mixin.py:109} INFO - [2021-12-15 05:11:40,439] {dag.py:2389} INFO - Sync 2 DAGs
[2021-12-15 05:11:40,444] {logging_mixin.py:109} INFO - [2021-12-15 05:11:40,444] {dag.py:2914} INFO - Setting next_dagrun for example_subdag_operator.section-1 to None
[2021-12-15 05:11:40,444] {logging_mixin.py:109} INFO - [2021-12-15 05:11:40,444] {dag.py:2914} INFO - Setting next_dagrun for example_subdag_operator.section-2 to None
[2021-12-15 05:11:40,451] {processor.py:171} INFO - Processing /opt/conda/lib/python3.8/site-packages/airflow/example_dags/example_subdag_operator.py took 0.077 seconds
[2021-12-15 05:12:14,773] {processor.py:163} INFO - Started process (PID=3058) to work on /opt/conda/lib/python3.8/site-packages/airflow/example_dags/example_subdag_operator.py
[2021-12-15 05:12:14,774] {processor.py:620} INFO - Processing file /opt/conda/lib/python3.8/site-packages/airflow/example_dags/example_subdag_operator.py for tasks to queue
[2021-12-15 05:12:14,774] {logging_mixin.py:109} INFO - [2021-12-15 05:12:14,774] {dagbag.py:500} INFO - Filling up the DagBag from /opt/conda/lib/python3.8/site-packages/airflow/example_dags/example_subdag_operator.py
[2021-12-15 05:12:14,800] {processor.py:632} INFO - DAG(s) dict_keys(['example_subdag_operator.section-1', 'example_subdag_operator.section-2', 'example_subdag_operator']) retrieved from /opt/conda/lib/python3.8/site-packages/airflow/example_dags/example_subdag_operator.py
[2021-12-15 05:12:14,805] {logging_mixin.py:109} WARNING - /opt/conda/lib/python3.8/site-packages/airflow/models/serialized_dag.py:120 SAWarning: TypeDecorator UtcDateTime(timezone=True) will not produce a cache key because the ``cache_ok`` attribute is not set to True.  This can have significant performance implications including some performance degradations in comparison to prior SQLAlchemy versions.  Set this attribute to True if this type object's state is safe to use in a cache key, or False to disable this warning. (Background on this error at: https://sqlalche.me/e/14/cprf)
[2021-12-15 05:12:14,813] {logging_mixin.py:109} INFO - [2021-12-15 05:12:14,813] {dag.py:2389} INFO - Sync 3 DAGs
[2021-12-15 05:12:14,824] {logging_mixin.py:109} WARNING - /opt/conda/lib/python3.8/site-packages/airflow/models/dag.py:2426 SAWarning: TypeDecorator UtcDateTime(timezone=True) will not produce a cache key because the ``cache_ok`` attribute is not set to True.  This can have significant performance implications including some performance degradations in comparison to prior SQLAlchemy versions.  Set this attribute to True if this type object's state is safe to use in a cache key, or False to disable this warning. (Background on this error at: https://sqlalche.me/e/14/cprf)
[2021-12-15 05:12:14,828] {logging_mixin.py:109} INFO - [2021-12-15 05:12:14,828] {dag.py:2914} INFO - Setting next_dagrun for example_subdag_operator to 2021-12-13T00:00:00+00:00
[2021-12-15 05:12:14,828] {logging_mixin.py:109} INFO - [2021-12-15 05:12:14,828] {dag.py:2914} INFO - Setting next_dagrun for example_subdag_operator.section-1 to None
[2021-12-15 05:12:14,828] {logging_mixin.py:109} INFO - [2021-12-15 05:12:14,828] {dag.py:2914} INFO - Setting next_dagrun for example_subdag_operator.section-2 to None
[2021-12-15 05:12:14,833] {logging_mixin.py:109} INFO - [2021-12-15 05:12:14,833] {dag.py:2389} INFO - Sync 2 DAGs
[2021-12-15 05:12:14,837] {logging_mixin.py:109} INFO - [2021-12-15 05:12:14,837] {dag.py:2914} INFO - Setting next_dagrun for example_subdag_operator.section-1 to None
[2021-12-15 05:12:14,837] {logging_mixin.py:109} INFO - [2021-12-15 05:12:14,837] {dag.py:2914} INFO - Setting next_dagrun for example_subdag_operator.section-2 to None
[2021-12-15 05:12:14,845] {processor.py:171} INFO - Processing /opt/conda/lib/python3.8/site-packages/airflow/example_dags/example_subdag_operator.py took 0.075 seconds
[2021-12-15 05:12:49,402] {processor.py:163} INFO - Started process (PID=3237) to work on /opt/conda/lib/python3.8/site-packages/airflow/example_dags/example_subdag_operator.py
[2021-12-15 05:12:49,403] {processor.py:620} INFO - Processing file /opt/conda/lib/python3.8/site-packages/airflow/example_dags/example_subdag_operator.py for tasks to queue
[2021-12-15 05:12:49,403] {logging_mixin.py:109} INFO - [2021-12-15 05:12:49,403] {dagbag.py:500} INFO - Filling up the DagBag from /opt/conda/lib/python3.8/site-packages/airflow/example_dags/example_subdag_operator.py
[2021-12-15 05:12:49,430] {processor.py:632} INFO - DAG(s) dict_keys(['example_subdag_operator.section-1', 'example_subdag_operator.section-2', 'example_subdag_operator']) retrieved from /opt/conda/lib/python3.8/site-packages/airflow/example_dags/example_subdag_operator.py
[2021-12-15 05:12:49,434] {logging_mixin.py:109} WARNING - /opt/conda/lib/python3.8/site-packages/airflow/models/serialized_dag.py:120 SAWarning: TypeDecorator UtcDateTime(timezone=True) will not produce a cache key because the ``cache_ok`` attribute is not set to True.  This can have significant performance implications including some performance degradations in comparison to prior SQLAlchemy versions.  Set this attribute to True if this type object's state is safe to use in a cache key, or False to disable this warning. (Background on this error at: https://sqlalche.me/e/14/cprf)
[2021-12-15 05:12:49,442] {logging_mixin.py:109} INFO - [2021-12-15 05:12:49,442] {dag.py:2389} INFO - Sync 3 DAGs
[2021-12-15 05:12:49,453] {logging_mixin.py:109} WARNING - /opt/conda/lib/python3.8/site-packages/airflow/models/dag.py:2426 SAWarning: TypeDecorator UtcDateTime(timezone=True) will not produce a cache key because the ``cache_ok`` attribute is not set to True.  This can have significant performance implications including some performance degradations in comparison to prior SQLAlchemy versions.  Set this attribute to True if this type object's state is safe to use in a cache key, or False to disable this warning. (Background on this error at: https://sqlalche.me/e/14/cprf)
[2021-12-15 05:12:49,457] {logging_mixin.py:109} INFO - [2021-12-15 05:12:49,457] {dag.py:2914} INFO - Setting next_dagrun for example_subdag_operator to 2021-12-13T00:00:00+00:00
[2021-12-15 05:12:49,457] {logging_mixin.py:109} INFO - [2021-12-15 05:12:49,457] {dag.py:2914} INFO - Setting next_dagrun for example_subdag_operator.section-1 to None
[2021-12-15 05:12:49,457] {logging_mixin.py:109} INFO - [2021-12-15 05:12:49,457] {dag.py:2914} INFO - Setting next_dagrun for example_subdag_operator.section-2 to None
[2021-12-15 05:12:49,462] {logging_mixin.py:109} INFO - [2021-12-15 05:12:49,462] {dag.py:2389} INFO - Sync 2 DAGs
[2021-12-15 05:12:49,466] {logging_mixin.py:109} INFO - [2021-12-15 05:12:49,466] {dag.py:2914} INFO - Setting next_dagrun for example_subdag_operator.section-1 to None
[2021-12-15 05:12:49,467] {logging_mixin.py:109} INFO - [2021-12-15 05:12:49,467] {dag.py:2914} INFO - Setting next_dagrun for example_subdag_operator.section-2 to None
[2021-12-15 05:12:49,474] {processor.py:171} INFO - Processing /opt/conda/lib/python3.8/site-packages/airflow/example_dags/example_subdag_operator.py took 0.075 seconds
[2021-12-15 05:13:24,888] {processor.py:163} INFO - Started process (PID=3347) to work on /opt/conda/lib/python3.8/site-packages/airflow/example_dags/example_subdag_operator.py
[2021-12-15 05:13:24,889] {processor.py:620} INFO - Processing file /opt/conda/lib/python3.8/site-packages/airflow/example_dags/example_subdag_operator.py for tasks to queue
[2021-12-15 05:13:24,889] {logging_mixin.py:109} INFO - [2021-12-15 05:13:24,889] {dagbag.py:500} INFO - Filling up the DagBag from /opt/conda/lib/python3.8/site-packages/airflow/example_dags/example_subdag_operator.py
[2021-12-15 05:13:24,915] {processor.py:632} INFO - DAG(s) dict_keys(['example_subdag_operator.section-1', 'example_subdag_operator.section-2', 'example_subdag_operator']) retrieved from /opt/conda/lib/python3.8/site-packages/airflow/example_dags/example_subdag_operator.py
[2021-12-15 05:13:24,919] {logging_mixin.py:109} WARNING - /opt/conda/lib/python3.8/site-packages/airflow/models/serialized_dag.py:120 SAWarning: TypeDecorator UtcDateTime(timezone=True) will not produce a cache key because the ``cache_ok`` attribute is not set to True.  This can have significant performance implications including some performance degradations in comparison to prior SQLAlchemy versions.  Set this attribute to True if this type object's state is safe to use in a cache key, or False to disable this warning. (Background on this error at: https://sqlalche.me/e/14/cprf)
[2021-12-15 05:13:24,928] {logging_mixin.py:109} INFO - [2021-12-15 05:13:24,928] {dag.py:2389} INFO - Sync 3 DAGs
[2021-12-15 05:13:24,937] {logging_mixin.py:109} WARNING - /opt/conda/lib/python3.8/site-packages/airflow/models/dag.py:2426 SAWarning: TypeDecorator UtcDateTime(timezone=True) will not produce a cache key because the ``cache_ok`` attribute is not set to True.  This can have significant performance implications including some performance degradations in comparison to prior SQLAlchemy versions.  Set this attribute to True if this type object's state is safe to use in a cache key, or False to disable this warning. (Background on this error at: https://sqlalche.me/e/14/cprf)
[2021-12-15 05:13:24,942] {logging_mixin.py:109} INFO - [2021-12-15 05:13:24,941] {dag.py:2914} INFO - Setting next_dagrun for example_subdag_operator to 2021-12-13T00:00:00+00:00
[2021-12-15 05:13:24,942] {logging_mixin.py:109} INFO - [2021-12-15 05:13:24,942] {dag.py:2914} INFO - Setting next_dagrun for example_subdag_operator.section-1 to None
[2021-12-15 05:13:24,942] {logging_mixin.py:109} INFO - [2021-12-15 05:13:24,942] {dag.py:2914} INFO - Setting next_dagrun for example_subdag_operator.section-2 to None
[2021-12-15 05:13:24,946] {logging_mixin.py:109} INFO - [2021-12-15 05:13:24,946] {dag.py:2389} INFO - Sync 2 DAGs
[2021-12-15 05:13:24,950] {logging_mixin.py:109} INFO - [2021-12-15 05:13:24,950] {dag.py:2914} INFO - Setting next_dagrun for example_subdag_operator.section-1 to None
[2021-12-15 05:13:24,951] {logging_mixin.py:109} INFO - [2021-12-15 05:13:24,951] {dag.py:2914} INFO - Setting next_dagrun for example_subdag_operator.section-2 to None
[2021-12-15 05:13:24,958] {processor.py:171} INFO - Processing /opt/conda/lib/python3.8/site-packages/airflow/example_dags/example_subdag_operator.py took 0.074 seconds
[2021-12-15 05:13:58,686] {processor.py:163} INFO - Started process (PID=3486) to work on /opt/conda/lib/python3.8/site-packages/airflow/example_dags/example_subdag_operator.py
[2021-12-15 05:13:58,687] {processor.py:620} INFO - Processing file /opt/conda/lib/python3.8/site-packages/airflow/example_dags/example_subdag_operator.py for tasks to queue
[2021-12-15 05:13:58,687] {logging_mixin.py:109} INFO - [2021-12-15 05:13:58,687] {dagbag.py:500} INFO - Filling up the DagBag from /opt/conda/lib/python3.8/site-packages/airflow/example_dags/example_subdag_operator.py
[2021-12-15 05:13:58,712] {processor.py:632} INFO - DAG(s) dict_keys(['example_subdag_operator.section-1', 'example_subdag_operator.section-2', 'example_subdag_operator']) retrieved from /opt/conda/lib/python3.8/site-packages/airflow/example_dags/example_subdag_operator.py
[2021-12-15 05:13:58,717] {logging_mixin.py:109} WARNING - /opt/conda/lib/python3.8/site-packages/airflow/models/serialized_dag.py:120 SAWarning: TypeDecorator UtcDateTime(timezone=True) will not produce a cache key because the ``cache_ok`` attribute is not set to True.  This can have significant performance implications including some performance degradations in comparison to prior SQLAlchemy versions.  Set this attribute to True if this type object's state is safe to use in a cache key, or False to disable this warning. (Background on this error at: https://sqlalche.me/e/14/cprf)
[2021-12-15 05:13:58,726] {logging_mixin.py:109} INFO - [2021-12-15 05:13:58,726] {dag.py:2389} INFO - Sync 3 DAGs
[2021-12-15 05:13:58,737] {logging_mixin.py:109} WARNING - /opt/conda/lib/python3.8/site-packages/airflow/models/dag.py:2426 SAWarning: TypeDecorator UtcDateTime(timezone=True) will not produce a cache key because the ``cache_ok`` attribute is not set to True.  This can have significant performance implications including some performance degradations in comparison to prior SQLAlchemy versions.  Set this attribute to True if this type object's state is safe to use in a cache key, or False to disable this warning. (Background on this error at: https://sqlalche.me/e/14/cprf)
[2021-12-15 05:13:58,741] {logging_mixin.py:109} INFO - [2021-12-15 05:13:58,741] {dag.py:2914} INFO - Setting next_dagrun for example_subdag_operator to 2021-12-13T00:00:00+00:00
[2021-12-15 05:13:58,742] {logging_mixin.py:109} INFO - [2021-12-15 05:13:58,742] {dag.py:2914} INFO - Setting next_dagrun for example_subdag_operator.section-1 to None
[2021-12-15 05:13:58,742] {logging_mixin.py:109} INFO - [2021-12-15 05:13:58,742] {dag.py:2914} INFO - Setting next_dagrun for example_subdag_operator.section-2 to None
[2021-12-15 05:13:58,747] {logging_mixin.py:109} INFO - [2021-12-15 05:13:58,747] {dag.py:2389} INFO - Sync 2 DAGs
[2021-12-15 05:13:58,751] {logging_mixin.py:109} INFO - [2021-12-15 05:13:58,751] {dag.py:2914} INFO - Setting next_dagrun for example_subdag_operator.section-1 to None
[2021-12-15 05:13:58,751] {logging_mixin.py:109} INFO - [2021-12-15 05:13:58,751] {dag.py:2914} INFO - Setting next_dagrun for example_subdag_operator.section-2 to None
[2021-12-15 05:13:58,759] {processor.py:171} INFO - Processing /opt/conda/lib/python3.8/site-packages/airflow/example_dags/example_subdag_operator.py took 0.077 seconds
[2021-12-15 05:14:31,276] {processor.py:163} INFO - Started process (PID=3673) to work on /opt/conda/lib/python3.8/site-packages/airflow/example_dags/example_subdag_operator.py
[2021-12-15 05:14:31,278] {processor.py:620} INFO - Processing file /opt/conda/lib/python3.8/site-packages/airflow/example_dags/example_subdag_operator.py for tasks to queue
[2021-12-15 05:14:31,278] {logging_mixin.py:109} INFO - [2021-12-15 05:14:31,278] {dagbag.py:500} INFO - Filling up the DagBag from /opt/conda/lib/python3.8/site-packages/airflow/example_dags/example_subdag_operator.py
[2021-12-15 05:14:31,304] {processor.py:632} INFO - DAG(s) dict_keys(['example_subdag_operator.section-1', 'example_subdag_operator.section-2', 'example_subdag_operator']) retrieved from /opt/conda/lib/python3.8/site-packages/airflow/example_dags/example_subdag_operator.py
[2021-12-15 05:14:31,308] {logging_mixin.py:109} WARNING - /opt/conda/lib/python3.8/site-packages/airflow/models/serialized_dag.py:120 SAWarning: TypeDecorator UtcDateTime(timezone=True) will not produce a cache key because the ``cache_ok`` attribute is not set to True.  This can have significant performance implications including some performance degradations in comparison to prior SQLAlchemy versions.  Set this attribute to True if this type object's state is safe to use in a cache key, or False to disable this warning. (Background on this error at: https://sqlalche.me/e/14/cprf)
[2021-12-15 05:14:31,316] {logging_mixin.py:109} INFO - [2021-12-15 05:14:31,316] {dag.py:2389} INFO - Sync 3 DAGs
[2021-12-15 05:14:31,326] {logging_mixin.py:109} WARNING - /opt/conda/lib/python3.8/site-packages/airflow/models/dag.py:2426 SAWarning: TypeDecorator UtcDateTime(timezone=True) will not produce a cache key because the ``cache_ok`` attribute is not set to True.  This can have significant performance implications including some performance degradations in comparison to prior SQLAlchemy versions.  Set this attribute to True if this type object's state is safe to use in a cache key, or False to disable this warning. (Background on this error at: https://sqlalche.me/e/14/cprf)
[2021-12-15 05:14:31,330] {logging_mixin.py:109} INFO - [2021-12-15 05:14:31,330] {dag.py:2914} INFO - Setting next_dagrun for example_subdag_operator to 2021-12-13T00:00:00+00:00
[2021-12-15 05:14:31,330] {logging_mixin.py:109} INFO - [2021-12-15 05:14:31,330] {dag.py:2914} INFO - Setting next_dagrun for example_subdag_operator.section-1 to None
[2021-12-15 05:14:31,330] {logging_mixin.py:109} INFO - [2021-12-15 05:14:31,330] {dag.py:2914} INFO - Setting next_dagrun for example_subdag_operator.section-2 to None
[2021-12-15 05:14:31,335] {logging_mixin.py:109} INFO - [2021-12-15 05:14:31,335] {dag.py:2389} INFO - Sync 2 DAGs
[2021-12-15 05:14:31,339] {logging_mixin.py:109} INFO - [2021-12-15 05:14:31,339] {dag.py:2914} INFO - Setting next_dagrun for example_subdag_operator.section-1 to None
[2021-12-15 05:14:31,339] {logging_mixin.py:109} INFO - [2021-12-15 05:14:31,339] {dag.py:2914} INFO - Setting next_dagrun for example_subdag_operator.section-2 to None
[2021-12-15 05:14:31,348] {processor.py:171} INFO - Processing /opt/conda/lib/python3.8/site-packages/airflow/example_dags/example_subdag_operator.py took 0.074 seconds
