[2021-12-15 04:58:13,134] {processor.py:163} INFO - Started process (PID=64124) to work on /opt/conda/lib/python3.8/site-packages/airflow/example_dags/example_dag_decorator.py
[2021-12-15 04:58:13,135] {processor.py:620} INFO - Processing file /opt/conda/lib/python3.8/site-packages/airflow/example_dags/example_dag_decorator.py for tasks to queue
[2021-12-15 04:58:13,135] {logging_mixin.py:109} INFO - [2021-12-15 04:58:13,135] {dagbag.py:500} INFO - Filling up the DagBag from /opt/conda/lib/python3.8/site-packages/airflow/example_dags/example_dag_decorator.py
[2021-12-15 04:58:13,161] {processor.py:632} INFO - DAG(s) dict_keys(['example_dag_decorator']) retrieved from /opt/conda/lib/python3.8/site-packages/airflow/example_dags/example_dag_decorator.py
[2021-12-15 04:58:13,165] {logging_mixin.py:109} WARNING - /opt/conda/lib/python3.8/site-packages/airflow/models/serialized_dag.py:120 SAWarning: TypeDecorator UtcDateTime(timezone=True) will not produce a cache key because the ``cache_ok`` attribute is not set to True.  This can have significant performance implications including some performance degradations in comparison to prior SQLAlchemy versions.  Set this attribute to True if this type object's state is safe to use in a cache key, or False to disable this warning. (Background on this error at: https://sqlalche.me/e/14/cprf)
[2021-12-15 04:58:13,417] {logging_mixin.py:109} INFO - [2021-12-15 04:58:13,417] {dag.py:2389} INFO - Sync 1 DAGs
[2021-12-15 04:58:13,425] {logging_mixin.py:109} WARNING - /opt/conda/lib/python3.8/site-packages/airflow/models/dag.py:2426 SAWarning: TypeDecorator UtcDateTime(timezone=True) will not produce a cache key because the ``cache_ok`` attribute is not set to True.  This can have significant performance implications including some performance degradations in comparison to prior SQLAlchemy versions.  Set this attribute to True if this type object's state is safe to use in a cache key, or False to disable this warning. (Background on this error at: https://sqlalche.me/e/14/cprf)
[2021-12-15 04:58:13,429] {logging_mixin.py:109} INFO - [2021-12-15 04:58:13,429] {dag.py:2914} INFO - Setting next_dagrun for example_dag_decorator to None
[2021-12-15 04:58:13,441] {processor.py:171} INFO - Processing /opt/conda/lib/python3.8/site-packages/airflow/example_dags/example_dag_decorator.py took 0.310 seconds
[2021-12-15 05:04:43,757] {processor.py:163} INFO - Started process (PID=1007) to work on /opt/conda/lib/python3.8/site-packages/airflow/example_dags/example_dag_decorator.py
[2021-12-15 05:04:43,758] {processor.py:620} INFO - Processing file /opt/conda/lib/python3.8/site-packages/airflow/example_dags/example_dag_decorator.py for tasks to queue
[2021-12-15 05:04:43,759] {logging_mixin.py:109} INFO - [2021-12-15 05:04:43,759] {dagbag.py:500} INFO - Filling up the DagBag from /opt/conda/lib/python3.8/site-packages/airflow/example_dags/example_dag_decorator.py
[2021-12-15 05:04:43,785] {processor.py:632} INFO - DAG(s) dict_keys(['example_dag_decorator']) retrieved from /opt/conda/lib/python3.8/site-packages/airflow/example_dags/example_dag_decorator.py
[2021-12-15 05:04:43,789] {logging_mixin.py:109} WARNING - /opt/conda/lib/python3.8/site-packages/airflow/models/serialized_dag.py:120 SAWarning: TypeDecorator UtcDateTime(timezone=True) will not produce a cache key because the ``cache_ok`` attribute is not set to True.  This can have significant performance implications including some performance degradations in comparison to prior SQLAlchemy versions.  Set this attribute to True if this type object's state is safe to use in a cache key, or False to disable this warning. (Background on this error at: https://sqlalche.me/e/14/cprf)
[2021-12-15 05:04:44,041] {logging_mixin.py:109} INFO - [2021-12-15 05:04:44,040] {dag.py:2389} INFO - Sync 1 DAGs
[2021-12-15 05:04:44,049] {logging_mixin.py:109} WARNING - /opt/conda/lib/python3.8/site-packages/airflow/models/dag.py:2426 SAWarning: TypeDecorator UtcDateTime(timezone=True) will not produce a cache key because the ``cache_ok`` attribute is not set to True.  This can have significant performance implications including some performance degradations in comparison to prior SQLAlchemy versions.  Set this attribute to True if this type object's state is safe to use in a cache key, or False to disable this warning. (Background on this error at: https://sqlalche.me/e/14/cprf)
[2021-12-15 05:04:44,053] {logging_mixin.py:109} INFO - [2021-12-15 05:04:44,053] {dag.py:2914} INFO - Setting next_dagrun for example_dag_decorator to None
[2021-12-15 05:04:44,065] {processor.py:171} INFO - Processing /opt/conda/lib/python3.8/site-packages/airflow/example_dags/example_dag_decorator.py took 0.310 seconds
[2021-12-15 05:05:19,018] {processor.py:163} INFO - Started process (PID=1225) to work on /opt/conda/lib/python3.8/site-packages/airflow/example_dags/example_dag_decorator.py
[2021-12-15 05:05:19,019] {processor.py:620} INFO - Processing file /opt/conda/lib/python3.8/site-packages/airflow/example_dags/example_dag_decorator.py for tasks to queue
[2021-12-15 05:05:19,020] {logging_mixin.py:109} INFO - [2021-12-15 05:05:19,020] {dagbag.py:500} INFO - Filling up the DagBag from /opt/conda/lib/python3.8/site-packages/airflow/example_dags/example_dag_decorator.py
[2021-12-15 05:05:19,045] {processor.py:632} INFO - DAG(s) dict_keys(['example_dag_decorator']) retrieved from /opt/conda/lib/python3.8/site-packages/airflow/example_dags/example_dag_decorator.py
[2021-12-15 05:05:19,050] {logging_mixin.py:109} WARNING - /opt/conda/lib/python3.8/site-packages/airflow/models/serialized_dag.py:120 SAWarning: TypeDecorator UtcDateTime(timezone=True) will not produce a cache key because the ``cache_ok`` attribute is not set to True.  This can have significant performance implications including some performance degradations in comparison to prior SQLAlchemy versions.  Set this attribute to True if this type object's state is safe to use in a cache key, or False to disable this warning. (Background on this error at: https://sqlalche.me/e/14/cprf)
[2021-12-15 05:05:19,313] {logging_mixin.py:109} INFO - [2021-12-15 05:05:19,313] {dag.py:2389} INFO - Sync 1 DAGs
[2021-12-15 05:05:19,322] {logging_mixin.py:109} WARNING - /opt/conda/lib/python3.8/site-packages/airflow/models/dag.py:2426 SAWarning: TypeDecorator UtcDateTime(timezone=True) will not produce a cache key because the ``cache_ok`` attribute is not set to True.  This can have significant performance implications including some performance degradations in comparison to prior SQLAlchemy versions.  Set this attribute to True if this type object's state is safe to use in a cache key, or False to disable this warning. (Background on this error at: https://sqlalche.me/e/14/cprf)
[2021-12-15 05:05:19,326] {logging_mixin.py:109} INFO - [2021-12-15 05:05:19,326] {dag.py:2914} INFO - Setting next_dagrun for example_dag_decorator to None
[2021-12-15 05:05:19,339] {processor.py:171} INFO - Processing /opt/conda/lib/python3.8/site-packages/airflow/example_dags/example_dag_decorator.py took 0.324 seconds
[2021-12-15 05:05:53,869] {processor.py:163} INFO - Started process (PID=1430) to work on /opt/conda/lib/python3.8/site-packages/airflow/example_dags/example_dag_decorator.py
[2021-12-15 05:05:53,870] {processor.py:620} INFO - Processing file /opt/conda/lib/python3.8/site-packages/airflow/example_dags/example_dag_decorator.py for tasks to queue
[2021-12-15 05:05:53,871] {logging_mixin.py:109} INFO - [2021-12-15 05:05:53,870] {dagbag.py:500} INFO - Filling up the DagBag from /opt/conda/lib/python3.8/site-packages/airflow/example_dags/example_dag_decorator.py
[2021-12-15 05:05:53,896] {processor.py:632} INFO - DAG(s) dict_keys(['example_dag_decorator']) retrieved from /opt/conda/lib/python3.8/site-packages/airflow/example_dags/example_dag_decorator.py
[2021-12-15 05:05:53,900] {logging_mixin.py:109} WARNING - /opt/conda/lib/python3.8/site-packages/airflow/models/serialized_dag.py:120 SAWarning: TypeDecorator UtcDateTime(timezone=True) will not produce a cache key because the ``cache_ok`` attribute is not set to True.  This can have significant performance implications including some performance degradations in comparison to prior SQLAlchemy versions.  Set this attribute to True if this type object's state is safe to use in a cache key, or False to disable this warning. (Background on this error at: https://sqlalche.me/e/14/cprf)
[2021-12-15 05:05:54,147] {logging_mixin.py:109} INFO - [2021-12-15 05:05:54,147] {dag.py:2389} INFO - Sync 1 DAGs
[2021-12-15 05:05:54,155] {logging_mixin.py:109} WARNING - /opt/conda/lib/python3.8/site-packages/airflow/models/dag.py:2426 SAWarning: TypeDecorator UtcDateTime(timezone=True) will not produce a cache key because the ``cache_ok`` attribute is not set to True.  This can have significant performance implications including some performance degradations in comparison to prior SQLAlchemy versions.  Set this attribute to True if this type object's state is safe to use in a cache key, or False to disable this warning. (Background on this error at: https://sqlalche.me/e/14/cprf)
[2021-12-15 05:05:54,159] {logging_mixin.py:109} INFO - [2021-12-15 05:05:54,159] {dag.py:2914} INFO - Setting next_dagrun for example_dag_decorator to None
[2021-12-15 05:05:54,172] {processor.py:171} INFO - Processing /opt/conda/lib/python3.8/site-packages/airflow/example_dags/example_dag_decorator.py took 0.306 seconds
[2021-12-15 05:06:29,576] {processor.py:163} INFO - Started process (PID=1564) to work on /opt/conda/lib/python3.8/site-packages/airflow/example_dags/example_dag_decorator.py
[2021-12-15 05:06:29,577] {processor.py:620} INFO - Processing file /opt/conda/lib/python3.8/site-packages/airflow/example_dags/example_dag_decorator.py for tasks to queue
[2021-12-15 05:06:29,577] {logging_mixin.py:109} INFO - [2021-12-15 05:06:29,577] {dagbag.py:500} INFO - Filling up the DagBag from /opt/conda/lib/python3.8/site-packages/airflow/example_dags/example_dag_decorator.py
[2021-12-15 05:06:29,604] {processor.py:632} INFO - DAG(s) dict_keys(['example_dag_decorator']) retrieved from /opt/conda/lib/python3.8/site-packages/airflow/example_dags/example_dag_decorator.py
[2021-12-15 05:06:29,608] {logging_mixin.py:109} WARNING - /opt/conda/lib/python3.8/site-packages/airflow/models/serialized_dag.py:120 SAWarning: TypeDecorator UtcDateTime(timezone=True) will not produce a cache key because the ``cache_ok`` attribute is not set to True.  This can have significant performance implications including some performance degradations in comparison to prior SQLAlchemy versions.  Set this attribute to True if this type object's state is safe to use in a cache key, or False to disable this warning. (Background on this error at: https://sqlalche.me/e/14/cprf)
[2021-12-15 05:06:29,865] {logging_mixin.py:109} INFO - [2021-12-15 05:06:29,865] {dag.py:2389} INFO - Sync 1 DAGs
[2021-12-15 05:06:29,874] {logging_mixin.py:109} WARNING - /opt/conda/lib/python3.8/site-packages/airflow/models/dag.py:2426 SAWarning: TypeDecorator UtcDateTime(timezone=True) will not produce a cache key because the ``cache_ok`` attribute is not set to True.  This can have significant performance implications including some performance degradations in comparison to prior SQLAlchemy versions.  Set this attribute to True if this type object's state is safe to use in a cache key, or False to disable this warning. (Background on this error at: https://sqlalche.me/e/14/cprf)
[2021-12-15 05:06:29,878] {logging_mixin.py:109} INFO - [2021-12-15 05:06:29,878] {dag.py:2914} INFO - Setting next_dagrun for example_dag_decorator to None
[2021-12-15 05:06:29,891] {processor.py:171} INFO - Processing /opt/conda/lib/python3.8/site-packages/airflow/example_dags/example_dag_decorator.py took 0.318 seconds
[2021-12-15 05:07:06,490] {processor.py:163} INFO - Started process (PID=1691) to work on /opt/conda/lib/python3.8/site-packages/airflow/example_dags/example_dag_decorator.py
[2021-12-15 05:07:06,491] {processor.py:620} INFO - Processing file /opt/conda/lib/python3.8/site-packages/airflow/example_dags/example_dag_decorator.py for tasks to queue
[2021-12-15 05:07:06,492] {logging_mixin.py:109} INFO - [2021-12-15 05:07:06,492] {dagbag.py:500} INFO - Filling up the DagBag from /opt/conda/lib/python3.8/site-packages/airflow/example_dags/example_dag_decorator.py
[2021-12-15 05:07:06,518] {processor.py:632} INFO - DAG(s) dict_keys(['example_dag_decorator']) retrieved from /opt/conda/lib/python3.8/site-packages/airflow/example_dags/example_dag_decorator.py
[2021-12-15 05:07:06,523] {logging_mixin.py:109} WARNING - /opt/conda/lib/python3.8/site-packages/airflow/models/serialized_dag.py:120 SAWarning: TypeDecorator UtcDateTime(timezone=True) will not produce a cache key because the ``cache_ok`` attribute is not set to True.  This can have significant performance implications including some performance degradations in comparison to prior SQLAlchemy versions.  Set this attribute to True if this type object's state is safe to use in a cache key, or False to disable this warning. (Background on this error at: https://sqlalche.me/e/14/cprf)
[2021-12-15 05:07:06,775] {logging_mixin.py:109} INFO - [2021-12-15 05:07:06,774] {dag.py:2389} INFO - Sync 1 DAGs
[2021-12-15 05:07:06,783] {logging_mixin.py:109} WARNING - /opt/conda/lib/python3.8/site-packages/airflow/models/dag.py:2426 SAWarning: TypeDecorator UtcDateTime(timezone=True) will not produce a cache key because the ``cache_ok`` attribute is not set to True.  This can have significant performance implications including some performance degradations in comparison to prior SQLAlchemy versions.  Set this attribute to True if this type object's state is safe to use in a cache key, or False to disable this warning. (Background on this error at: https://sqlalche.me/e/14/cprf)
[2021-12-15 05:07:06,788] {logging_mixin.py:109} INFO - [2021-12-15 05:07:06,788] {dag.py:2914} INFO - Setting next_dagrun for example_dag_decorator to None
[2021-12-15 05:07:06,800] {processor.py:171} INFO - Processing /opt/conda/lib/python3.8/site-packages/airflow/example_dags/example_dag_decorator.py took 0.313 seconds
[2021-12-15 05:07:40,772] {processor.py:163} INFO - Started process (PID=1776) to work on /opt/conda/lib/python3.8/site-packages/airflow/example_dags/example_dag_decorator.py
[2021-12-15 05:07:40,773] {processor.py:620} INFO - Processing file /opt/conda/lib/python3.8/site-packages/airflow/example_dags/example_dag_decorator.py for tasks to queue
[2021-12-15 05:07:40,773] {logging_mixin.py:109} INFO - [2021-12-15 05:07:40,773] {dagbag.py:500} INFO - Filling up the DagBag from /opt/conda/lib/python3.8/site-packages/airflow/example_dags/example_dag_decorator.py
[2021-12-15 05:07:40,800] {processor.py:632} INFO - DAG(s) dict_keys(['example_dag_decorator']) retrieved from /opt/conda/lib/python3.8/site-packages/airflow/example_dags/example_dag_decorator.py
[2021-12-15 05:07:40,804] {logging_mixin.py:109} WARNING - /opt/conda/lib/python3.8/site-packages/airflow/models/serialized_dag.py:120 SAWarning: TypeDecorator UtcDateTime(timezone=True) will not produce a cache key because the ``cache_ok`` attribute is not set to True.  This can have significant performance implications including some performance degradations in comparison to prior SQLAlchemy versions.  Set this attribute to True if this type object's state is safe to use in a cache key, or False to disable this warning. (Background on this error at: https://sqlalche.me/e/14/cprf)
[2021-12-15 05:07:41,062] {logging_mixin.py:109} INFO - [2021-12-15 05:07:41,062] {dag.py:2389} INFO - Sync 1 DAGs
[2021-12-15 05:07:41,071] {logging_mixin.py:109} WARNING - /opt/conda/lib/python3.8/site-packages/airflow/models/dag.py:2426 SAWarning: TypeDecorator UtcDateTime(timezone=True) will not produce a cache key because the ``cache_ok`` attribute is not set to True.  This can have significant performance implications including some performance degradations in comparison to prior SQLAlchemy versions.  Set this attribute to True if this type object's state is safe to use in a cache key, or False to disable this warning. (Background on this error at: https://sqlalche.me/e/14/cprf)
[2021-12-15 05:07:41,077] {logging_mixin.py:109} INFO - [2021-12-15 05:07:41,077] {dag.py:2914} INFO - Setting next_dagrun for example_dag_decorator to None
[2021-12-15 05:07:41,090] {processor.py:171} INFO - Processing /opt/conda/lib/python3.8/site-packages/airflow/example_dags/example_dag_decorator.py took 0.322 seconds
[2021-12-15 05:08:15,659] {processor.py:163} INFO - Started process (PID=1860) to work on /opt/conda/lib/python3.8/site-packages/airflow/example_dags/example_dag_decorator.py
[2021-12-15 05:08:15,660] {processor.py:620} INFO - Processing file /opt/conda/lib/python3.8/site-packages/airflow/example_dags/example_dag_decorator.py for tasks to queue
[2021-12-15 05:08:15,660] {logging_mixin.py:109} INFO - [2021-12-15 05:08:15,660] {dagbag.py:500} INFO - Filling up the DagBag from /opt/conda/lib/python3.8/site-packages/airflow/example_dags/example_dag_decorator.py
[2021-12-15 05:08:15,686] {processor.py:632} INFO - DAG(s) dict_keys(['example_dag_decorator']) retrieved from /opt/conda/lib/python3.8/site-packages/airflow/example_dags/example_dag_decorator.py
[2021-12-15 05:08:15,691] {logging_mixin.py:109} WARNING - /opt/conda/lib/python3.8/site-packages/airflow/models/serialized_dag.py:120 SAWarning: TypeDecorator UtcDateTime(timezone=True) will not produce a cache key because the ``cache_ok`` attribute is not set to True.  This can have significant performance implications including some performance degradations in comparison to prior SQLAlchemy versions.  Set this attribute to True if this type object's state is safe to use in a cache key, or False to disable this warning. (Background on this error at: https://sqlalche.me/e/14/cprf)
[2021-12-15 05:08:15,939] {logging_mixin.py:109} INFO - [2021-12-15 05:08:15,939] {dag.py:2389} INFO - Sync 1 DAGs
[2021-12-15 05:08:15,949] {logging_mixin.py:109} WARNING - /opt/conda/lib/python3.8/site-packages/airflow/models/dag.py:2426 SAWarning: TypeDecorator UtcDateTime(timezone=True) will not produce a cache key because the ``cache_ok`` attribute is not set to True.  This can have significant performance implications including some performance degradations in comparison to prior SQLAlchemy versions.  Set this attribute to True if this type object's state is safe to use in a cache key, or False to disable this warning. (Background on this error at: https://sqlalche.me/e/14/cprf)
[2021-12-15 05:08:15,953] {logging_mixin.py:109} INFO - [2021-12-15 05:08:15,953] {dag.py:2914} INFO - Setting next_dagrun for example_dag_decorator to None
[2021-12-15 05:08:15,964] {processor.py:171} INFO - Processing /opt/conda/lib/python3.8/site-packages/airflow/example_dags/example_dag_decorator.py took 0.309 seconds
[2021-12-15 05:08:52,911] {processor.py:163} INFO - Started process (PID=1973) to work on /opt/conda/lib/python3.8/site-packages/airflow/example_dags/example_dag_decorator.py
[2021-12-15 05:08:52,912] {processor.py:620} INFO - Processing file /opt/conda/lib/python3.8/site-packages/airflow/example_dags/example_dag_decorator.py for tasks to queue
[2021-12-15 05:08:52,912] {logging_mixin.py:109} INFO - [2021-12-15 05:08:52,912] {dagbag.py:500} INFO - Filling up the DagBag from /opt/conda/lib/python3.8/site-packages/airflow/example_dags/example_dag_decorator.py
[2021-12-15 05:08:52,939] {processor.py:632} INFO - DAG(s) dict_keys(['example_dag_decorator']) retrieved from /opt/conda/lib/python3.8/site-packages/airflow/example_dags/example_dag_decorator.py
[2021-12-15 05:08:52,943] {logging_mixin.py:109} WARNING - /opt/conda/lib/python3.8/site-packages/airflow/models/serialized_dag.py:120 SAWarning: TypeDecorator UtcDateTime(timezone=True) will not produce a cache key because the ``cache_ok`` attribute is not set to True.  This can have significant performance implications including some performance degradations in comparison to prior SQLAlchemy versions.  Set this attribute to True if this type object's state is safe to use in a cache key, or False to disable this warning. (Background on this error at: https://sqlalche.me/e/14/cprf)
[2021-12-15 05:08:53,208] {logging_mixin.py:109} INFO - [2021-12-15 05:08:53,208] {dag.py:2389} INFO - Sync 1 DAGs
[2021-12-15 05:08:53,219] {logging_mixin.py:109} WARNING - /opt/conda/lib/python3.8/site-packages/airflow/models/dag.py:2426 SAWarning: TypeDecorator UtcDateTime(timezone=True) will not produce a cache key because the ``cache_ok`` attribute is not set to True.  This can have significant performance implications including some performance degradations in comparison to prior SQLAlchemy versions.  Set this attribute to True if this type object's state is safe to use in a cache key, or False to disable this warning. (Background on this error at: https://sqlalche.me/e/14/cprf)
[2021-12-15 05:08:53,224] {logging_mixin.py:109} INFO - [2021-12-15 05:08:53,224] {dag.py:2914} INFO - Setting next_dagrun for example_dag_decorator to None
[2021-12-15 05:08:53,236] {processor.py:171} INFO - Processing /opt/conda/lib/python3.8/site-packages/airflow/example_dags/example_dag_decorator.py took 0.328 seconds
[2021-12-15 05:09:31,995] {processor.py:163} INFO - Started process (PID=2180) to work on /opt/conda/lib/python3.8/site-packages/airflow/example_dags/example_dag_decorator.py
[2021-12-15 05:09:31,996] {processor.py:620} INFO - Processing file /opt/conda/lib/python3.8/site-packages/airflow/example_dags/example_dag_decorator.py for tasks to queue
[2021-12-15 05:09:31,996] {logging_mixin.py:109} INFO - [2021-12-15 05:09:31,996] {dagbag.py:500} INFO - Filling up the DagBag from /opt/conda/lib/python3.8/site-packages/airflow/example_dags/example_dag_decorator.py
[2021-12-15 05:09:32,022] {processor.py:632} INFO - DAG(s) dict_keys(['example_dag_decorator']) retrieved from /opt/conda/lib/python3.8/site-packages/airflow/example_dags/example_dag_decorator.py
[2021-12-15 05:09:32,027] {logging_mixin.py:109} WARNING - /opt/conda/lib/python3.8/site-packages/airflow/models/serialized_dag.py:120 SAWarning: TypeDecorator UtcDateTime(timezone=True) will not produce a cache key because the ``cache_ok`` attribute is not set to True.  This can have significant performance implications including some performance degradations in comparison to prior SQLAlchemy versions.  Set this attribute to True if this type object's state is safe to use in a cache key, or False to disable this warning. (Background on this error at: https://sqlalche.me/e/14/cprf)
[2021-12-15 05:09:32,299] {logging_mixin.py:109} INFO - [2021-12-15 05:09:32,298] {dag.py:2389} INFO - Sync 1 DAGs
[2021-12-15 05:09:32,309] {logging_mixin.py:109} WARNING - /opt/conda/lib/python3.8/site-packages/airflow/models/dag.py:2426 SAWarning: TypeDecorator UtcDateTime(timezone=True) will not produce a cache key because the ``cache_ok`` attribute is not set to True.  This can have significant performance implications including some performance degradations in comparison to prior SQLAlchemy versions.  Set this attribute to True if this type object's state is safe to use in a cache key, or False to disable this warning. (Background on this error at: https://sqlalche.me/e/14/cprf)
[2021-12-15 05:09:32,313] {logging_mixin.py:109} INFO - [2021-12-15 05:09:32,313] {dag.py:2914} INFO - Setting next_dagrun for example_dag_decorator to None
[2021-12-15 05:09:32,338] {processor.py:171} INFO - Processing /opt/conda/lib/python3.8/site-packages/airflow/example_dags/example_dag_decorator.py took 0.346 seconds
[2021-12-15 05:10:08,410] {processor.py:163} INFO - Started process (PID=2389) to work on /opt/conda/lib/python3.8/site-packages/airflow/example_dags/example_dag_decorator.py
[2021-12-15 05:10:08,411] {processor.py:620} INFO - Processing file /opt/conda/lib/python3.8/site-packages/airflow/example_dags/example_dag_decorator.py for tasks to queue
[2021-12-15 05:10:08,412] {logging_mixin.py:109} INFO - [2021-12-15 05:10:08,411] {dagbag.py:500} INFO - Filling up the DagBag from /opt/conda/lib/python3.8/site-packages/airflow/example_dags/example_dag_decorator.py
[2021-12-15 05:10:08,437] {processor.py:632} INFO - DAG(s) dict_keys(['example_dag_decorator']) retrieved from /opt/conda/lib/python3.8/site-packages/airflow/example_dags/example_dag_decorator.py
[2021-12-15 05:10:08,442] {logging_mixin.py:109} WARNING - /opt/conda/lib/python3.8/site-packages/airflow/models/serialized_dag.py:120 SAWarning: TypeDecorator UtcDateTime(timezone=True) will not produce a cache key because the ``cache_ok`` attribute is not set to True.  This can have significant performance implications including some performance degradations in comparison to prior SQLAlchemy versions.  Set this attribute to True if this type object's state is safe to use in a cache key, or False to disable this warning. (Background on this error at: https://sqlalche.me/e/14/cprf)
[2021-12-15 05:10:08,698] {logging_mixin.py:109} INFO - [2021-12-15 05:10:08,697] {dag.py:2389} INFO - Sync 1 DAGs
[2021-12-15 05:10:08,708] {logging_mixin.py:109} WARNING - /opt/conda/lib/python3.8/site-packages/airflow/models/dag.py:2426 SAWarning: TypeDecorator UtcDateTime(timezone=True) will not produce a cache key because the ``cache_ok`` attribute is not set to True.  This can have significant performance implications including some performance degradations in comparison to prior SQLAlchemy versions.  Set this attribute to True if this type object's state is safe to use in a cache key, or False to disable this warning. (Background on this error at: https://sqlalche.me/e/14/cprf)
[2021-12-15 05:10:08,712] {logging_mixin.py:109} INFO - [2021-12-15 05:10:08,712] {dag.py:2914} INFO - Setting next_dagrun for example_dag_decorator to None
[2021-12-15 05:10:08,726] {processor.py:171} INFO - Processing /opt/conda/lib/python3.8/site-packages/airflow/example_dags/example_dag_decorator.py took 0.319 seconds
[2021-12-15 05:10:56,793] {processor.py:163} INFO - Started process (PID=2727) to work on /opt/conda/lib/python3.8/site-packages/airflow/example_dags/example_dag_decorator.py
[2021-12-15 05:10:56,794] {processor.py:620} INFO - Processing file /opt/conda/lib/python3.8/site-packages/airflow/example_dags/example_dag_decorator.py for tasks to queue
[2021-12-15 05:10:56,795] {logging_mixin.py:109} INFO - [2021-12-15 05:10:56,795] {dagbag.py:500} INFO - Filling up the DagBag from /opt/conda/lib/python3.8/site-packages/airflow/example_dags/example_dag_decorator.py
[2021-12-15 05:10:56,821] {processor.py:632} INFO - DAG(s) dict_keys(['example_dag_decorator']) retrieved from /opt/conda/lib/python3.8/site-packages/airflow/example_dags/example_dag_decorator.py
[2021-12-15 05:10:56,826] {logging_mixin.py:109} WARNING - /opt/conda/lib/python3.8/site-packages/airflow/models/serialized_dag.py:120 SAWarning: TypeDecorator UtcDateTime(timezone=True) will not produce a cache key because the ``cache_ok`` attribute is not set to True.  This can have significant performance implications including some performance degradations in comparison to prior SQLAlchemy versions.  Set this attribute to True if this type object's state is safe to use in a cache key, or False to disable this warning. (Background on this error at: https://sqlalche.me/e/14/cprf)
[2021-12-15 05:10:57,097] {logging_mixin.py:109} INFO - [2021-12-15 05:10:57,097] {dag.py:2389} INFO - Sync 1 DAGs
[2021-12-15 05:10:57,106] {logging_mixin.py:109} WARNING - /opt/conda/lib/python3.8/site-packages/airflow/models/dag.py:2426 SAWarning: TypeDecorator UtcDateTime(timezone=True) will not produce a cache key because the ``cache_ok`` attribute is not set to True.  This can have significant performance implications including some performance degradations in comparison to prior SQLAlchemy versions.  Set this attribute to True if this type object's state is safe to use in a cache key, or False to disable this warning. (Background on this error at: https://sqlalche.me/e/14/cprf)
[2021-12-15 05:10:57,110] {logging_mixin.py:109} INFO - [2021-12-15 05:10:57,110] {dag.py:2914} INFO - Setting next_dagrun for example_dag_decorator to None
[2021-12-15 05:10:57,124] {processor.py:171} INFO - Processing /opt/conda/lib/python3.8/site-packages/airflow/example_dags/example_dag_decorator.py took 0.333 seconds
[2021-12-15 05:11:32,633] {processor.py:163} INFO - Started process (PID=2926) to work on /opt/conda/lib/python3.8/site-packages/airflow/example_dags/example_dag_decorator.py
[2021-12-15 05:11:32,634] {processor.py:620} INFO - Processing file /opt/conda/lib/python3.8/site-packages/airflow/example_dags/example_dag_decorator.py for tasks to queue
[2021-12-15 05:11:32,634] {logging_mixin.py:109} INFO - [2021-12-15 05:11:32,634] {dagbag.py:500} INFO - Filling up the DagBag from /opt/conda/lib/python3.8/site-packages/airflow/example_dags/example_dag_decorator.py
[2021-12-15 05:11:32,659] {processor.py:632} INFO - DAG(s) dict_keys(['example_dag_decorator']) retrieved from /opt/conda/lib/python3.8/site-packages/airflow/example_dags/example_dag_decorator.py
[2021-12-15 05:11:32,663] {logging_mixin.py:109} WARNING - /opt/conda/lib/python3.8/site-packages/airflow/models/serialized_dag.py:120 SAWarning: TypeDecorator UtcDateTime(timezone=True) will not produce a cache key because the ``cache_ok`` attribute is not set to True.  This can have significant performance implications including some performance degradations in comparison to prior SQLAlchemy versions.  Set this attribute to True if this type object's state is safe to use in a cache key, or False to disable this warning. (Background on this error at: https://sqlalche.me/e/14/cprf)
[2021-12-15 05:11:32,919] {logging_mixin.py:109} INFO - [2021-12-15 05:11:32,919] {dag.py:2389} INFO - Sync 1 DAGs
[2021-12-15 05:11:32,927] {logging_mixin.py:109} WARNING - /opt/conda/lib/python3.8/site-packages/airflow/models/dag.py:2426 SAWarning: TypeDecorator UtcDateTime(timezone=True) will not produce a cache key because the ``cache_ok`` attribute is not set to True.  This can have significant performance implications including some performance degradations in comparison to prior SQLAlchemy versions.  Set this attribute to True if this type object's state is safe to use in a cache key, or False to disable this warning. (Background on this error at: https://sqlalche.me/e/14/cprf)
[2021-12-15 05:11:32,931] {logging_mixin.py:109} INFO - [2021-12-15 05:11:32,931] {dag.py:2914} INFO - Setting next_dagrun for example_dag_decorator to None
[2021-12-15 05:11:32,942] {processor.py:171} INFO - Processing /opt/conda/lib/python3.8/site-packages/airflow/example_dags/example_dag_decorator.py took 0.312 seconds
[2021-12-15 05:12:09,322] {processor.py:163} INFO - Started process (PID=3044) to work on /opt/conda/lib/python3.8/site-packages/airflow/example_dags/example_dag_decorator.py
[2021-12-15 05:12:09,323] {processor.py:620} INFO - Processing file /opt/conda/lib/python3.8/site-packages/airflow/example_dags/example_dag_decorator.py for tasks to queue
[2021-12-15 05:12:09,324] {logging_mixin.py:109} INFO - [2021-12-15 05:12:09,324] {dagbag.py:500} INFO - Filling up the DagBag from /opt/conda/lib/python3.8/site-packages/airflow/example_dags/example_dag_decorator.py
[2021-12-15 05:12:09,350] {processor.py:632} INFO - DAG(s) dict_keys(['example_dag_decorator']) retrieved from /opt/conda/lib/python3.8/site-packages/airflow/example_dags/example_dag_decorator.py
[2021-12-15 05:12:09,355] {logging_mixin.py:109} WARNING - /opt/conda/lib/python3.8/site-packages/airflow/models/serialized_dag.py:120 SAWarning: TypeDecorator UtcDateTime(timezone=True) will not produce a cache key because the ``cache_ok`` attribute is not set to True.  This can have significant performance implications including some performance degradations in comparison to prior SQLAlchemy versions.  Set this attribute to True if this type object's state is safe to use in a cache key, or False to disable this warning. (Background on this error at: https://sqlalche.me/e/14/cprf)
[2021-12-15 05:12:09,617] {logging_mixin.py:109} INFO - [2021-12-15 05:12:09,617] {dag.py:2389} INFO - Sync 1 DAGs
[2021-12-15 05:12:09,626] {logging_mixin.py:109} WARNING - /opt/conda/lib/python3.8/site-packages/airflow/models/dag.py:2426 SAWarning: TypeDecorator UtcDateTime(timezone=True) will not produce a cache key because the ``cache_ok`` attribute is not set to True.  This can have significant performance implications including some performance degradations in comparison to prior SQLAlchemy versions.  Set this attribute to True if this type object's state is safe to use in a cache key, or False to disable this warning. (Background on this error at: https://sqlalche.me/e/14/cprf)
[2021-12-15 05:12:09,630] {logging_mixin.py:109} INFO - [2021-12-15 05:12:09,630] {dag.py:2914} INFO - Setting next_dagrun for example_dag_decorator to None
[2021-12-15 05:12:09,642] {processor.py:171} INFO - Processing /opt/conda/lib/python3.8/site-packages/airflow/example_dags/example_dag_decorator.py took 0.323 seconds
[2021-12-15 05:12:44,253] {processor.py:163} INFO - Started process (PID=3219) to work on /opt/conda/lib/python3.8/site-packages/airflow/example_dags/example_dag_decorator.py
[2021-12-15 05:12:44,254] {processor.py:620} INFO - Processing file /opt/conda/lib/python3.8/site-packages/airflow/example_dags/example_dag_decorator.py for tasks to queue
[2021-12-15 05:12:44,254] {logging_mixin.py:109} INFO - [2021-12-15 05:12:44,254] {dagbag.py:500} INFO - Filling up the DagBag from /opt/conda/lib/python3.8/site-packages/airflow/example_dags/example_dag_decorator.py
[2021-12-15 05:12:44,281] {processor.py:632} INFO - DAG(s) dict_keys(['example_dag_decorator']) retrieved from /opt/conda/lib/python3.8/site-packages/airflow/example_dags/example_dag_decorator.py
[2021-12-15 05:12:44,285] {logging_mixin.py:109} WARNING - /opt/conda/lib/python3.8/site-packages/airflow/models/serialized_dag.py:120 SAWarning: TypeDecorator UtcDateTime(timezone=True) will not produce a cache key because the ``cache_ok`` attribute is not set to True.  This can have significant performance implications including some performance degradations in comparison to prior SQLAlchemy versions.  Set this attribute to True if this type object's state is safe to use in a cache key, or False to disable this warning. (Background on this error at: https://sqlalche.me/e/14/cprf)
[2021-12-15 05:12:44,548] {logging_mixin.py:109} INFO - [2021-12-15 05:12:44,548] {dag.py:2389} INFO - Sync 1 DAGs
[2021-12-15 05:12:44,556] {logging_mixin.py:109} WARNING - /opt/conda/lib/python3.8/site-packages/airflow/models/dag.py:2426 SAWarning: TypeDecorator UtcDateTime(timezone=True) will not produce a cache key because the ``cache_ok`` attribute is not set to True.  This can have significant performance implications including some performance degradations in comparison to prior SQLAlchemy versions.  Set this attribute to True if this type object's state is safe to use in a cache key, or False to disable this warning. (Background on this error at: https://sqlalche.me/e/14/cprf)
[2021-12-15 05:12:44,560] {logging_mixin.py:109} INFO - [2021-12-15 05:12:44,560] {dag.py:2914} INFO - Setting next_dagrun for example_dag_decorator to None
[2021-12-15 05:12:44,572] {processor.py:171} INFO - Processing /opt/conda/lib/python3.8/site-packages/airflow/example_dags/example_dag_decorator.py took 0.322 seconds
[2021-12-15 05:13:22,291] {processor.py:163} INFO - Started process (PID=3342) to work on /opt/conda/lib/python3.8/site-packages/airflow/example_dags/example_dag_decorator.py
[2021-12-15 05:13:22,292] {processor.py:620} INFO - Processing file /opt/conda/lib/python3.8/site-packages/airflow/example_dags/example_dag_decorator.py for tasks to queue
[2021-12-15 05:13:22,293] {logging_mixin.py:109} INFO - [2021-12-15 05:13:22,292] {dagbag.py:500} INFO - Filling up the DagBag from /opt/conda/lib/python3.8/site-packages/airflow/example_dags/example_dag_decorator.py
[2021-12-15 05:13:22,319] {processor.py:632} INFO - DAG(s) dict_keys(['example_dag_decorator']) retrieved from /opt/conda/lib/python3.8/site-packages/airflow/example_dags/example_dag_decorator.py
[2021-12-15 05:13:22,325] {logging_mixin.py:109} WARNING - /opt/conda/lib/python3.8/site-packages/airflow/models/serialized_dag.py:120 SAWarning: TypeDecorator UtcDateTime(timezone=True) will not produce a cache key because the ``cache_ok`` attribute is not set to True.  This can have significant performance implications including some performance degradations in comparison to prior SQLAlchemy versions.  Set this attribute to True if this type object's state is safe to use in a cache key, or False to disable this warning. (Background on this error at: https://sqlalche.me/e/14/cprf)
[2021-12-15 05:13:22,580] {logging_mixin.py:109} INFO - [2021-12-15 05:13:22,580] {dag.py:2389} INFO - Sync 1 DAGs
[2021-12-15 05:13:22,588] {logging_mixin.py:109} WARNING - /opt/conda/lib/python3.8/site-packages/airflow/models/dag.py:2426 SAWarning: TypeDecorator UtcDateTime(timezone=True) will not produce a cache key because the ``cache_ok`` attribute is not set to True.  This can have significant performance implications including some performance degradations in comparison to prior SQLAlchemy versions.  Set this attribute to True if this type object's state is safe to use in a cache key, or False to disable this warning. (Background on this error at: https://sqlalche.me/e/14/cprf)
[2021-12-15 05:13:22,593] {logging_mixin.py:109} INFO - [2021-12-15 05:13:22,593] {dag.py:2914} INFO - Setting next_dagrun for example_dag_decorator to None
[2021-12-15 05:13:22,604] {processor.py:171} INFO - Processing /opt/conda/lib/python3.8/site-packages/airflow/example_dags/example_dag_decorator.py took 0.316 seconds
[2021-12-15 05:14:03,283] {processor.py:163} INFO - Started process (PID=3503) to work on /opt/conda/lib/python3.8/site-packages/airflow/example_dags/example_dag_decorator.py
[2021-12-15 05:14:03,284] {processor.py:620} INFO - Processing file /opt/conda/lib/python3.8/site-packages/airflow/example_dags/example_dag_decorator.py for tasks to queue
[2021-12-15 05:14:03,284] {logging_mixin.py:109} INFO - [2021-12-15 05:14:03,284] {dagbag.py:500} INFO - Filling up the DagBag from /opt/conda/lib/python3.8/site-packages/airflow/example_dags/example_dag_decorator.py
[2021-12-15 05:14:03,311] {processor.py:632} INFO - DAG(s) dict_keys(['example_dag_decorator']) retrieved from /opt/conda/lib/python3.8/site-packages/airflow/example_dags/example_dag_decorator.py
[2021-12-15 05:14:03,316] {logging_mixin.py:109} WARNING - /opt/conda/lib/python3.8/site-packages/airflow/models/serialized_dag.py:120 SAWarning: TypeDecorator UtcDateTime(timezone=True) will not produce a cache key because the ``cache_ok`` attribute is not set to True.  This can have significant performance implications including some performance degradations in comparison to prior SQLAlchemy versions.  Set this attribute to True if this type object's state is safe to use in a cache key, or False to disable this warning. (Background on this error at: https://sqlalche.me/e/14/cprf)
[2021-12-15 05:14:03,579] {logging_mixin.py:109} INFO - [2021-12-15 05:14:03,578] {dag.py:2389} INFO - Sync 1 DAGs
[2021-12-15 05:14:03,587] {logging_mixin.py:109} WARNING - /opt/conda/lib/python3.8/site-packages/airflow/models/dag.py:2426 SAWarning: TypeDecorator UtcDateTime(timezone=True) will not produce a cache key because the ``cache_ok`` attribute is not set to True.  This can have significant performance implications including some performance degradations in comparison to prior SQLAlchemy versions.  Set this attribute to True if this type object's state is safe to use in a cache key, or False to disable this warning. (Background on this error at: https://sqlalche.me/e/14/cprf)
[2021-12-15 05:14:03,592] {logging_mixin.py:109} INFO - [2021-12-15 05:14:03,591] {dag.py:2914} INFO - Setting next_dagrun for example_dag_decorator to None
[2021-12-15 05:14:03,603] {processor.py:171} INFO - Processing /opt/conda/lib/python3.8/site-packages/airflow/example_dags/example_dag_decorator.py took 0.324 seconds
[2021-12-15 05:14:40,438] {processor.py:163} INFO - Started process (PID=3759) to work on /opt/conda/lib/python3.8/site-packages/airflow/example_dags/example_dag_decorator.py
[2021-12-15 05:14:40,439] {processor.py:620} INFO - Processing file /opt/conda/lib/python3.8/site-packages/airflow/example_dags/example_dag_decorator.py for tasks to queue
[2021-12-15 05:14:40,440] {logging_mixin.py:109} INFO - [2021-12-15 05:14:40,440] {dagbag.py:500} INFO - Filling up the DagBag from /opt/conda/lib/python3.8/site-packages/airflow/example_dags/example_dag_decorator.py
[2021-12-15 05:14:40,466] {processor.py:632} INFO - DAG(s) dict_keys(['example_dag_decorator']) retrieved from /opt/conda/lib/python3.8/site-packages/airflow/example_dags/example_dag_decorator.py
[2021-12-15 05:14:40,470] {logging_mixin.py:109} WARNING - /opt/conda/lib/python3.8/site-packages/airflow/models/serialized_dag.py:120 SAWarning: TypeDecorator UtcDateTime(timezone=True) will not produce a cache key because the ``cache_ok`` attribute is not set to True.  This can have significant performance implications including some performance degradations in comparison to prior SQLAlchemy versions.  Set this attribute to True if this type object's state is safe to use in a cache key, or False to disable this warning. (Background on this error at: https://sqlalche.me/e/14/cprf)
[2021-12-15 05:14:40,732] {logging_mixin.py:109} INFO - [2021-12-15 05:14:40,732] {dag.py:2389} INFO - Sync 1 DAGs
[2021-12-15 05:14:40,740] {logging_mixin.py:109} WARNING - /opt/conda/lib/python3.8/site-packages/airflow/models/dag.py:2426 SAWarning: TypeDecorator UtcDateTime(timezone=True) will not produce a cache key because the ``cache_ok`` attribute is not set to True.  This can have significant performance implications including some performance degradations in comparison to prior SQLAlchemy versions.  Set this attribute to True if this type object's state is safe to use in a cache key, or False to disable this warning. (Background on this error at: https://sqlalche.me/e/14/cprf)
[2021-12-15 05:14:40,745] {logging_mixin.py:109} INFO - [2021-12-15 05:14:40,745] {dag.py:2914} INFO - Setting next_dagrun for example_dag_decorator to None
[2021-12-15 05:14:40,756] {processor.py:171} INFO - Processing /opt/conda/lib/python3.8/site-packages/airflow/example_dags/example_dag_decorator.py took 0.321 seconds
