[2021-12-15 04:58:07,984] {processor.py:163} INFO - Started process (PID=64091) to work on /opt/conda/lib/python3.8/site-packages/airflow/example_dags/example_kubernetes_executor_config.py
[2021-12-15 04:58:07,985] {processor.py:620} INFO - Processing file /opt/conda/lib/python3.8/site-packages/airflow/example_dags/example_kubernetes_executor_config.py for tasks to queue
[2021-12-15 04:58:07,985] {logging_mixin.py:109} INFO - [2021-12-15 04:58:07,985] {dagbag.py:500} INFO - Filling up the DagBag from /opt/conda/lib/python3.8/site-packages/airflow/example_dags/example_kubernetes_executor_config.py
[2021-12-15 04:58:07,991] {logging_mixin.py:109} INFO - [2021-12-15 04:58:07,990] {example_kubernetes_executor_config.py:171} WARNING - Could not import DAGs in example_kubernetes_executor_config.py: No module named 'kubernetes'
[2021-12-15 04:58:07,991] {logging_mixin.py:109} INFO - [2021-12-15 04:58:07,991] {example_kubernetes_executor_config.py:172} WARNING - Install kubernetes dependencies with: pip install apache-airflow['cncf.kubernetes']
[2021-12-15 04:58:08,001] {processor.py:634} WARNING - No viable dags retrieved from /opt/conda/lib/python3.8/site-packages/airflow/example_dags/example_kubernetes_executor_config.py
[2021-12-15 04:58:08,003] {processor.py:171} INFO - Processing /opt/conda/lib/python3.8/site-packages/airflow/example_dags/example_kubernetes_executor_config.py took 0.022 seconds
[2021-12-15 04:58:42,927] {processor.py:163} INFO - Started process (PID=64233) to work on /opt/conda/lib/python3.8/site-packages/airflow/example_dags/example_kubernetes_executor_config.py
[2021-12-15 04:58:42,928] {processor.py:620} INFO - Processing file /opt/conda/lib/python3.8/site-packages/airflow/example_dags/example_kubernetes_executor_config.py for tasks to queue
[2021-12-15 04:58:42,929] {logging_mixin.py:109} INFO - [2021-12-15 04:58:42,929] {dagbag.py:500} INFO - Filling up the DagBag from /opt/conda/lib/python3.8/site-packages/airflow/example_dags/example_kubernetes_executor_config.py
[2021-12-15 04:58:42,934] {logging_mixin.py:109} INFO - [2021-12-15 04:58:42,934] {example_kubernetes_executor_config.py:171} WARNING - Could not import DAGs in example_kubernetes_executor_config.py: No module named 'kubernetes'
[2021-12-15 04:58:42,934] {logging_mixin.py:109} INFO - [2021-12-15 04:58:42,934] {example_kubernetes_executor_config.py:172} WARNING - Install kubernetes dependencies with: pip install apache-airflow['cncf.kubernetes']
[2021-12-15 04:58:42,944] {processor.py:634} WARNING - No viable dags retrieved from /opt/conda/lib/python3.8/site-packages/airflow/example_dags/example_kubernetes_executor_config.py
[2021-12-15 04:58:42,946] {processor.py:171} INFO - Processing /opt/conda/lib/python3.8/site-packages/airflow/example_dags/example_kubernetes_executor_config.py took 0.022 seconds
[2021-12-15 05:04:38,608] {processor.py:163} INFO - Started process (PID=996) to work on /opt/conda/lib/python3.8/site-packages/airflow/example_dags/example_kubernetes_executor_config.py
[2021-12-15 05:04:38,610] {processor.py:620} INFO - Processing file /opt/conda/lib/python3.8/site-packages/airflow/example_dags/example_kubernetes_executor_config.py for tasks to queue
[2021-12-15 05:04:38,611] {logging_mixin.py:109} INFO - [2021-12-15 05:04:38,611] {dagbag.py:500} INFO - Filling up the DagBag from /opt/conda/lib/python3.8/site-packages/airflow/example_dags/example_kubernetes_executor_config.py
[2021-12-15 05:04:38,616] {logging_mixin.py:109} INFO - [2021-12-15 05:04:38,616] {example_kubernetes_executor_config.py:171} WARNING - Could not import DAGs in example_kubernetes_executor_config.py: No module named 'kubernetes'
[2021-12-15 05:04:38,616] {logging_mixin.py:109} INFO - [2021-12-15 05:04:38,616] {example_kubernetes_executor_config.py:172} WARNING - Install kubernetes dependencies with: pip install apache-airflow['cncf.kubernetes']
[2021-12-15 05:04:38,626] {processor.py:634} WARNING - No viable dags retrieved from /opt/conda/lib/python3.8/site-packages/airflow/example_dags/example_kubernetes_executor_config.py
[2021-12-15 05:04:38,628] {processor.py:171} INFO - Processing /opt/conda/lib/python3.8/site-packages/airflow/example_dags/example_kubernetes_executor_config.py took 0.024 seconds
[2021-12-15 05:05:13,549] {processor.py:163} INFO - Started process (PID=1182) to work on /opt/conda/lib/python3.8/site-packages/airflow/example_dags/example_kubernetes_executor_config.py
[2021-12-15 05:05:13,550] {processor.py:620} INFO - Processing file /opt/conda/lib/python3.8/site-packages/airflow/example_dags/example_kubernetes_executor_config.py for tasks to queue
[2021-12-15 05:05:13,550] {logging_mixin.py:109} INFO - [2021-12-15 05:05:13,550] {dagbag.py:500} INFO - Filling up the DagBag from /opt/conda/lib/python3.8/site-packages/airflow/example_dags/example_kubernetes_executor_config.py
[2021-12-15 05:05:13,556] {logging_mixin.py:109} INFO - [2021-12-15 05:05:13,556] {example_kubernetes_executor_config.py:171} WARNING - Could not import DAGs in example_kubernetes_executor_config.py: No module named 'kubernetes'
[2021-12-15 05:05:13,556] {logging_mixin.py:109} INFO - [2021-12-15 05:05:13,556] {example_kubernetes_executor_config.py:172} WARNING - Install kubernetes dependencies with: pip install apache-airflow['cncf.kubernetes']
[2021-12-15 05:05:13,567] {processor.py:634} WARNING - No viable dags retrieved from /opt/conda/lib/python3.8/site-packages/airflow/example_dags/example_kubernetes_executor_config.py
[2021-12-15 05:05:13,570] {processor.py:171} INFO - Processing /opt/conda/lib/python3.8/site-packages/airflow/example_dags/example_kubernetes_executor_config.py took 0.024 seconds
[2021-12-15 05:05:48,732] {processor.py:163} INFO - Started process (PID=1416) to work on /opt/conda/lib/python3.8/site-packages/airflow/example_dags/example_kubernetes_executor_config.py
[2021-12-15 05:05:48,733] {processor.py:620} INFO - Processing file /opt/conda/lib/python3.8/site-packages/airflow/example_dags/example_kubernetes_executor_config.py for tasks to queue
[2021-12-15 05:05:48,733] {logging_mixin.py:109} INFO - [2021-12-15 05:05:48,733] {dagbag.py:500} INFO - Filling up the DagBag from /opt/conda/lib/python3.8/site-packages/airflow/example_dags/example_kubernetes_executor_config.py
[2021-12-15 05:05:48,738] {logging_mixin.py:109} INFO - [2021-12-15 05:05:48,738] {example_kubernetes_executor_config.py:171} WARNING - Could not import DAGs in example_kubernetes_executor_config.py: No module named 'kubernetes'
[2021-12-15 05:05:48,739] {logging_mixin.py:109} INFO - [2021-12-15 05:05:48,739] {example_kubernetes_executor_config.py:172} WARNING - Install kubernetes dependencies with: pip install apache-airflow['cncf.kubernetes']
[2021-12-15 05:05:48,748] {processor.py:634} WARNING - No viable dags retrieved from /opt/conda/lib/python3.8/site-packages/airflow/example_dags/example_kubernetes_executor_config.py
[2021-12-15 05:05:48,751] {processor.py:171} INFO - Processing /opt/conda/lib/python3.8/site-packages/airflow/example_dags/example_kubernetes_executor_config.py took 0.022 seconds
[2021-12-15 05:06:22,447] {processor.py:163} INFO - Started process (PID=1537) to work on /opt/conda/lib/python3.8/site-packages/airflow/example_dags/example_kubernetes_executor_config.py
[2021-12-15 05:06:22,448] {processor.py:620} INFO - Processing file /opt/conda/lib/python3.8/site-packages/airflow/example_dags/example_kubernetes_executor_config.py for tasks to queue
[2021-12-15 05:06:22,449] {logging_mixin.py:109} INFO - [2021-12-15 05:06:22,449] {dagbag.py:500} INFO - Filling up the DagBag from /opt/conda/lib/python3.8/site-packages/airflow/example_dags/example_kubernetes_executor_config.py
[2021-12-15 05:06:22,454] {logging_mixin.py:109} INFO - [2021-12-15 05:06:22,454] {example_kubernetes_executor_config.py:171} WARNING - Could not import DAGs in example_kubernetes_executor_config.py: No module named 'kubernetes'
[2021-12-15 05:06:22,454] {logging_mixin.py:109} INFO - [2021-12-15 05:06:22,454] {example_kubernetes_executor_config.py:172} WARNING - Install kubernetes dependencies with: pip install apache-airflow['cncf.kubernetes']
[2021-12-15 05:06:22,465] {processor.py:634} WARNING - No viable dags retrieved from /opt/conda/lib/python3.8/site-packages/airflow/example_dags/example_kubernetes_executor_config.py
[2021-12-15 05:06:22,467] {processor.py:171} INFO - Processing /opt/conda/lib/python3.8/site-packages/airflow/example_dags/example_kubernetes_executor_config.py took 0.023 seconds
[2021-12-15 05:06:57,333] {processor.py:163} INFO - Started process (PID=1670) to work on /opt/conda/lib/python3.8/site-packages/airflow/example_dags/example_kubernetes_executor_config.py
[2021-12-15 05:06:57,334] {processor.py:620} INFO - Processing file /opt/conda/lib/python3.8/site-packages/airflow/example_dags/example_kubernetes_executor_config.py for tasks to queue
[2021-12-15 05:06:57,335] {logging_mixin.py:109} INFO - [2021-12-15 05:06:57,335] {dagbag.py:500} INFO - Filling up the DagBag from /opt/conda/lib/python3.8/site-packages/airflow/example_dags/example_kubernetes_executor_config.py
[2021-12-15 05:06:57,341] {logging_mixin.py:109} INFO - [2021-12-15 05:06:57,341] {example_kubernetes_executor_config.py:171} WARNING - Could not import DAGs in example_kubernetes_executor_config.py: No module named 'kubernetes'
[2021-12-15 05:06:57,341] {logging_mixin.py:109} INFO - [2021-12-15 05:06:57,341] {example_kubernetes_executor_config.py:172} WARNING - Install kubernetes dependencies with: pip install apache-airflow['cncf.kubernetes']
[2021-12-15 05:06:57,352] {processor.py:634} WARNING - No viable dags retrieved from /opt/conda/lib/python3.8/site-packages/airflow/example_dags/example_kubernetes_executor_config.py
[2021-12-15 05:06:57,354] {processor.py:171} INFO - Processing /opt/conda/lib/python3.8/site-packages/airflow/example_dags/example_kubernetes_executor_config.py took 0.024 seconds
[2021-12-15 05:07:31,632] {processor.py:163} INFO - Started process (PID=1752) to work on /opt/conda/lib/python3.8/site-packages/airflow/example_dags/example_kubernetes_executor_config.py
[2021-12-15 05:07:31,633] {processor.py:620} INFO - Processing file /opt/conda/lib/python3.8/site-packages/airflow/example_dags/example_kubernetes_executor_config.py for tasks to queue
[2021-12-15 05:07:31,634] {logging_mixin.py:109} INFO - [2021-12-15 05:07:31,634] {dagbag.py:500} INFO - Filling up the DagBag from /opt/conda/lib/python3.8/site-packages/airflow/example_dags/example_kubernetes_executor_config.py
[2021-12-15 05:07:31,639] {logging_mixin.py:109} INFO - [2021-12-15 05:07:31,639] {example_kubernetes_executor_config.py:171} WARNING - Could not import DAGs in example_kubernetes_executor_config.py: No module named 'kubernetes'
[2021-12-15 05:07:31,639] {logging_mixin.py:109} INFO - [2021-12-15 05:07:31,639] {example_kubernetes_executor_config.py:172} WARNING - Install kubernetes dependencies with: pip install apache-airflow['cncf.kubernetes']
[2021-12-15 05:07:31,648] {processor.py:634} WARNING - No viable dags retrieved from /opt/conda/lib/python3.8/site-packages/airflow/example_dags/example_kubernetes_executor_config.py
[2021-12-15 05:07:31,651] {processor.py:171} INFO - Processing /opt/conda/lib/python3.8/site-packages/airflow/example_dags/example_kubernetes_executor_config.py took 0.021 seconds
[2021-12-15 05:08:08,214] {processor.py:163} INFO - Started process (PID=1841) to work on /opt/conda/lib/python3.8/site-packages/airflow/example_dags/example_kubernetes_executor_config.py
[2021-12-15 05:08:08,215] {processor.py:620} INFO - Processing file /opt/conda/lib/python3.8/site-packages/airflow/example_dags/example_kubernetes_executor_config.py for tasks to queue
[2021-12-15 05:08:08,215] {logging_mixin.py:109} INFO - [2021-12-15 05:08:08,215] {dagbag.py:500} INFO - Filling up the DagBag from /opt/conda/lib/python3.8/site-packages/airflow/example_dags/example_kubernetes_executor_config.py
[2021-12-15 05:08:08,221] {logging_mixin.py:109} INFO - [2021-12-15 05:08:08,221] {example_kubernetes_executor_config.py:171} WARNING - Could not import DAGs in example_kubernetes_executor_config.py: No module named 'kubernetes'
[2021-12-15 05:08:08,221] {logging_mixin.py:109} INFO - [2021-12-15 05:08:08,221] {example_kubernetes_executor_config.py:172} WARNING - Install kubernetes dependencies with: pip install apache-airflow['cncf.kubernetes']
[2021-12-15 05:08:08,232] {processor.py:634} WARNING - No viable dags retrieved from /opt/conda/lib/python3.8/site-packages/airflow/example_dags/example_kubernetes_executor_config.py
[2021-12-15 05:08:08,234] {processor.py:171} INFO - Processing /opt/conda/lib/python3.8/site-packages/airflow/example_dags/example_kubernetes_executor_config.py took 0.023 seconds
[2021-12-15 05:08:45,479] {processor.py:163} INFO - Started process (PID=1957) to work on /opt/conda/lib/python3.8/site-packages/airflow/example_dags/example_kubernetes_executor_config.py
[2021-12-15 05:08:45,481] {processor.py:620} INFO - Processing file /opt/conda/lib/python3.8/site-packages/airflow/example_dags/example_kubernetes_executor_config.py for tasks to queue
[2021-12-15 05:08:45,481] {logging_mixin.py:109} INFO - [2021-12-15 05:08:45,481] {dagbag.py:500} INFO - Filling up the DagBag from /opt/conda/lib/python3.8/site-packages/airflow/example_dags/example_kubernetes_executor_config.py
[2021-12-15 05:08:45,487] {logging_mixin.py:109} INFO - [2021-12-15 05:08:45,487] {example_kubernetes_executor_config.py:171} WARNING - Could not import DAGs in example_kubernetes_executor_config.py: No module named 'kubernetes'
[2021-12-15 05:08:45,487] {logging_mixin.py:109} INFO - [2021-12-15 05:08:45,487] {example_kubernetes_executor_config.py:172} WARNING - Install kubernetes dependencies with: pip install apache-airflow['cncf.kubernetes']
[2021-12-15 05:08:45,498] {processor.py:634} WARNING - No viable dags retrieved from /opt/conda/lib/python3.8/site-packages/airflow/example_dags/example_kubernetes_executor_config.py
[2021-12-15 05:08:45,500] {processor.py:171} INFO - Processing /opt/conda/lib/python3.8/site-packages/airflow/example_dags/example_kubernetes_executor_config.py took 0.026 seconds
[2021-12-15 05:09:24,382] {processor.py:163} INFO - Started process (PID=2141) to work on /opt/conda/lib/python3.8/site-packages/airflow/example_dags/example_kubernetes_executor_config.py
[2021-12-15 05:09:24,383] {processor.py:620} INFO - Processing file /opt/conda/lib/python3.8/site-packages/airflow/example_dags/example_kubernetes_executor_config.py for tasks to queue
[2021-12-15 05:09:24,383] {logging_mixin.py:109} INFO - [2021-12-15 05:09:24,383] {dagbag.py:500} INFO - Filling up the DagBag from /opt/conda/lib/python3.8/site-packages/airflow/example_dags/example_kubernetes_executor_config.py
[2021-12-15 05:09:24,390] {logging_mixin.py:109} INFO - [2021-12-15 05:09:24,390] {example_kubernetes_executor_config.py:171} WARNING - Could not import DAGs in example_kubernetes_executor_config.py: No module named 'kubernetes'
[2021-12-15 05:09:24,390] {logging_mixin.py:109} INFO - [2021-12-15 05:09:24,390] {example_kubernetes_executor_config.py:172} WARNING - Install kubernetes dependencies with: pip install apache-airflow['cncf.kubernetes']
[2021-12-15 05:09:24,399] {processor.py:634} WARNING - No viable dags retrieved from /opt/conda/lib/python3.8/site-packages/airflow/example_dags/example_kubernetes_executor_config.py
[2021-12-15 05:09:24,402] {processor.py:171} INFO - Processing /opt/conda/lib/python3.8/site-packages/airflow/example_dags/example_kubernetes_executor_config.py took 0.023 seconds
[2021-12-15 05:09:59,813] {processor.py:163} INFO - Started process (PID=2345) to work on /opt/conda/lib/python3.8/site-packages/airflow/example_dags/example_kubernetes_executor_config.py
[2021-12-15 05:09:59,813] {processor.py:620} INFO - Processing file /opt/conda/lib/python3.8/site-packages/airflow/example_dags/example_kubernetes_executor_config.py for tasks to queue
[2021-12-15 05:09:59,814] {logging_mixin.py:109} INFO - [2021-12-15 05:09:59,814] {dagbag.py:500} INFO - Filling up the DagBag from /opt/conda/lib/python3.8/site-packages/airflow/example_dags/example_kubernetes_executor_config.py
[2021-12-15 05:09:59,820] {logging_mixin.py:109} INFO - [2021-12-15 05:09:59,820] {example_kubernetes_executor_config.py:171} WARNING - Could not import DAGs in example_kubernetes_executor_config.py: No module named 'kubernetes'
[2021-12-15 05:09:59,820] {logging_mixin.py:109} INFO - [2021-12-15 05:09:59,820] {example_kubernetes_executor_config.py:172} WARNING - Install kubernetes dependencies with: pip install apache-airflow['cncf.kubernetes']
[2021-12-15 05:09:59,830] {processor.py:634} WARNING - No viable dags retrieved from /opt/conda/lib/python3.8/site-packages/airflow/example_dags/example_kubernetes_executor_config.py
[2021-12-15 05:09:59,833] {processor.py:171} INFO - Processing /opt/conda/lib/python3.8/site-packages/airflow/example_dags/example_kubernetes_executor_config.py took 0.023 seconds
[2021-12-15 05:10:44,042] {processor.py:163} INFO - Started process (PID=2626) to work on /opt/conda/lib/python3.8/site-packages/airflow/example_dags/example_kubernetes_executor_config.py
[2021-12-15 05:10:44,043] {processor.py:620} INFO - Processing file /opt/conda/lib/python3.8/site-packages/airflow/example_dags/example_kubernetes_executor_config.py for tasks to queue
[2021-12-15 05:10:44,043] {logging_mixin.py:109} INFO - [2021-12-15 05:10:44,043] {dagbag.py:500} INFO - Filling up the DagBag from /opt/conda/lib/python3.8/site-packages/airflow/example_dags/example_kubernetes_executor_config.py
[2021-12-15 05:10:44,050] {logging_mixin.py:109} INFO - [2021-12-15 05:10:44,049] {example_kubernetes_executor_config.py:171} WARNING - Could not import DAGs in example_kubernetes_executor_config.py: No module named 'kubernetes'
[2021-12-15 05:10:44,050] {logging_mixin.py:109} INFO - [2021-12-15 05:10:44,050] {example_kubernetes_executor_config.py:172} WARNING - Install kubernetes dependencies with: pip install apache-airflow['cncf.kubernetes']
[2021-12-15 05:10:44,059] {processor.py:634} WARNING - No viable dags retrieved from /opt/conda/lib/python3.8/site-packages/airflow/example_dags/example_kubernetes_executor_config.py
[2021-12-15 05:10:44,062] {processor.py:171} INFO - Processing /opt/conda/lib/python3.8/site-packages/airflow/example_dags/example_kubernetes_executor_config.py took 0.022 seconds
[2021-12-15 05:11:23,747] {processor.py:163} INFO - Started process (PID=2906) to work on /opt/conda/lib/python3.8/site-packages/airflow/example_dags/example_kubernetes_executor_config.py
[2021-12-15 05:11:23,749] {processor.py:620} INFO - Processing file /opt/conda/lib/python3.8/site-packages/airflow/example_dags/example_kubernetes_executor_config.py for tasks to queue
[2021-12-15 05:11:23,749] {logging_mixin.py:109} INFO - [2021-12-15 05:11:23,749] {dagbag.py:500} INFO - Filling up the DagBag from /opt/conda/lib/python3.8/site-packages/airflow/example_dags/example_kubernetes_executor_config.py
[2021-12-15 05:11:23,755] {logging_mixin.py:109} INFO - [2021-12-15 05:11:23,755] {example_kubernetes_executor_config.py:171} WARNING - Could not import DAGs in example_kubernetes_executor_config.py: No module named 'kubernetes'
[2021-12-15 05:11:23,755] {logging_mixin.py:109} INFO - [2021-12-15 05:11:23,755] {example_kubernetes_executor_config.py:172} WARNING - Install kubernetes dependencies with: pip install apache-airflow['cncf.kubernetes']
[2021-12-15 05:11:23,766] {processor.py:634} WARNING - No viable dags retrieved from /opt/conda/lib/python3.8/site-packages/airflow/example_dags/example_kubernetes_executor_config.py
[2021-12-15 05:11:23,769] {processor.py:171} INFO - Processing /opt/conda/lib/python3.8/site-packages/airflow/example_dags/example_kubernetes_executor_config.py took 0.025 seconds
[2021-12-15 05:12:00,173] {processor.py:163} INFO - Started process (PID=3008) to work on /opt/conda/lib/python3.8/site-packages/airflow/example_dags/example_kubernetes_executor_config.py
[2021-12-15 05:12:00,174] {processor.py:620} INFO - Processing file /opt/conda/lib/python3.8/site-packages/airflow/example_dags/example_kubernetes_executor_config.py for tasks to queue
[2021-12-15 05:12:00,174] {logging_mixin.py:109} INFO - [2021-12-15 05:12:00,174] {dagbag.py:500} INFO - Filling up the DagBag from /opt/conda/lib/python3.8/site-packages/airflow/example_dags/example_kubernetes_executor_config.py
[2021-12-15 05:12:00,181] {logging_mixin.py:109} INFO - [2021-12-15 05:12:00,180] {example_kubernetes_executor_config.py:171} WARNING - Could not import DAGs in example_kubernetes_executor_config.py: No module named 'kubernetes'
[2021-12-15 05:12:00,181] {logging_mixin.py:109} INFO - [2021-12-15 05:12:00,181] {example_kubernetes_executor_config.py:172} WARNING - Install kubernetes dependencies with: pip install apache-airflow['cncf.kubernetes']
[2021-12-15 05:12:00,191] {processor.py:634} WARNING - No viable dags retrieved from /opt/conda/lib/python3.8/site-packages/airflow/example_dags/example_kubernetes_executor_config.py
[2021-12-15 05:12:00,194] {processor.py:171} INFO - Processing /opt/conda/lib/python3.8/site-packages/airflow/example_dags/example_kubernetes_executor_config.py took 0.024 seconds
[2021-12-15 05:12:35,378] {processor.py:163} INFO - Started process (PID=3164) to work on /opt/conda/lib/python3.8/site-packages/airflow/example_dags/example_kubernetes_executor_config.py
[2021-12-15 05:12:35,379] {processor.py:620} INFO - Processing file /opt/conda/lib/python3.8/site-packages/airflow/example_dags/example_kubernetes_executor_config.py for tasks to queue
[2021-12-15 05:12:35,379] {logging_mixin.py:109} INFO - [2021-12-15 05:12:35,379] {dagbag.py:500} INFO - Filling up the DagBag from /opt/conda/lib/python3.8/site-packages/airflow/example_dags/example_kubernetes_executor_config.py
[2021-12-15 05:12:35,385] {logging_mixin.py:109} INFO - [2021-12-15 05:12:35,385] {example_kubernetes_executor_config.py:171} WARNING - Could not import DAGs in example_kubernetes_executor_config.py: No module named 'kubernetes'
[2021-12-15 05:12:35,386] {logging_mixin.py:109} INFO - [2021-12-15 05:12:35,385] {example_kubernetes_executor_config.py:172} WARNING - Install kubernetes dependencies with: pip install apache-airflow['cncf.kubernetes']
[2021-12-15 05:12:35,395] {processor.py:634} WARNING - No viable dags retrieved from /opt/conda/lib/python3.8/site-packages/airflow/example_dags/example_kubernetes_executor_config.py
[2021-12-15 05:12:35,397] {processor.py:171} INFO - Processing /opt/conda/lib/python3.8/site-packages/airflow/example_dags/example_kubernetes_executor_config.py took 0.022 seconds
[2021-12-15 05:13:11,417] {processor.py:163} INFO - Started process (PID=3300) to work on /opt/conda/lib/python3.8/site-packages/airflow/example_dags/example_kubernetes_executor_config.py
[2021-12-15 05:13:11,418] {processor.py:620} INFO - Processing file /opt/conda/lib/python3.8/site-packages/airflow/example_dags/example_kubernetes_executor_config.py for tasks to queue
[2021-12-15 05:13:11,418] {logging_mixin.py:109} INFO - [2021-12-15 05:13:11,418] {dagbag.py:500} INFO - Filling up the DagBag from /opt/conda/lib/python3.8/site-packages/airflow/example_dags/example_kubernetes_executor_config.py
[2021-12-15 05:13:11,424] {logging_mixin.py:109} INFO - [2021-12-15 05:13:11,424] {example_kubernetes_executor_config.py:171} WARNING - Could not import DAGs in example_kubernetes_executor_config.py: No module named 'kubernetes'
[2021-12-15 05:13:11,425] {logging_mixin.py:109} INFO - [2021-12-15 05:13:11,425] {example_kubernetes_executor_config.py:172} WARNING - Install kubernetes dependencies with: pip install apache-airflow['cncf.kubernetes']
[2021-12-15 05:13:11,435] {processor.py:634} WARNING - No viable dags retrieved from /opt/conda/lib/python3.8/site-packages/airflow/example_dags/example_kubernetes_executor_config.py
[2021-12-15 05:13:11,438] {processor.py:171} INFO - Processing /opt/conda/lib/python3.8/site-packages/airflow/example_dags/example_kubernetes_executor_config.py took 0.025 seconds
[2021-12-15 05:13:46,094] {processor.py:163} INFO - Started process (PID=3432) to work on /opt/conda/lib/python3.8/site-packages/airflow/example_dags/example_kubernetes_executor_config.py
[2021-12-15 05:13:46,095] {processor.py:620} INFO - Processing file /opt/conda/lib/python3.8/site-packages/airflow/example_dags/example_kubernetes_executor_config.py for tasks to queue
[2021-12-15 05:13:46,096] {logging_mixin.py:109} INFO - [2021-12-15 05:13:46,096] {dagbag.py:500} INFO - Filling up the DagBag from /opt/conda/lib/python3.8/site-packages/airflow/example_dags/example_kubernetes_executor_config.py
[2021-12-15 05:13:46,102] {logging_mixin.py:109} INFO - [2021-12-15 05:13:46,102] {example_kubernetes_executor_config.py:171} WARNING - Could not import DAGs in example_kubernetes_executor_config.py: No module named 'kubernetes'
[2021-12-15 05:13:46,102] {logging_mixin.py:109} INFO - [2021-12-15 05:13:46,102] {example_kubernetes_executor_config.py:172} WARNING - Install kubernetes dependencies with: pip install apache-airflow['cncf.kubernetes']
[2021-12-15 05:13:46,118] {processor.py:634} WARNING - No viable dags retrieved from /opt/conda/lib/python3.8/site-packages/airflow/example_dags/example_kubernetes_executor_config.py
[2021-12-15 05:13:46,122] {processor.py:171} INFO - Processing /opt/conda/lib/python3.8/site-packages/airflow/example_dags/example_kubernetes_executor_config.py took 0.031 seconds
[2021-12-15 05:14:22,678] {processor.py:163} INFO - Started process (PID=3645) to work on /opt/conda/lib/python3.8/site-packages/airflow/example_dags/example_kubernetes_executor_config.py
[2021-12-15 05:14:22,679] {processor.py:620} INFO - Processing file /opt/conda/lib/python3.8/site-packages/airflow/example_dags/example_kubernetes_executor_config.py for tasks to queue
[2021-12-15 05:14:22,679] {logging_mixin.py:109} INFO - [2021-12-15 05:14:22,679] {dagbag.py:500} INFO - Filling up the DagBag from /opt/conda/lib/python3.8/site-packages/airflow/example_dags/example_kubernetes_executor_config.py
[2021-12-15 05:14:22,685] {logging_mixin.py:109} INFO - [2021-12-15 05:14:22,685] {example_kubernetes_executor_config.py:171} WARNING - Could not import DAGs in example_kubernetes_executor_config.py: No module named 'kubernetes'
[2021-12-15 05:14:22,686] {logging_mixin.py:109} INFO - [2021-12-15 05:14:22,686] {example_kubernetes_executor_config.py:172} WARNING - Install kubernetes dependencies with: pip install apache-airflow['cncf.kubernetes']
[2021-12-15 05:14:22,696] {processor.py:634} WARNING - No viable dags retrieved from /opt/conda/lib/python3.8/site-packages/airflow/example_dags/example_kubernetes_executor_config.py
[2021-12-15 05:14:22,699] {processor.py:171} INFO - Processing /opt/conda/lib/python3.8/site-packages/airflow/example_dags/example_kubernetes_executor_config.py took 0.024 seconds
