[2021-12-15 04:57:58,831] {processor.py:163} INFO - Started process (PID=63902) to work on /opt/conda/lib/python3.8/site-packages/airflow/example_dags/example_xcom.py
[2021-12-15 04:57:58,832] {processor.py:620} INFO - Processing file /opt/conda/lib/python3.8/site-packages/airflow/example_dags/example_xcom.py for tasks to queue
[2021-12-15 04:57:58,832] {logging_mixin.py:109} INFO - [2021-12-15 04:57:58,832] {dagbag.py:500} INFO - Filling up the DagBag from /opt/conda/lib/python3.8/site-packages/airflow/example_dags/example_xcom.py
[2021-12-15 04:57:58,854] {processor.py:632} INFO - DAG(s) dict_keys(['example_xcom']) retrieved from /opt/conda/lib/python3.8/site-packages/airflow/example_dags/example_xcom.py
[2021-12-15 04:57:58,858] {logging_mixin.py:109} WARNING - /opt/conda/lib/python3.8/site-packages/airflow/models/serialized_dag.py:120 SAWarning: TypeDecorator UtcDateTime(timezone=True) will not produce a cache key because the ``cache_ok`` attribute is not set to True.  This can have significant performance implications including some performance degradations in comparison to prior SQLAlchemy versions.  Set this attribute to True if this type object's state is safe to use in a cache key, or False to disable this warning. (Background on this error at: https://sqlalche.me/e/14/cprf)
[2021-12-15 04:57:59,116] {logging_mixin.py:109} INFO - [2021-12-15 04:57:59,115] {dag.py:2389} INFO - Sync 1 DAGs
[2021-12-15 04:57:59,124] {logging_mixin.py:109} WARNING - /opt/conda/lib/python3.8/site-packages/airflow/models/dag.py:2426 SAWarning: TypeDecorator UtcDateTime(timezone=True) will not produce a cache key because the ``cache_ok`` attribute is not set to True.  This can have significant performance implications including some performance degradations in comparison to prior SQLAlchemy versions.  Set this attribute to True if this type object's state is safe to use in a cache key, or False to disable this warning. (Background on this error at: https://sqlalche.me/e/14/cprf)
[2021-12-15 04:57:59,129] {logging_mixin.py:109} INFO - [2021-12-15 04:57:59,129] {dag.py:2914} INFO - Setting next_dagrun for example_xcom to 2021-01-01T00:00:00+00:00
[2021-12-15 04:57:59,143] {processor.py:171} INFO - Processing /opt/conda/lib/python3.8/site-packages/airflow/example_dags/example_xcom.py took 0.314 seconds
[2021-12-15 04:58:34,067] {processor.py:163} INFO - Started process (PID=64198) to work on /opt/conda/lib/python3.8/site-packages/airflow/example_dags/example_xcom.py
[2021-12-15 04:58:34,070] {processor.py:620} INFO - Processing file /opt/conda/lib/python3.8/site-packages/airflow/example_dags/example_xcom.py for tasks to queue
[2021-12-15 04:58:34,070] {logging_mixin.py:109} INFO - [2021-12-15 04:58:34,070] {dagbag.py:500} INFO - Filling up the DagBag from /opt/conda/lib/python3.8/site-packages/airflow/example_dags/example_xcom.py
[2021-12-15 04:58:34,093] {processor.py:632} INFO - DAG(s) dict_keys(['example_xcom']) retrieved from /opt/conda/lib/python3.8/site-packages/airflow/example_dags/example_xcom.py
[2021-12-15 04:58:34,097] {logging_mixin.py:109} WARNING - /opt/conda/lib/python3.8/site-packages/airflow/models/serialized_dag.py:120 SAWarning: TypeDecorator UtcDateTime(timezone=True) will not produce a cache key because the ``cache_ok`` attribute is not set to True.  This can have significant performance implications including some performance degradations in comparison to prior SQLAlchemy versions.  Set this attribute to True if this type object's state is safe to use in a cache key, or False to disable this warning. (Background on this error at: https://sqlalche.me/e/14/cprf)
[2021-12-15 04:58:34,342] {logging_mixin.py:109} INFO - [2021-12-15 04:58:34,342] {dag.py:2389} INFO - Sync 1 DAGs
[2021-12-15 04:58:34,350] {logging_mixin.py:109} WARNING - /opt/conda/lib/python3.8/site-packages/airflow/models/dag.py:2426 SAWarning: TypeDecorator UtcDateTime(timezone=True) will not produce a cache key because the ``cache_ok`` attribute is not set to True.  This can have significant performance implications including some performance degradations in comparison to prior SQLAlchemy versions.  Set this attribute to True if this type object's state is safe to use in a cache key, or False to disable this warning. (Background on this error at: https://sqlalche.me/e/14/cprf)
[2021-12-15 04:58:34,354] {logging_mixin.py:109} INFO - [2021-12-15 04:58:34,354] {dag.py:2914} INFO - Setting next_dagrun for example_xcom to 2021-01-01T00:00:00+00:00
[2021-12-15 04:58:34,366] {processor.py:171} INFO - Processing /opt/conda/lib/python3.8/site-packages/airflow/example_dags/example_xcom.py took 0.302 seconds
[2021-12-15 05:04:29,459] {processor.py:163} INFO - Started process (PID=932) to work on /opt/conda/lib/python3.8/site-packages/airflow/example_dags/example_xcom.py
[2021-12-15 05:04:29,460] {processor.py:620} INFO - Processing file /opt/conda/lib/python3.8/site-packages/airflow/example_dags/example_xcom.py for tasks to queue
[2021-12-15 05:04:29,460] {logging_mixin.py:109} INFO - [2021-12-15 05:04:29,460] {dagbag.py:500} INFO - Filling up the DagBag from /opt/conda/lib/python3.8/site-packages/airflow/example_dags/example_xcom.py
[2021-12-15 05:04:29,483] {processor.py:632} INFO - DAG(s) dict_keys(['example_xcom']) retrieved from /opt/conda/lib/python3.8/site-packages/airflow/example_dags/example_xcom.py
[2021-12-15 05:04:29,487] {logging_mixin.py:109} WARNING - /opt/conda/lib/python3.8/site-packages/airflow/models/serialized_dag.py:120 SAWarning: TypeDecorator UtcDateTime(timezone=True) will not produce a cache key because the ``cache_ok`` attribute is not set to True.  This can have significant performance implications including some performance degradations in comparison to prior SQLAlchemy versions.  Set this attribute to True if this type object's state is safe to use in a cache key, or False to disable this warning. (Background on this error at: https://sqlalche.me/e/14/cprf)
[2021-12-15 05:04:29,744] {logging_mixin.py:109} INFO - [2021-12-15 05:04:29,743] {dag.py:2389} INFO - Sync 1 DAGs
[2021-12-15 05:04:29,752] {logging_mixin.py:109} WARNING - /opt/conda/lib/python3.8/site-packages/airflow/models/dag.py:2426 SAWarning: TypeDecorator UtcDateTime(timezone=True) will not produce a cache key because the ``cache_ok`` attribute is not set to True.  This can have significant performance implications including some performance degradations in comparison to prior SQLAlchemy versions.  Set this attribute to True if this type object's state is safe to use in a cache key, or False to disable this warning. (Background on this error at: https://sqlalche.me/e/14/cprf)
[2021-12-15 05:04:29,758] {logging_mixin.py:109} INFO - [2021-12-15 05:04:29,757] {dag.py:2914} INFO - Setting next_dagrun for example_xcom to 2021-01-01T00:00:00+00:00
[2021-12-15 05:04:29,770] {processor.py:171} INFO - Processing /opt/conda/lib/python3.8/site-packages/airflow/example_dags/example_xcom.py took 0.315 seconds
[2021-12-15 05:05:04,689] {processor.py:163} INFO - Started process (PID=1117) to work on /opt/conda/lib/python3.8/site-packages/airflow/example_dags/example_xcom.py
[2021-12-15 05:05:04,692] {processor.py:620} INFO - Processing file /opt/conda/lib/python3.8/site-packages/airflow/example_dags/example_xcom.py for tasks to queue
[2021-12-15 05:05:04,692] {logging_mixin.py:109} INFO - [2021-12-15 05:05:04,692] {dagbag.py:500} INFO - Filling up the DagBag from /opt/conda/lib/python3.8/site-packages/airflow/example_dags/example_xcom.py
[2021-12-15 05:05:04,719] {processor.py:632} INFO - DAG(s) dict_keys(['example_xcom']) retrieved from /opt/conda/lib/python3.8/site-packages/airflow/example_dags/example_xcom.py
[2021-12-15 05:05:04,723] {logging_mixin.py:109} WARNING - /opt/conda/lib/python3.8/site-packages/airflow/models/serialized_dag.py:120 SAWarning: TypeDecorator UtcDateTime(timezone=True) will not produce a cache key because the ``cache_ok`` attribute is not set to True.  This can have significant performance implications including some performance degradations in comparison to prior SQLAlchemy versions.  Set this attribute to True if this type object's state is safe to use in a cache key, or False to disable this warning. (Background on this error at: https://sqlalche.me/e/14/cprf)
[2021-12-15 05:05:04,993] {logging_mixin.py:109} INFO - [2021-12-15 05:05:04,993] {dag.py:2389} INFO - Sync 1 DAGs
[2021-12-15 05:05:05,002] {logging_mixin.py:109} WARNING - /opt/conda/lib/python3.8/site-packages/airflow/models/dag.py:2426 SAWarning: TypeDecorator UtcDateTime(timezone=True) will not produce a cache key because the ``cache_ok`` attribute is not set to True.  This can have significant performance implications including some performance degradations in comparison to prior SQLAlchemy versions.  Set this attribute to True if this type object's state is safe to use in a cache key, or False to disable this warning. (Background on this error at: https://sqlalche.me/e/14/cprf)
[2021-12-15 05:05:05,006] {logging_mixin.py:109} INFO - [2021-12-15 05:05:05,006] {dag.py:2914} INFO - Setting next_dagrun for example_xcom to 2021-01-01T00:00:00+00:00
[2021-12-15 05:05:05,018] {processor.py:171} INFO - Processing /opt/conda/lib/python3.8/site-packages/airflow/example_dags/example_xcom.py took 0.331 seconds
[2021-12-15 05:05:39,624] {processor.py:163} INFO - Started process (PID=1395) to work on /opt/conda/lib/python3.8/site-packages/airflow/example_dags/example_xcom.py
[2021-12-15 05:05:39,625] {processor.py:620} INFO - Processing file /opt/conda/lib/python3.8/site-packages/airflow/example_dags/example_xcom.py for tasks to queue
[2021-12-15 05:05:39,625] {logging_mixin.py:109} INFO - [2021-12-15 05:05:39,625] {dagbag.py:500} INFO - Filling up the DagBag from /opt/conda/lib/python3.8/site-packages/airflow/example_dags/example_xcom.py
[2021-12-15 05:05:39,658] {processor.py:632} INFO - DAG(s) dict_keys(['example_xcom']) retrieved from /opt/conda/lib/python3.8/site-packages/airflow/example_dags/example_xcom.py
[2021-12-15 05:05:39,662] {logging_mixin.py:109} WARNING - /opt/conda/lib/python3.8/site-packages/airflow/models/serialized_dag.py:120 SAWarning: TypeDecorator UtcDateTime(timezone=True) will not produce a cache key because the ``cache_ok`` attribute is not set to True.  This can have significant performance implications including some performance degradations in comparison to prior SQLAlchemy versions.  Set this attribute to True if this type object's state is safe to use in a cache key, or False to disable this warning. (Background on this error at: https://sqlalche.me/e/14/cprf)
[2021-12-15 05:05:39,922] {logging_mixin.py:109} INFO - [2021-12-15 05:05:39,921] {dag.py:2389} INFO - Sync 1 DAGs
[2021-12-15 05:05:39,930] {logging_mixin.py:109} WARNING - /opt/conda/lib/python3.8/site-packages/airflow/models/dag.py:2426 SAWarning: TypeDecorator UtcDateTime(timezone=True) will not produce a cache key because the ``cache_ok`` attribute is not set to True.  This can have significant performance implications including some performance degradations in comparison to prior SQLAlchemy versions.  Set this attribute to True if this type object's state is safe to use in a cache key, or False to disable this warning. (Background on this error at: https://sqlalche.me/e/14/cprf)
[2021-12-15 05:05:39,934] {logging_mixin.py:109} INFO - [2021-12-15 05:05:39,934] {dag.py:2914} INFO - Setting next_dagrun for example_xcom to 2021-01-01T00:00:00+00:00
[2021-12-15 05:05:39,945] {processor.py:171} INFO - Processing /opt/conda/lib/python3.8/site-packages/airflow/example_dags/example_xcom.py took 0.324 seconds
[2021-12-15 05:06:12,487] {processor.py:163} INFO - Started process (PID=1498) to work on /opt/conda/lib/python3.8/site-packages/airflow/example_dags/example_xcom.py
[2021-12-15 05:06:12,487] {processor.py:620} INFO - Processing file /opt/conda/lib/python3.8/site-packages/airflow/example_dags/example_xcom.py for tasks to queue
[2021-12-15 05:06:12,488] {logging_mixin.py:109} INFO - [2021-12-15 05:06:12,488] {dagbag.py:500} INFO - Filling up the DagBag from /opt/conda/lib/python3.8/site-packages/airflow/example_dags/example_xcom.py
[2021-12-15 05:06:12,510] {processor.py:632} INFO - DAG(s) dict_keys(['example_xcom']) retrieved from /opt/conda/lib/python3.8/site-packages/airflow/example_dags/example_xcom.py
[2021-12-15 05:06:12,514] {logging_mixin.py:109} WARNING - /opt/conda/lib/python3.8/site-packages/airflow/models/serialized_dag.py:120 SAWarning: TypeDecorator UtcDateTime(timezone=True) will not produce a cache key because the ``cache_ok`` attribute is not set to True.  This can have significant performance implications including some performance degradations in comparison to prior SQLAlchemy versions.  Set this attribute to True if this type object's state is safe to use in a cache key, or False to disable this warning. (Background on this error at: https://sqlalche.me/e/14/cprf)
[2021-12-15 05:06:12,779] {logging_mixin.py:109} INFO - [2021-12-15 05:06:12,779] {dag.py:2389} INFO - Sync 1 DAGs
[2021-12-15 05:06:12,787] {logging_mixin.py:109} WARNING - /opt/conda/lib/python3.8/site-packages/airflow/models/dag.py:2426 SAWarning: TypeDecorator UtcDateTime(timezone=True) will not produce a cache key because the ``cache_ok`` attribute is not set to True.  This can have significant performance implications including some performance degradations in comparison to prior SQLAlchemy versions.  Set this attribute to True if this type object's state is safe to use in a cache key, or False to disable this warning. (Background on this error at: https://sqlalche.me/e/14/cprf)
[2021-12-15 05:06:12,792] {logging_mixin.py:109} INFO - [2021-12-15 05:06:12,792] {dag.py:2914} INFO - Setting next_dagrun for example_xcom to 2021-01-01T00:00:00+00:00
[2021-12-15 05:06:12,806] {processor.py:171} INFO - Processing /opt/conda/lib/python3.8/site-packages/airflow/example_dags/example_xcom.py took 0.322 seconds
[2021-12-15 05:06:47,307] {processor.py:163} INFO - Started process (PID=1646) to work on /opt/conda/lib/python3.8/site-packages/airflow/example_dags/example_xcom.py
[2021-12-15 05:06:47,308] {processor.py:620} INFO - Processing file /opt/conda/lib/python3.8/site-packages/airflow/example_dags/example_xcom.py for tasks to queue
[2021-12-15 05:06:47,308] {logging_mixin.py:109} INFO - [2021-12-15 05:06:47,308] {dagbag.py:500} INFO - Filling up the DagBag from /opt/conda/lib/python3.8/site-packages/airflow/example_dags/example_xcom.py
[2021-12-15 05:06:47,330] {processor.py:632} INFO - DAG(s) dict_keys(['example_xcom']) retrieved from /opt/conda/lib/python3.8/site-packages/airflow/example_dags/example_xcom.py
[2021-12-15 05:06:47,335] {logging_mixin.py:109} WARNING - /opt/conda/lib/python3.8/site-packages/airflow/models/serialized_dag.py:120 SAWarning: TypeDecorator UtcDateTime(timezone=True) will not produce a cache key because the ``cache_ok`` attribute is not set to True.  This can have significant performance implications including some performance degradations in comparison to prior SQLAlchemy versions.  Set this attribute to True if this type object's state is safe to use in a cache key, or False to disable this warning. (Background on this error at: https://sqlalche.me/e/14/cprf)
[2021-12-15 05:06:47,587] {logging_mixin.py:109} INFO - [2021-12-15 05:06:47,587] {dag.py:2389} INFO - Sync 1 DAGs
[2021-12-15 05:06:47,595] {logging_mixin.py:109} WARNING - /opt/conda/lib/python3.8/site-packages/airflow/models/dag.py:2426 SAWarning: TypeDecorator UtcDateTime(timezone=True) will not produce a cache key because the ``cache_ok`` attribute is not set to True.  This can have significant performance implications including some performance degradations in comparison to prior SQLAlchemy versions.  Set this attribute to True if this type object's state is safe to use in a cache key, or False to disable this warning. (Background on this error at: https://sqlalche.me/e/14/cprf)
[2021-12-15 05:06:47,600] {logging_mixin.py:109} INFO - [2021-12-15 05:06:47,600] {dag.py:2914} INFO - Setting next_dagrun for example_xcom to 2021-01-01T00:00:00+00:00
[2021-12-15 05:06:47,613] {processor.py:171} INFO - Processing /opt/conda/lib/python3.8/site-packages/airflow/example_dags/example_xcom.py took 0.310 seconds
[2021-12-15 05:07:22,503] {processor.py:163} INFO - Started process (PID=1731) to work on /opt/conda/lib/python3.8/site-packages/airflow/example_dags/example_xcom.py
[2021-12-15 05:07:22,504] {processor.py:620} INFO - Processing file /opt/conda/lib/python3.8/site-packages/airflow/example_dags/example_xcom.py for tasks to queue
[2021-12-15 05:07:22,504] {logging_mixin.py:109} INFO - [2021-12-15 05:07:22,504] {dagbag.py:500} INFO - Filling up the DagBag from /opt/conda/lib/python3.8/site-packages/airflow/example_dags/example_xcom.py
[2021-12-15 05:07:22,526] {processor.py:632} INFO - DAG(s) dict_keys(['example_xcom']) retrieved from /opt/conda/lib/python3.8/site-packages/airflow/example_dags/example_xcom.py
[2021-12-15 05:07:22,530] {logging_mixin.py:109} WARNING - /opt/conda/lib/python3.8/site-packages/airflow/models/serialized_dag.py:120 SAWarning: TypeDecorator UtcDateTime(timezone=True) will not produce a cache key because the ``cache_ok`` attribute is not set to True.  This can have significant performance implications including some performance degradations in comparison to prior SQLAlchemy versions.  Set this attribute to True if this type object's state is safe to use in a cache key, or False to disable this warning. (Background on this error at: https://sqlalche.me/e/14/cprf)
[2021-12-15 05:07:22,795] {logging_mixin.py:109} INFO - [2021-12-15 05:07:22,795] {dag.py:2389} INFO - Sync 1 DAGs
[2021-12-15 05:07:22,804] {logging_mixin.py:109} WARNING - /opt/conda/lib/python3.8/site-packages/airflow/models/dag.py:2426 SAWarning: TypeDecorator UtcDateTime(timezone=True) will not produce a cache key because the ``cache_ok`` attribute is not set to True.  This can have significant performance implications including some performance degradations in comparison to prior SQLAlchemy versions.  Set this attribute to True if this type object's state is safe to use in a cache key, or False to disable this warning. (Background on this error at: https://sqlalche.me/e/14/cprf)
[2021-12-15 05:07:22,808] {logging_mixin.py:109} INFO - [2021-12-15 05:07:22,808] {dag.py:2914} INFO - Setting next_dagrun for example_xcom to 2021-01-01T00:00:00+00:00
[2021-12-15 05:07:22,822] {processor.py:171} INFO - Processing /opt/conda/lib/python3.8/site-packages/airflow/example_dags/example_xcom.py took 0.322 seconds
[2021-12-15 05:07:56,523] {processor.py:163} INFO - Started process (PID=1815) to work on /opt/conda/lib/python3.8/site-packages/airflow/example_dags/example_xcom.py
[2021-12-15 05:07:56,524] {processor.py:620} INFO - Processing file /opt/conda/lib/python3.8/site-packages/airflow/example_dags/example_xcom.py for tasks to queue
[2021-12-15 05:07:56,524] {logging_mixin.py:109} INFO - [2021-12-15 05:07:56,524] {dagbag.py:500} INFO - Filling up the DagBag from /opt/conda/lib/python3.8/site-packages/airflow/example_dags/example_xcom.py
[2021-12-15 05:07:56,546] {processor.py:632} INFO - DAG(s) dict_keys(['example_xcom']) retrieved from /opt/conda/lib/python3.8/site-packages/airflow/example_dags/example_xcom.py
[2021-12-15 05:07:56,551] {logging_mixin.py:109} WARNING - /opt/conda/lib/python3.8/site-packages/airflow/models/serialized_dag.py:120 SAWarning: TypeDecorator UtcDateTime(timezone=True) will not produce a cache key because the ``cache_ok`` attribute is not set to True.  This can have significant performance implications including some performance degradations in comparison to prior SQLAlchemy versions.  Set this attribute to True if this type object's state is safe to use in a cache key, or False to disable this warning. (Background on this error at: https://sqlalche.me/e/14/cprf)
[2021-12-15 05:07:56,808] {logging_mixin.py:109} INFO - [2021-12-15 05:07:56,808] {dag.py:2389} INFO - Sync 1 DAGs
[2021-12-15 05:07:56,816] {logging_mixin.py:109} WARNING - /opt/conda/lib/python3.8/site-packages/airflow/models/dag.py:2426 SAWarning: TypeDecorator UtcDateTime(timezone=True) will not produce a cache key because the ``cache_ok`` attribute is not set to True.  This can have significant performance implications including some performance degradations in comparison to prior SQLAlchemy versions.  Set this attribute to True if this type object's state is safe to use in a cache key, or False to disable this warning. (Background on this error at: https://sqlalche.me/e/14/cprf)
[2021-12-15 05:07:56,820] {logging_mixin.py:109} INFO - [2021-12-15 05:07:56,820] {dag.py:2914} INFO - Setting next_dagrun for example_xcom to 2021-01-01T00:00:00+00:00
[2021-12-15 05:07:56,834] {processor.py:171} INFO - Processing /opt/conda/lib/python3.8/site-packages/airflow/example_dags/example_xcom.py took 0.313 seconds
[2021-12-15 05:08:32,252] {processor.py:163} INFO - Started process (PID=1908) to work on /opt/conda/lib/python3.8/site-packages/airflow/example_dags/example_xcom.py
[2021-12-15 05:08:32,253] {processor.py:620} INFO - Processing file /opt/conda/lib/python3.8/site-packages/airflow/example_dags/example_xcom.py for tasks to queue
[2021-12-15 05:08:32,253] {logging_mixin.py:109} INFO - [2021-12-15 05:08:32,253] {dagbag.py:500} INFO - Filling up the DagBag from /opt/conda/lib/python3.8/site-packages/airflow/example_dags/example_xcom.py
[2021-12-15 05:08:32,276] {processor.py:632} INFO - DAG(s) dict_keys(['example_xcom']) retrieved from /opt/conda/lib/python3.8/site-packages/airflow/example_dags/example_xcom.py
[2021-12-15 05:08:32,281] {logging_mixin.py:109} WARNING - /opt/conda/lib/python3.8/site-packages/airflow/models/serialized_dag.py:120 SAWarning: TypeDecorator UtcDateTime(timezone=True) will not produce a cache key because the ``cache_ok`` attribute is not set to True.  This can have significant performance implications including some performance degradations in comparison to prior SQLAlchemy versions.  Set this attribute to True if this type object's state is safe to use in a cache key, or False to disable this warning. (Background on this error at: https://sqlalche.me/e/14/cprf)
[2021-12-15 05:08:32,539] {logging_mixin.py:109} INFO - [2021-12-15 05:08:32,539] {dag.py:2389} INFO - Sync 1 DAGs
[2021-12-15 05:08:32,547] {logging_mixin.py:109} WARNING - /opt/conda/lib/python3.8/site-packages/airflow/models/dag.py:2426 SAWarning: TypeDecorator UtcDateTime(timezone=True) will not produce a cache key because the ``cache_ok`` attribute is not set to True.  This can have significant performance implications including some performance degradations in comparison to prior SQLAlchemy versions.  Set this attribute to True if this type object's state is safe to use in a cache key, or False to disable this warning. (Background on this error at: https://sqlalche.me/e/14/cprf)
[2021-12-15 05:08:32,554] {logging_mixin.py:109} INFO - [2021-12-15 05:08:32,553] {dag.py:2914} INFO - Setting next_dagrun for example_xcom to 2021-01-01T00:00:00+00:00
[2021-12-15 05:08:32,566] {processor.py:171} INFO - Processing /opt/conda/lib/python3.8/site-packages/airflow/example_dags/example_xcom.py took 0.318 seconds
[2021-12-15 05:09:06,680] {processor.py:163} INFO - Started process (PID=2014) to work on /opt/conda/lib/python3.8/site-packages/airflow/example_dags/example_xcom.py
[2021-12-15 05:09:06,681] {processor.py:620} INFO - Processing file /opt/conda/lib/python3.8/site-packages/airflow/example_dags/example_xcom.py for tasks to queue
[2021-12-15 05:09:06,682] {logging_mixin.py:109} INFO - [2021-12-15 05:09:06,682] {dagbag.py:500} INFO - Filling up the DagBag from /opt/conda/lib/python3.8/site-packages/airflow/example_dags/example_xcom.py
[2021-12-15 05:09:06,704] {processor.py:632} INFO - DAG(s) dict_keys(['example_xcom']) retrieved from /opt/conda/lib/python3.8/site-packages/airflow/example_dags/example_xcom.py
[2021-12-15 05:09:06,708] {logging_mixin.py:109} WARNING - /opt/conda/lib/python3.8/site-packages/airflow/models/serialized_dag.py:120 SAWarning: TypeDecorator UtcDateTime(timezone=True) will not produce a cache key because the ``cache_ok`` attribute is not set to True.  This can have significant performance implications including some performance degradations in comparison to prior SQLAlchemy versions.  Set this attribute to True if this type object's state is safe to use in a cache key, or False to disable this warning. (Background on this error at: https://sqlalche.me/e/14/cprf)
[2021-12-15 05:09:06,961] {logging_mixin.py:109} INFO - [2021-12-15 05:09:06,961] {dag.py:2389} INFO - Sync 1 DAGs
[2021-12-15 05:09:06,971] {logging_mixin.py:109} WARNING - /opt/conda/lib/python3.8/site-packages/airflow/models/dag.py:2426 SAWarning: TypeDecorator UtcDateTime(timezone=True) will not produce a cache key because the ``cache_ok`` attribute is not set to True.  This can have significant performance implications including some performance degradations in comparison to prior SQLAlchemy versions.  Set this attribute to True if this type object's state is safe to use in a cache key, or False to disable this warning. (Background on this error at: https://sqlalche.me/e/14/cprf)
[2021-12-15 05:09:06,975] {logging_mixin.py:109} INFO - [2021-12-15 05:09:06,975] {dag.py:2914} INFO - Setting next_dagrun for example_xcom to 2021-01-01T00:00:00+00:00
[2021-12-15 05:09:06,986] {processor.py:171} INFO - Processing /opt/conda/lib/python3.8/site-packages/airflow/example_dags/example_xcom.py took 0.309 seconds
[2021-12-15 05:09:43,844] {processor.py:163} INFO - Started process (PID=2275) to work on /opt/conda/lib/python3.8/site-packages/airflow/example_dags/example_xcom.py
[2021-12-15 05:09:43,845] {processor.py:620} INFO - Processing file /opt/conda/lib/python3.8/site-packages/airflow/example_dags/example_xcom.py for tasks to queue
[2021-12-15 05:09:43,846] {logging_mixin.py:109} INFO - [2021-12-15 05:09:43,846] {dagbag.py:500} INFO - Filling up the DagBag from /opt/conda/lib/python3.8/site-packages/airflow/example_dags/example_xcom.py
[2021-12-15 05:09:43,869] {processor.py:632} INFO - DAG(s) dict_keys(['example_xcom']) retrieved from /opt/conda/lib/python3.8/site-packages/airflow/example_dags/example_xcom.py
[2021-12-15 05:09:43,873] {logging_mixin.py:109} WARNING - /opt/conda/lib/python3.8/site-packages/airflow/models/serialized_dag.py:120 SAWarning: TypeDecorator UtcDateTime(timezone=True) will not produce a cache key because the ``cache_ok`` attribute is not set to True.  This can have significant performance implications including some performance degradations in comparison to prior SQLAlchemy versions.  Set this attribute to True if this type object's state is safe to use in a cache key, or False to disable this warning. (Background on this error at: https://sqlalche.me/e/14/cprf)
[2021-12-15 05:09:44,142] {logging_mixin.py:109} INFO - [2021-12-15 05:09:44,141] {dag.py:2389} INFO - Sync 1 DAGs
[2021-12-15 05:09:44,152] {logging_mixin.py:109} WARNING - /opt/conda/lib/python3.8/site-packages/airflow/models/dag.py:2426 SAWarning: TypeDecorator UtcDateTime(timezone=True) will not produce a cache key because the ``cache_ok`` attribute is not set to True.  This can have significant performance implications including some performance degradations in comparison to prior SQLAlchemy versions.  Set this attribute to True if this type object's state is safe to use in a cache key, or False to disable this warning. (Background on this error at: https://sqlalche.me/e/14/cprf)
[2021-12-15 05:09:44,156] {logging_mixin.py:109} INFO - [2021-12-15 05:09:44,156] {dag.py:2914} INFO - Setting next_dagrun for example_xcom to 2021-01-01T00:00:00+00:00
[2021-12-15 05:09:44,168] {processor.py:171} INFO - Processing /opt/conda/lib/python3.8/site-packages/airflow/example_dags/example_xcom.py took 0.326 seconds
[2021-12-15 05:10:21,600] {processor.py:163} INFO - Started process (PID=2435) to work on /opt/conda/lib/python3.8/site-packages/airflow/example_dags/example_xcom.py
[2021-12-15 05:10:21,601] {processor.py:620} INFO - Processing file /opt/conda/lib/python3.8/site-packages/airflow/example_dags/example_xcom.py for tasks to queue
[2021-12-15 05:10:21,601] {logging_mixin.py:109} INFO - [2021-12-15 05:10:21,601] {dagbag.py:500} INFO - Filling up the DagBag from /opt/conda/lib/python3.8/site-packages/airflow/example_dags/example_xcom.py
[2021-12-15 05:10:21,625] {processor.py:632} INFO - DAG(s) dict_keys(['example_xcom']) retrieved from /opt/conda/lib/python3.8/site-packages/airflow/example_dags/example_xcom.py
[2021-12-15 05:10:21,630] {logging_mixin.py:109} WARNING - /opt/conda/lib/python3.8/site-packages/airflow/models/serialized_dag.py:120 SAWarning: TypeDecorator UtcDateTime(timezone=True) will not produce a cache key because the ``cache_ok`` attribute is not set to True.  This can have significant performance implications including some performance degradations in comparison to prior SQLAlchemy versions.  Set this attribute to True if this type object's state is safe to use in a cache key, or False to disable this warning. (Background on this error at: https://sqlalche.me/e/14/cprf)
[2021-12-15 05:10:21,900] {logging_mixin.py:109} INFO - [2021-12-15 05:10:21,900] {dag.py:2389} INFO - Sync 1 DAGs
[2021-12-15 05:10:21,909] {logging_mixin.py:109} WARNING - /opt/conda/lib/python3.8/site-packages/airflow/models/dag.py:2426 SAWarning: TypeDecorator UtcDateTime(timezone=True) will not produce a cache key because the ``cache_ok`` attribute is not set to True.  This can have significant performance implications including some performance degradations in comparison to prior SQLAlchemy versions.  Set this attribute to True if this type object's state is safe to use in a cache key, or False to disable this warning. (Background on this error at: https://sqlalche.me/e/14/cprf)
[2021-12-15 05:10:21,914] {logging_mixin.py:109} INFO - [2021-12-15 05:10:21,914] {dag.py:2914} INFO - Setting next_dagrun for example_xcom to 2021-01-01T00:00:00+00:00
[2021-12-15 05:10:21,925] {processor.py:171} INFO - Processing /opt/conda/lib/python3.8/site-packages/airflow/example_dags/example_xcom.py took 0.329 seconds
[2021-12-15 05:11:07,997] {processor.py:163} INFO - Started process (PID=2840) to work on /opt/conda/lib/python3.8/site-packages/airflow/example_dags/example_xcom.py
[2021-12-15 05:11:07,998] {processor.py:620} INFO - Processing file /opt/conda/lib/python3.8/site-packages/airflow/example_dags/example_xcom.py for tasks to queue
[2021-12-15 05:11:07,998] {logging_mixin.py:109} INFO - [2021-12-15 05:11:07,998] {dagbag.py:500} INFO - Filling up the DagBag from /opt/conda/lib/python3.8/site-packages/airflow/example_dags/example_xcom.py
[2021-12-15 05:11:08,021] {processor.py:632} INFO - DAG(s) dict_keys(['example_xcom']) retrieved from /opt/conda/lib/python3.8/site-packages/airflow/example_dags/example_xcom.py
[2021-12-15 05:11:08,025] {logging_mixin.py:109} WARNING - /opt/conda/lib/python3.8/site-packages/airflow/models/serialized_dag.py:120 SAWarning: TypeDecorator UtcDateTime(timezone=True) will not produce a cache key because the ``cache_ok`` attribute is not set to True.  This can have significant performance implications including some performance degradations in comparison to prior SQLAlchemy versions.  Set this attribute to True if this type object's state is safe to use in a cache key, or False to disable this warning. (Background on this error at: https://sqlalche.me/e/14/cprf)
[2021-12-15 05:11:08,292] {logging_mixin.py:109} INFO - [2021-12-15 05:11:08,292] {dag.py:2389} INFO - Sync 1 DAGs
[2021-12-15 05:11:08,302] {logging_mixin.py:109} WARNING - /opt/conda/lib/python3.8/site-packages/airflow/models/dag.py:2426 SAWarning: TypeDecorator UtcDateTime(timezone=True) will not produce a cache key because the ``cache_ok`` attribute is not set to True.  This can have significant performance implications including some performance degradations in comparison to prior SQLAlchemy versions.  Set this attribute to True if this type object's state is safe to use in a cache key, or False to disable this warning. (Background on this error at: https://sqlalche.me/e/14/cprf)
[2021-12-15 05:11:08,306] {logging_mixin.py:109} INFO - [2021-12-15 05:11:08,306] {dag.py:2914} INFO - Setting next_dagrun for example_xcom to 2021-01-01T00:00:00+00:00
[2021-12-15 05:11:08,318] {processor.py:171} INFO - Processing /opt/conda/lib/python3.8/site-packages/airflow/example_dags/example_xcom.py took 0.324 seconds
[2021-12-15 05:11:43,235] {processor.py:163} INFO - Started process (PID=2955) to work on /opt/conda/lib/python3.8/site-packages/airflow/example_dags/example_xcom.py
[2021-12-15 05:11:43,236] {processor.py:620} INFO - Processing file /opt/conda/lib/python3.8/site-packages/airflow/example_dags/example_xcom.py for tasks to queue
[2021-12-15 05:11:43,236] {logging_mixin.py:109} INFO - [2021-12-15 05:11:43,236] {dagbag.py:500} INFO - Filling up the DagBag from /opt/conda/lib/python3.8/site-packages/airflow/example_dags/example_xcom.py
[2021-12-15 05:11:43,259] {processor.py:632} INFO - DAG(s) dict_keys(['example_xcom']) retrieved from /opt/conda/lib/python3.8/site-packages/airflow/example_dags/example_xcom.py
[2021-12-15 05:11:43,263] {logging_mixin.py:109} WARNING - /opt/conda/lib/python3.8/site-packages/airflow/models/serialized_dag.py:120 SAWarning: TypeDecorator UtcDateTime(timezone=True) will not produce a cache key because the ``cache_ok`` attribute is not set to True.  This can have significant performance implications including some performance degradations in comparison to prior SQLAlchemy versions.  Set this attribute to True if this type object's state is safe to use in a cache key, or False to disable this warning. (Background on this error at: https://sqlalche.me/e/14/cprf)
[2021-12-15 05:11:43,516] {logging_mixin.py:109} INFO - [2021-12-15 05:11:43,515] {dag.py:2389} INFO - Sync 1 DAGs
[2021-12-15 05:11:43,524] {logging_mixin.py:109} WARNING - /opt/conda/lib/python3.8/site-packages/airflow/models/dag.py:2426 SAWarning: TypeDecorator UtcDateTime(timezone=True) will not produce a cache key because the ``cache_ok`` attribute is not set to True.  This can have significant performance implications including some performance degradations in comparison to prior SQLAlchemy versions.  Set this attribute to True if this type object's state is safe to use in a cache key, or False to disable this warning. (Background on this error at: https://sqlalche.me/e/14/cprf)
[2021-12-15 05:11:43,528] {logging_mixin.py:109} INFO - [2021-12-15 05:11:43,528] {dag.py:2914} INFO - Setting next_dagrun for example_xcom to 2021-01-01T00:00:00+00:00
[2021-12-15 05:11:43,541] {processor.py:171} INFO - Processing /opt/conda/lib/python3.8/site-packages/airflow/example_dags/example_xcom.py took 0.309 seconds
[2021-12-15 05:12:23,653] {processor.py:163} INFO - Started process (PID=3086) to work on /opt/conda/lib/python3.8/site-packages/airflow/example_dags/example_xcom.py
[2021-12-15 05:12:23,654] {processor.py:620} INFO - Processing file /opt/conda/lib/python3.8/site-packages/airflow/example_dags/example_xcom.py for tasks to queue
[2021-12-15 05:12:23,654] {logging_mixin.py:109} INFO - [2021-12-15 05:12:23,654] {dagbag.py:500} INFO - Filling up the DagBag from /opt/conda/lib/python3.8/site-packages/airflow/example_dags/example_xcom.py
[2021-12-15 05:12:23,677] {processor.py:632} INFO - DAG(s) dict_keys(['example_xcom']) retrieved from /opt/conda/lib/python3.8/site-packages/airflow/example_dags/example_xcom.py
[2021-12-15 05:12:23,681] {logging_mixin.py:109} WARNING - /opt/conda/lib/python3.8/site-packages/airflow/models/serialized_dag.py:120 SAWarning: TypeDecorator UtcDateTime(timezone=True) will not produce a cache key because the ``cache_ok`` attribute is not set to True.  This can have significant performance implications including some performance degradations in comparison to prior SQLAlchemy versions.  Set this attribute to True if this type object's state is safe to use in a cache key, or False to disable this warning. (Background on this error at: https://sqlalche.me/e/14/cprf)
[2021-12-15 05:12:23,940] {logging_mixin.py:109} INFO - [2021-12-15 05:12:23,940] {dag.py:2389} INFO - Sync 1 DAGs
[2021-12-15 05:12:23,948] {logging_mixin.py:109} WARNING - /opt/conda/lib/python3.8/site-packages/airflow/models/dag.py:2426 SAWarning: TypeDecorator UtcDateTime(timezone=True) will not produce a cache key because the ``cache_ok`` attribute is not set to True.  This can have significant performance implications including some performance degradations in comparison to prior SQLAlchemy versions.  Set this attribute to True if this type object's state is safe to use in a cache key, or False to disable this warning. (Background on this error at: https://sqlalche.me/e/14/cprf)
[2021-12-15 05:12:23,952] {logging_mixin.py:109} INFO - [2021-12-15 05:12:23,952] {dag.py:2914} INFO - Setting next_dagrun for example_xcom to 2021-01-01T00:00:00+00:00
[2021-12-15 05:12:23,964] {processor.py:171} INFO - Processing /opt/conda/lib/python3.8/site-packages/airflow/example_dags/example_xcom.py took 0.314 seconds
[2021-12-15 05:12:58,865] {processor.py:163} INFO - Started process (PID=3271) to work on /opt/conda/lib/python3.8/site-packages/airflow/example_dags/example_xcom.py
[2021-12-15 05:12:58,865] {processor.py:620} INFO - Processing file /opt/conda/lib/python3.8/site-packages/airflow/example_dags/example_xcom.py for tasks to queue
[2021-12-15 05:12:58,866] {logging_mixin.py:109} INFO - [2021-12-15 05:12:58,866] {dagbag.py:500} INFO - Filling up the DagBag from /opt/conda/lib/python3.8/site-packages/airflow/example_dags/example_xcom.py
[2021-12-15 05:12:58,888] {processor.py:632} INFO - DAG(s) dict_keys(['example_xcom']) retrieved from /opt/conda/lib/python3.8/site-packages/airflow/example_dags/example_xcom.py
[2021-12-15 05:12:58,893] {logging_mixin.py:109} WARNING - /opt/conda/lib/python3.8/site-packages/airflow/models/serialized_dag.py:120 SAWarning: TypeDecorator UtcDateTime(timezone=True) will not produce a cache key because the ``cache_ok`` attribute is not set to True.  This can have significant performance implications including some performance degradations in comparison to prior SQLAlchemy versions.  Set this attribute to True if this type object's state is safe to use in a cache key, or False to disable this warning. (Background on this error at: https://sqlalche.me/e/14/cprf)
[2021-12-15 05:12:59,154] {logging_mixin.py:109} INFO - [2021-12-15 05:12:59,153] {dag.py:2389} INFO - Sync 1 DAGs
[2021-12-15 05:12:59,162] {logging_mixin.py:109} WARNING - /opt/conda/lib/python3.8/site-packages/airflow/models/dag.py:2426 SAWarning: TypeDecorator UtcDateTime(timezone=True) will not produce a cache key because the ``cache_ok`` attribute is not set to True.  This can have significant performance implications including some performance degradations in comparison to prior SQLAlchemy versions.  Set this attribute to True if this type object's state is safe to use in a cache key, or False to disable this warning. (Background on this error at: https://sqlalche.me/e/14/cprf)
[2021-12-15 05:12:59,166] {logging_mixin.py:109} INFO - [2021-12-15 05:12:59,166] {dag.py:2914} INFO - Setting next_dagrun for example_xcom to 2021-01-01T00:00:00+00:00
[2021-12-15 05:12:59,178] {processor.py:171} INFO - Processing /opt/conda/lib/python3.8/site-packages/airflow/example_dags/example_xcom.py took 0.316 seconds
[2021-12-15 05:13:33,195] {processor.py:163} INFO - Started process (PID=3384) to work on /opt/conda/lib/python3.8/site-packages/airflow/example_dags/example_xcom.py
[2021-12-15 05:13:33,196] {processor.py:620} INFO - Processing file /opt/conda/lib/python3.8/site-packages/airflow/example_dags/example_xcom.py for tasks to queue
[2021-12-15 05:13:33,197] {logging_mixin.py:109} INFO - [2021-12-15 05:13:33,197] {dagbag.py:500} INFO - Filling up the DagBag from /opt/conda/lib/python3.8/site-packages/airflow/example_dags/example_xcom.py
[2021-12-15 05:13:33,219] {processor.py:632} INFO - DAG(s) dict_keys(['example_xcom']) retrieved from /opt/conda/lib/python3.8/site-packages/airflow/example_dags/example_xcom.py
[2021-12-15 05:13:33,224] {logging_mixin.py:109} WARNING - /opt/conda/lib/python3.8/site-packages/airflow/models/serialized_dag.py:120 SAWarning: TypeDecorator UtcDateTime(timezone=True) will not produce a cache key because the ``cache_ok`` attribute is not set to True.  This can have significant performance implications including some performance degradations in comparison to prior SQLAlchemy versions.  Set this attribute to True if this type object's state is safe to use in a cache key, or False to disable this warning. (Background on this error at: https://sqlalche.me/e/14/cprf)
[2021-12-15 05:13:33,479] {logging_mixin.py:109} INFO - [2021-12-15 05:13:33,479] {dag.py:2389} INFO - Sync 1 DAGs
[2021-12-15 05:13:33,487] {logging_mixin.py:109} WARNING - /opt/conda/lib/python3.8/site-packages/airflow/models/dag.py:2426 SAWarning: TypeDecorator UtcDateTime(timezone=True) will not produce a cache key because the ``cache_ok`` attribute is not set to True.  This can have significant performance implications including some performance degradations in comparison to prior SQLAlchemy versions.  Set this attribute to True if this type object's state is safe to use in a cache key, or False to disable this warning. (Background on this error at: https://sqlalche.me/e/14/cprf)
[2021-12-15 05:13:33,492] {logging_mixin.py:109} INFO - [2021-12-15 05:13:33,492] {dag.py:2914} INFO - Setting next_dagrun for example_xcom to 2021-01-01T00:00:00+00:00
[2021-12-15 05:13:33,508] {processor.py:171} INFO - Processing /opt/conda/lib/python3.8/site-packages/airflow/example_dags/example_xcom.py took 0.316 seconds
[2021-12-15 05:14:08,675] {processor.py:163} INFO - Started process (PID=3524) to work on /opt/conda/lib/python3.8/site-packages/airflow/example_dags/example_xcom.py
[2021-12-15 05:14:08,676] {processor.py:620} INFO - Processing file /opt/conda/lib/python3.8/site-packages/airflow/example_dags/example_xcom.py for tasks to queue
[2021-12-15 05:14:08,676] {logging_mixin.py:109} INFO - [2021-12-15 05:14:08,676] {dagbag.py:500} INFO - Filling up the DagBag from /opt/conda/lib/python3.8/site-packages/airflow/example_dags/example_xcom.py
[2021-12-15 05:14:08,699] {processor.py:632} INFO - DAG(s) dict_keys(['example_xcom']) retrieved from /opt/conda/lib/python3.8/site-packages/airflow/example_dags/example_xcom.py
[2021-12-15 05:14:08,703] {logging_mixin.py:109} WARNING - /opt/conda/lib/python3.8/site-packages/airflow/models/serialized_dag.py:120 SAWarning: TypeDecorator UtcDateTime(timezone=True) will not produce a cache key because the ``cache_ok`` attribute is not set to True.  This can have significant performance implications including some performance degradations in comparison to prior SQLAlchemy versions.  Set this attribute to True if this type object's state is safe to use in a cache key, or False to disable this warning. (Background on this error at: https://sqlalche.me/e/14/cprf)
[2021-12-15 05:14:08,975] {logging_mixin.py:109} INFO - [2021-12-15 05:14:08,975] {dag.py:2389} INFO - Sync 1 DAGs
[2021-12-15 05:14:08,984] {logging_mixin.py:109} WARNING - /opt/conda/lib/python3.8/site-packages/airflow/models/dag.py:2426 SAWarning: TypeDecorator UtcDateTime(timezone=True) will not produce a cache key because the ``cache_ok`` attribute is not set to True.  This can have significant performance implications including some performance degradations in comparison to prior SQLAlchemy versions.  Set this attribute to True if this type object's state is safe to use in a cache key, or False to disable this warning. (Background on this error at: https://sqlalche.me/e/14/cprf)
[2021-12-15 05:14:08,988] {logging_mixin.py:109} INFO - [2021-12-15 05:14:08,988] {dag.py:2914} INFO - Setting next_dagrun for example_xcom to 2021-01-01T00:00:00+00:00
[2021-12-15 05:14:09,000] {processor.py:171} INFO - Processing /opt/conda/lib/python3.8/site-packages/airflow/example_dags/example_xcom.py took 0.328 seconds
[2021-12-15 05:14:45,887] {processor.py:163} INFO - Started process (PID=3780) to work on /opt/conda/lib/python3.8/site-packages/airflow/example_dags/example_xcom.py
[2021-12-15 05:14:45,888] {processor.py:620} INFO - Processing file /opt/conda/lib/python3.8/site-packages/airflow/example_dags/example_xcom.py for tasks to queue
[2021-12-15 05:14:45,888] {logging_mixin.py:109} INFO - [2021-12-15 05:14:45,888] {dagbag.py:500} INFO - Filling up the DagBag from /opt/conda/lib/python3.8/site-packages/airflow/example_dags/example_xcom.py
[2021-12-15 05:14:45,911] {processor.py:632} INFO - DAG(s) dict_keys(['example_xcom']) retrieved from /opt/conda/lib/python3.8/site-packages/airflow/example_dags/example_xcom.py
[2021-12-15 05:14:45,915] {logging_mixin.py:109} WARNING - /opt/conda/lib/python3.8/site-packages/airflow/models/serialized_dag.py:120 SAWarning: TypeDecorator UtcDateTime(timezone=True) will not produce a cache key because the ``cache_ok`` attribute is not set to True.  This can have significant performance implications including some performance degradations in comparison to prior SQLAlchemy versions.  Set this attribute to True if this type object's state is safe to use in a cache key, or False to disable this warning. (Background on this error at: https://sqlalche.me/e/14/cprf)
[2021-12-15 05:14:46,172] {logging_mixin.py:109} INFO - [2021-12-15 05:14:46,172] {dag.py:2389} INFO - Sync 1 DAGs
[2021-12-15 05:14:46,181] {logging_mixin.py:109} WARNING - /opt/conda/lib/python3.8/site-packages/airflow/models/dag.py:2426 SAWarning: TypeDecorator UtcDateTime(timezone=True) will not produce a cache key because the ``cache_ok`` attribute is not set to True.  This can have significant performance implications including some performance degradations in comparison to prior SQLAlchemy versions.  Set this attribute to True if this type object's state is safe to use in a cache key, or False to disable this warning. (Background on this error at: https://sqlalche.me/e/14/cprf)
[2021-12-15 05:14:46,185] {logging_mixin.py:109} INFO - [2021-12-15 05:14:46,185] {dag.py:2914} INFO - Setting next_dagrun for example_xcom to 2021-01-01T00:00:00+00:00
[2021-12-15 05:14:46,197] {processor.py:171} INFO - Processing /opt/conda/lib/python3.8/site-packages/airflow/example_dags/example_xcom.py took 0.313 seconds
