[2021-12-15 04:58:01,415] {processor.py:163} INFO - Started process (PID=63923) to work on /opt/conda/lib/python3.8/site-packages/airflow/example_dags/example_short_circuit_operator.py
[2021-12-15 04:58:01,415] {processor.py:620} INFO - Processing file /opt/conda/lib/python3.8/site-packages/airflow/example_dags/example_short_circuit_operator.py for tasks to queue
[2021-12-15 04:58:01,416] {logging_mixin.py:109} INFO - [2021-12-15 04:58:01,415] {dagbag.py:500} INFO - Filling up the DagBag from /opt/conda/lib/python3.8/site-packages/airflow/example_dags/example_short_circuit_operator.py
[2021-12-15 04:58:01,436] {processor.py:632} INFO - DAG(s) dict_keys(['example_short_circuit_operator']) retrieved from /opt/conda/lib/python3.8/site-packages/airflow/example_dags/example_short_circuit_operator.py
[2021-12-15 04:58:01,440] {logging_mixin.py:109} WARNING - /opt/conda/lib/python3.8/site-packages/airflow/models/serialized_dag.py:120 SAWarning: TypeDecorator UtcDateTime(timezone=True) will not produce a cache key because the ``cache_ok`` attribute is not set to True.  This can have significant performance implications including some performance degradations in comparison to prior SQLAlchemy versions.  Set this attribute to True if this type object's state is safe to use in a cache key, or False to disable this warning. (Background on this error at: https://sqlalche.me/e/14/cprf)
[2021-12-15 04:58:01,448] {logging_mixin.py:109} INFO - [2021-12-15 04:58:01,448] {dag.py:2389} INFO - Sync 1 DAGs
[2021-12-15 04:58:01,458] {logging_mixin.py:109} WARNING - /opt/conda/lib/python3.8/site-packages/airflow/models/dag.py:2426 SAWarning: TypeDecorator UtcDateTime(timezone=True) will not produce a cache key because the ``cache_ok`` attribute is not set to True.  This can have significant performance implications including some performance degradations in comparison to prior SQLAlchemy versions.  Set this attribute to True if this type object's state is safe to use in a cache key, or False to disable this warning. (Background on this error at: https://sqlalche.me/e/14/cprf)
[2021-12-15 04:58:01,462] {logging_mixin.py:109} INFO - [2021-12-15 04:58:01,462] {dag.py:2914} INFO - Setting next_dagrun for example_short_circuit_operator to 2021-12-14T04:58:01.462565+00:00
[2021-12-15 04:58:01,473] {processor.py:171} INFO - Processing /opt/conda/lib/python3.8/site-packages/airflow/example_dags/example_short_circuit_operator.py took 0.061 seconds
[2021-12-15 04:58:35,799] {processor.py:163} INFO - Started process (PID=64203) to work on /opt/conda/lib/python3.8/site-packages/airflow/example_dags/example_short_circuit_operator.py
[2021-12-15 04:58:35,800] {processor.py:620} INFO - Processing file /opt/conda/lib/python3.8/site-packages/airflow/example_dags/example_short_circuit_operator.py for tasks to queue
[2021-12-15 04:58:35,801] {logging_mixin.py:109} INFO - [2021-12-15 04:58:35,801] {dagbag.py:500} INFO - Filling up the DagBag from /opt/conda/lib/python3.8/site-packages/airflow/example_dags/example_short_circuit_operator.py
[2021-12-15 04:58:35,820] {processor.py:632} INFO - DAG(s) dict_keys(['example_short_circuit_operator']) retrieved from /opt/conda/lib/python3.8/site-packages/airflow/example_dags/example_short_circuit_operator.py
[2021-12-15 04:58:35,824] {logging_mixin.py:109} WARNING - /opt/conda/lib/python3.8/site-packages/airflow/models/serialized_dag.py:120 SAWarning: TypeDecorator UtcDateTime(timezone=True) will not produce a cache key because the ``cache_ok`` attribute is not set to True.  This can have significant performance implications including some performance degradations in comparison to prior SQLAlchemy versions.  Set this attribute to True if this type object's state is safe to use in a cache key, or False to disable this warning. (Background on this error at: https://sqlalche.me/e/14/cprf)
[2021-12-15 04:58:35,832] {logging_mixin.py:109} INFO - [2021-12-15 04:58:35,831] {dag.py:2389} INFO - Sync 1 DAGs
[2021-12-15 04:58:35,841] {logging_mixin.py:109} WARNING - /opt/conda/lib/python3.8/site-packages/airflow/models/dag.py:2426 SAWarning: TypeDecorator UtcDateTime(timezone=True) will not produce a cache key because the ``cache_ok`` attribute is not set to True.  This can have significant performance implications including some performance degradations in comparison to prior SQLAlchemy versions.  Set this attribute to True if this type object's state is safe to use in a cache key, or False to disable this warning. (Background on this error at: https://sqlalche.me/e/14/cprf)
[2021-12-15 04:58:35,846] {logging_mixin.py:109} INFO - [2021-12-15 04:58:35,846] {dag.py:2914} INFO - Setting next_dagrun for example_short_circuit_operator to 2021-12-14T04:58:35.845949+00:00
[2021-12-15 04:58:35,856] {processor.py:171} INFO - Processing /opt/conda/lib/python3.8/site-packages/airflow/example_dags/example_short_circuit_operator.py took 0.059 seconds
[2021-12-15 05:04:32,043] {processor.py:163} INFO - Started process (PID=950) to work on /opt/conda/lib/python3.8/site-packages/airflow/example_dags/example_short_circuit_operator.py
[2021-12-15 05:04:32,044] {processor.py:620} INFO - Processing file /opt/conda/lib/python3.8/site-packages/airflow/example_dags/example_short_circuit_operator.py for tasks to queue
[2021-12-15 05:04:32,044] {logging_mixin.py:109} INFO - [2021-12-15 05:04:32,044] {dagbag.py:500} INFO - Filling up the DagBag from /opt/conda/lib/python3.8/site-packages/airflow/example_dags/example_short_circuit_operator.py
[2021-12-15 05:04:32,064] {processor.py:632} INFO - DAG(s) dict_keys(['example_short_circuit_operator']) retrieved from /opt/conda/lib/python3.8/site-packages/airflow/example_dags/example_short_circuit_operator.py
[2021-12-15 05:04:32,069] {logging_mixin.py:109} WARNING - /opt/conda/lib/python3.8/site-packages/airflow/models/serialized_dag.py:120 SAWarning: TypeDecorator UtcDateTime(timezone=True) will not produce a cache key because the ``cache_ok`` attribute is not set to True.  This can have significant performance implications including some performance degradations in comparison to prior SQLAlchemy versions.  Set this attribute to True if this type object's state is safe to use in a cache key, or False to disable this warning. (Background on this error at: https://sqlalche.me/e/14/cprf)
[2021-12-15 05:04:32,077] {logging_mixin.py:109} INFO - [2021-12-15 05:04:32,077] {dag.py:2389} INFO - Sync 1 DAGs
[2021-12-15 05:04:32,087] {logging_mixin.py:109} WARNING - /opt/conda/lib/python3.8/site-packages/airflow/models/dag.py:2426 SAWarning: TypeDecorator UtcDateTime(timezone=True) will not produce a cache key because the ``cache_ok`` attribute is not set to True.  This can have significant performance implications including some performance degradations in comparison to prior SQLAlchemy versions.  Set this attribute to True if this type object's state is safe to use in a cache key, or False to disable this warning. (Background on this error at: https://sqlalche.me/e/14/cprf)
[2021-12-15 05:04:32,092] {logging_mixin.py:109} INFO - [2021-12-15 05:04:32,092] {dag.py:2914} INFO - Setting next_dagrun for example_short_circuit_operator to 2021-12-14T05:04:32.092127+00:00
[2021-12-15 05:04:32,106] {processor.py:171} INFO - Processing /opt/conda/lib/python3.8/site-packages/airflow/example_dags/example_short_circuit_operator.py took 0.066 seconds
[2021-12-15 05:05:06,430] {processor.py:163} INFO - Started process (PID=1132) to work on /opt/conda/lib/python3.8/site-packages/airflow/example_dags/example_short_circuit_operator.py
[2021-12-15 05:05:06,431] {processor.py:620} INFO - Processing file /opt/conda/lib/python3.8/site-packages/airflow/example_dags/example_short_circuit_operator.py for tasks to queue
[2021-12-15 05:05:06,431] {logging_mixin.py:109} INFO - [2021-12-15 05:05:06,431] {dagbag.py:500} INFO - Filling up the DagBag from /opt/conda/lib/python3.8/site-packages/airflow/example_dags/example_short_circuit_operator.py
[2021-12-15 05:05:06,451] {processor.py:632} INFO - DAG(s) dict_keys(['example_short_circuit_operator']) retrieved from /opt/conda/lib/python3.8/site-packages/airflow/example_dags/example_short_circuit_operator.py
[2021-12-15 05:05:06,457] {logging_mixin.py:109} WARNING - /opt/conda/lib/python3.8/site-packages/airflow/models/serialized_dag.py:120 SAWarning: TypeDecorator UtcDateTime(timezone=True) will not produce a cache key because the ``cache_ok`` attribute is not set to True.  This can have significant performance implications including some performance degradations in comparison to prior SQLAlchemy versions.  Set this attribute to True if this type object's state is safe to use in a cache key, or False to disable this warning. (Background on this error at: https://sqlalche.me/e/14/cprf)
[2021-12-15 05:05:06,465] {logging_mixin.py:109} INFO - [2021-12-15 05:05:06,464] {dag.py:2389} INFO - Sync 1 DAGs
[2021-12-15 05:05:06,476] {logging_mixin.py:109} WARNING - /opt/conda/lib/python3.8/site-packages/airflow/models/dag.py:2426 SAWarning: TypeDecorator UtcDateTime(timezone=True) will not produce a cache key because the ``cache_ok`` attribute is not set to True.  This can have significant performance implications including some performance degradations in comparison to prior SQLAlchemy versions.  Set this attribute to True if this type object's state is safe to use in a cache key, or False to disable this warning. (Background on this error at: https://sqlalche.me/e/14/cprf)
[2021-12-15 05:05:06,481] {logging_mixin.py:109} INFO - [2021-12-15 05:05:06,481] {dag.py:2914} INFO - Setting next_dagrun for example_short_circuit_operator to 2021-12-14T05:05:06.481558+00:00
[2021-12-15 05:05:06,499] {processor.py:171} INFO - Processing /opt/conda/lib/python3.8/site-packages/airflow/example_dags/example_short_circuit_operator.py took 0.072 seconds
[2021-12-15 05:05:41,329] {processor.py:163} INFO - Started process (PID=1397) to work on /opt/conda/lib/python3.8/site-packages/airflow/example_dags/example_short_circuit_operator.py
[2021-12-15 05:05:41,330] {processor.py:620} INFO - Processing file /opt/conda/lib/python3.8/site-packages/airflow/example_dags/example_short_circuit_operator.py for tasks to queue
[2021-12-15 05:05:41,330] {logging_mixin.py:109} INFO - [2021-12-15 05:05:41,330] {dagbag.py:500} INFO - Filling up the DagBag from /opt/conda/lib/python3.8/site-packages/airflow/example_dags/example_short_circuit_operator.py
[2021-12-15 05:05:41,350] {processor.py:632} INFO - DAG(s) dict_keys(['example_short_circuit_operator']) retrieved from /opt/conda/lib/python3.8/site-packages/airflow/example_dags/example_short_circuit_operator.py
[2021-12-15 05:05:41,355] {logging_mixin.py:109} WARNING - /opt/conda/lib/python3.8/site-packages/airflow/models/serialized_dag.py:120 SAWarning: TypeDecorator UtcDateTime(timezone=True) will not produce a cache key because the ``cache_ok`` attribute is not set to True.  This can have significant performance implications including some performance degradations in comparison to prior SQLAlchemy versions.  Set this attribute to True if this type object's state is safe to use in a cache key, or False to disable this warning. (Background on this error at: https://sqlalche.me/e/14/cprf)
[2021-12-15 05:05:41,363] {logging_mixin.py:109} INFO - [2021-12-15 05:05:41,363] {dag.py:2389} INFO - Sync 1 DAGs
[2021-12-15 05:05:41,373] {logging_mixin.py:109} WARNING - /opt/conda/lib/python3.8/site-packages/airflow/models/dag.py:2426 SAWarning: TypeDecorator UtcDateTime(timezone=True) will not produce a cache key because the ``cache_ok`` attribute is not set to True.  This can have significant performance implications including some performance degradations in comparison to prior SQLAlchemy versions.  Set this attribute to True if this type object's state is safe to use in a cache key, or False to disable this warning. (Background on this error at: https://sqlalche.me/e/14/cprf)
[2021-12-15 05:05:41,378] {logging_mixin.py:109} INFO - [2021-12-15 05:05:41,378] {dag.py:2914} INFO - Setting next_dagrun for example_short_circuit_operator to 2021-12-14T05:05:41.378288+00:00
[2021-12-15 05:05:41,390] {processor.py:171} INFO - Processing /opt/conda/lib/python3.8/site-packages/airflow/example_dags/example_short_circuit_operator.py took 0.064 seconds
[2021-12-15 05:06:14,432] {processor.py:163} INFO - Started process (PID=1503) to work on /opt/conda/lib/python3.8/site-packages/airflow/example_dags/example_short_circuit_operator.py
[2021-12-15 05:06:14,433] {processor.py:620} INFO - Processing file /opt/conda/lib/python3.8/site-packages/airflow/example_dags/example_short_circuit_operator.py for tasks to queue
[2021-12-15 05:06:14,434] {logging_mixin.py:109} INFO - [2021-12-15 05:06:14,433] {dagbag.py:500} INFO - Filling up the DagBag from /opt/conda/lib/python3.8/site-packages/airflow/example_dags/example_short_circuit_operator.py
[2021-12-15 05:06:14,454] {processor.py:632} INFO - DAG(s) dict_keys(['example_short_circuit_operator']) retrieved from /opt/conda/lib/python3.8/site-packages/airflow/example_dags/example_short_circuit_operator.py
[2021-12-15 05:06:14,458] {logging_mixin.py:109} WARNING - /opt/conda/lib/python3.8/site-packages/airflow/models/serialized_dag.py:120 SAWarning: TypeDecorator UtcDateTime(timezone=True) will not produce a cache key because the ``cache_ok`` attribute is not set to True.  This can have significant performance implications including some performance degradations in comparison to prior SQLAlchemy versions.  Set this attribute to True if this type object's state is safe to use in a cache key, or False to disable this warning. (Background on this error at: https://sqlalche.me/e/14/cprf)
[2021-12-15 05:06:14,466] {logging_mixin.py:109} INFO - [2021-12-15 05:06:14,466] {dag.py:2389} INFO - Sync 1 DAGs
[2021-12-15 05:06:14,476] {logging_mixin.py:109} WARNING - /opt/conda/lib/python3.8/site-packages/airflow/models/dag.py:2426 SAWarning: TypeDecorator UtcDateTime(timezone=True) will not produce a cache key because the ``cache_ok`` attribute is not set to True.  This can have significant performance implications including some performance degradations in comparison to prior SQLAlchemy versions.  Set this attribute to True if this type object's state is safe to use in a cache key, or False to disable this warning. (Background on this error at: https://sqlalche.me/e/14/cprf)
[2021-12-15 05:06:14,481] {logging_mixin.py:109} INFO - [2021-12-15 05:06:14,481] {dag.py:2914} INFO - Setting next_dagrun for example_short_circuit_operator to 2021-12-14T05:06:14.480884+00:00
[2021-12-15 05:06:14,492] {processor.py:171} INFO - Processing /opt/conda/lib/python3.8/site-packages/airflow/example_dags/example_short_circuit_operator.py took 0.063 seconds
[2021-12-15 05:06:49,910] {processor.py:163} INFO - Started process (PID=1651) to work on /opt/conda/lib/python3.8/site-packages/airflow/example_dags/example_short_circuit_operator.py
[2021-12-15 05:06:49,911] {processor.py:620} INFO - Processing file /opt/conda/lib/python3.8/site-packages/airflow/example_dags/example_short_circuit_operator.py for tasks to queue
[2021-12-15 05:06:49,912] {logging_mixin.py:109} INFO - [2021-12-15 05:06:49,912] {dagbag.py:500} INFO - Filling up the DagBag from /opt/conda/lib/python3.8/site-packages/airflow/example_dags/example_short_circuit_operator.py
[2021-12-15 05:06:49,930] {processor.py:632} INFO - DAG(s) dict_keys(['example_short_circuit_operator']) retrieved from /opt/conda/lib/python3.8/site-packages/airflow/example_dags/example_short_circuit_operator.py
[2021-12-15 05:06:49,935] {logging_mixin.py:109} WARNING - /opt/conda/lib/python3.8/site-packages/airflow/models/serialized_dag.py:120 SAWarning: TypeDecorator UtcDateTime(timezone=True) will not produce a cache key because the ``cache_ok`` attribute is not set to True.  This can have significant performance implications including some performance degradations in comparison to prior SQLAlchemy versions.  Set this attribute to True if this type object's state is safe to use in a cache key, or False to disable this warning. (Background on this error at: https://sqlalche.me/e/14/cprf)
[2021-12-15 05:06:49,943] {logging_mixin.py:109} INFO - [2021-12-15 05:06:49,942] {dag.py:2389} INFO - Sync 1 DAGs
[2021-12-15 05:06:49,952] {logging_mixin.py:109} WARNING - /opt/conda/lib/python3.8/site-packages/airflow/models/dag.py:2426 SAWarning: TypeDecorator UtcDateTime(timezone=True) will not produce a cache key because the ``cache_ok`` attribute is not set to True.  This can have significant performance implications including some performance degradations in comparison to prior SQLAlchemy versions.  Set this attribute to True if this type object's state is safe to use in a cache key, or False to disable this warning. (Background on this error at: https://sqlalche.me/e/14/cprf)
[2021-12-15 05:06:49,957] {logging_mixin.py:109} INFO - [2021-12-15 05:06:49,956] {dag.py:2914} INFO - Setting next_dagrun for example_short_circuit_operator to 2021-12-14T05:06:49.956655+00:00
[2021-12-15 05:06:49,967] {processor.py:171} INFO - Processing /opt/conda/lib/python3.8/site-packages/airflow/example_dags/example_short_circuit_operator.py took 0.060 seconds
[2021-12-15 05:07:25,087] {processor.py:163} INFO - Started process (PID=1736) to work on /opt/conda/lib/python3.8/site-packages/airflow/example_dags/example_short_circuit_operator.py
[2021-12-15 05:07:25,089] {processor.py:620} INFO - Processing file /opt/conda/lib/python3.8/site-packages/airflow/example_dags/example_short_circuit_operator.py for tasks to queue
[2021-12-15 05:07:25,089] {logging_mixin.py:109} INFO - [2021-12-15 05:07:25,089] {dagbag.py:500} INFO - Filling up the DagBag from /opt/conda/lib/python3.8/site-packages/airflow/example_dags/example_short_circuit_operator.py
[2021-12-15 05:07:25,111] {processor.py:632} INFO - DAG(s) dict_keys(['example_short_circuit_operator']) retrieved from /opt/conda/lib/python3.8/site-packages/airflow/example_dags/example_short_circuit_operator.py
[2021-12-15 05:07:25,116] {logging_mixin.py:109} WARNING - /opt/conda/lib/python3.8/site-packages/airflow/models/serialized_dag.py:120 SAWarning: TypeDecorator UtcDateTime(timezone=True) will not produce a cache key because the ``cache_ok`` attribute is not set to True.  This can have significant performance implications including some performance degradations in comparison to prior SQLAlchemy versions.  Set this attribute to True if this type object's state is safe to use in a cache key, or False to disable this warning. (Background on this error at: https://sqlalche.me/e/14/cprf)
[2021-12-15 05:07:25,124] {logging_mixin.py:109} INFO - [2021-12-15 05:07:25,124] {dag.py:2389} INFO - Sync 1 DAGs
[2021-12-15 05:07:25,134] {logging_mixin.py:109} WARNING - /opt/conda/lib/python3.8/site-packages/airflow/models/dag.py:2426 SAWarning: TypeDecorator UtcDateTime(timezone=True) will not produce a cache key because the ``cache_ok`` attribute is not set to True.  This can have significant performance implications including some performance degradations in comparison to prior SQLAlchemy versions.  Set this attribute to True if this type object's state is safe to use in a cache key, or False to disable this warning. (Background on this error at: https://sqlalche.me/e/14/cprf)
[2021-12-15 05:07:25,139] {logging_mixin.py:109} INFO - [2021-12-15 05:07:25,139] {dag.py:2914} INFO - Setting next_dagrun for example_short_circuit_operator to 2021-12-14T05:07:25.139560+00:00
[2021-12-15 05:07:25,151] {processor.py:171} INFO - Processing /opt/conda/lib/python3.8/site-packages/airflow/example_dags/example_short_circuit_operator.py took 0.067 seconds
[2021-12-15 05:07:59,115] {processor.py:163} INFO - Started process (PID=1820) to work on /opt/conda/lib/python3.8/site-packages/airflow/example_dags/example_short_circuit_operator.py
[2021-12-15 05:07:59,115] {processor.py:620} INFO - Processing file /opt/conda/lib/python3.8/site-packages/airflow/example_dags/example_short_circuit_operator.py for tasks to queue
[2021-12-15 05:07:59,115] {logging_mixin.py:109} INFO - [2021-12-15 05:07:59,115] {dagbag.py:500} INFO - Filling up the DagBag from /opt/conda/lib/python3.8/site-packages/airflow/example_dags/example_short_circuit_operator.py
[2021-12-15 05:07:59,136] {processor.py:632} INFO - DAG(s) dict_keys(['example_short_circuit_operator']) retrieved from /opt/conda/lib/python3.8/site-packages/airflow/example_dags/example_short_circuit_operator.py
[2021-12-15 05:07:59,140] {logging_mixin.py:109} WARNING - /opt/conda/lib/python3.8/site-packages/airflow/models/serialized_dag.py:120 SAWarning: TypeDecorator UtcDateTime(timezone=True) will not produce a cache key because the ``cache_ok`` attribute is not set to True.  This can have significant performance implications including some performance degradations in comparison to prior SQLAlchemy versions.  Set this attribute to True if this type object's state is safe to use in a cache key, or False to disable this warning. (Background on this error at: https://sqlalche.me/e/14/cprf)
[2021-12-15 05:07:59,147] {logging_mixin.py:109} INFO - [2021-12-15 05:07:59,147] {dag.py:2389} INFO - Sync 1 DAGs
[2021-12-15 05:07:59,157] {logging_mixin.py:109} WARNING - /opt/conda/lib/python3.8/site-packages/airflow/models/dag.py:2426 SAWarning: TypeDecorator UtcDateTime(timezone=True) will not produce a cache key because the ``cache_ok`` attribute is not set to True.  This can have significant performance implications including some performance degradations in comparison to prior SQLAlchemy versions.  Set this attribute to True if this type object's state is safe to use in a cache key, or False to disable this warning. (Background on this error at: https://sqlalche.me/e/14/cprf)
[2021-12-15 05:07:59,161] {logging_mixin.py:109} INFO - [2021-12-15 05:07:59,161] {dag.py:2914} INFO - Setting next_dagrun for example_short_circuit_operator to 2021-12-14T05:07:59.161490+00:00
[2021-12-15 05:07:59,171] {processor.py:171} INFO - Processing /opt/conda/lib/python3.8/site-packages/airflow/example_dags/example_short_circuit_operator.py took 0.059 seconds
[2021-12-15 05:08:34,034] {processor.py:163} INFO - Started process (PID=1916) to work on /opt/conda/lib/python3.8/site-packages/airflow/example_dags/example_short_circuit_operator.py
[2021-12-15 05:08:34,034] {processor.py:620} INFO - Processing file /opt/conda/lib/python3.8/site-packages/airflow/example_dags/example_short_circuit_operator.py for tasks to queue
[2021-12-15 05:08:34,035] {logging_mixin.py:109} INFO - [2021-12-15 05:08:34,035] {dagbag.py:500} INFO - Filling up the DagBag from /opt/conda/lib/python3.8/site-packages/airflow/example_dags/example_short_circuit_operator.py
[2021-12-15 05:08:34,053] {processor.py:632} INFO - DAG(s) dict_keys(['example_short_circuit_operator']) retrieved from /opt/conda/lib/python3.8/site-packages/airflow/example_dags/example_short_circuit_operator.py
[2021-12-15 05:08:34,058] {logging_mixin.py:109} WARNING - /opt/conda/lib/python3.8/site-packages/airflow/models/serialized_dag.py:120 SAWarning: TypeDecorator UtcDateTime(timezone=True) will not produce a cache key because the ``cache_ok`` attribute is not set to True.  This can have significant performance implications including some performance degradations in comparison to prior SQLAlchemy versions.  Set this attribute to True if this type object's state is safe to use in a cache key, or False to disable this warning. (Background on this error at: https://sqlalche.me/e/14/cprf)
[2021-12-15 05:08:34,065] {logging_mixin.py:109} INFO - [2021-12-15 05:08:34,065] {dag.py:2389} INFO - Sync 1 DAGs
[2021-12-15 05:08:34,074] {logging_mixin.py:109} WARNING - /opt/conda/lib/python3.8/site-packages/airflow/models/dag.py:2426 SAWarning: TypeDecorator UtcDateTime(timezone=True) will not produce a cache key because the ``cache_ok`` attribute is not set to True.  This can have significant performance implications including some performance degradations in comparison to prior SQLAlchemy versions.  Set this attribute to True if this type object's state is safe to use in a cache key, or False to disable this warning. (Background on this error at: https://sqlalche.me/e/14/cprf)
[2021-12-15 05:08:34,079] {logging_mixin.py:109} INFO - [2021-12-15 05:08:34,079] {dag.py:2914} INFO - Setting next_dagrun for example_short_circuit_operator to 2021-12-14T05:08:34.078936+00:00
[2021-12-15 05:08:34,090] {processor.py:171} INFO - Processing /opt/conda/lib/python3.8/site-packages/airflow/example_dags/example_short_circuit_operator.py took 0.059 seconds
[2021-12-15 05:09:09,526] {processor.py:163} INFO - Started process (PID=2028) to work on /opt/conda/lib/python3.8/site-packages/airflow/example_dags/example_short_circuit_operator.py
[2021-12-15 05:09:09,527] {processor.py:620} INFO - Processing file /opt/conda/lib/python3.8/site-packages/airflow/example_dags/example_short_circuit_operator.py for tasks to queue
[2021-12-15 05:09:09,527] {logging_mixin.py:109} INFO - [2021-12-15 05:09:09,527] {dagbag.py:500} INFO - Filling up the DagBag from /opt/conda/lib/python3.8/site-packages/airflow/example_dags/example_short_circuit_operator.py
[2021-12-15 05:09:09,548] {processor.py:632} INFO - DAG(s) dict_keys(['example_short_circuit_operator']) retrieved from /opt/conda/lib/python3.8/site-packages/airflow/example_dags/example_short_circuit_operator.py
[2021-12-15 05:09:09,552] {logging_mixin.py:109} WARNING - /opt/conda/lib/python3.8/site-packages/airflow/models/serialized_dag.py:120 SAWarning: TypeDecorator UtcDateTime(timezone=True) will not produce a cache key because the ``cache_ok`` attribute is not set to True.  This can have significant performance implications including some performance degradations in comparison to prior SQLAlchemy versions.  Set this attribute to True if this type object's state is safe to use in a cache key, or False to disable this warning. (Background on this error at: https://sqlalche.me/e/14/cprf)
[2021-12-15 05:09:09,559] {logging_mixin.py:109} INFO - [2021-12-15 05:09:09,559] {dag.py:2389} INFO - Sync 1 DAGs
[2021-12-15 05:09:09,569] {logging_mixin.py:109} WARNING - /opt/conda/lib/python3.8/site-packages/airflow/models/dag.py:2426 SAWarning: TypeDecorator UtcDateTime(timezone=True) will not produce a cache key because the ``cache_ok`` attribute is not set to True.  This can have significant performance implications including some performance degradations in comparison to prior SQLAlchemy versions.  Set this attribute to True if this type object's state is safe to use in a cache key, or False to disable this warning. (Background on this error at: https://sqlalche.me/e/14/cprf)
[2021-12-15 05:09:09,574] {logging_mixin.py:109} INFO - [2021-12-15 05:09:09,574] {dag.py:2914} INFO - Setting next_dagrun for example_short_circuit_operator to 2021-12-14T05:09:09.574137+00:00
[2021-12-15 05:09:09,586] {processor.py:171} INFO - Processing /opt/conda/lib/python3.8/site-packages/airflow/example_dags/example_short_circuit_operator.py took 0.063 seconds
[2021-12-15 05:09:45,560] {processor.py:163} INFO - Started process (PID=2280) to work on /opt/conda/lib/python3.8/site-packages/airflow/example_dags/example_short_circuit_operator.py
[2021-12-15 05:09:45,561] {processor.py:620} INFO - Processing file /opt/conda/lib/python3.8/site-packages/airflow/example_dags/example_short_circuit_operator.py for tasks to queue
[2021-12-15 05:09:45,561] {logging_mixin.py:109} INFO - [2021-12-15 05:09:45,561] {dagbag.py:500} INFO - Filling up the DagBag from /opt/conda/lib/python3.8/site-packages/airflow/example_dags/example_short_circuit_operator.py
[2021-12-15 05:09:45,582] {processor.py:632} INFO - DAG(s) dict_keys(['example_short_circuit_operator']) retrieved from /opt/conda/lib/python3.8/site-packages/airflow/example_dags/example_short_circuit_operator.py
[2021-12-15 05:09:45,587] {logging_mixin.py:109} WARNING - /opt/conda/lib/python3.8/site-packages/airflow/models/serialized_dag.py:120 SAWarning: TypeDecorator UtcDateTime(timezone=True) will not produce a cache key because the ``cache_ok`` attribute is not set to True.  This can have significant performance implications including some performance degradations in comparison to prior SQLAlchemy versions.  Set this attribute to True if this type object's state is safe to use in a cache key, or False to disable this warning. (Background on this error at: https://sqlalche.me/e/14/cprf)
[2021-12-15 05:09:45,594] {logging_mixin.py:109} INFO - [2021-12-15 05:09:45,594] {dag.py:2389} INFO - Sync 1 DAGs
[2021-12-15 05:09:45,604] {logging_mixin.py:109} WARNING - /opt/conda/lib/python3.8/site-packages/airflow/models/dag.py:2426 SAWarning: TypeDecorator UtcDateTime(timezone=True) will not produce a cache key because the ``cache_ok`` attribute is not set to True.  This can have significant performance implications including some performance degradations in comparison to prior SQLAlchemy versions.  Set this attribute to True if this type object's state is safe to use in a cache key, or False to disable this warning. (Background on this error at: https://sqlalche.me/e/14/cprf)
[2021-12-15 05:09:45,609] {logging_mixin.py:109} INFO - [2021-12-15 05:09:45,609] {dag.py:2914} INFO - Setting next_dagrun for example_short_circuit_operator to 2021-12-14T05:09:45.609354+00:00
[2021-12-15 05:09:45,621] {processor.py:171} INFO - Processing /opt/conda/lib/python3.8/site-packages/airflow/example_dags/example_short_circuit_operator.py took 0.064 seconds
[2021-12-15 05:10:24,192] {processor.py:163} INFO - Started process (PID=2440) to work on /opt/conda/lib/python3.8/site-packages/airflow/example_dags/example_short_circuit_operator.py
[2021-12-15 05:10:24,194] {processor.py:620} INFO - Processing file /opt/conda/lib/python3.8/site-packages/airflow/example_dags/example_short_circuit_operator.py for tasks to queue
[2021-12-15 05:10:24,194] {logging_mixin.py:109} INFO - [2021-12-15 05:10:24,194] {dagbag.py:500} INFO - Filling up the DagBag from /opt/conda/lib/python3.8/site-packages/airflow/example_dags/example_short_circuit_operator.py
[2021-12-15 05:10:24,215] {processor.py:632} INFO - DAG(s) dict_keys(['example_short_circuit_operator']) retrieved from /opt/conda/lib/python3.8/site-packages/airflow/example_dags/example_short_circuit_operator.py
[2021-12-15 05:10:24,219] {logging_mixin.py:109} WARNING - /opt/conda/lib/python3.8/site-packages/airflow/models/serialized_dag.py:120 SAWarning: TypeDecorator UtcDateTime(timezone=True) will not produce a cache key because the ``cache_ok`` attribute is not set to True.  This can have significant performance implications including some performance degradations in comparison to prior SQLAlchemy versions.  Set this attribute to True if this type object's state is safe to use in a cache key, or False to disable this warning. (Background on this error at: https://sqlalche.me/e/14/cprf)
[2021-12-15 05:10:24,227] {logging_mixin.py:109} INFO - [2021-12-15 05:10:24,227] {dag.py:2389} INFO - Sync 1 DAGs
[2021-12-15 05:10:24,237] {logging_mixin.py:109} WARNING - /opt/conda/lib/python3.8/site-packages/airflow/models/dag.py:2426 SAWarning: TypeDecorator UtcDateTime(timezone=True) will not produce a cache key because the ``cache_ok`` attribute is not set to True.  This can have significant performance implications including some performance degradations in comparison to prior SQLAlchemy versions.  Set this attribute to True if this type object's state is safe to use in a cache key, or False to disable this warning. (Background on this error at: https://sqlalche.me/e/14/cprf)
[2021-12-15 05:10:24,241] {logging_mixin.py:109} INFO - [2021-12-15 05:10:24,241] {dag.py:2914} INFO - Setting next_dagrun for example_short_circuit_operator to 2021-12-14T05:10:24.241233+00:00
[2021-12-15 05:10:24,253] {processor.py:171} INFO - Processing /opt/conda/lib/python3.8/site-packages/airflow/example_dags/example_short_circuit_operator.py took 0.064 seconds
[2021-12-15 05:11:10,582] {processor.py:163} INFO - Started process (PID=2862) to work on /opt/conda/lib/python3.8/site-packages/airflow/example_dags/example_short_circuit_operator.py
[2021-12-15 05:11:10,583] {processor.py:620} INFO - Processing file /opt/conda/lib/python3.8/site-packages/airflow/example_dags/example_short_circuit_operator.py for tasks to queue
[2021-12-15 05:11:10,583] {logging_mixin.py:109} INFO - [2021-12-15 05:11:10,583] {dagbag.py:500} INFO - Filling up the DagBag from /opt/conda/lib/python3.8/site-packages/airflow/example_dags/example_short_circuit_operator.py
[2021-12-15 05:11:10,603] {processor.py:632} INFO - DAG(s) dict_keys(['example_short_circuit_operator']) retrieved from /opt/conda/lib/python3.8/site-packages/airflow/example_dags/example_short_circuit_operator.py
[2021-12-15 05:11:10,607] {logging_mixin.py:109} WARNING - /opt/conda/lib/python3.8/site-packages/airflow/models/serialized_dag.py:120 SAWarning: TypeDecorator UtcDateTime(timezone=True) will not produce a cache key because the ``cache_ok`` attribute is not set to True.  This can have significant performance implications including some performance degradations in comparison to prior SQLAlchemy versions.  Set this attribute to True if this type object's state is safe to use in a cache key, or False to disable this warning. (Background on this error at: https://sqlalche.me/e/14/cprf)
[2021-12-15 05:11:10,614] {logging_mixin.py:109} INFO - [2021-12-15 05:11:10,614] {dag.py:2389} INFO - Sync 1 DAGs
[2021-12-15 05:11:10,624] {logging_mixin.py:109} WARNING - /opt/conda/lib/python3.8/site-packages/airflow/models/dag.py:2426 SAWarning: TypeDecorator UtcDateTime(timezone=True) will not produce a cache key because the ``cache_ok`` attribute is not set to True.  This can have significant performance implications including some performance degradations in comparison to prior SQLAlchemy versions.  Set this attribute to True if this type object's state is safe to use in a cache key, or False to disable this warning. (Background on this error at: https://sqlalche.me/e/14/cprf)
[2021-12-15 05:11:10,629] {logging_mixin.py:109} INFO - [2021-12-15 05:11:10,629] {dag.py:2914} INFO - Setting next_dagrun for example_short_circuit_operator to 2021-12-14T05:11:10.629428+00:00
[2021-12-15 05:11:10,640] {processor.py:171} INFO - Processing /opt/conda/lib/python3.8/site-packages/airflow/example_dags/example_short_circuit_operator.py took 0.062 seconds
[2021-12-15 05:11:49,623] {processor.py:163} INFO - Started process (PID=2976) to work on /opt/conda/lib/python3.8/site-packages/airflow/example_dags/example_short_circuit_operator.py
[2021-12-15 05:11:49,624] {processor.py:620} INFO - Processing file /opt/conda/lib/python3.8/site-packages/airflow/example_dags/example_short_circuit_operator.py for tasks to queue
[2021-12-15 05:11:49,624] {logging_mixin.py:109} INFO - [2021-12-15 05:11:49,624] {dagbag.py:500} INFO - Filling up the DagBag from /opt/conda/lib/python3.8/site-packages/airflow/example_dags/example_short_circuit_operator.py
[2021-12-15 05:11:49,645] {processor.py:632} INFO - DAG(s) dict_keys(['example_short_circuit_operator']) retrieved from /opt/conda/lib/python3.8/site-packages/airflow/example_dags/example_short_circuit_operator.py
[2021-12-15 05:11:49,649] {logging_mixin.py:109} WARNING - /opt/conda/lib/python3.8/site-packages/airflow/models/serialized_dag.py:120 SAWarning: TypeDecorator UtcDateTime(timezone=True) will not produce a cache key because the ``cache_ok`` attribute is not set to True.  This can have significant performance implications including some performance degradations in comparison to prior SQLAlchemy versions.  Set this attribute to True if this type object's state is safe to use in a cache key, or False to disable this warning. (Background on this error at: https://sqlalche.me/e/14/cprf)
[2021-12-15 05:11:49,656] {logging_mixin.py:109} INFO - [2021-12-15 05:11:49,656] {dag.py:2389} INFO - Sync 1 DAGs
[2021-12-15 05:11:49,666] {logging_mixin.py:109} WARNING - /opt/conda/lib/python3.8/site-packages/airflow/models/dag.py:2426 SAWarning: TypeDecorator UtcDateTime(timezone=True) will not produce a cache key because the ``cache_ok`` attribute is not set to True.  This can have significant performance implications including some performance degradations in comparison to prior SQLAlchemy versions.  Set this attribute to True if this type object's state is safe to use in a cache key, or False to disable this warning. (Background on this error at: https://sqlalche.me/e/14/cprf)
[2021-12-15 05:11:49,671] {logging_mixin.py:109} INFO - [2021-12-15 05:11:49,671] {dag.py:2914} INFO - Setting next_dagrun for example_short_circuit_operator to 2021-12-14T05:11:49.670935+00:00
[2021-12-15 05:11:49,681] {processor.py:171} INFO - Processing /opt/conda/lib/python3.8/site-packages/airflow/example_dags/example_short_circuit_operator.py took 0.060 seconds
[2021-12-15 05:12:27,966] {processor.py:163} INFO - Started process (PID=3106) to work on /opt/conda/lib/python3.8/site-packages/airflow/example_dags/example_short_circuit_operator.py
[2021-12-15 05:12:27,968] {processor.py:620} INFO - Processing file /opt/conda/lib/python3.8/site-packages/airflow/example_dags/example_short_circuit_operator.py for tasks to queue
[2021-12-15 05:12:27,968] {logging_mixin.py:109} INFO - [2021-12-15 05:12:27,968] {dagbag.py:500} INFO - Filling up the DagBag from /opt/conda/lib/python3.8/site-packages/airflow/example_dags/example_short_circuit_operator.py
[2021-12-15 05:12:27,990] {processor.py:632} INFO - DAG(s) dict_keys(['example_short_circuit_operator']) retrieved from /opt/conda/lib/python3.8/site-packages/airflow/example_dags/example_short_circuit_operator.py
[2021-12-15 05:12:27,994] {logging_mixin.py:109} WARNING - /opt/conda/lib/python3.8/site-packages/airflow/models/serialized_dag.py:120 SAWarning: TypeDecorator UtcDateTime(timezone=True) will not produce a cache key because the ``cache_ok`` attribute is not set to True.  This can have significant performance implications including some performance degradations in comparison to prior SQLAlchemy versions.  Set this attribute to True if this type object's state is safe to use in a cache key, or False to disable this warning. (Background on this error at: https://sqlalche.me/e/14/cprf)
[2021-12-15 05:12:28,002] {logging_mixin.py:109} INFO - [2021-12-15 05:12:28,002] {dag.py:2389} INFO - Sync 1 DAGs
[2021-12-15 05:12:28,013] {logging_mixin.py:109} WARNING - /opt/conda/lib/python3.8/site-packages/airflow/models/dag.py:2426 SAWarning: TypeDecorator UtcDateTime(timezone=True) will not produce a cache key because the ``cache_ok`` attribute is not set to True.  This can have significant performance implications including some performance degradations in comparison to prior SQLAlchemy versions.  Set this attribute to True if this type object's state is safe to use in a cache key, or False to disable this warning. (Background on this error at: https://sqlalche.me/e/14/cprf)
[2021-12-15 05:12:28,019] {logging_mixin.py:109} INFO - [2021-12-15 05:12:28,018] {dag.py:2914} INFO - Setting next_dagrun for example_short_circuit_operator to 2021-12-14T05:12:28.018599+00:00
[2021-12-15 05:12:28,032] {processor.py:171} INFO - Processing /opt/conda/lib/python3.8/site-packages/airflow/example_dags/example_short_circuit_operator.py took 0.068 seconds
[2021-12-15 05:13:02,905] {processor.py:163} INFO - Started process (PID=3280) to work on /opt/conda/lib/python3.8/site-packages/airflow/example_dags/example_short_circuit_operator.py
[2021-12-15 05:13:02,906] {processor.py:620} INFO - Processing file /opt/conda/lib/python3.8/site-packages/airflow/example_dags/example_short_circuit_operator.py for tasks to queue
[2021-12-15 05:13:02,906] {logging_mixin.py:109} INFO - [2021-12-15 05:13:02,906] {dagbag.py:500} INFO - Filling up the DagBag from /opt/conda/lib/python3.8/site-packages/airflow/example_dags/example_short_circuit_operator.py
[2021-12-15 05:13:02,927] {processor.py:632} INFO - DAG(s) dict_keys(['example_short_circuit_operator']) retrieved from /opt/conda/lib/python3.8/site-packages/airflow/example_dags/example_short_circuit_operator.py
[2021-12-15 05:13:02,932] {logging_mixin.py:109} WARNING - /opt/conda/lib/python3.8/site-packages/airflow/models/serialized_dag.py:120 SAWarning: TypeDecorator UtcDateTime(timezone=True) will not produce a cache key because the ``cache_ok`` attribute is not set to True.  This can have significant performance implications including some performance degradations in comparison to prior SQLAlchemy versions.  Set this attribute to True if this type object's state is safe to use in a cache key, or False to disable this warning. (Background on this error at: https://sqlalche.me/e/14/cprf)
[2021-12-15 05:13:02,939] {logging_mixin.py:109} INFO - [2021-12-15 05:13:02,939] {dag.py:2389} INFO - Sync 1 DAGs
[2021-12-15 05:13:02,950] {logging_mixin.py:109} WARNING - /opt/conda/lib/python3.8/site-packages/airflow/models/dag.py:2426 SAWarning: TypeDecorator UtcDateTime(timezone=True) will not produce a cache key because the ``cache_ok`` attribute is not set to True.  This can have significant performance implications including some performance degradations in comparison to prior SQLAlchemy versions.  Set this attribute to True if this type object's state is safe to use in a cache key, or False to disable this warning. (Background on this error at: https://sqlalche.me/e/14/cprf)
[2021-12-15 05:13:02,955] {logging_mixin.py:109} INFO - [2021-12-15 05:13:02,955] {dag.py:2914} INFO - Setting next_dagrun for example_short_circuit_operator to 2021-12-14T05:13:02.955224+00:00
[2021-12-15 05:13:02,966] {processor.py:171} INFO - Processing /opt/conda/lib/python3.8/site-packages/airflow/example_dags/example_short_circuit_operator.py took 0.064 seconds
[2021-12-15 05:13:38,386] {processor.py:163} INFO - Started process (PID=3404) to work on /opt/conda/lib/python3.8/site-packages/airflow/example_dags/example_short_circuit_operator.py
[2021-12-15 05:13:38,387] {processor.py:620} INFO - Processing file /opt/conda/lib/python3.8/site-packages/airflow/example_dags/example_short_circuit_operator.py for tasks to queue
[2021-12-15 05:13:38,387] {logging_mixin.py:109} INFO - [2021-12-15 05:13:38,387] {dagbag.py:500} INFO - Filling up the DagBag from /opt/conda/lib/python3.8/site-packages/airflow/example_dags/example_short_circuit_operator.py
[2021-12-15 05:13:38,408] {processor.py:632} INFO - DAG(s) dict_keys(['example_short_circuit_operator']) retrieved from /opt/conda/lib/python3.8/site-packages/airflow/example_dags/example_short_circuit_operator.py
[2021-12-15 05:13:38,413] {logging_mixin.py:109} WARNING - /opt/conda/lib/python3.8/site-packages/airflow/models/serialized_dag.py:120 SAWarning: TypeDecorator UtcDateTime(timezone=True) will not produce a cache key because the ``cache_ok`` attribute is not set to True.  This can have significant performance implications including some performance degradations in comparison to prior SQLAlchemy versions.  Set this attribute to True if this type object's state is safe to use in a cache key, or False to disable this warning. (Background on this error at: https://sqlalche.me/e/14/cprf)
[2021-12-15 05:13:38,421] {logging_mixin.py:109} INFO - [2021-12-15 05:13:38,421] {dag.py:2389} INFO - Sync 1 DAGs
[2021-12-15 05:13:38,430] {logging_mixin.py:109} WARNING - /opt/conda/lib/python3.8/site-packages/airflow/models/dag.py:2426 SAWarning: TypeDecorator UtcDateTime(timezone=True) will not produce a cache key because the ``cache_ok`` attribute is not set to True.  This can have significant performance implications including some performance degradations in comparison to prior SQLAlchemy versions.  Set this attribute to True if this type object's state is safe to use in a cache key, or False to disable this warning. (Background on this error at: https://sqlalche.me/e/14/cprf)
[2021-12-15 05:13:38,435] {logging_mixin.py:109} INFO - [2021-12-15 05:13:38,435] {dag.py:2914} INFO - Setting next_dagrun for example_short_circuit_operator to 2021-12-14T05:13:38.435224+00:00
[2021-12-15 05:13:38,446] {processor.py:171} INFO - Processing /opt/conda/lib/python3.8/site-packages/airflow/example_dags/example_short_circuit_operator.py took 0.063 seconds
[2021-12-15 05:14:14,276] {processor.py:163} INFO - Started process (PID=3569) to work on /opt/conda/lib/python3.8/site-packages/airflow/example_dags/example_short_circuit_operator.py
[2021-12-15 05:14:14,277] {processor.py:620} INFO - Processing file /opt/conda/lib/python3.8/site-packages/airflow/example_dags/example_short_circuit_operator.py for tasks to queue
[2021-12-15 05:14:14,278] {logging_mixin.py:109} INFO - [2021-12-15 05:14:14,278] {dagbag.py:500} INFO - Filling up the DagBag from /opt/conda/lib/python3.8/site-packages/airflow/example_dags/example_short_circuit_operator.py
[2021-12-15 05:14:14,296] {processor.py:632} INFO - DAG(s) dict_keys(['example_short_circuit_operator']) retrieved from /opt/conda/lib/python3.8/site-packages/airflow/example_dags/example_short_circuit_operator.py
[2021-12-15 05:14:14,301] {logging_mixin.py:109} WARNING - /opt/conda/lib/python3.8/site-packages/airflow/models/serialized_dag.py:120 SAWarning: TypeDecorator UtcDateTime(timezone=True) will not produce a cache key because the ``cache_ok`` attribute is not set to True.  This can have significant performance implications including some performance degradations in comparison to prior SQLAlchemy versions.  Set this attribute to True if this type object's state is safe to use in a cache key, or False to disable this warning. (Background on this error at: https://sqlalche.me/e/14/cprf)
[2021-12-15 05:14:14,308] {logging_mixin.py:109} INFO - [2021-12-15 05:14:14,308] {dag.py:2389} INFO - Sync 1 DAGs
[2021-12-15 05:14:14,318] {logging_mixin.py:109} WARNING - /opt/conda/lib/python3.8/site-packages/airflow/models/dag.py:2426 SAWarning: TypeDecorator UtcDateTime(timezone=True) will not produce a cache key because the ``cache_ok`` attribute is not set to True.  This can have significant performance implications including some performance degradations in comparison to prior SQLAlchemy versions.  Set this attribute to True if this type object's state is safe to use in a cache key, or False to disable this warning. (Background on this error at: https://sqlalche.me/e/14/cprf)
[2021-12-15 05:14:14,323] {logging_mixin.py:109} INFO - [2021-12-15 05:14:14,323] {dag.py:2914} INFO - Setting next_dagrun for example_short_circuit_operator to 2021-12-14T05:14:14.322765+00:00
[2021-12-15 05:14:14,333] {processor.py:171} INFO - Processing /opt/conda/lib/python3.8/site-packages/airflow/example_dags/example_short_circuit_operator.py took 0.059 seconds
[2021-12-15 05:14:51,871] {processor.py:163} INFO - Started process (PID=3802) to work on /opt/conda/lib/python3.8/site-packages/airflow/example_dags/example_short_circuit_operator.py
[2021-12-15 05:14:51,872] {processor.py:620} INFO - Processing file /opt/conda/lib/python3.8/site-packages/airflow/example_dags/example_short_circuit_operator.py for tasks to queue
[2021-12-15 05:14:51,872] {logging_mixin.py:109} INFO - [2021-12-15 05:14:51,872] {dagbag.py:500} INFO - Filling up the DagBag from /opt/conda/lib/python3.8/site-packages/airflow/example_dags/example_short_circuit_operator.py
[2021-12-15 05:14:51,893] {processor.py:632} INFO - DAG(s) dict_keys(['example_short_circuit_operator']) retrieved from /opt/conda/lib/python3.8/site-packages/airflow/example_dags/example_short_circuit_operator.py
[2021-12-15 05:14:51,897] {logging_mixin.py:109} WARNING - /opt/conda/lib/python3.8/site-packages/airflow/models/serialized_dag.py:120 SAWarning: TypeDecorator UtcDateTime(timezone=True) will not produce a cache key because the ``cache_ok`` attribute is not set to True.  This can have significant performance implications including some performance degradations in comparison to prior SQLAlchemy versions.  Set this attribute to True if this type object's state is safe to use in a cache key, or False to disable this warning. (Background on this error at: https://sqlalche.me/e/14/cprf)
[2021-12-15 05:14:51,905] {logging_mixin.py:109} INFO - [2021-12-15 05:14:51,905] {dag.py:2389} INFO - Sync 1 DAGs
[2021-12-15 05:14:51,914] {logging_mixin.py:109} WARNING - /opt/conda/lib/python3.8/site-packages/airflow/models/dag.py:2426 SAWarning: TypeDecorator UtcDateTime(timezone=True) will not produce a cache key because the ``cache_ok`` attribute is not set to True.  This can have significant performance implications including some performance degradations in comparison to prior SQLAlchemy versions.  Set this attribute to True if this type object's state is safe to use in a cache key, or False to disable this warning. (Background on this error at: https://sqlalche.me/e/14/cprf)
[2021-12-15 05:14:51,919] {logging_mixin.py:109} INFO - [2021-12-15 05:14:51,919] {dag.py:2914} INFO - Setting next_dagrun for example_short_circuit_operator to 2021-12-14T05:14:51.918842+00:00
[2021-12-15 05:14:51,929] {processor.py:171} INFO - Processing /opt/conda/lib/python3.8/site-packages/airflow/example_dags/example_short_circuit_operator.py took 0.061 seconds
