[2021-12-15 04:57:51,089] {processor.py:163} INFO - Started process (PID=63858) to work on /opt/conda/lib/python3.8/site-packages/airflow/example_dags/tutorial_etl_dag.py
[2021-12-15 04:57:51,089] {processor.py:620} INFO - Processing file /opt/conda/lib/python3.8/site-packages/airflow/example_dags/tutorial_etl_dag.py for tasks to queue
[2021-12-15 04:57:51,090] {logging_mixin.py:109} INFO - [2021-12-15 04:57:51,089] {dagbag.py:500} INFO - Filling up the DagBag from /opt/conda/lib/python3.8/site-packages/airflow/example_dags/tutorial_etl_dag.py
[2021-12-15 04:57:51,109] {processor.py:632} INFO - DAG(s) dict_keys(['tutorial_etl_dag']) retrieved from /opt/conda/lib/python3.8/site-packages/airflow/example_dags/tutorial_etl_dag.py
[2021-12-15 04:57:51,113] {logging_mixin.py:109} WARNING - /opt/conda/lib/python3.8/site-packages/airflow/models/serialized_dag.py:120 SAWarning: TypeDecorator UtcDateTime(timezone=True) will not produce a cache key because the ``cache_ok`` attribute is not set to True.  This can have significant performance implications including some performance degradations in comparison to prior SQLAlchemy versions.  Set this attribute to True if this type object's state is safe to use in a cache key, or False to disable this warning. (Background on this error at: https://sqlalche.me/e/14/cprf)
[2021-12-15 04:57:51,120] {logging_mixin.py:109} INFO - [2021-12-15 04:57:51,120] {dag.py:2389} INFO - Sync 1 DAGs
[2021-12-15 04:57:51,129] {logging_mixin.py:109} WARNING - /opt/conda/lib/python3.8/site-packages/airflow/models/dag.py:2426 SAWarning: TypeDecorator UtcDateTime(timezone=True) will not produce a cache key because the ``cache_ok`` attribute is not set to True.  This can have significant performance implications including some performance degradations in comparison to prior SQLAlchemy versions.  Set this attribute to True if this type object's state is safe to use in a cache key, or False to disable this warning. (Background on this error at: https://sqlalche.me/e/14/cprf)
[2021-12-15 04:57:51,134] {logging_mixin.py:109} INFO - [2021-12-15 04:57:51,134] {dag.py:2914} INFO - Setting next_dagrun for tutorial_etl_dag to None
[2021-12-15 04:57:51,145] {processor.py:171} INFO - Processing /opt/conda/lib/python3.8/site-packages/airflow/example_dags/tutorial_etl_dag.py took 0.059 seconds
[2021-12-15 04:58:26,341] {processor.py:163} INFO - Started process (PID=64172) to work on /opt/conda/lib/python3.8/site-packages/airflow/example_dags/tutorial_etl_dag.py
[2021-12-15 04:58:26,342] {processor.py:620} INFO - Processing file /opt/conda/lib/python3.8/site-packages/airflow/example_dags/tutorial_etl_dag.py for tasks to queue
[2021-12-15 04:58:26,343] {logging_mixin.py:109} INFO - [2021-12-15 04:58:26,342] {dagbag.py:500} INFO - Filling up the DagBag from /opt/conda/lib/python3.8/site-packages/airflow/example_dags/tutorial_etl_dag.py
[2021-12-15 04:58:26,364] {processor.py:632} INFO - DAG(s) dict_keys(['tutorial_etl_dag']) retrieved from /opt/conda/lib/python3.8/site-packages/airflow/example_dags/tutorial_etl_dag.py
[2021-12-15 04:58:26,368] {logging_mixin.py:109} WARNING - /opt/conda/lib/python3.8/site-packages/airflow/models/serialized_dag.py:120 SAWarning: TypeDecorator UtcDateTime(timezone=True) will not produce a cache key because the ``cache_ok`` attribute is not set to True.  This can have significant performance implications including some performance degradations in comparison to prior SQLAlchemy versions.  Set this attribute to True if this type object's state is safe to use in a cache key, or False to disable this warning. (Background on this error at: https://sqlalche.me/e/14/cprf)
[2021-12-15 04:58:26,375] {logging_mixin.py:109} INFO - [2021-12-15 04:58:26,375] {dag.py:2389} INFO - Sync 1 DAGs
[2021-12-15 04:58:26,385] {logging_mixin.py:109} WARNING - /opt/conda/lib/python3.8/site-packages/airflow/models/dag.py:2426 SAWarning: TypeDecorator UtcDateTime(timezone=True) will not produce a cache key because the ``cache_ok`` attribute is not set to True.  This can have significant performance implications including some performance degradations in comparison to prior SQLAlchemy versions.  Set this attribute to True if this type object's state is safe to use in a cache key, or False to disable this warning. (Background on this error at: https://sqlalche.me/e/14/cprf)
[2021-12-15 04:58:26,389] {logging_mixin.py:109} INFO - [2021-12-15 04:58:26,389] {dag.py:2914} INFO - Setting next_dagrun for tutorial_etl_dag to None
[2021-12-15 04:58:26,401] {processor.py:171} INFO - Processing /opt/conda/lib/python3.8/site-packages/airflow/example_dags/tutorial_etl_dag.py took 0.063 seconds
[2021-12-15 04:58:58,912] {processor.py:163} INFO - Started process (PID=64385) to work on /opt/conda/lib/python3.8/site-packages/airflow/example_dags/tutorial_etl_dag.py
[2021-12-15 04:58:58,913] {processor.py:620} INFO - Processing file /opt/conda/lib/python3.8/site-packages/airflow/example_dags/tutorial_etl_dag.py for tasks to queue
[2021-12-15 04:58:58,914] {logging_mixin.py:109} INFO - [2021-12-15 04:58:58,914] {dagbag.py:500} INFO - Filling up the DagBag from /opt/conda/lib/python3.8/site-packages/airflow/example_dags/tutorial_etl_dag.py
[2021-12-15 04:58:58,934] {processor.py:632} INFO - DAG(s) dict_keys(['tutorial_etl_dag']) retrieved from /opt/conda/lib/python3.8/site-packages/airflow/example_dags/tutorial_etl_dag.py
[2021-12-15 04:58:58,939] {logging_mixin.py:109} WARNING - /opt/conda/lib/python3.8/site-packages/airflow/models/serialized_dag.py:120 SAWarning: TypeDecorator UtcDateTime(timezone=True) will not produce a cache key because the ``cache_ok`` attribute is not set to True.  This can have significant performance implications including some performance degradations in comparison to prior SQLAlchemy versions.  Set this attribute to True if this type object's state is safe to use in a cache key, or False to disable this warning. (Background on this error at: https://sqlalche.me/e/14/cprf)
[2021-12-15 04:58:58,946] {logging_mixin.py:109} INFO - [2021-12-15 04:58:58,945] {dag.py:2389} INFO - Sync 1 DAGs
[2021-12-15 04:58:58,955] {logging_mixin.py:109} WARNING - /opt/conda/lib/python3.8/site-packages/airflow/models/dag.py:2426 SAWarning: TypeDecorator UtcDateTime(timezone=True) will not produce a cache key because the ``cache_ok`` attribute is not set to True.  This can have significant performance implications including some performance degradations in comparison to prior SQLAlchemy versions.  Set this attribute to True if this type object's state is safe to use in a cache key, or False to disable this warning. (Background on this error at: https://sqlalche.me/e/14/cprf)
[2021-12-15 04:58:58,959] {logging_mixin.py:109} INFO - [2021-12-15 04:58:58,959] {dag.py:2914} INFO - Setting next_dagrun for tutorial_etl_dag to None
[2021-12-15 04:58:58,970] {processor.py:171} INFO - Processing /opt/conda/lib/python3.8/site-packages/airflow/example_dags/tutorial_etl_dag.py took 0.060 seconds
[2021-12-15 05:04:21,715] {processor.py:163} INFO - Started process (PID=887) to work on /opt/conda/lib/python3.8/site-packages/airflow/example_dags/tutorial_etl_dag.py
[2021-12-15 05:04:21,716] {processor.py:620} INFO - Processing file /opt/conda/lib/python3.8/site-packages/airflow/example_dags/tutorial_etl_dag.py for tasks to queue
[2021-12-15 05:04:21,717] {logging_mixin.py:109} INFO - [2021-12-15 05:04:21,717] {dagbag.py:500} INFO - Filling up the DagBag from /opt/conda/lib/python3.8/site-packages/airflow/example_dags/tutorial_etl_dag.py
[2021-12-15 05:04:21,737] {processor.py:632} INFO - DAG(s) dict_keys(['tutorial_etl_dag']) retrieved from /opt/conda/lib/python3.8/site-packages/airflow/example_dags/tutorial_etl_dag.py
[2021-12-15 05:04:21,741] {logging_mixin.py:109} WARNING - /opt/conda/lib/python3.8/site-packages/airflow/models/serialized_dag.py:120 SAWarning: TypeDecorator UtcDateTime(timezone=True) will not produce a cache key because the ``cache_ok`` attribute is not set to True.  This can have significant performance implications including some performance degradations in comparison to prior SQLAlchemy versions.  Set this attribute to True if this type object's state is safe to use in a cache key, or False to disable this warning. (Background on this error at: https://sqlalche.me/e/14/cprf)
[2021-12-15 05:04:21,748] {logging_mixin.py:109} INFO - [2021-12-15 05:04:21,748] {dag.py:2389} INFO - Sync 1 DAGs
[2021-12-15 05:04:21,758] {logging_mixin.py:109} WARNING - /opt/conda/lib/python3.8/site-packages/airflow/models/dag.py:2426 SAWarning: TypeDecorator UtcDateTime(timezone=True) will not produce a cache key because the ``cache_ok`` attribute is not set to True.  This can have significant performance implications including some performance degradations in comparison to prior SQLAlchemy versions.  Set this attribute to True if this type object's state is safe to use in a cache key, or False to disable this warning. (Background on this error at: https://sqlalche.me/e/14/cprf)
[2021-12-15 05:04:21,763] {logging_mixin.py:109} INFO - [2021-12-15 05:04:21,763] {dag.py:2914} INFO - Setting next_dagrun for tutorial_etl_dag to None
[2021-12-15 05:04:21,773] {processor.py:171} INFO - Processing /opt/conda/lib/python3.8/site-packages/airflow/example_dags/tutorial_etl_dag.py took 0.061 seconds
[2021-12-15 05:04:56,962] {processor.py:163} INFO - Started process (PID=1054) to work on /opt/conda/lib/python3.8/site-packages/airflow/example_dags/tutorial_etl_dag.py
[2021-12-15 05:04:56,963] {processor.py:620} INFO - Processing file /opt/conda/lib/python3.8/site-packages/airflow/example_dags/tutorial_etl_dag.py for tasks to queue
[2021-12-15 05:04:56,964] {logging_mixin.py:109} INFO - [2021-12-15 05:04:56,963] {dagbag.py:500} INFO - Filling up the DagBag from /opt/conda/lib/python3.8/site-packages/airflow/example_dags/tutorial_etl_dag.py
[2021-12-15 05:04:56,983] {processor.py:632} INFO - DAG(s) dict_keys(['tutorial_etl_dag']) retrieved from /opt/conda/lib/python3.8/site-packages/airflow/example_dags/tutorial_etl_dag.py
[2021-12-15 05:04:56,987] {logging_mixin.py:109} WARNING - /opt/conda/lib/python3.8/site-packages/airflow/models/serialized_dag.py:120 SAWarning: TypeDecorator UtcDateTime(timezone=True) will not produce a cache key because the ``cache_ok`` attribute is not set to True.  This can have significant performance implications including some performance degradations in comparison to prior SQLAlchemy versions.  Set this attribute to True if this type object's state is safe to use in a cache key, or False to disable this warning. (Background on this error at: https://sqlalche.me/e/14/cprf)
[2021-12-15 05:04:56,994] {logging_mixin.py:109} INFO - [2021-12-15 05:04:56,994] {dag.py:2389} INFO - Sync 1 DAGs
[2021-12-15 05:04:57,004] {logging_mixin.py:109} WARNING - /opt/conda/lib/python3.8/site-packages/airflow/models/dag.py:2426 SAWarning: TypeDecorator UtcDateTime(timezone=True) will not produce a cache key because the ``cache_ok`` attribute is not set to True.  This can have significant performance implications including some performance degradations in comparison to prior SQLAlchemy versions.  Set this attribute to True if this type object's state is safe to use in a cache key, or False to disable this warning. (Background on this error at: https://sqlalche.me/e/14/cprf)
[2021-12-15 05:04:57,008] {logging_mixin.py:109} INFO - [2021-12-15 05:04:57,008] {dag.py:2914} INFO - Setting next_dagrun for tutorial_etl_dag to None
[2021-12-15 05:04:57,019] {processor.py:171} INFO - Processing /opt/conda/lib/python3.8/site-packages/airflow/example_dags/tutorial_etl_dag.py took 0.059 seconds
[2021-12-15 05:05:31,025] {processor.py:163} INFO - Started process (PID=1341) to work on /opt/conda/lib/python3.8/site-packages/airflow/example_dags/tutorial_etl_dag.py
[2021-12-15 05:05:31,026] {processor.py:620} INFO - Processing file /opt/conda/lib/python3.8/site-packages/airflow/example_dags/tutorial_etl_dag.py for tasks to queue
[2021-12-15 05:05:31,026] {logging_mixin.py:109} INFO - [2021-12-15 05:05:31,026] {dagbag.py:500} INFO - Filling up the DagBag from /opt/conda/lib/python3.8/site-packages/airflow/example_dags/tutorial_etl_dag.py
[2021-12-15 05:05:31,047] {processor.py:632} INFO - DAG(s) dict_keys(['tutorial_etl_dag']) retrieved from /opt/conda/lib/python3.8/site-packages/airflow/example_dags/tutorial_etl_dag.py
[2021-12-15 05:05:31,051] {logging_mixin.py:109} WARNING - /opt/conda/lib/python3.8/site-packages/airflow/models/serialized_dag.py:120 SAWarning: TypeDecorator UtcDateTime(timezone=True) will not produce a cache key because the ``cache_ok`` attribute is not set to True.  This can have significant performance implications including some performance degradations in comparison to prior SQLAlchemy versions.  Set this attribute to True if this type object's state is safe to use in a cache key, or False to disable this warning. (Background on this error at: https://sqlalche.me/e/14/cprf)
[2021-12-15 05:05:31,059] {logging_mixin.py:109} INFO - [2021-12-15 05:05:31,059] {dag.py:2389} INFO - Sync 1 DAGs
[2021-12-15 05:05:31,069] {logging_mixin.py:109} WARNING - /opt/conda/lib/python3.8/site-packages/airflow/models/dag.py:2426 SAWarning: TypeDecorator UtcDateTime(timezone=True) will not produce a cache key because the ``cache_ok`` attribute is not set to True.  This can have significant performance implications including some performance degradations in comparison to prior SQLAlchemy versions.  Set this attribute to True if this type object's state is safe to use in a cache key, or False to disable this warning. (Background on this error at: https://sqlalche.me/e/14/cprf)
[2021-12-15 05:05:31,073] {logging_mixin.py:109} INFO - [2021-12-15 05:05:31,073] {dag.py:2914} INFO - Setting next_dagrun for tutorial_etl_dag to None
[2021-12-15 05:05:31,084] {processor.py:171} INFO - Processing /opt/conda/lib/python3.8/site-packages/airflow/example_dags/tutorial_etl_dag.py took 0.062 seconds
[2021-12-15 05:06:05,620] {processor.py:163} INFO - Started process (PID=1464) to work on /opt/conda/lib/python3.8/site-packages/airflow/example_dags/tutorial_etl_dag.py
[2021-12-15 05:06:05,621] {processor.py:620} INFO - Processing file /opt/conda/lib/python3.8/site-packages/airflow/example_dags/tutorial_etl_dag.py for tasks to queue
[2021-12-15 05:06:05,622] {logging_mixin.py:109} INFO - [2021-12-15 05:06:05,622] {dagbag.py:500} INFO - Filling up the DagBag from /opt/conda/lib/python3.8/site-packages/airflow/example_dags/tutorial_etl_dag.py
[2021-12-15 05:06:05,642] {processor.py:632} INFO - DAG(s) dict_keys(['tutorial_etl_dag']) retrieved from /opt/conda/lib/python3.8/site-packages/airflow/example_dags/tutorial_etl_dag.py
[2021-12-15 05:06:05,646] {logging_mixin.py:109} WARNING - /opt/conda/lib/python3.8/site-packages/airflow/models/serialized_dag.py:120 SAWarning: TypeDecorator UtcDateTime(timezone=True) will not produce a cache key because the ``cache_ok`` attribute is not set to True.  This can have significant performance implications including some performance degradations in comparison to prior SQLAlchemy versions.  Set this attribute to True if this type object's state is safe to use in a cache key, or False to disable this warning. (Background on this error at: https://sqlalche.me/e/14/cprf)
[2021-12-15 05:06:05,653] {logging_mixin.py:109} INFO - [2021-12-15 05:06:05,653] {dag.py:2389} INFO - Sync 1 DAGs
[2021-12-15 05:06:05,663] {logging_mixin.py:109} WARNING - /opt/conda/lib/python3.8/site-packages/airflow/models/dag.py:2426 SAWarning: TypeDecorator UtcDateTime(timezone=True) will not produce a cache key because the ``cache_ok`` attribute is not set to True.  This can have significant performance implications including some performance degradations in comparison to prior SQLAlchemy versions.  Set this attribute to True if this type object's state is safe to use in a cache key, or False to disable this warning. (Background on this error at: https://sqlalche.me/e/14/cprf)
[2021-12-15 05:06:05,667] {logging_mixin.py:109} INFO - [2021-12-15 05:06:05,667] {dag.py:2914} INFO - Setting next_dagrun for tutorial_etl_dag to None
[2021-12-15 05:06:05,677] {processor.py:171} INFO - Processing /opt/conda/lib/python3.8/site-packages/airflow/example_dags/tutorial_etl_dag.py took 0.060 seconds
[2021-12-15 05:06:39,622] {processor.py:163} INFO - Started process (PID=1612) to work on /opt/conda/lib/python3.8/site-packages/airflow/example_dags/tutorial_etl_dag.py
[2021-12-15 05:06:39,623] {processor.py:620} INFO - Processing file /opt/conda/lib/python3.8/site-packages/airflow/example_dags/tutorial_etl_dag.py for tasks to queue
[2021-12-15 05:06:39,623] {logging_mixin.py:109} INFO - [2021-12-15 05:06:39,623] {dagbag.py:500} INFO - Filling up the DagBag from /opt/conda/lib/python3.8/site-packages/airflow/example_dags/tutorial_etl_dag.py
[2021-12-15 05:06:39,642] {processor.py:632} INFO - DAG(s) dict_keys(['tutorial_etl_dag']) retrieved from /opt/conda/lib/python3.8/site-packages/airflow/example_dags/tutorial_etl_dag.py
[2021-12-15 05:06:39,647] {logging_mixin.py:109} WARNING - /opt/conda/lib/python3.8/site-packages/airflow/models/serialized_dag.py:120 SAWarning: TypeDecorator UtcDateTime(timezone=True) will not produce a cache key because the ``cache_ok`` attribute is not set to True.  This can have significant performance implications including some performance degradations in comparison to prior SQLAlchemy versions.  Set this attribute to True if this type object's state is safe to use in a cache key, or False to disable this warning. (Background on this error at: https://sqlalche.me/e/14/cprf)
[2021-12-15 05:06:39,654] {logging_mixin.py:109} INFO - [2021-12-15 05:06:39,654] {dag.py:2389} INFO - Sync 1 DAGs
[2021-12-15 05:06:39,663] {logging_mixin.py:109} WARNING - /opt/conda/lib/python3.8/site-packages/airflow/models/dag.py:2426 SAWarning: TypeDecorator UtcDateTime(timezone=True) will not produce a cache key because the ``cache_ok`` attribute is not set to True.  This can have significant performance implications including some performance degradations in comparison to prior SQLAlchemy versions.  Set this attribute to True if this type object's state is safe to use in a cache key, or False to disable this warning. (Background on this error at: https://sqlalche.me/e/14/cprf)
[2021-12-15 05:06:39,668] {logging_mixin.py:109} INFO - [2021-12-15 05:06:39,668] {dag.py:2914} INFO - Setting next_dagrun for tutorial_etl_dag to None
[2021-12-15 05:06:39,678] {processor.py:171} INFO - Processing /opt/conda/lib/python3.8/site-packages/airflow/example_dags/tutorial_etl_dag.py took 0.059 seconds
[2021-12-15 05:07:14,346] {processor.py:163} INFO - Started process (PID=1710) to work on /opt/conda/lib/python3.8/site-packages/airflow/example_dags/tutorial_etl_dag.py
[2021-12-15 05:07:14,347] {processor.py:620} INFO - Processing file /opt/conda/lib/python3.8/site-packages/airflow/example_dags/tutorial_etl_dag.py for tasks to queue
[2021-12-15 05:07:14,347] {logging_mixin.py:109} INFO - [2021-12-15 05:07:14,347] {dagbag.py:500} INFO - Filling up the DagBag from /opt/conda/lib/python3.8/site-packages/airflow/example_dags/tutorial_etl_dag.py
[2021-12-15 05:07:14,367] {processor.py:632} INFO - DAG(s) dict_keys(['tutorial_etl_dag']) retrieved from /opt/conda/lib/python3.8/site-packages/airflow/example_dags/tutorial_etl_dag.py
[2021-12-15 05:07:14,372] {logging_mixin.py:109} WARNING - /opt/conda/lib/python3.8/site-packages/airflow/models/serialized_dag.py:120 SAWarning: TypeDecorator UtcDateTime(timezone=True) will not produce a cache key because the ``cache_ok`` attribute is not set to True.  This can have significant performance implications including some performance degradations in comparison to prior SQLAlchemy versions.  Set this attribute to True if this type object's state is safe to use in a cache key, or False to disable this warning. (Background on this error at: https://sqlalche.me/e/14/cprf)
[2021-12-15 05:07:14,378] {logging_mixin.py:109} INFO - [2021-12-15 05:07:14,378] {dag.py:2389} INFO - Sync 1 DAGs
[2021-12-15 05:07:14,388] {logging_mixin.py:109} WARNING - /opt/conda/lib/python3.8/site-packages/airflow/models/dag.py:2426 SAWarning: TypeDecorator UtcDateTime(timezone=True) will not produce a cache key because the ``cache_ok`` attribute is not set to True.  This can have significant performance implications including some performance degradations in comparison to prior SQLAlchemy versions.  Set this attribute to True if this type object's state is safe to use in a cache key, or False to disable this warning. (Background on this error at: https://sqlalche.me/e/14/cprf)
[2021-12-15 05:07:14,393] {logging_mixin.py:109} INFO - [2021-12-15 05:07:14,393] {dag.py:2914} INFO - Setting next_dagrun for tutorial_etl_dag to None
[2021-12-15 05:07:14,404] {processor.py:171} INFO - Processing /opt/conda/lib/python3.8/site-packages/airflow/example_dags/tutorial_etl_dag.py took 0.061 seconds
[2021-12-15 05:07:48,515] {processor.py:163} INFO - Started process (PID=1795) to work on /opt/conda/lib/python3.8/site-packages/airflow/example_dags/tutorial_etl_dag.py
[2021-12-15 05:07:48,516] {processor.py:620} INFO - Processing file /opt/conda/lib/python3.8/site-packages/airflow/example_dags/tutorial_etl_dag.py for tasks to queue
[2021-12-15 05:07:48,517] {logging_mixin.py:109} INFO - [2021-12-15 05:07:48,516] {dagbag.py:500} INFO - Filling up the DagBag from /opt/conda/lib/python3.8/site-packages/airflow/example_dags/tutorial_etl_dag.py
[2021-12-15 05:07:48,536] {processor.py:632} INFO - DAG(s) dict_keys(['tutorial_etl_dag']) retrieved from /opt/conda/lib/python3.8/site-packages/airflow/example_dags/tutorial_etl_dag.py
[2021-12-15 05:07:48,541] {logging_mixin.py:109} WARNING - /opt/conda/lib/python3.8/site-packages/airflow/models/serialized_dag.py:120 SAWarning: TypeDecorator UtcDateTime(timezone=True) will not produce a cache key because the ``cache_ok`` attribute is not set to True.  This can have significant performance implications including some performance degradations in comparison to prior SQLAlchemy versions.  Set this attribute to True if this type object's state is safe to use in a cache key, or False to disable this warning. (Background on this error at: https://sqlalche.me/e/14/cprf)
[2021-12-15 05:07:48,548] {logging_mixin.py:109} INFO - [2021-12-15 05:07:48,548] {dag.py:2389} INFO - Sync 1 DAGs
[2021-12-15 05:07:48,557] {logging_mixin.py:109} WARNING - /opt/conda/lib/python3.8/site-packages/airflow/models/dag.py:2426 SAWarning: TypeDecorator UtcDateTime(timezone=True) will not produce a cache key because the ``cache_ok`` attribute is not set to True.  This can have significant performance implications including some performance degradations in comparison to prior SQLAlchemy versions.  Set this attribute to True if this type object's state is safe to use in a cache key, or False to disable this warning. (Background on this error at: https://sqlalche.me/e/14/cprf)
[2021-12-15 05:07:48,561] {logging_mixin.py:109} INFO - [2021-12-15 05:07:48,561] {dag.py:2914} INFO - Setting next_dagrun for tutorial_etl_dag to None
[2021-12-15 05:07:48,572] {processor.py:171} INFO - Processing /opt/conda/lib/python3.8/site-packages/airflow/example_dags/tutorial_etl_dag.py took 0.060 seconds
[2021-12-15 05:08:22,514] {processor.py:163} INFO - Started process (PID=1876) to work on /opt/conda/lib/python3.8/site-packages/airflow/example_dags/tutorial_etl_dag.py
[2021-12-15 05:08:22,515] {processor.py:620} INFO - Processing file /opt/conda/lib/python3.8/site-packages/airflow/example_dags/tutorial_etl_dag.py for tasks to queue
[2021-12-15 05:08:22,515] {logging_mixin.py:109} INFO - [2021-12-15 05:08:22,515] {dagbag.py:500} INFO - Filling up the DagBag from /opt/conda/lib/python3.8/site-packages/airflow/example_dags/tutorial_etl_dag.py
[2021-12-15 05:08:22,536] {processor.py:632} INFO - DAG(s) dict_keys(['tutorial_etl_dag']) retrieved from /opt/conda/lib/python3.8/site-packages/airflow/example_dags/tutorial_etl_dag.py
[2021-12-15 05:08:22,540] {logging_mixin.py:109} WARNING - /opt/conda/lib/python3.8/site-packages/airflow/models/serialized_dag.py:120 SAWarning: TypeDecorator UtcDateTime(timezone=True) will not produce a cache key because the ``cache_ok`` attribute is not set to True.  This can have significant performance implications including some performance degradations in comparison to prior SQLAlchemy versions.  Set this attribute to True if this type object's state is safe to use in a cache key, or False to disable this warning. (Background on this error at: https://sqlalche.me/e/14/cprf)
[2021-12-15 05:08:22,547] {logging_mixin.py:109} INFO - [2021-12-15 05:08:22,547] {dag.py:2389} INFO - Sync 1 DAGs
[2021-12-15 05:08:22,557] {logging_mixin.py:109} WARNING - /opt/conda/lib/python3.8/site-packages/airflow/models/dag.py:2426 SAWarning: TypeDecorator UtcDateTime(timezone=True) will not produce a cache key because the ``cache_ok`` attribute is not set to True.  This can have significant performance implications including some performance degradations in comparison to prior SQLAlchemy versions.  Set this attribute to True if this type object's state is safe to use in a cache key, or False to disable this warning. (Background on this error at: https://sqlalche.me/e/14/cprf)
[2021-12-15 05:08:22,561] {logging_mixin.py:109} INFO - [2021-12-15 05:08:22,561] {dag.py:2914} INFO - Setting next_dagrun for tutorial_etl_dag to None
[2021-12-15 05:08:22,571] {processor.py:171} INFO - Processing /opt/conda/lib/python3.8/site-packages/airflow/example_dags/tutorial_etl_dag.py took 0.061 seconds
[2021-12-15 05:08:56,078] {processor.py:163} INFO - Started process (PID=1982) to work on /opt/conda/lib/python3.8/site-packages/airflow/example_dags/tutorial_etl_dag.py
[2021-12-15 05:08:56,079] {processor.py:620} INFO - Processing file /opt/conda/lib/python3.8/site-packages/airflow/example_dags/tutorial_etl_dag.py for tasks to queue
[2021-12-15 05:08:56,079] {logging_mixin.py:109} INFO - [2021-12-15 05:08:56,079] {dagbag.py:500} INFO - Filling up the DagBag from /opt/conda/lib/python3.8/site-packages/airflow/example_dags/tutorial_etl_dag.py
[2021-12-15 05:08:56,099] {processor.py:632} INFO - DAG(s) dict_keys(['tutorial_etl_dag']) retrieved from /opt/conda/lib/python3.8/site-packages/airflow/example_dags/tutorial_etl_dag.py
[2021-12-15 05:08:56,104] {logging_mixin.py:109} WARNING - /opt/conda/lib/python3.8/site-packages/airflow/models/serialized_dag.py:120 SAWarning: TypeDecorator UtcDateTime(timezone=True) will not produce a cache key because the ``cache_ok`` attribute is not set to True.  This can have significant performance implications including some performance degradations in comparison to prior SQLAlchemy versions.  Set this attribute to True if this type object's state is safe to use in a cache key, or False to disable this warning. (Background on this error at: https://sqlalche.me/e/14/cprf)
[2021-12-15 05:08:56,111] {logging_mixin.py:109} INFO - [2021-12-15 05:08:56,111] {dag.py:2389} INFO - Sync 1 DAGs
[2021-12-15 05:08:56,122] {logging_mixin.py:109} WARNING - /opt/conda/lib/python3.8/site-packages/airflow/models/dag.py:2426 SAWarning: TypeDecorator UtcDateTime(timezone=True) will not produce a cache key because the ``cache_ok`` attribute is not set to True.  This can have significant performance implications including some performance degradations in comparison to prior SQLAlchemy versions.  Set this attribute to True if this type object's state is safe to use in a cache key, or False to disable this warning. (Background on this error at: https://sqlalche.me/e/14/cprf)
[2021-12-15 05:08:56,126] {logging_mixin.py:109} INFO - [2021-12-15 05:08:56,126] {dag.py:2914} INFO - Setting next_dagrun for tutorial_etl_dag to None
[2021-12-15 05:08:56,136] {processor.py:171} INFO - Processing /opt/conda/lib/python3.8/site-packages/airflow/example_dags/tutorial_etl_dag.py took 0.062 seconds
[2021-12-15 05:09:30,108] {processor.py:163} INFO - Started process (PID=2167) to work on /opt/conda/lib/python3.8/site-packages/airflow/example_dags/tutorial_etl_dag.py
[2021-12-15 05:09:30,109] {processor.py:620} INFO - Processing file /opt/conda/lib/python3.8/site-packages/airflow/example_dags/tutorial_etl_dag.py for tasks to queue
[2021-12-15 05:09:30,109] {logging_mixin.py:109} INFO - [2021-12-15 05:09:30,109] {dagbag.py:500} INFO - Filling up the DagBag from /opt/conda/lib/python3.8/site-packages/airflow/example_dags/tutorial_etl_dag.py
[2021-12-15 05:09:30,131] {processor.py:632} INFO - DAG(s) dict_keys(['tutorial_etl_dag']) retrieved from /opt/conda/lib/python3.8/site-packages/airflow/example_dags/tutorial_etl_dag.py
[2021-12-15 05:09:30,136] {logging_mixin.py:109} WARNING - /opt/conda/lib/python3.8/site-packages/airflow/models/serialized_dag.py:120 SAWarning: TypeDecorator UtcDateTime(timezone=True) will not produce a cache key because the ``cache_ok`` attribute is not set to True.  This can have significant performance implications including some performance degradations in comparison to prior SQLAlchemy versions.  Set this attribute to True if this type object's state is safe to use in a cache key, or False to disable this warning. (Background on this error at: https://sqlalche.me/e/14/cprf)
[2021-12-15 05:09:30,143] {logging_mixin.py:109} INFO - [2021-12-15 05:09:30,142] {dag.py:2389} INFO - Sync 1 DAGs
[2021-12-15 05:09:30,153] {logging_mixin.py:109} WARNING - /opt/conda/lib/python3.8/site-packages/airflow/models/dag.py:2426 SAWarning: TypeDecorator UtcDateTime(timezone=True) will not produce a cache key because the ``cache_ok`` attribute is not set to True.  This can have significant performance implications including some performance degradations in comparison to prior SQLAlchemy versions.  Set this attribute to True if this type object's state is safe to use in a cache key, or False to disable this warning. (Background on this error at: https://sqlalche.me/e/14/cprf)
[2021-12-15 05:09:30,157] {logging_mixin.py:109} INFO - [2021-12-15 05:09:30,157] {dag.py:2914} INFO - Setting next_dagrun for tutorial_etl_dag to None
[2021-12-15 05:09:30,168] {processor.py:171} INFO - Processing /opt/conda/lib/python3.8/site-packages/airflow/example_dags/tutorial_etl_dag.py took 0.064 seconds
[2021-12-15 05:10:06,106] {processor.py:163} INFO - Started process (PID=2381) to work on /opt/conda/lib/python3.8/site-packages/airflow/example_dags/tutorial_etl_dag.py
[2021-12-15 05:10:06,107] {processor.py:620} INFO - Processing file /opt/conda/lib/python3.8/site-packages/airflow/example_dags/tutorial_etl_dag.py for tasks to queue
[2021-12-15 05:10:06,108] {logging_mixin.py:109} INFO - [2021-12-15 05:10:06,108] {dagbag.py:500} INFO - Filling up the DagBag from /opt/conda/lib/python3.8/site-packages/airflow/example_dags/tutorial_etl_dag.py
[2021-12-15 05:10:06,127] {processor.py:632} INFO - DAG(s) dict_keys(['tutorial_etl_dag']) retrieved from /opt/conda/lib/python3.8/site-packages/airflow/example_dags/tutorial_etl_dag.py
[2021-12-15 05:10:06,132] {logging_mixin.py:109} WARNING - /opt/conda/lib/python3.8/site-packages/airflow/models/serialized_dag.py:120 SAWarning: TypeDecorator UtcDateTime(timezone=True) will not produce a cache key because the ``cache_ok`` attribute is not set to True.  This can have significant performance implications including some performance degradations in comparison to prior SQLAlchemy versions.  Set this attribute to True if this type object's state is safe to use in a cache key, or False to disable this warning. (Background on this error at: https://sqlalche.me/e/14/cprf)
[2021-12-15 05:10:06,139] {logging_mixin.py:109} INFO - [2021-12-15 05:10:06,139] {dag.py:2389} INFO - Sync 1 DAGs
[2021-12-15 05:10:06,149] {logging_mixin.py:109} WARNING - /opt/conda/lib/python3.8/site-packages/airflow/models/dag.py:2426 SAWarning: TypeDecorator UtcDateTime(timezone=True) will not produce a cache key because the ``cache_ok`` attribute is not set to True.  This can have significant performance implications including some performance degradations in comparison to prior SQLAlchemy versions.  Set this attribute to True if this type object's state is safe to use in a cache key, or False to disable this warning. (Background on this error at: https://sqlalche.me/e/14/cprf)
[2021-12-15 05:10:06,153] {logging_mixin.py:109} INFO - [2021-12-15 05:10:06,153] {dag.py:2914} INFO - Setting next_dagrun for tutorial_etl_dag to None
[2021-12-15 05:10:06,165] {processor.py:171} INFO - Processing /opt/conda/lib/python3.8/site-packages/airflow/example_dags/tutorial_etl_dag.py took 0.061 seconds
[2021-12-15 05:10:41,759] {processor.py:163} INFO - Started process (PID=2621) to work on /opt/conda/lib/python3.8/site-packages/airflow/example_dags/tutorial_etl_dag.py
[2021-12-15 05:10:41,760] {processor.py:620} INFO - Processing file /opt/conda/lib/python3.8/site-packages/airflow/example_dags/tutorial_etl_dag.py for tasks to queue
[2021-12-15 05:10:41,761] {logging_mixin.py:109} INFO - [2021-12-15 05:10:41,761] {dagbag.py:500} INFO - Filling up the DagBag from /opt/conda/lib/python3.8/site-packages/airflow/example_dags/tutorial_etl_dag.py
[2021-12-15 05:10:41,781] {processor.py:632} INFO - DAG(s) dict_keys(['tutorial_etl_dag']) retrieved from /opt/conda/lib/python3.8/site-packages/airflow/example_dags/tutorial_etl_dag.py
[2021-12-15 05:10:41,785] {logging_mixin.py:109} WARNING - /opt/conda/lib/python3.8/site-packages/airflow/models/serialized_dag.py:120 SAWarning: TypeDecorator UtcDateTime(timezone=True) will not produce a cache key because the ``cache_ok`` attribute is not set to True.  This can have significant performance implications including some performance degradations in comparison to prior SQLAlchemy versions.  Set this attribute to True if this type object's state is safe to use in a cache key, or False to disable this warning. (Background on this error at: https://sqlalche.me/e/14/cprf)
[2021-12-15 05:10:41,792] {logging_mixin.py:109} INFO - [2021-12-15 05:10:41,792] {dag.py:2389} INFO - Sync 1 DAGs
[2021-12-15 05:10:41,802] {logging_mixin.py:109} WARNING - /opt/conda/lib/python3.8/site-packages/airflow/models/dag.py:2426 SAWarning: TypeDecorator UtcDateTime(timezone=True) will not produce a cache key because the ``cache_ok`` attribute is not set to True.  This can have significant performance implications including some performance degradations in comparison to prior SQLAlchemy versions.  Set this attribute to True if this type object's state is safe to use in a cache key, or False to disable this warning. (Background on this error at: https://sqlalche.me/e/14/cprf)
[2021-12-15 05:10:41,806] {logging_mixin.py:109} INFO - [2021-12-15 05:10:41,806] {dag.py:2914} INFO - Setting next_dagrun for tutorial_etl_dag to None
[2021-12-15 05:10:41,818] {processor.py:171} INFO - Processing /opt/conda/lib/python3.8/site-packages/airflow/example_dags/tutorial_etl_dag.py took 0.061 seconds
[2021-12-15 05:11:16,031] {processor.py:163} INFO - Started process (PID=2886) to work on /opt/conda/lib/python3.8/site-packages/airflow/example_dags/tutorial_etl_dag.py
[2021-12-15 05:11:16,032] {processor.py:620} INFO - Processing file /opt/conda/lib/python3.8/site-packages/airflow/example_dags/tutorial_etl_dag.py for tasks to queue
[2021-12-15 05:11:16,032] {logging_mixin.py:109} INFO - [2021-12-15 05:11:16,032] {dagbag.py:500} INFO - Filling up the DagBag from /opt/conda/lib/python3.8/site-packages/airflow/example_dags/tutorial_etl_dag.py
[2021-12-15 05:11:16,052] {processor.py:632} INFO - DAG(s) dict_keys(['tutorial_etl_dag']) retrieved from /opt/conda/lib/python3.8/site-packages/airflow/example_dags/tutorial_etl_dag.py
[2021-12-15 05:11:16,057] {logging_mixin.py:109} WARNING - /opt/conda/lib/python3.8/site-packages/airflow/models/serialized_dag.py:120 SAWarning: TypeDecorator UtcDateTime(timezone=True) will not produce a cache key because the ``cache_ok`` attribute is not set to True.  This can have significant performance implications including some performance degradations in comparison to prior SQLAlchemy versions.  Set this attribute to True if this type object's state is safe to use in a cache key, or False to disable this warning. (Background on this error at: https://sqlalche.me/e/14/cprf)
[2021-12-15 05:11:16,063] {logging_mixin.py:109} INFO - [2021-12-15 05:11:16,063] {dag.py:2389} INFO - Sync 1 DAGs
[2021-12-15 05:11:16,073] {logging_mixin.py:109} WARNING - /opt/conda/lib/python3.8/site-packages/airflow/models/dag.py:2426 SAWarning: TypeDecorator UtcDateTime(timezone=True) will not produce a cache key because the ``cache_ok`` attribute is not set to True.  This can have significant performance implications including some performance degradations in comparison to prior SQLAlchemy versions.  Set this attribute to True if this type object's state is safe to use in a cache key, or False to disable this warning. (Background on this error at: https://sqlalche.me/e/14/cprf)
[2021-12-15 05:11:16,077] {logging_mixin.py:109} INFO - [2021-12-15 05:11:16,077] {dag.py:2914} INFO - Setting next_dagrun for tutorial_etl_dag to None
[2021-12-15 05:11:16,089] {processor.py:171} INFO - Processing /opt/conda/lib/python3.8/site-packages/airflow/example_dags/tutorial_etl_dag.py took 0.061 seconds
[2021-12-15 05:11:51,911] {processor.py:163} INFO - Started process (PID=2981) to work on /opt/conda/lib/python3.8/site-packages/airflow/example_dags/tutorial_etl_dag.py
[2021-12-15 05:11:51,912] {processor.py:620} INFO - Processing file /opt/conda/lib/python3.8/site-packages/airflow/example_dags/tutorial_etl_dag.py for tasks to queue
[2021-12-15 05:11:51,913] {logging_mixin.py:109} INFO - [2021-12-15 05:11:51,913] {dagbag.py:500} INFO - Filling up the DagBag from /opt/conda/lib/python3.8/site-packages/airflow/example_dags/tutorial_etl_dag.py
[2021-12-15 05:11:51,932] {processor.py:632} INFO - DAG(s) dict_keys(['tutorial_etl_dag']) retrieved from /opt/conda/lib/python3.8/site-packages/airflow/example_dags/tutorial_etl_dag.py
[2021-12-15 05:11:51,937] {logging_mixin.py:109} WARNING - /opt/conda/lib/python3.8/site-packages/airflow/models/serialized_dag.py:120 SAWarning: TypeDecorator UtcDateTime(timezone=True) will not produce a cache key because the ``cache_ok`` attribute is not set to True.  This can have significant performance implications including some performance degradations in comparison to prior SQLAlchemy versions.  Set this attribute to True if this type object's state is safe to use in a cache key, or False to disable this warning. (Background on this error at: https://sqlalche.me/e/14/cprf)
[2021-12-15 05:11:51,943] {logging_mixin.py:109} INFO - [2021-12-15 05:11:51,943] {dag.py:2389} INFO - Sync 1 DAGs
[2021-12-15 05:11:51,953] {logging_mixin.py:109} WARNING - /opt/conda/lib/python3.8/site-packages/airflow/models/dag.py:2426 SAWarning: TypeDecorator UtcDateTime(timezone=True) will not produce a cache key because the ``cache_ok`` attribute is not set to True.  This can have significant performance implications including some performance degradations in comparison to prior SQLAlchemy versions.  Set this attribute to True if this type object's state is safe to use in a cache key, or False to disable this warning. (Background on this error at: https://sqlalche.me/e/14/cprf)
[2021-12-15 05:11:51,958] {logging_mixin.py:109} INFO - [2021-12-15 05:11:51,958] {dag.py:2914} INFO - Setting next_dagrun for tutorial_etl_dag to None
[2021-12-15 05:11:51,973] {processor.py:171} INFO - Processing /opt/conda/lib/python3.8/site-packages/airflow/example_dags/tutorial_etl_dag.py took 0.065 seconds
[2021-12-15 05:12:25,369] {processor.py:163} INFO - Started process (PID=3098) to work on /opt/conda/lib/python3.8/site-packages/airflow/example_dags/tutorial_etl_dag.py
[2021-12-15 05:12:25,370] {processor.py:620} INFO - Processing file /opt/conda/lib/python3.8/site-packages/airflow/example_dags/tutorial_etl_dag.py for tasks to queue
[2021-12-15 05:12:25,371] {logging_mixin.py:109} INFO - [2021-12-15 05:12:25,371] {dagbag.py:500} INFO - Filling up the DagBag from /opt/conda/lib/python3.8/site-packages/airflow/example_dags/tutorial_etl_dag.py
[2021-12-15 05:12:25,392] {processor.py:632} INFO - DAG(s) dict_keys(['tutorial_etl_dag']) retrieved from /opt/conda/lib/python3.8/site-packages/airflow/example_dags/tutorial_etl_dag.py
[2021-12-15 05:12:25,397] {logging_mixin.py:109} WARNING - /opt/conda/lib/python3.8/site-packages/airflow/models/serialized_dag.py:120 SAWarning: TypeDecorator UtcDateTime(timezone=True) will not produce a cache key because the ``cache_ok`` attribute is not set to True.  This can have significant performance implications including some performance degradations in comparison to prior SQLAlchemy versions.  Set this attribute to True if this type object's state is safe to use in a cache key, or False to disable this warning. (Background on this error at: https://sqlalche.me/e/14/cprf)
[2021-12-15 05:12:25,404] {logging_mixin.py:109} INFO - [2021-12-15 05:12:25,404] {dag.py:2389} INFO - Sync 1 DAGs
[2021-12-15 05:12:25,414] {logging_mixin.py:109} WARNING - /opt/conda/lib/python3.8/site-packages/airflow/models/dag.py:2426 SAWarning: TypeDecorator UtcDateTime(timezone=True) will not produce a cache key because the ``cache_ok`` attribute is not set to True.  This can have significant performance implications including some performance degradations in comparison to prior SQLAlchemy versions.  Set this attribute to True if this type object's state is safe to use in a cache key, or False to disable this warning. (Background on this error at: https://sqlalche.me/e/14/cprf)
[2021-12-15 05:12:25,419] {logging_mixin.py:109} INFO - [2021-12-15 05:12:25,419] {dag.py:2914} INFO - Setting next_dagrun for tutorial_etl_dag to None
[2021-12-15 05:12:25,429] {processor.py:171} INFO - Processing /opt/conda/lib/python3.8/site-packages/airflow/example_dags/tutorial_etl_dag.py took 0.063 seconds
[2021-12-15 05:12:56,571] {processor.py:163} INFO - Started process (PID=3266) to work on /opt/conda/lib/python3.8/site-packages/airflow/example_dags/tutorial_etl_dag.py
[2021-12-15 05:12:56,572] {processor.py:620} INFO - Processing file /opt/conda/lib/python3.8/site-packages/airflow/example_dags/tutorial_etl_dag.py for tasks to queue
[2021-12-15 05:12:56,572] {logging_mixin.py:109} INFO - [2021-12-15 05:12:56,572] {dagbag.py:500} INFO - Filling up the DagBag from /opt/conda/lib/python3.8/site-packages/airflow/example_dags/tutorial_etl_dag.py
[2021-12-15 05:12:56,592] {processor.py:632} INFO - DAG(s) dict_keys(['tutorial_etl_dag']) retrieved from /opt/conda/lib/python3.8/site-packages/airflow/example_dags/tutorial_etl_dag.py
[2021-12-15 05:12:56,596] {logging_mixin.py:109} WARNING - /opt/conda/lib/python3.8/site-packages/airflow/models/serialized_dag.py:120 SAWarning: TypeDecorator UtcDateTime(timezone=True) will not produce a cache key because the ``cache_ok`` attribute is not set to True.  This can have significant performance implications including some performance degradations in comparison to prior SQLAlchemy versions.  Set this attribute to True if this type object's state is safe to use in a cache key, or False to disable this warning. (Background on this error at: https://sqlalche.me/e/14/cprf)
[2021-12-15 05:12:56,603] {logging_mixin.py:109} INFO - [2021-12-15 05:12:56,603] {dag.py:2389} INFO - Sync 1 DAGs
[2021-12-15 05:12:56,613] {logging_mixin.py:109} WARNING - /opt/conda/lib/python3.8/site-packages/airflow/models/dag.py:2426 SAWarning: TypeDecorator UtcDateTime(timezone=True) will not produce a cache key because the ``cache_ok`` attribute is not set to True.  This can have significant performance implications including some performance degradations in comparison to prior SQLAlchemy versions.  Set this attribute to True if this type object's state is safe to use in a cache key, or False to disable this warning. (Background on this error at: https://sqlalche.me/e/14/cprf)
[2021-12-15 05:12:56,617] {logging_mixin.py:109} INFO - [2021-12-15 05:12:56,617] {dag.py:2914} INFO - Setting next_dagrun for tutorial_etl_dag to None
[2021-12-15 05:12:56,628] {processor.py:171} INFO - Processing /opt/conda/lib/python3.8/site-packages/airflow/example_dags/tutorial_etl_dag.py took 0.059 seconds
[2021-12-15 05:13:31,478] {processor.py:163} INFO - Started process (PID=3379) to work on /opt/conda/lib/python3.8/site-packages/airflow/example_dags/tutorial_etl_dag.py
[2021-12-15 05:13:31,479] {processor.py:620} INFO - Processing file /opt/conda/lib/python3.8/site-packages/airflow/example_dags/tutorial_etl_dag.py for tasks to queue
[2021-12-15 05:13:31,480] {logging_mixin.py:109} INFO - [2021-12-15 05:13:31,480] {dagbag.py:500} INFO - Filling up the DagBag from /opt/conda/lib/python3.8/site-packages/airflow/example_dags/tutorial_etl_dag.py
[2021-12-15 05:13:31,500] {processor.py:632} INFO - DAG(s) dict_keys(['tutorial_etl_dag']) retrieved from /opt/conda/lib/python3.8/site-packages/airflow/example_dags/tutorial_etl_dag.py
[2021-12-15 05:13:31,505] {logging_mixin.py:109} WARNING - /opt/conda/lib/python3.8/site-packages/airflow/models/serialized_dag.py:120 SAWarning: TypeDecorator UtcDateTime(timezone=True) will not produce a cache key because the ``cache_ok`` attribute is not set to True.  This can have significant performance implications including some performance degradations in comparison to prior SQLAlchemy versions.  Set this attribute to True if this type object's state is safe to use in a cache key, or False to disable this warning. (Background on this error at: https://sqlalche.me/e/14/cprf)
[2021-12-15 05:13:31,511] {logging_mixin.py:109} INFO - [2021-12-15 05:13:31,511] {dag.py:2389} INFO - Sync 1 DAGs
[2021-12-15 05:13:31,521] {logging_mixin.py:109} WARNING - /opt/conda/lib/python3.8/site-packages/airflow/models/dag.py:2426 SAWarning: TypeDecorator UtcDateTime(timezone=True) will not produce a cache key because the ``cache_ok`` attribute is not set to True.  This can have significant performance implications including some performance degradations in comparison to prior SQLAlchemy versions.  Set this attribute to True if this type object's state is safe to use in a cache key, or False to disable this warning. (Background on this error at: https://sqlalche.me/e/14/cprf)
[2021-12-15 05:13:31,526] {logging_mixin.py:109} INFO - [2021-12-15 05:13:31,525] {dag.py:2914} INFO - Setting next_dagrun for tutorial_etl_dag to None
[2021-12-15 05:13:31,537] {processor.py:171} INFO - Processing /opt/conda/lib/python3.8/site-packages/airflow/example_dags/tutorial_etl_dag.py took 0.061 seconds
[2021-12-15 05:14:06,381] {processor.py:163} INFO - Started process (PID=3515) to work on /opt/conda/lib/python3.8/site-packages/airflow/example_dags/tutorial_etl_dag.py
[2021-12-15 05:14:06,382] {processor.py:620} INFO - Processing file /opt/conda/lib/python3.8/site-packages/airflow/example_dags/tutorial_etl_dag.py for tasks to queue
[2021-12-15 05:14:06,383] {logging_mixin.py:109} INFO - [2021-12-15 05:14:06,383] {dagbag.py:500} INFO - Filling up the DagBag from /opt/conda/lib/python3.8/site-packages/airflow/example_dags/tutorial_etl_dag.py
[2021-12-15 05:14:06,405] {processor.py:632} INFO - DAG(s) dict_keys(['tutorial_etl_dag']) retrieved from /opt/conda/lib/python3.8/site-packages/airflow/example_dags/tutorial_etl_dag.py
[2021-12-15 05:14:06,410] {logging_mixin.py:109} WARNING - /opt/conda/lib/python3.8/site-packages/airflow/models/serialized_dag.py:120 SAWarning: TypeDecorator UtcDateTime(timezone=True) will not produce a cache key because the ``cache_ok`` attribute is not set to True.  This can have significant performance implications including some performance degradations in comparison to prior SQLAlchemy versions.  Set this attribute to True if this type object's state is safe to use in a cache key, or False to disable this warning. (Background on this error at: https://sqlalche.me/e/14/cprf)
[2021-12-15 05:14:06,417] {logging_mixin.py:109} INFO - [2021-12-15 05:14:06,417] {dag.py:2389} INFO - Sync 1 DAGs
[2021-12-15 05:14:06,428] {logging_mixin.py:109} WARNING - /opt/conda/lib/python3.8/site-packages/airflow/models/dag.py:2426 SAWarning: TypeDecorator UtcDateTime(timezone=True) will not produce a cache key because the ``cache_ok`` attribute is not set to True.  This can have significant performance implications including some performance degradations in comparison to prior SQLAlchemy versions.  Set this attribute to True if this type object's state is safe to use in a cache key, or False to disable this warning. (Background on this error at: https://sqlalche.me/e/14/cprf)
[2021-12-15 05:14:06,432] {logging_mixin.py:109} INFO - [2021-12-15 05:14:06,432] {dag.py:2914} INFO - Setting next_dagrun for tutorial_etl_dag to None
[2021-12-15 05:14:06,442] {processor.py:171} INFO - Processing /opt/conda/lib/python3.8/site-packages/airflow/example_dags/tutorial_etl_dag.py took 0.064 seconds
[2021-12-15 05:14:43,030] {processor.py:163} INFO - Started process (PID=3774) to work on /opt/conda/lib/python3.8/site-packages/airflow/example_dags/tutorial_etl_dag.py
[2021-12-15 05:14:43,031] {processor.py:620} INFO - Processing file /opt/conda/lib/python3.8/site-packages/airflow/example_dags/tutorial_etl_dag.py for tasks to queue
[2021-12-15 05:14:43,032] {logging_mixin.py:109} INFO - [2021-12-15 05:14:43,032] {dagbag.py:500} INFO - Filling up the DagBag from /opt/conda/lib/python3.8/site-packages/airflow/example_dags/tutorial_etl_dag.py
[2021-12-15 05:14:43,052] {processor.py:632} INFO - DAG(s) dict_keys(['tutorial_etl_dag']) retrieved from /opt/conda/lib/python3.8/site-packages/airflow/example_dags/tutorial_etl_dag.py
[2021-12-15 05:14:43,056] {logging_mixin.py:109} WARNING - /opt/conda/lib/python3.8/site-packages/airflow/models/serialized_dag.py:120 SAWarning: TypeDecorator UtcDateTime(timezone=True) will not produce a cache key because the ``cache_ok`` attribute is not set to True.  This can have significant performance implications including some performance degradations in comparison to prior SQLAlchemy versions.  Set this attribute to True if this type object's state is safe to use in a cache key, or False to disable this warning. (Background on this error at: https://sqlalche.me/e/14/cprf)
[2021-12-15 05:14:43,063] {logging_mixin.py:109} INFO - [2021-12-15 05:14:43,063] {dag.py:2389} INFO - Sync 1 DAGs
[2021-12-15 05:14:43,073] {logging_mixin.py:109} WARNING - /opt/conda/lib/python3.8/site-packages/airflow/models/dag.py:2426 SAWarning: TypeDecorator UtcDateTime(timezone=True) will not produce a cache key because the ``cache_ok`` attribute is not set to True.  This can have significant performance implications including some performance degradations in comparison to prior SQLAlchemy versions.  Set this attribute to True if this type object's state is safe to use in a cache key, or False to disable this warning. (Background on this error at: https://sqlalche.me/e/14/cprf)
[2021-12-15 05:14:43,077] {logging_mixin.py:109} INFO - [2021-12-15 05:14:43,077] {dag.py:2914} INFO - Setting next_dagrun for tutorial_etl_dag to None
[2021-12-15 05:14:43,087] {processor.py:171} INFO - Processing /opt/conda/lib/python3.8/site-packages/airflow/example_dags/tutorial_etl_dag.py took 0.060 seconds
