[2021-12-15 04:57:42,392] {processor.py:163} INFO - Started process (PID=63761) to work on /opt/conda/lib/python3.8/site-packages/airflow/example_dags/subdags/subdag.py
[2021-12-15 04:57:42,393] {processor.py:620} INFO - Processing file /opt/conda/lib/python3.8/site-packages/airflow/example_dags/subdags/subdag.py for tasks to queue
[2021-12-15 04:57:42,393] {logging_mixin.py:109} INFO - [2021-12-15 04:57:42,393] {dagbag.py:500} INFO - Filling up the DagBag from /opt/conda/lib/python3.8/site-packages/airflow/example_dags/subdags/subdag.py
[2021-12-15 04:57:42,404] {processor.py:634} WARNING - No viable dags retrieved from /opt/conda/lib/python3.8/site-packages/airflow/example_dags/subdags/subdag.py
[2021-12-15 04:57:42,407] {processor.py:171} INFO - Processing /opt/conda/lib/python3.8/site-packages/airflow/example_dags/subdags/subdag.py took 0.017 seconds
[2021-12-15 04:58:18,020] {processor.py:163} INFO - Started process (PID=64144) to work on /opt/conda/lib/python3.8/site-packages/airflow/example_dags/subdags/subdag.py
[2021-12-15 04:58:18,021] {processor.py:620} INFO - Processing file /opt/conda/lib/python3.8/site-packages/airflow/example_dags/subdags/subdag.py for tasks to queue
[2021-12-15 04:58:18,022] {logging_mixin.py:109} INFO - [2021-12-15 04:58:18,022] {dagbag.py:500} INFO - Filling up the DagBag from /opt/conda/lib/python3.8/site-packages/airflow/example_dags/subdags/subdag.py
[2021-12-15 04:58:18,035] {processor.py:634} WARNING - No viable dags retrieved from /opt/conda/lib/python3.8/site-packages/airflow/example_dags/subdags/subdag.py
[2021-12-15 04:58:18,037] {processor.py:171} INFO - Processing /opt/conda/lib/python3.8/site-packages/airflow/example_dags/subdags/subdag.py took 0.020 seconds
[2021-12-15 04:58:50,214] {processor.py:163} INFO - Started process (PID=64300) to work on /opt/conda/lib/python3.8/site-packages/airflow/example_dags/subdags/subdag.py
[2021-12-15 04:58:50,215] {processor.py:620} INFO - Processing file /opt/conda/lib/python3.8/site-packages/airflow/example_dags/subdags/subdag.py for tasks to queue
[2021-12-15 04:58:50,215] {logging_mixin.py:109} INFO - [2021-12-15 04:58:50,215] {dagbag.py:500} INFO - Filling up the DagBag from /opt/conda/lib/python3.8/site-packages/airflow/example_dags/subdags/subdag.py
[2021-12-15 04:58:50,226] {processor.py:634} WARNING - No viable dags retrieved from /opt/conda/lib/python3.8/site-packages/airflow/example_dags/subdags/subdag.py
[2021-12-15 04:58:50,228] {processor.py:171} INFO - Processing /opt/conda/lib/python3.8/site-packages/airflow/example_dags/subdags/subdag.py took 0.017 seconds
[2021-12-15 05:04:13,018] {processor.py:163} INFO - Started process (PID=817) to work on /opt/conda/lib/python3.8/site-packages/airflow/example_dags/subdags/subdag.py
[2021-12-15 05:04:13,019] {processor.py:620} INFO - Processing file /opt/conda/lib/python3.8/site-packages/airflow/example_dags/subdags/subdag.py for tasks to queue
[2021-12-15 05:04:13,020] {logging_mixin.py:109} INFO - [2021-12-15 05:04:13,019] {dagbag.py:500} INFO - Filling up the DagBag from /opt/conda/lib/python3.8/site-packages/airflow/example_dags/subdags/subdag.py
[2021-12-15 05:04:13,031] {processor.py:634} WARNING - No viable dags retrieved from /opt/conda/lib/python3.8/site-packages/airflow/example_dags/subdags/subdag.py
[2021-12-15 05:04:13,034] {processor.py:171} INFO - Processing /opt/conda/lib/python3.8/site-packages/airflow/example_dags/subdags/subdag.py took 0.019 seconds
[2021-12-15 05:04:48,650] {processor.py:163} INFO - Started process (PID=1027) to work on /opt/conda/lib/python3.8/site-packages/airflow/example_dags/subdags/subdag.py
[2021-12-15 05:04:48,651] {processor.py:620} INFO - Processing file /opt/conda/lib/python3.8/site-packages/airflow/example_dags/subdags/subdag.py for tasks to queue
[2021-12-15 05:04:48,651] {logging_mixin.py:109} INFO - [2021-12-15 05:04:48,651] {dagbag.py:500} INFO - Filling up the DagBag from /opt/conda/lib/python3.8/site-packages/airflow/example_dags/subdags/subdag.py
[2021-12-15 05:04:48,664] {processor.py:634} WARNING - No viable dags retrieved from /opt/conda/lib/python3.8/site-packages/airflow/example_dags/subdags/subdag.py
[2021-12-15 05:04:48,666] {processor.py:171} INFO - Processing /opt/conda/lib/python3.8/site-packages/airflow/example_dags/subdags/subdag.py took 0.020 seconds
[2021-12-15 05:05:20,722] {processor.py:163} INFO - Started process (PID=1242) to work on /opt/conda/lib/python3.8/site-packages/airflow/example_dags/subdags/subdag.py
[2021-12-15 05:05:20,723] {processor.py:620} INFO - Processing file /opt/conda/lib/python3.8/site-packages/airflow/example_dags/subdags/subdag.py for tasks to queue
[2021-12-15 05:05:20,723] {logging_mixin.py:109} INFO - [2021-12-15 05:05:20,723] {dagbag.py:500} INFO - Filling up the DagBag from /opt/conda/lib/python3.8/site-packages/airflow/example_dags/subdags/subdag.py
[2021-12-15 05:05:20,736] {processor.py:634} WARNING - No viable dags retrieved from /opt/conda/lib/python3.8/site-packages/airflow/example_dags/subdags/subdag.py
[2021-12-15 05:05:20,738] {processor.py:171} INFO - Processing /opt/conda/lib/python3.8/site-packages/airflow/example_dags/subdags/subdag.py took 0.019 seconds
[2021-12-15 05:05:55,312] {processor.py:163} INFO - Started process (PID=1431) to work on /opt/conda/lib/python3.8/site-packages/airflow/example_dags/subdags/subdag.py
[2021-12-15 05:05:55,313] {processor.py:620} INFO - Processing file /opt/conda/lib/python3.8/site-packages/airflow/example_dags/subdags/subdag.py for tasks to queue
[2021-12-15 05:05:55,313] {logging_mixin.py:109} INFO - [2021-12-15 05:05:55,313] {dagbag.py:500} INFO - Filling up the DagBag from /opt/conda/lib/python3.8/site-packages/airflow/example_dags/subdags/subdag.py
[2021-12-15 05:05:55,325] {processor.py:634} WARNING - No viable dags retrieved from /opt/conda/lib/python3.8/site-packages/airflow/example_dags/subdags/subdag.py
[2021-12-15 05:05:55,327] {processor.py:171} INFO - Processing /opt/conda/lib/python3.8/site-packages/airflow/example_dags/subdags/subdag.py took 0.018 seconds
[2021-12-15 05:06:27,691] {processor.py:163} INFO - Started process (PID=1548) to work on /opt/conda/lib/python3.8/site-packages/airflow/example_dags/subdags/subdag.py
[2021-12-15 05:06:27,691] {processor.py:620} INFO - Processing file /opt/conda/lib/python3.8/site-packages/airflow/example_dags/subdags/subdag.py for tasks to queue
[2021-12-15 05:06:27,692] {logging_mixin.py:109} INFO - [2021-12-15 05:06:27,692] {dagbag.py:500} INFO - Filling up the DagBag from /opt/conda/lib/python3.8/site-packages/airflow/example_dags/subdags/subdag.py
[2021-12-15 05:06:27,705] {processor.py:634} WARNING - No viable dags retrieved from /opt/conda/lib/python3.8/site-packages/airflow/example_dags/subdags/subdag.py
[2021-12-15 05:06:27,708] {processor.py:171} INFO - Processing /opt/conda/lib/python3.8/site-packages/airflow/example_dags/subdags/subdag.py took 0.020 seconds
[2021-12-15 05:07:01,320] {processor.py:163} INFO - Started process (PID=1680) to work on /opt/conda/lib/python3.8/site-packages/airflow/example_dags/subdags/subdag.py
[2021-12-15 05:07:01,321] {processor.py:620} INFO - Processing file /opt/conda/lib/python3.8/site-packages/airflow/example_dags/subdags/subdag.py for tasks to queue
[2021-12-15 05:07:01,322] {logging_mixin.py:109} INFO - [2021-12-15 05:07:01,322] {dagbag.py:500} INFO - Filling up the DagBag from /opt/conda/lib/python3.8/site-packages/airflow/example_dags/subdags/subdag.py
[2021-12-15 05:07:01,335] {processor.py:634} WARNING - No viable dags retrieved from /opt/conda/lib/python3.8/site-packages/airflow/example_dags/subdags/subdag.py
[2021-12-15 05:07:01,338] {processor.py:171} INFO - Processing /opt/conda/lib/python3.8/site-packages/airflow/example_dags/subdags/subdag.py took 0.020 seconds
[2021-12-15 05:07:32,775] {processor.py:163} INFO - Started process (PID=1756) to work on /opt/conda/lib/python3.8/site-packages/airflow/example_dags/subdags/subdag.py
[2021-12-15 05:07:32,776] {processor.py:620} INFO - Processing file /opt/conda/lib/python3.8/site-packages/airflow/example_dags/subdags/subdag.py for tasks to queue
[2021-12-15 05:07:32,776] {logging_mixin.py:109} INFO - [2021-12-15 05:07:32,776] {dagbag.py:500} INFO - Filling up the DagBag from /opt/conda/lib/python3.8/site-packages/airflow/example_dags/subdags/subdag.py
[2021-12-15 05:07:32,789] {processor.py:634} WARNING - No viable dags retrieved from /opt/conda/lib/python3.8/site-packages/airflow/example_dags/subdags/subdag.py
[2021-12-15 05:07:32,793] {processor.py:171} INFO - Processing /opt/conda/lib/python3.8/site-packages/airflow/example_dags/subdags/subdag.py took 0.020 seconds
[2021-12-15 05:08:06,502] {processor.py:163} INFO - Started process (PID=1839) to work on /opt/conda/lib/python3.8/site-packages/airflow/example_dags/subdags/subdag.py
[2021-12-15 05:08:06,503] {processor.py:620} INFO - Processing file /opt/conda/lib/python3.8/site-packages/airflow/example_dags/subdags/subdag.py for tasks to queue
[2021-12-15 05:08:06,503] {logging_mixin.py:109} INFO - [2021-12-15 05:08:06,503] {dagbag.py:500} INFO - Filling up the DagBag from /opt/conda/lib/python3.8/site-packages/airflow/example_dags/subdags/subdag.py
[2021-12-15 05:08:06,518] {processor.py:634} WARNING - No viable dags retrieved from /opt/conda/lib/python3.8/site-packages/airflow/example_dags/subdags/subdag.py
[2021-12-15 05:08:06,520] {processor.py:171} INFO - Processing /opt/conda/lib/python3.8/site-packages/airflow/example_dags/subdags/subdag.py took 0.022 seconds
[2021-12-15 05:08:38,022] {processor.py:163} INFO - Started process (PID=1938) to work on /opt/conda/lib/python3.8/site-packages/airflow/example_dags/subdags/subdag.py
[2021-12-15 05:08:38,023] {processor.py:620} INFO - Processing file /opt/conda/lib/python3.8/site-packages/airflow/example_dags/subdags/subdag.py for tasks to queue
[2021-12-15 05:08:38,023] {logging_mixin.py:109} INFO - [2021-12-15 05:08:38,023] {dagbag.py:500} INFO - Filling up the DagBag from /opt/conda/lib/python3.8/site-packages/airflow/example_dags/subdags/subdag.py
[2021-12-15 05:08:38,035] {processor.py:634} WARNING - No viable dags retrieved from /opt/conda/lib/python3.8/site-packages/airflow/example_dags/subdags/subdag.py
[2021-12-15 05:08:38,037] {processor.py:171} INFO - Processing /opt/conda/lib/python3.8/site-packages/airflow/example_dags/subdags/subdag.py took 0.018 seconds
[2021-12-15 05:09:09,265] {processor.py:163} INFO - Started process (PID=2027) to work on /opt/conda/lib/python3.8/site-packages/airflow/example_dags/subdags/subdag.py
[2021-12-15 05:09:09,266] {processor.py:620} INFO - Processing file /opt/conda/lib/python3.8/site-packages/airflow/example_dags/subdags/subdag.py for tasks to queue
[2021-12-15 05:09:09,266] {logging_mixin.py:109} INFO - [2021-12-15 05:09:09,266] {dagbag.py:500} INFO - Filling up the DagBag from /opt/conda/lib/python3.8/site-packages/airflow/example_dags/subdags/subdag.py
[2021-12-15 05:09:09,279] {processor.py:634} WARNING - No viable dags retrieved from /opt/conda/lib/python3.8/site-packages/airflow/example_dags/subdags/subdag.py
[2021-12-15 05:09:09,281] {processor.py:171} INFO - Processing /opt/conda/lib/python3.8/site-packages/airflow/example_dags/subdags/subdag.py took 0.019 seconds
[2021-12-15 05:09:41,561] {processor.py:163} INFO - Started process (PID=2270) to work on /opt/conda/lib/python3.8/site-packages/airflow/example_dags/subdags/subdag.py
[2021-12-15 05:09:41,562] {processor.py:620} INFO - Processing file /opt/conda/lib/python3.8/site-packages/airflow/example_dags/subdags/subdag.py for tasks to queue
[2021-12-15 05:09:41,562] {logging_mixin.py:109} INFO - [2021-12-15 05:09:41,562] {dagbag.py:500} INFO - Filling up the DagBag from /opt/conda/lib/python3.8/site-packages/airflow/example_dags/subdags/subdag.py
[2021-12-15 05:09:41,575] {processor.py:634} WARNING - No viable dags retrieved from /opt/conda/lib/python3.8/site-packages/airflow/example_dags/subdags/subdag.py
[2021-12-15 05:09:41,577] {processor.py:171} INFO - Processing /opt/conda/lib/python3.8/site-packages/airflow/example_dags/subdags/subdag.py took 0.019 seconds
[2021-12-15 05:10:19,904] {processor.py:163} INFO - Started process (PID=2427) to work on /opt/conda/lib/python3.8/site-packages/airflow/example_dags/subdags/subdag.py
[2021-12-15 05:10:19,905] {processor.py:620} INFO - Processing file /opt/conda/lib/python3.8/site-packages/airflow/example_dags/subdags/subdag.py for tasks to queue
[2021-12-15 05:10:19,906] {logging_mixin.py:109} INFO - [2021-12-15 05:10:19,906] {dagbag.py:500} INFO - Filling up the DagBag from /opt/conda/lib/python3.8/site-packages/airflow/example_dags/subdags/subdag.py
[2021-12-15 05:10:19,920] {processor.py:634} WARNING - No viable dags retrieved from /opt/conda/lib/python3.8/site-packages/airflow/example_dags/subdags/subdag.py
[2021-12-15 05:10:19,922] {processor.py:171} INFO - Processing /opt/conda/lib/python3.8/site-packages/airflow/example_dags/subdags/subdag.py took 0.021 seconds
[2021-12-15 05:11:02,847] {processor.py:163} INFO - Started process (PID=2794) to work on /opt/conda/lib/python3.8/site-packages/airflow/example_dags/subdags/subdag.py
[2021-12-15 05:11:02,848] {processor.py:620} INFO - Processing file /opt/conda/lib/python3.8/site-packages/airflow/example_dags/subdags/subdag.py for tasks to queue
[2021-12-15 05:11:02,848] {logging_mixin.py:109} INFO - [2021-12-15 05:11:02,848] {dagbag.py:500} INFO - Filling up the DagBag from /opt/conda/lib/python3.8/site-packages/airflow/example_dags/subdags/subdag.py
[2021-12-15 05:11:02,861] {processor.py:634} WARNING - No viable dags retrieved from /opt/conda/lib/python3.8/site-packages/airflow/example_dags/subdags/subdag.py
[2021-12-15 05:11:02,863] {processor.py:171} INFO - Processing /opt/conda/lib/python3.8/site-packages/airflow/example_dags/subdags/subdag.py took 0.020 seconds
[2021-12-15 05:11:35,623] {processor.py:163} INFO - Started process (PID=2935) to work on /opt/conda/lib/python3.8/site-packages/airflow/example_dags/subdags/subdag.py
[2021-12-15 05:11:35,624] {processor.py:620} INFO - Processing file /opt/conda/lib/python3.8/site-packages/airflow/example_dags/subdags/subdag.py for tasks to queue
[2021-12-15 05:11:35,624] {logging_mixin.py:109} INFO - [2021-12-15 05:11:35,624] {dagbag.py:500} INFO - Filling up the DagBag from /opt/conda/lib/python3.8/site-packages/airflow/example_dags/subdags/subdag.py
[2021-12-15 05:11:35,637] {processor.py:634} WARNING - No viable dags retrieved from /opt/conda/lib/python3.8/site-packages/airflow/example_dags/subdags/subdag.py
[2021-12-15 05:11:35,639] {processor.py:171} INFO - Processing /opt/conda/lib/python3.8/site-packages/airflow/example_dags/subdags/subdag.py took 0.019 seconds
[2021-12-15 05:12:11,917] {processor.py:163} INFO - Started process (PID=3052) to work on /opt/conda/lib/python3.8/site-packages/airflow/example_dags/subdags/subdag.py
[2021-12-15 05:12:11,919] {processor.py:620} INFO - Processing file /opt/conda/lib/python3.8/site-packages/airflow/example_dags/subdags/subdag.py for tasks to queue
[2021-12-15 05:12:11,919] {logging_mixin.py:109} INFO - [2021-12-15 05:12:11,919] {dagbag.py:500} INFO - Filling up the DagBag from /opt/conda/lib/python3.8/site-packages/airflow/example_dags/subdags/subdag.py
[2021-12-15 05:12:11,931] {processor.py:634} WARNING - No viable dags retrieved from /opt/conda/lib/python3.8/site-packages/airflow/example_dags/subdags/subdag.py
[2021-12-15 05:12:11,934] {processor.py:171} INFO - Processing /opt/conda/lib/python3.8/site-packages/airflow/example_dags/subdags/subdag.py took 0.020 seconds
[2021-12-15 05:12:45,968] {processor.py:163} INFO - Started process (PID=3228) to work on /opt/conda/lib/python3.8/site-packages/airflow/example_dags/subdags/subdag.py
[2021-12-15 05:12:45,969] {processor.py:620} INFO - Processing file /opt/conda/lib/python3.8/site-packages/airflow/example_dags/subdags/subdag.py for tasks to queue
[2021-12-15 05:12:45,969] {logging_mixin.py:109} INFO - [2021-12-15 05:12:45,969] {dagbag.py:500} INFO - Filling up the DagBag from /opt/conda/lib/python3.8/site-packages/airflow/example_dags/subdags/subdag.py
[2021-12-15 05:12:45,982] {processor.py:634} WARNING - No viable dags retrieved from /opt/conda/lib/python3.8/site-packages/airflow/example_dags/subdags/subdag.py
[2021-12-15 05:12:45,984] {processor.py:171} INFO - Processing /opt/conda/lib/python3.8/site-packages/airflow/example_dags/subdags/subdag.py took 0.019 seconds
[2021-12-15 05:13:19,437] {processor.py:163} INFO - Started process (PID=3327) to work on /opt/conda/lib/python3.8/site-packages/airflow/example_dags/subdags/subdag.py
[2021-12-15 05:13:19,437] {processor.py:620} INFO - Processing file /opt/conda/lib/python3.8/site-packages/airflow/example_dags/subdags/subdag.py for tasks to queue
[2021-12-15 05:13:19,438] {logging_mixin.py:109} INFO - [2021-12-15 05:13:19,438] {dagbag.py:500} INFO - Filling up the DagBag from /opt/conda/lib/python3.8/site-packages/airflow/example_dags/subdags/subdag.py
[2021-12-15 05:13:19,451] {processor.py:634} WARNING - No viable dags retrieved from /opt/conda/lib/python3.8/site-packages/airflow/example_dags/subdags/subdag.py
[2021-12-15 05:13:19,454] {processor.py:171} INFO - Processing /opt/conda/lib/python3.8/site-packages/airflow/example_dags/subdags/subdag.py took 0.020 seconds
[2021-12-15 05:13:52,384] {processor.py:163} INFO - Started process (PID=3462) to work on /opt/conda/lib/python3.8/site-packages/airflow/example_dags/subdags/subdag.py
[2021-12-15 05:13:52,386] {processor.py:620} INFO - Processing file /opt/conda/lib/python3.8/site-packages/airflow/example_dags/subdags/subdag.py for tasks to queue
[2021-12-15 05:13:52,386] {logging_mixin.py:109} INFO - [2021-12-15 05:13:52,386] {dagbag.py:500} INFO - Filling up the DagBag from /opt/conda/lib/python3.8/site-packages/airflow/example_dags/subdags/subdag.py
[2021-12-15 05:13:52,399] {processor.py:634} WARNING - No viable dags retrieved from /opt/conda/lib/python3.8/site-packages/airflow/example_dags/subdags/subdag.py
[2021-12-15 05:13:52,401] {processor.py:171} INFO - Processing /opt/conda/lib/python3.8/site-packages/airflow/example_dags/subdags/subdag.py took 0.020 seconds
[2021-12-15 05:14:23,819] {processor.py:163} INFO - Started process (PID=3646) to work on /opt/conda/lib/python3.8/site-packages/airflow/example_dags/subdags/subdag.py
[2021-12-15 05:14:23,820] {processor.py:620} INFO - Processing file /opt/conda/lib/python3.8/site-packages/airflow/example_dags/subdags/subdag.py for tasks to queue
[2021-12-15 05:14:23,820] {logging_mixin.py:109} INFO - [2021-12-15 05:14:23,820] {dagbag.py:500} INFO - Filling up the DagBag from /opt/conda/lib/python3.8/site-packages/airflow/example_dags/subdags/subdag.py
[2021-12-15 05:14:23,833] {processor.py:634} WARNING - No viable dags retrieved from /opt/conda/lib/python3.8/site-packages/airflow/example_dags/subdags/subdag.py
[2021-12-15 05:14:23,835] {processor.py:171} INFO - Processing /opt/conda/lib/python3.8/site-packages/airflow/example_dags/subdags/subdag.py took 0.019 seconds
